<?xml version="1.0" encoding="UTF-8"?>
<testsuite name="guild.kotlin.micronaut.SingletonTest" tests="1" skipped="0" failures="1" errors="0" timestamp="2020-06-17T14:12:53" hostname="illiakovalov-MacBook-Pro-HTD7.local" time="2.066">
  <properties/>
  <testcase name="requestScope2Test()" classname="guild.kotlin.micronaut.SingletonTest" time="2.066">
    <failure message="io.micronaut.http.client.exceptions.HttpClientResponseException: Internal Server Error: No bean of type [guild.kotlin.micronaut.beans.RequestScopeBean] exists for the given qualifier: @RequestScope. Make sure the bean is not disabled by bean requirements (enable trace logging for 'io.micronaut.context.condition' to check) and if the bean is enabled then ensure the class is declared a bean and annotation processing is enabled (for Java and Kotlin the 'micronaut-inject-java' dependency should be configured as an annotation processor)." type="io.micronaut.http.client.exceptions.HttpClientResponseException">io.micronaut.http.client.exceptions.HttpClientResponseException: Internal Server Error: No bean of type [guild.kotlin.micronaut.beans.RequestScopeBean] exists for the given qualifier: @RequestScope. Make sure the bean is not disabled by bean requirements (enable trace logging for 'io.micronaut.context.condition' to check) and if the bean is enabled then ensure the class is declared a bean and annotation processing is enabled (for Java and Kotlin the 'micronaut-inject-java' dependency should be configured as an annotation processor).
	at io.micronaut.http.client.netty.DefaultHttpClient$11.channelRead0(DefaultHttpClient.java:2046)
	at io.micronaut.http.client.netty.DefaultHttpClient$11.channelRead0(DefaultHttpClient.java:1964)
	at io.netty.channel.SimpleChannelInboundHandler.channelRead(SimpleChannelInboundHandler.java:99)
	at io.netty.channel.AbstractChannelHandlerContext.invokeChannelRead(AbstractChannelHandlerContext.java:379)
	at io.netty.channel.AbstractChannelHandlerContext.invokeChannelRead(AbstractChannelHandlerContext.java:365)
	at io.netty.channel.AbstractChannelHandlerContext.fireChannelRead(AbstractChannelHandlerContext.java:357)
	at io.micronaut.http.netty.stream.HttpStreamsHandler.channelRead(HttpStreamsHandler.java:190)
	at io.micronaut.http.netty.stream.HttpStreamsClientHandler.channelRead(HttpStreamsClientHandler.java:185)
	at io.netty.channel.AbstractChannelHandlerContext.invokeChannelRead(AbstractChannelHandlerContext.java:379)
	at io.netty.channel.AbstractChannelHandlerContext.invokeChannelRead(AbstractChannelHandlerContext.java:365)
	at io.netty.channel.AbstractChannelHandlerContext.fireChannelRead(AbstractChannelHandlerContext.java:357)
	at io.netty.handler.codec.MessageToMessageDecoder.channelRead(MessageToMessageDecoder.java:102)
	at io.netty.channel.AbstractChannelHandlerContext.invokeChannelRead(AbstractChannelHandlerContext.java:379)
	at io.netty.channel.AbstractChannelHandlerContext.invokeChannelRead(AbstractChannelHandlerContext.java:365)
	at io.netty.channel.AbstractChannelHandlerContext.fireChannelRead(AbstractChannelHandlerContext.java:357)
	at io.netty.handler.codec.MessageToMessageDecoder.channelRead(MessageToMessageDecoder.java:102)
	at io.netty.channel.AbstractChannelHandlerContext.invokeChannelRead(AbstractChannelHandlerContext.java:379)
	at io.netty.channel.AbstractChannelHandlerContext.invokeChannelRead(AbstractChannelHandlerContext.java:365)
	at io.netty.channel.AbstractChannelHandlerContext.fireChannelRead(AbstractChannelHandlerContext.java:357)
	at io.netty.channel.CombinedChannelDuplexHandler$DelegatingChannelHandlerContext.fireChannelRead(CombinedChannelDuplexHandler.java:436)
	at io.netty.handler.codec.ByteToMessageDecoder.fireChannelRead(ByteToMessageDecoder.java:321)
	at io.netty.handler.codec.ByteToMessageDecoder.channelRead(ByteToMessageDecoder.java:295)
	at io.netty.channel.CombinedChannelDuplexHandler.channelRead(CombinedChannelDuplexHandler.java:251)
	at io.netty.channel.AbstractChannelHandlerContext.invokeChannelRead(AbstractChannelHandlerContext.java:379)
	at io.netty.channel.AbstractChannelHandlerContext.invokeChannelRead(AbstractChannelHandlerContext.java:365)
	at io.netty.channel.AbstractChannelHandlerContext.fireChannelRead(AbstractChannelHandlerContext.java:357)
	at io.netty.handler.timeout.IdleStateHandler.channelRead(IdleStateHandler.java:286)
	at io.netty.channel.AbstractChannelHandlerContext.invokeChannelRead(AbstractChannelHandlerContext.java:379)
	at io.netty.channel.AbstractChannelHandlerContext.invokeChannelRead(AbstractChannelHandlerContext.java:365)
	at io.netty.channel.AbstractChannelHandlerContext.fireChannelRead(AbstractChannelHandlerContext.java:357)
	at io.netty.channel.DefaultChannelPipeline$HeadContext.channelRead(DefaultChannelPipeline.java:1410)
	at io.netty.channel.AbstractChannelHandlerContext.invokeChannelRead(AbstractChannelHandlerContext.java:379)
	at io.netty.channel.AbstractChannelHandlerContext.invokeChannelRead(AbstractChannelHandlerContext.java:365)
	at io.netty.channel.DefaultChannelPipeline.fireChannelRead(DefaultChannelPipeline.java:919)
	at io.netty.channel.nio.AbstractNioByteChannel$NioByteUnsafe.read(AbstractNioByteChannel.java:163)
	at io.netty.channel.nio.NioEventLoop.processSelectedKey(NioEventLoop.java:714)
	at io.netty.channel.nio.NioEventLoop.processSelectedKeysOptimized(NioEventLoop.java:650)
	at io.netty.channel.nio.NioEventLoop.processSelectedKeys(NioEventLoop.java:576)
	at io.netty.channel.nio.NioEventLoop.run(NioEventLoop.java:493)
	at io.netty.util.concurrent.SingleThreadEventExecutor$4.run(SingleThreadEventExecutor.java:989)
	at io.netty.util.internal.ThreadExecutorMap$2.run(ThreadExecutorMap.java:74)
	at io.netty.util.concurrent.FastThreadLocalRunnable.run(FastThreadLocalRunnable.java:30)
	at java.base/java.lang.Thread.run(Thread.java:834)
</failure>
  </testcase>
  <system-out><![CDATA[2020-06-17 16:12:51.666 ?[32mDEBUG?[m ?[35m4974?[m [    Test worker] ?[36mi.m.c.e.DefaultEnvironment              ?[m : Environment deduction is using the default of: true
2020-06-17 16:12:51.703 ?[32m INFO?[m ?[35m4974?[m [    Test worker] ?[36mi.m.c.e.DefaultEnvironment              ?[m : Established active environments: [test]
2020-06-17 16:12:51.714 ?[32mDEBUG?[m ?[35m4974?[m [    Test worker] ?[36mi.m.c.e.DefaultEnvironment              ?[m : Starting environment io.micronaut.context.DefaultApplicationContext$RuntimeConfiguredEnvironment@32a2a941 for active names [test]
2020-06-17 16:12:51.743 ?[32mDEBUG?[m ?[35m4974?[m [    Test worker] ?[36mi.m.c.e.DefaultEnvironment              ?[m : Reading property sources from loader: io.micronaut.jackson.env.JsonPropertySourceLoader@49e71a70
2020-06-17 16:12:51.746 ?[32mDEBUG?[m ?[35m4974?[m [    Test worker] ?[36mi.m.c.e.AbstractPropertySourceLoader    ?[m : No PropertySource found for file name: application.json
2020-06-17 16:12:51.750 ?[32mDEBUG?[m ?[35m4974?[m [    Test worker] ?[36mi.m.c.e.AbstractPropertySourceLoader    ?[m : No PropertySource found for file name: application-test.json
2020-06-17 16:12:51.751 ?[32mDEBUG?[m ?[35m4974?[m [    Test worker] ?[36mi.m.c.e.DefaultEnvironment              ?[m : Reading property sources from loader: io.micronaut.jackson.env.EnvJsonPropertySourceLoader@4bf5f476
2020-06-17 16:12:51.751 ?[32mDEBUG?[m ?[35m4974?[m [    Test worker] ?[36mi.m.c.e.AbstractPropertySourceLoader    ?[m : No PropertySource found for file name: application.json
2020-06-17 16:12:51.752 ?[32mDEBUG?[m ?[35m4974?[m [    Test worker] ?[36mi.m.c.e.AbstractPropertySourceLoader    ?[m : No PropertySource found for file name: application-test.json
2020-06-17 16:12:51.753 ?[32mDEBUG?[m ?[35m4974?[m [    Test worker] ?[36mi.m.c.e.DefaultEnvironment              ?[m : Reading property sources from loader: io.micronaut.jackson.env.CloudFoundryVcapApplicationPropertySourceLoader@2f81b524
2020-06-17 16:12:51.754 ?[32mDEBUG?[m ?[35m4974?[m [    Test worker] ?[36mi.m.c.e.AbstractPropertySourceLoader    ?[m : No PropertySource found for file name: application.VCAP_APPLICATION
2020-06-17 16:12:51.754 ?[32mDEBUG?[m ?[35m4974?[m [    Test worker] ?[36mi.m.c.e.AbstractPropertySourceLoader    ?[m : No PropertySource found for file name: application-test.VCAP_APPLICATION
2020-06-17 16:12:51.755 ?[32mDEBUG?[m ?[35m4974?[m [    Test worker] ?[36mi.m.c.e.DefaultEnvironment              ?[m : Reading property sources from loader: io.micronaut.jackson.env.CloudFoundryVcapServicesPropertySourceLoader@166ea437
2020-06-17 16:12:51.756 ?[32mDEBUG?[m ?[35m4974?[m [    Test worker] ?[36mi.m.c.e.AbstractPropertySourceLoader    ?[m : No PropertySource found for file name: application.VCAP_SERVICES
2020-06-17 16:12:51.757 ?[32mDEBUG?[m ?[35m4974?[m [    Test worker] ?[36mi.m.c.e.AbstractPropertySourceLoader    ?[m : No PropertySource found for file name: application-test.VCAP_SERVICES
2020-06-17 16:12:51.758 ?[32mDEBUG?[m ?[35m4974?[m [    Test worker] ?[36mi.m.c.e.DefaultEnvironment              ?[m : Reading property sources from loader: io.micronaut.context.env.yaml.YamlPropertySourceLoader@7604ea8
2020-06-17 16:12:51.761 ?[32mDEBUG?[m ?[35m4974?[m [    Test worker] ?[36mi.m.c.e.AbstractPropertySourceLoader    ?[m : No PropertySource found for file name: application.yml
2020-06-17 16:12:51.764 ?[32mDEBUG?[m ?[35m4974?[m [    Test worker] ?[36mi.m.c.e.AbstractPropertySourceLoader    ?[m : Found PropertySource for file name: application.yaml
2020-06-17 16:12:51.834 ?[34mTRACE?[m ?[35m4974?[m [    Test worker] ?[36mi.m.c.e.y.YamlPropertySourceLoader      ?[m : Processing YAML: {micronaut={http={client={read-timeout=2500ms, connect-timeout=2500ms}}}, endpoints={all={sensitive=false}}}
2020-06-17 16:12:51.835 ?[32mDEBUG?[m ?[35m4974?[m [    Test worker] ?[36mi.m.c.e.AbstractPropertySourceLoader    ?[m : No PropertySource found for file name: application-test.yml
2020-06-17 16:12:51.836 ?[32mDEBUG?[m ?[35m4974?[m [    Test worker] ?[36mi.m.c.e.AbstractPropertySourceLoader    ?[m : No PropertySource found for file name: application-test.yaml
2020-06-17 16:12:51.837 ?[32mDEBUG?[m ?[35m4974?[m [    Test worker] ?[36mi.m.c.e.DefaultEnvironment              ?[m : Reading property sources from loader: io.micronaut.context.env.PropertiesPropertySourceLoader@57324624
2020-06-17 16:12:51.838 ?[32mDEBUG?[m ?[35m4974?[m [    Test worker] ?[36mi.m.c.e.AbstractPropertySourceLoader    ?[m : No PropertySource found for file name: application.properties
2020-06-17 16:12:51.839 ?[32mDEBUG?[m ?[35m4974?[m [    Test worker] ?[36mi.m.c.e.AbstractPropertySourceLoader    ?[m : No PropertySource found for file name: application-test.properties
2020-06-17 16:12:51.842 ?[32mDEBUG?[m ?[35m4974?[m [    Test worker] ?[36mi.m.c.e.DefaultEnvironment              ?[m : Processing property source: application
2020-06-17 16:12:51.844 ?[34mTRACE?[m ?[35m4974?[m [    Test worker] ?[36mi.m.c.e.PropertySourcePropertyResolver  ?[m : Processing property key micronaut.http.client.read-timeout
2020-06-17 16:12:51.845 ?[34mTRACE?[m ?[35m4974?[m [    Test worker] ?[36mi.m.c.e.PropertySourcePropertyResolver  ?[m : Processing property key micronaut.http.client.connect-timeout
2020-06-17 16:12:51.846 ?[34mTRACE?[m ?[35m4974?[m [    Test worker] ?[36mi.m.c.e.PropertySourcePropertyResolver  ?[m : Processing property key endpoints.all.sensitive
2020-06-17 16:12:51.847 ?[32mDEBUG?[m ?[35m4974?[m [    Test worker] ?[36mi.m.c.e.DefaultEnvironment              ?[m : Processing property source: env
2020-06-17 16:12:51.848 ?[34mTRACE?[m ?[35m4974?[m [    Test worker] ?[36mi.m.c.e.PropertySourcePropertyResolver  ?[m : Processing property key PATH
2020-06-17 16:12:51.848 ?[34mTRACE?[m ?[35m4974?[m [    Test worker] ?[36mi.m.c.e.PropertySourcePropertyResolver  ?[m : Processing property key AWS_PROFILE
2020-06-17 16:12:51.852 ?[34mTRACE?[m ?[35m4974?[m [    Test worker] ?[36mi.m.c.e.PropertySourcePropertyResolver  ?[m : Processing property key LANG
2020-06-17 16:12:51.852 ?[34mTRACE?[m ?[35m4974?[m [    Test worker] ?[36mi.m.c.e.PropertySourcePropertyResolver  ?[m : Processing property key COMMAND_MODE
2020-06-17 16:12:51.853 ?[34mTRACE?[m ?[35m4974?[m [    Test worker] ?[36mi.m.c.e.PropertySourcePropertyResolver  ?[m : Processing property key SPACESHIP_VERSION
2020-06-17 16:12:51.854 ?[34mTRACE?[m ?[35m4974?[m [    Test worker] ?[36mi.m.c.e.PropertySourcePropertyResolver  ?[m : Processing property key VERSIONER_PYTHON_VERSION
2020-06-17 16:12:51.854 ?[34mTRACE?[m ?[35m4974?[m [    Test worker] ?[36mi.m.c.e.PropertySourcePropertyResolver  ?[m : Processing property key JAVA_MAIN_CLASS_4974
2020-06-17 16:12:51.855 ?[34mTRACE?[m ?[35m4974?[m [    Test worker] ?[36mi.m.c.e.PropertySourcePropertyResolver  ?[m : Processing property key LOGNAME
2020-06-17 16:12:51.855 ?[34mTRACE?[m ?[35m4974?[m [    Test worker] ?[36mi.m.c.e.PropertySourcePropertyResolver  ?[m : Processing property key AWS_SDK_LOAD_CONFIG
2020-06-17 16:12:51.856 ?[34mTRACE?[m ?[35m4974?[m [    Test worker] ?[36mi.m.c.e.PropertySourcePropertyResolver  ?[m : Processing property key XPC_SERVICE_NAME
2020-06-17 16:12:51.856 ?[34mTRACE?[m ?[35m4974?[m [    Test worker] ?[36mi.m.c.e.PropertySourcePropertyResolver  ?[m : Processing property key SHOWPAD_JVM_PROJECT_ID
2020-06-17 16:12:51.857 ?[34mTRACE?[m ?[35m4974?[m [    Test worker] ?[36mi.m.c.e.PropertySourcePropertyResolver  ?[m : Processing property key AWS_REGION
2020-06-17 16:12:51.857 ?[34mTRACE?[m ?[35m4974?[m [    Test worker] ?[36mi.m.c.e.PropertySourcePropertyResolver  ?[m : Processing property key GITLAB_PRIVATE_TOKEN
2020-06-17 16:12:51.858 ?[34mTRACE?[m ?[35m4974?[m [    Test worker] ?[36mi.m.c.e.PropertySourcePropertyResolver  ?[m : Processing property key SHELL
2020-06-17 16:12:51.858 ?[34mTRACE?[m ?[35m4974?[m [    Test worker] ?[36mi.m.c.e.PropertySourcePropertyResolver  ?[m : Processing property key OLDPWD
2020-06-17 16:12:51.859 ?[34mTRACE?[m ?[35m4974?[m [    Test worker] ?[36mi.m.c.e.PropertySourcePropertyResolver  ?[m : Processing property key USER
2020-06-17 16:12:51.860 ?[34mTRACE?[m ?[35m4974?[m [    Test worker] ?[36mi.m.c.e.PropertySourcePropertyResolver  ?[m : Processing property key TMPDIR
2020-06-17 16:12:51.860 ?[34mTRACE?[m ?[35m4974?[m [    Test worker] ?[36mi.m.c.e.PropertySourcePropertyResolver  ?[m : Processing property key SSH_AUTH_SOCK
2020-06-17 16:12:51.861 ?[34mTRACE?[m ?[35m4974?[m [    Test worker] ?[36mi.m.c.e.PropertySourcePropertyResolver  ?[m : Processing property key SPACESHIP_ROOT
2020-06-17 16:12:51.861 ?[34mTRACE?[m ?[35m4974?[m [    Test worker] ?[36mi.m.c.e.PropertySourcePropertyResolver  ?[m : Processing property key XPC_FLAGS
2020-06-17 16:12:51.862 ?[34mTRACE?[m ?[35m4974?[m [    Test worker] ?[36mi.m.c.e.PropertySourcePropertyResolver  ?[m : Processing property key LC_ALL
2020-06-17 16:12:51.862 ?[34mTRACE?[m ?[35m4974?[m [    Test worker] ?[36mi.m.c.e.PropertySourcePropertyResolver  ?[m : Processing property key __CF_USER_TEXT_ENCODING
2020-06-17 16:12:51.863 ?[34mTRACE?[m ?[35m4974?[m [    Test worker] ?[36mi.m.c.e.PropertySourcePropertyResolver  ?[m : Processing property key JENV_SHELL
2020-06-17 16:12:51.864 ?[34mTRACE?[m ?[35m4974?[m [    Test worker] ?[36mi.m.c.e.PropertySourcePropertyResolver  ?[m : Processing property key HOME
2020-06-17 16:12:51.865 ?[34mTRACE?[m ?[35m4974?[m [    Test worker] ?[36mi.m.c.e.PropertySourcePropertyResolver  ?[m : Processing property key JENV_LOADED
2020-06-17 16:12:51.865 ?[32mDEBUG?[m ?[35m4974?[m [    Test worker] ?[36mi.m.c.e.DefaultEnvironment              ?[m : Processing property source: system
2020-06-17 16:12:51.866 ?[34mTRACE?[m ?[35m4974?[m [    Test worker] ?[36mi.m.c.e.PropertySourcePropertyResolver  ?[m : Processing property key gopherProxySet
2020-06-17 16:12:51.867 ?[34mTRACE?[m ?[35m4974?[m [    Test worker] ?[36mi.m.c.e.PropertySourcePropertyResolver  ?[m : Processing property key awt.toolkit
2020-06-17 16:12:51.868 ?[34mTRACE?[m ?[35m4974?[m [    Test worker] ?[36mi.m.c.e.PropertySourcePropertyResolver  ?[m : Processing property key java.specification.version
2020-06-17 16:12:51.870 ?[34mTRACE?[m ?[35m4974?[m [    Test worker] ?[36mi.m.c.e.PropertySourcePropertyResolver  ?[m : Processing property key sun.cpu.isalist
2020-06-17 16:12:51.874 ?[34mTRACE?[m ?[35m4974?[m [    Test worker] ?[36mi.m.c.e.PropertySourcePropertyResolver  ?[m : Processing property key sun.jnu.encoding
2020-06-17 16:12:51.875 ?[34mTRACE?[m ?[35m4974?[m [    Test worker] ?[36mi.m.c.e.PropertySourcePropertyResolver  ?[m : Processing property key org.gradle.test.worker
2020-06-17 16:12:51.877 ?[34mTRACE?[m ?[35m4974?[m [    Test worker] ?[36mi.m.c.e.PropertySourcePropertyResolver  ?[m : Processing property key java.class.path
2020-06-17 16:12:51.881 ?[34mTRACE?[m ?[35m4974?[m [    Test worker] ?[36mi.m.c.e.PropertySourcePropertyResolver  ?[m : Processing property key java.vm.vendor
2020-06-17 16:12:51.882 ?[34mTRACE?[m ?[35m4974?[m [    Test worker] ?[36mi.m.c.e.PropertySourcePropertyResolver  ?[m : Processing property key sun.arch.data.model
2020-06-17 16:12:51.882 ?[34mTRACE?[m ?[35m4974?[m [    Test worker] ?[36mi.m.c.e.PropertySourcePropertyResolver  ?[m : Processing property key user.variant
2020-06-17 16:12:51.883 ?[34mTRACE?[m ?[35m4974?[m [    Test worker] ?[36mi.m.c.e.PropertySourcePropertyResolver  ?[m : Processing property key java.vendor.url
2020-06-17 16:12:51.884 ?[34mTRACE?[m ?[35m4974?[m [    Test worker] ?[36mi.m.c.e.PropertySourcePropertyResolver  ?[m : Processing property key user.timezone
2020-06-17 16:12:51.884 ?[34mTRACE?[m ?[35m4974?[m [    Test worker] ?[36mi.m.c.e.PropertySourcePropertyResolver  ?[m : Processing property key os.name
2020-06-17 16:12:51.885 ?[34mTRACE?[m ?[35m4974?[m [    Test worker] ?[36mi.m.c.e.PropertySourcePropertyResolver  ?[m : Processing property key java.vm.specification.version
2020-06-17 16:12:51.885 ?[34mTRACE?[m ?[35m4974?[m [    Test worker] ?[36mi.m.c.e.PropertySourcePropertyResolver  ?[m : Processing property key user.country
2020-06-17 16:12:51.886 ?[34mTRACE?[m ?[35m4974?[m [    Test worker] ?[36mi.m.c.e.PropertySourcePropertyResolver  ?[m : Processing property key sun.java.launcher
2020-06-17 16:12:51.887 ?[34mTRACE?[m ?[35m4974?[m [    Test worker] ?[36mi.m.c.e.PropertySourcePropertyResolver  ?[m : Processing property key sun.boot.library.path
2020-06-17 16:12:51.887 ?[34mTRACE?[m ?[35m4974?[m [    Test worker] ?[36mi.m.c.e.PropertySourcePropertyResolver  ?[m : Processing property key sun.java.command
2020-06-17 16:12:51.888 ?[34mTRACE?[m ?[35m4974?[m [    Test worker] ?[36mi.m.c.e.PropertySourcePropertyResolver  ?[m : Processing property key jdk.debug
2020-06-17 16:12:51.889 ?[34mTRACE?[m ?[35m4974?[m [    Test worker] ?[36mi.m.c.e.PropertySourcePropertyResolver  ?[m : Processing property key sun.cpu.endian
2020-06-17 16:12:51.890 ?[34mTRACE?[m ?[35m4974?[m [    Test worker] ?[36mi.m.c.e.PropertySourcePropertyResolver  ?[m : Processing property key user.home
2020-06-17 16:12:51.891 ?[34mTRACE?[m ?[35m4974?[m [    Test worker] ?[36mi.m.c.e.PropertySourcePropertyResolver  ?[m : Processing property key user.language
2020-06-17 16:12:51.892 ?[34mTRACE?[m ?[35m4974?[m [    Test worker] ?[36mi.m.c.e.PropertySourcePropertyResolver  ?[m : Processing property key java.specification.vendor
2020-06-17 16:12:51.894 ?[34mTRACE?[m ?[35m4974?[m [    Test worker] ?[36mi.m.c.e.PropertySourcePropertyResolver  ?[m : Processing property key org.gradle.native
2020-06-17 16:12:51.896 ?[34mTRACE?[m ?[35m4974?[m [    Test worker] ?[36mi.m.c.e.PropertySourcePropertyResolver  ?[m : Processing property key java.version.date
2020-06-17 16:12:51.897 ?[34mTRACE?[m ?[35m4974?[m [    Test worker] ?[36mi.m.c.e.PropertySourcePropertyResolver  ?[m : Processing property key java.home
2020-06-17 16:12:51.899 ?[34mTRACE?[m ?[35m4974?[m [    Test worker] ?[36mi.m.c.e.PropertySourcePropertyResolver  ?[m : Processing property key file.separator
2020-06-17 16:12:51.900 ?[34mTRACE?[m ?[35m4974?[m [    Test worker] ?[36mi.m.c.e.PropertySourcePropertyResolver  ?[m : Processing property key java.vm.compressedOopsMode
2020-06-17 16:12:51.901 ?[34mTRACE?[m ?[35m4974?[m [    Test worker] ?[36mi.m.c.e.PropertySourcePropertyResolver  ?[m : Processing property key line.separator
2020-06-17 16:12:51.902 ?[34mTRACE?[m ?[35m4974?[m [    Test worker] ?[36mi.m.c.e.PropertySourcePropertyResolver  ?[m : Processing property key java.specification.name
2020-06-17 16:12:51.902 ?[34mTRACE?[m ?[35m4974?[m [    Test worker] ?[36mi.m.c.e.PropertySourcePropertyResolver  ?[m : Processing property key java.vm.specification.vendor
2020-06-17 16:12:51.903 ?[34mTRACE?[m ?[35m4974?[m [    Test worker] ?[36mi.m.c.e.PropertySourcePropertyResolver  ?[m : Processing property key java.awt.graphicsenv
2020-06-17 16:12:51.903 ?[34mTRACE?[m ?[35m4974?[m [    Test worker] ?[36mi.m.c.e.PropertySourcePropertyResolver  ?[m : Processing property key sun.management.compiler
2020-06-17 16:12:51.905 ?[34mTRACE?[m ?[35m4974?[m [    Test worker] ?[36mi.m.c.e.PropertySourcePropertyResolver  ?[m : Processing property key java.runtime.version
2020-06-17 16:12:51.911 ?[34mTRACE?[m ?[35m4974?[m [    Test worker] ?[36mi.m.c.e.PropertySourcePropertyResolver  ?[m : Processing property key user.name
2020-06-17 16:12:51.912 ?[34mTRACE?[m ?[35m4974?[m [    Test worker] ?[36mi.m.c.e.PropertySourcePropertyResolver  ?[m : Processing property key path.separator
2020-06-17 16:12:51.915 ?[34mTRACE?[m ?[35m4974?[m [    Test worker] ?[36mi.m.c.e.PropertySourcePropertyResolver  ?[m : Processing property key os.version
2020-06-17 16:12:51.915 ?[34mTRACE?[m ?[35m4974?[m [    Test worker] ?[36mi.m.c.e.PropertySourcePropertyResolver  ?[m : Processing property key java.runtime.name
2020-06-17 16:12:51.917 ?[34mTRACE?[m ?[35m4974?[m [    Test worker] ?[36mi.m.c.e.PropertySourcePropertyResolver  ?[m : Processing property key file.encoding
2020-06-17 16:12:51.917 ?[34mTRACE?[m ?[35m4974?[m [    Test worker] ?[36mi.m.c.e.PropertySourcePropertyResolver  ?[m : Processing property key java.vm.name
2020-06-17 16:12:51.918 ?[34mTRACE?[m ?[35m4974?[m [    Test worker] ?[36mi.m.c.e.PropertySourcePropertyResolver  ?[m : Processing property key java.vendor.version
2020-06-17 16:12:51.919 ?[34mTRACE?[m ?[35m4974?[m [    Test worker] ?[36mi.m.c.e.PropertySourcePropertyResolver  ?[m : Processing property key micronaut.classloader.logging
2020-06-17 16:12:51.920 ?[34mTRACE?[m ?[35m4974?[m [    Test worker] ?[36mi.m.c.e.PropertySourcePropertyResolver  ?[m : Processing property key java.vendor.url.bug
2020-06-17 16:12:51.921 ?[34mTRACE?[m ?[35m4974?[m [    Test worker] ?[36mi.m.c.e.PropertySourcePropertyResolver  ?[m : Processing property key java.io.tmpdir
2020-06-17 16:12:51.922 ?[34mTRACE?[m ?[35m4974?[m [    Test worker] ?[36mi.m.c.e.PropertySourcePropertyResolver  ?[m : Processing property key java.version
2020-06-17 16:12:51.923 ?[34mTRACE?[m ?[35m4974?[m [    Test worker] ?[36mi.m.c.e.PropertySourcePropertyResolver  ?[m : Processing property key user.dir
2020-06-17 16:12:51.924 ?[34mTRACE?[m ?[35m4974?[m [    Test worker] ?[36mi.m.c.e.PropertySourcePropertyResolver  ?[m : Processing property key os.arch
2020-06-17 16:12:51.927 ?[34mTRACE?[m ?[35m4974?[m [    Test worker] ?[36mi.m.c.e.PropertySourcePropertyResolver  ?[m : Processing property key java.vm.specification.name
2020-06-17 16:12:51.931 ?[34mTRACE?[m ?[35m4974?[m [    Test worker] ?[36mi.m.c.e.PropertySourcePropertyResolver  ?[m : Processing property key java.awt.printerjob
2020-06-17 16:12:51.933 ?[34mTRACE?[m ?[35m4974?[m [    Test worker] ?[36mi.m.c.e.PropertySourcePropertyResolver  ?[m : Processing property key sun.os.patch.level
2020-06-17 16:12:51.934 ?[34mTRACE?[m ?[35m4974?[m [    Test worker] ?[36mi.m.c.e.PropertySourcePropertyResolver  ?[m : Processing property key java.library.path
2020-06-17 16:12:51.935 ?[34mTRACE?[m ?[35m4974?[m [    Test worker] ?[36mi.m.c.e.PropertySourcePropertyResolver  ?[m : Processing property key java.vendor
2020-06-17 16:12:51.936 ?[34mTRACE?[m ?[35m4974?[m [    Test worker] ?[36mi.m.c.e.PropertySourcePropertyResolver  ?[m : Processing property key java.vm.info
2020-06-17 16:12:51.937 ?[34mTRACE?[m ?[35m4974?[m [    Test worker] ?[36mi.m.c.e.PropertySourcePropertyResolver  ?[m : Processing property key java.vm.version
2020-06-17 16:12:51.938 ?[34mTRACE?[m ?[35m4974?[m [    Test worker] ?[36mi.m.c.e.PropertySourcePropertyResolver  ?[m : Processing property key sun.io.unicode.encoding
2020-06-17 16:12:51.939 ?[34mTRACE?[m ?[35m4974?[m [    Test worker] ?[36mi.m.c.e.PropertySourcePropertyResolver  ?[m : Processing property key java.class.version
2020-06-17 16:12:51.940 ?[32mDEBUG?[m ?[35m4974?[m [    Test worker] ?[36mi.m.c.e.DefaultEnvironment              ?[m : Processing property source: application
2020-06-17 16:12:51.940 ?[34mTRACE?[m ?[35m4974?[m [    Test worker] ?[36mi.m.c.e.PropertySourcePropertyResolver  ?[m : Processing property key micronaut.test.active.spec
2020-06-17 16:12:51.941 ?[34mTRACE?[m ?[35m4974?[m [    Test worker] ?[36mi.m.c.e.PropertySourcePropertyResolver  ?[m : Processing property key micronaut.test.active.spec.clazz
2020-06-17 16:12:51.945 ?[32mDEBUG?[m ?[35m4974?[m [    Test worker] ?[36mi.m.c.DefaultBeanContext                ?[m : Finding candidate beans for type: interface io.micronaut.context.env.Environment
2020-06-17 16:12:51.946 ?[32mDEBUG?[m ?[35m4974?[m [    Test worker] ?[36mi.m.c.DefaultBeanContext                ?[m : No bean candidates found for type: interface io.micronaut.context.env.Environment
2020-06-17 16:12:51.962 ?[32mDEBUG?[m ?[35m4974?[m [    Test worker] ?[36mi.m.c.DefaultBeanContext                ?[m : Starting BeanContext
2020-06-17 16:12:52.283 ?[32mDEBUG?[m ?[35m4974?[m [    Test worker] ?[36mi.m.c.AbstractBeanContextConditional    ?[m : Configuration: io.micronaut.http.server.cors will not be loaded due to failing conditions:
2020-06-17 16:12:52.283 ?[32mDEBUG?[m ?[35m4974?[m [    Test worker] ?[36mi.m.c.AbstractBeanContextConditional    ?[m : * Required property [micronaut.server.cors.enabled] with value [true] not present
2020-06-17 16:12:52.291 ?[32mDEBUG?[m ?[35m4974?[m [    Test worker] ?[36mi.m.c.DefaultBeanContext                ?[m : Finding candidate beans for type: interface io.micronaut.context.event.BeanCreatedEventListener
2020-06-17 16:12:52.318 ?[32mDEBUG?[m ?[35m4974?[m [    Test worker] ?[36mi.m.c.AbstractBeanContextConditional    ?[m : Bean [io.micronaut.web.router.version.$VersionAwareRouterListenerDefinition] will not be loaded due to failing conditions:
2020-06-17 16:12:52.319 ?[32mDEBUG?[m ?[35m4974?[m [    Test worker] ?[36mi.m.c.AbstractBeanContextConditional    ?[m : * Required property [micronaut.router.versioning.enabled] with value [true] not present
2020-06-17 16:12:52.323 ?[32mDEBUG?[m ?[35m4974?[m [    Test worker] ?[36mi.m.c.DefaultBeanContext                ?[m : Resolved bean candidates [Definition: io.micronaut.scheduling.instrument.ExecutorServiceInstrumenter, Definition: io.micronaut.http.server.netty.binders.NettyBinderRegistrar, Definition: io.micronaut.scheduling.instrument.ThreadFactoryInstrumenter] for type: interface io.micronaut.context.event.BeanCreatedEventListener
2020-06-17 16:12:52.326 ?[32mDEBUG?[m ?[35m4974?[m [    Test worker] ?[36mi.m.c.DefaultApplicationContext         ?[m : Finalized bean definitions candidates: [Definition: io.micronaut.scheduling.instrument.ExecutorServiceInstrumenter, Definition: io.micronaut.http.server.netty.binders.NettyBinderRegistrar, Definition: io.micronaut.scheduling.instrument.ThreadFactoryInstrumenter]
2020-06-17 16:12:52.339 ?[32mDEBUG?[m ?[35m4974?[m [    Test worker] ?[36mi.m.c.DefaultBeanContext                ?[m : Resolving beans for type: io.micronaut.scheduling.instrument.InvocationInstrumenterFactory
2020-06-17 16:12:52.341 ?[34mTRACE?[m ?[35m4974?[m [    Test worker] ?[36mi.m.c.DefaultBeanContext                ?[m : Looking up existing beans for key: io.micronaut.scheduling.instrument.InvocationInstrumenterFactory
2020-06-17 16:12:52.341 ?[34mTRACE?[m ?[35m4974?[m [    Test worker] ?[36mi.m.c.DefaultBeanContext                ?[m : No beans found for key: io.micronaut.scheduling.instrument.InvocationInstrumenterFactory
2020-06-17 16:12:52.342 ?[32mDEBUG?[m ?[35m4974?[m [    Test worker] ?[36mi.m.c.DefaultBeanContext                ?[m : Finding candidate beans for type: interface io.micronaut.scheduling.instrument.InvocationInstrumenterFactory
2020-06-17 16:12:52.343 ?[32mDEBUG?[m ?[35m4974?[m [    Test worker] ?[36mi.m.c.DefaultBeanContext                ?[m : Resolved bean candidates [Definition: io.micronaut.http.server.context.ServerRequestContextInstrumentation] for type: interface io.micronaut.scheduling.instrument.InvocationInstrumenterFactory
2020-06-17 16:12:52.344 ?[32mDEBUG?[m ?[35m4974?[m [    Test worker] ?[36mi.m.c.DefaultApplicationContext         ?[m : Finalized bean definitions candidates: [Definition: io.micronaut.http.server.context.ServerRequestContextInstrumentation]
2020-06-17 16:12:52.346 ?[32mDEBUG?[m ?[35m4974?[m [    Test worker] ?[36mi.m.c.DefaultBeanContext                ?[m : Created bean [io.micronaut.http.server.context.ServerRequestContextInstrumentation@232efcf5] from definition [Definition: io.micronaut.http.server.context.ServerRequestContextInstrumentation] with qualifier [null]
2020-06-17 16:12:52.346 ?[32mDEBUG?[m ?[35m4974?[m [    Test worker] ?[36mi.m.c.DefaultBeanContext                ?[m : Registering singleton bean io.micronaut.http.server.context.ServerRequestContextInstrumentation@232efcf5 for type [io.micronaut.scheduling.instrument.InvocationInstrumenterFactory] using bean key io.micronaut.http.server.context.ServerRequestContextInstrumentation
2020-06-17 16:12:52.347 ?[32mDEBUG?[m ?[35m4974?[m [    Test worker] ?[36mi.m.c.DefaultBeanContext                ?[m : Found 1 beans for type [io.micronaut.scheduling.instrument.InvocationInstrumenterFactory]: [io.micronaut.http.server.context.ServerRequestContextInstrumentation@232efcf5] 
2020-06-17 16:12:52.348 ?[32mDEBUG?[m ?[35m4974?[m [    Test worker] ?[36mi.m.c.DefaultBeanContext                ?[m : Created bean [io.micronaut.scheduling.instrument.ExecutorServiceInstrumenter@1d4e41fc] from definition [Definition: io.micronaut.scheduling.instrument.ExecutorServiceInstrumenter] with qualifier [null]
2020-06-17 16:12:52.349 ?[32mDEBUG?[m ?[35m4974?[m [    Test worker] ?[36mi.m.c.DefaultBeanContext                ?[m : Registering singleton bean io.micronaut.scheduling.instrument.ExecutorServiceInstrumenter@1d4e41fc for type [io.micronaut.scheduling.instrument.ExecutorServiceInstrumenter] using bean key io.micronaut.scheduling.instrument.ExecutorServiceInstrumenter
2020-06-17 16:12:52.354 ?[34mTRACE?[m ?[35m4974?[m [    Test worker] ?[36mi.m.c.DefaultBeanContext                ?[m : Looking up existing bean for key: io.micronaut.core.convert.ConversionService
2020-06-17 16:12:52.355 ?[34mTRACE?[m ?[35m4974?[m [    Test worker] ?[36mi.m.c.DefaultBeanContext                ?[m : No existing bean found for bean key: io.micronaut.core.convert.ConversionService
2020-06-17 16:12:52.355 ?[32mDEBUG?[m ?[35m4974?[m [    Test worker] ?[36mi.m.c.DefaultBeanContext                ?[m : Finding candidate beans for type: interface io.micronaut.core.convert.ConversionService
2020-06-17 16:12:52.356 ?[32mDEBUG?[m ?[35m4974?[m [    Test worker] ?[36mi.m.c.DefaultBeanContext                ?[m : Resolved bean candidates [io.micronaut.context.DefaultBeanContext$NoInjectionBeanDefinition@1c5d4468] for type: interface io.micronaut.core.convert.ConversionService
2020-06-17 16:12:52.357 ?[32mDEBUG?[m ?[35m4974?[m [    Test worker] ?[36mi.m.c.DefaultApplicationContext         ?[m : Finalized bean definitions candidates: [io.micronaut.context.DefaultBeanContext$NoInjectionBeanDefinition@1c5d4468]
2020-06-17 16:12:52.358 ?[32mDEBUG?[m ?[35m4974?[m [    Test worker] ?[36mi.m.c.DefaultBeanContext                ?[m : Found concrete candidate [io.micronaut.context.DefaultBeanContext$NoInjectionBeanDefinition@1c5d4468] for type: io.micronaut.core.convert.ConversionService 
2020-06-17 16:12:52.361 ?[32mDEBUG?[m ?[35m4974?[m [    Test worker] ?[36mi.m.c.DefaultBeanContext                ?[m : Registering singleton bean io.micronaut.context.DefaultApplicationContext$RuntimeConfiguredEnvironment@32a2a941 for type [io.micronaut.context.DefaultApplicationContext$RuntimeConfiguredEnvironment] using bean key io.micronaut.context.DefaultApplicationContext$RuntimeConfiguredEnvironment
2020-06-17 16:12:52.362 ?[32mDEBUG?[m ?[35m4974?[m [    Test worker] ?[36mi.m.c.DefaultBeanContext                ?[m : Resolved existing bean [io.micronaut.context.DefaultApplicationContext$RuntimeConfiguredEnvironment@32a2a941] for type [interface io.micronaut.core.convert.ConversionService] and qualifier [null]
2020-06-17 16:12:52.363 ?[34mTRACE?[m ?[35m4974?[m [    Test worker] ?[36mi.m.c.DefaultBeanContext                ?[m : Looking up existing bean for key: io.micronaut.http.server.netty.HttpContentProcessorResolver
2020-06-17 16:12:52.363 ?[34mTRACE?[m ?[35m4974?[m [    Test worker] ?[36mi.m.c.DefaultBeanContext                ?[m : No existing bean found for bean key: io.micronaut.http.server.netty.HttpContentProcessorResolver
2020-06-17 16:12:52.364 ?[32mDEBUG?[m ?[35m4974?[m [    Test worker] ?[36mi.m.c.DefaultBeanContext                ?[m : Finding candidate beans for type: interface io.micronaut.http.server.netty.HttpContentProcessorResolver
2020-06-17 16:12:52.367 ?[32mDEBUG?[m ?[35m4974?[m [    Test worker] ?[36mi.m.c.DefaultBeanContext                ?[m : Resolved bean candidates [Definition: io.micronaut.http.server.netty.DefaultHttpContentProcessorResolver] for type: interface io.micronaut.http.server.netty.HttpContentProcessorResolver
2020-06-17 16:12:52.368 ?[32mDEBUG?[m ?[35m4974?[m [    Test worker] ?[36mi.m.c.DefaultApplicationContext         ?[m : Finalized bean definitions candidates: [Definition: io.micronaut.http.server.netty.DefaultHttpContentProcessorResolver]
2020-06-17 16:12:52.370 ?[32mDEBUG?[m ?[35m4974?[m [    Test worker] ?[36mi.m.c.DefaultBeanContext                ?[m : Found concrete candidate [Definition: io.micronaut.http.server.netty.DefaultHttpContentProcessorResolver] for type: io.micronaut.http.server.netty.HttpContentProcessorResolver 
2020-06-17 16:12:52.374 ?[32mDEBUG?[m ?[35m4974?[m [    Test worker] ?[36mi.m.c.DefaultBeanContext                ?[m : Finding candidate beans for type: class io.micronaut.http.server.netty.configuration.NettyHttpServerConfiguration
2020-06-17 16:12:52.386 ?[32mDEBUG?[m ?[35m4974?[m [    Test worker] ?[36mi.m.c.DefaultBeanContext                ?[m : Resolved bean candidates [Definition: io.micronaut.http.server.netty.configuration.NettyHttpServerConfiguration] for type: class io.micronaut.http.server.netty.configuration.NettyHttpServerConfiguration
2020-06-17 16:12:52.387 ?[32mDEBUG?[m ?[35m4974?[m [    Test worker] ?[36mi.m.c.DefaultApplicationContext         ?[m : Finalized bean definitions candidates: [Definition: io.micronaut.http.server.netty.configuration.NettyHttpServerConfiguration]
2020-06-17 16:12:52.387 ?[32mDEBUG?[m ?[35m4974?[m [    Test worker] ?[36mi.m.c.DefaultBeanContext                ?[m : Found concrete candidate [Definition: io.micronaut.http.server.netty.configuration.NettyHttpServerConfiguration] for type: io.micronaut.http.server.netty.configuration.NettyHttpServerConfiguration 
2020-06-17 16:12:52.388 ?[32mDEBUG?[m ?[35m4974?[m [    Test worker] ?[36mi.m.c.DefaultBeanContext                ?[m : Created bean [io.micronaut.http.server.netty.DefaultHttpContentProcessorResolver@878fb6c] from definition [Definition: io.micronaut.http.server.netty.DefaultHttpContentProcessorResolver] with qualifier [null]
2020-06-17 16:12:52.389 ?[32mDEBUG?[m ?[35m4974?[m [    Test worker] ?[36mi.m.c.DefaultBeanContext                ?[m : Registering singleton bean io.micronaut.http.server.netty.DefaultHttpContentProcessorResolver@878fb6c for type [io.micronaut.http.server.netty.HttpContentProcessorResolver] using bean key io.micronaut.http.server.netty.DefaultHttpContentProcessorResolver
2020-06-17 16:12:52.390 ?[32mDEBUG?[m ?[35m4974?[m [    Test worker] ?[36mi.m.c.DefaultBeanContext                ?[m : Finding candidate beans for type: class io.micronaut.http.server.HttpServerConfiguration
2020-06-17 16:12:52.396 ?[32mDEBUG?[m ?[35m4974?[m [    Test worker] ?[36mi.m.c.DefaultBeanContext                ?[m : Bean [class io.micronaut.http.server.netty.configuration.NettyHttpServerConfiguration] replaces existing bean of type [class io.micronaut.http.server.HttpServerConfiguration]
2020-06-17 16:12:52.397 ?[32mDEBUG?[m ?[35m4974?[m [    Test worker] ?[36mi.m.c.DefaultBeanContext                ?[m : Resolved bean candidates [Definition: io.micronaut.http.server.netty.configuration.NettyHttpServerConfiguration] for type: class io.micronaut.http.server.HttpServerConfiguration
2020-06-17 16:12:52.398 ?[32mDEBUG?[m ?[35m4974?[m [    Test worker] ?[36mi.m.c.DefaultApplicationContext         ?[m : Finalized bean definitions candidates: [Definition: io.micronaut.http.server.netty.configuration.NettyHttpServerConfiguration]
2020-06-17 16:12:52.399 ?[32mDEBUG?[m ?[35m4974?[m [    Test worker] ?[36mi.m.c.DefaultBeanContext                ?[m : Found concrete candidate [Definition: io.micronaut.http.server.netty.configuration.NettyHttpServerConfiguration] for type: io.micronaut.http.server.HttpServerConfiguration 
2020-06-17 16:12:52.399 ?[32mDEBUG?[m ?[35m4974?[m [    Test worker] ?[36mi.m.c.DefaultBeanContext                ?[m : Created bean [io.micronaut.http.server.netty.binders.NettyBinderRegistrar@11a54be6] from definition [Definition: io.micronaut.http.server.netty.binders.NettyBinderRegistrar] with qualifier [null]
2020-06-17 16:12:52.400 ?[32mDEBUG?[m ?[35m4974?[m [    Test worker] ?[36mi.m.c.DefaultBeanContext                ?[m : Registering singleton bean io.micronaut.http.server.netty.binders.NettyBinderRegistrar@11a54be6 for type [io.micronaut.http.server.netty.binders.NettyBinderRegistrar] using bean key io.micronaut.http.server.netty.binders.NettyBinderRegistrar
2020-06-17 16:12:52.402 ?[32mDEBUG?[m ?[35m4974?[m [    Test worker] ?[36mi.m.c.DefaultBeanContext                ?[m : Resolving beans for type: io.micronaut.scheduling.instrument.InvocationInstrumenterFactory
2020-06-17 16:12:52.402 ?[34mTRACE?[m ?[35m4974?[m [    Test worker] ?[36mi.m.c.DefaultBeanContext                ?[m : Looking up existing beans for key: io.micronaut.scheduling.instrument.InvocationInstrumenterFactory
2020-06-17 16:12:52.403 ?[34mTRACE?[m ?[35m4974?[m [    Test worker] ?[36mi.m.c.DefaultBeanContext                ?[m : Found 1 existing beans for type [io.micronaut.scheduling.instrument.InvocationInstrumenterFactory]: [io.micronaut.http.server.context.ServerRequestContextInstrumentation@232efcf5] 
2020-06-17 16:12:52.404 ?[32mDEBUG?[m ?[35m4974?[m [    Test worker] ?[36mi.m.c.DefaultBeanContext                ?[m : Created bean [io.micronaut.scheduling.instrument.ThreadFactoryInstrumenter@4d7dc0c5] from definition [Definition: io.micronaut.scheduling.instrument.ThreadFactoryInstrumenter] with qualifier [null]
2020-06-17 16:12:52.405 ?[32mDEBUG?[m ?[35m4974?[m [    Test worker] ?[36mi.m.c.DefaultBeanContext                ?[m : Registering singleton bean io.micronaut.scheduling.instrument.ThreadFactoryInstrumenter@4d7dc0c5 for type [io.micronaut.scheduling.instrument.ThreadFactoryInstrumenter] using bean key io.micronaut.scheduling.instrument.ThreadFactoryInstrumenter
2020-06-17 16:12:52.406 ?[32mDEBUG?[m ?[35m4974?[m [    Test worker] ?[36mi.m.c.DefaultBeanContext                ?[m : Finding candidate beans for type: interface io.micronaut.context.event.BeanInitializedEventListener
2020-06-17 16:12:52.407 ?[32mDEBUG?[m ?[35m4974?[m [    Test worker] ?[36mi.m.c.DefaultBeanContext                ?[m : No bean candidates found for type: interface io.micronaut.context.event.BeanInitializedEventListener
2020-06-17 16:12:52.407 ?[32mDEBUG?[m ?[35m4974?[m [    Test worker] ?[36mi.m.c.DefaultBeanContext                ?[m : Resolving beans for type: io.micronaut.core.convert.TypeConverter
2020-06-17 16:12:52.410 ?[34mTRACE?[m ?[35m4974?[m [    Test worker] ?[36mi.m.c.DefaultBeanContext                ?[m : Looking up existing beans for key: io.micronaut.core.convert.TypeConverter
2020-06-17 16:12:52.411 ?[34mTRACE?[m ?[35m4974?[m [    Test worker] ?[36mi.m.c.DefaultBeanContext                ?[m : No beans found for key: io.micronaut.core.convert.TypeConverter
2020-06-17 16:12:52.412 ?[32mDEBUG?[m ?[35m4974?[m [    Test worker] ?[36mi.m.c.DefaultBeanContext                ?[m : Finding candidate beans for type: interface io.micronaut.core.convert.TypeConverter
2020-06-17 16:12:52.412 ?[32mDEBUG?[m ?[35m4974?[m [    Test worker] ?[36mi.m.c.DefaultBeanContext                ?[m : No bean candidates found for type: interface io.micronaut.core.convert.TypeConverter
2020-06-17 16:12:52.414 ?[32mDEBUG?[m ?[35m4974?[m [    Test worker] ?[36mi.m.c.DefaultBeanContext                ?[m : Found no possible candidate beans of type [io.micronaut.core.convert.TypeConverter] for qualifier: null 
2020-06-17 16:12:52.415 ?[32mDEBUG?[m ?[35m4974?[m [    Test worker] ?[36mi.m.c.DefaultBeanContext                ?[m : Resolving beans for type: io.micronaut.core.convert.TypeConverterRegistrar
2020-06-17 16:12:52.416 ?[34mTRACE?[m ?[35m4974?[m [    Test worker] ?[36mi.m.c.DefaultBeanContext                ?[m : Looking up existing beans for key: io.micronaut.core.convert.TypeConverterRegistrar
2020-06-17 16:12:52.416 ?[34mTRACE?[m ?[35m4974?[m [    Test worker] ?[36mi.m.c.DefaultBeanContext                ?[m : No beans found for key: io.micronaut.core.convert.TypeConverterRegistrar
2020-06-17 16:12:52.417 ?[32mDEBUG?[m ?[35m4974?[m [    Test worker] ?[36mi.m.c.DefaultBeanContext                ?[m : Finding candidate beans for type: interface io.micronaut.core.convert.TypeConverterRegistrar
2020-06-17 16:12:52.422 ?[32mDEBUG?[m ?[35m4974?[m [    Test worker] ?[36mi.m.c.AbstractBeanContextConditional    ?[m : Bean [io.micronaut.reactive.flow.converters.$FlowConverterRegistrarDefinition] will not be loaded due to failing conditions:
2020-06-17 16:12:52.423 ?[32mDEBUG?[m ?[35m4974?[m [    Test worker] ?[36mi.m.c.AbstractBeanContextConditional    ?[m : * Class [kotlinx.coroutines.reactive.ReactiveFlowKt] is not present
2020-06-17 16:12:52.427 ?[32mDEBUG?[m ?[35m4974?[m [    Test worker] ?[36mi.m.c.AbstractBeanContextConditional    ?[m : Bean [io.micronaut.http.netty.channel.converters.$KQueueChannelOptionFactoryDefinition] will not be loaded due to failing conditions:
2020-06-17 16:12:52.427 ?[32mDEBUG?[m ?[35m4974?[m [    Test worker] ?[36mi.m.c.AbstractBeanContextConditional    ?[m : * Class [io.netty.channel.kqueue.KQueue] is not present
2020-06-17 16:12:52.430 ?[32mDEBUG?[m ?[35m4974?[m [    Test worker] ?[36mi.m.c.DefaultBeanContext                ?[m : Resolved bean candidates [Definition: io.micronaut.jackson.convert.JacksonConverterRegistrar, Definition: io.micronaut.runtime.converters.time.TimeConverterRegistrar, Definition: io.micronaut.http.server.netty.converters.NettyConverters, Definition: io.micronaut.reactive.rxjava2.converters.RxJavaConverterRegistrar, Definition: io.micronaut.http.converters.HttpConverterRegistrar, Definition: io.micronaut.http.client.loadbalance.LoadBalancerConverters] for type: interface io.micronaut.core.convert.TypeConverterRegistrar
2020-06-17 16:12:52.432 ?[32mDEBUG?[m ?[35m4974?[m [    Test worker] ?[36mi.m.c.DefaultApplicationContext         ?[m : Finalized bean definitions candidates: [Definition: io.micronaut.jackson.convert.JacksonConverterRegistrar, Definition: io.micronaut.runtime.converters.time.TimeConverterRegistrar, Definition: io.micronaut.http.server.netty.converters.NettyConverters, Definition: io.micronaut.reactive.rxjava2.converters.RxJavaConverterRegistrar, Definition: io.micronaut.http.converters.HttpConverterRegistrar, Definition: io.micronaut.http.client.loadbalance.LoadBalancerConverters]
2020-06-17 16:12:52.433 ?[32mDEBUG?[m ?[35m4974?[m [    Test worker] ?[36mi.m.c.DefaultBeanContext                ?[m : Finding candidate beans for type: class com.fasterxml.jackson.databind.ObjectMapper
2020-06-17 16:12:52.438 ?[32mDEBUG?[m ?[35m4974?[m [    Test worker] ?[36mi.m.c.DefaultBeanContext                ?[m : Resolved bean candidates [Definition: io.micronaut.jackson.ObjectMapperFactory] for type: class com.fasterxml.jackson.databind.ObjectMapper
2020-06-17 16:12:52.439 ?[32mDEBUG?[m ?[35m4974?[m [    Test worker] ?[36mi.m.c.DefaultApplicationContext         ?[m : Finalized bean definitions candidates: [Definition: io.micronaut.jackson.ObjectMapperFactory]
2020-06-17 16:12:52.439 ?[32mDEBUG?[m ?[35m4974?[m [    Test worker] ?[36mi.m.c.DefaultBeanContext                ?[m : Found concrete candidate [Definition: io.micronaut.jackson.ObjectMapperFactory] for type: com.fasterxml.jackson.databind.ObjectMapper 
2020-06-17 16:12:52.440 ?[32mDEBUG?[m ?[35m4974?[m [    Test worker] ?[36mi.m.c.DefaultBeanContext                ?[m : Finding candidate beans for type: interface io.micronaut.core.bind.BeanPropertyBinder
2020-06-17 16:12:52.442 ?[32mDEBUG?[m ?[35m4974?[m [    Test worker] ?[36mi.m.c.DefaultBeanContext                ?[m : Resolved bean candidates [Definition: io.micronaut.jackson.bind.JacksonBeanPropertyBinder] for type: interface io.micronaut.core.bind.BeanPropertyBinder
2020-06-17 16:12:52.443 ?[32mDEBUG?[m ?[35m4974?[m [    Test worker] ?[36mi.m.c.DefaultApplicationContext         ?[m : Finalized bean definitions candidates: [Definition: io.micronaut.jackson.bind.JacksonBeanPropertyBinder]
2020-06-17 16:12:52.443 ?[32mDEBUG?[m ?[35m4974?[m [    Test worker] ?[36mi.m.c.DefaultBeanContext                ?[m : Found concrete candidate [Definition: io.micronaut.jackson.bind.JacksonBeanPropertyBinder] for type: io.micronaut.core.bind.BeanPropertyBinder 
2020-06-17 16:12:52.444 ?[34mTRACE?[m ?[35m4974?[m [    Test worker] ?[36mi.m.c.DefaultBeanContext                ?[m : Looking up existing bean for key: io.micronaut.core.convert.ConversionService
2020-06-17 16:12:52.444 ?[34mTRACE?[m ?[35m4974?[m [    Test worker] ?[36mi.m.c.DefaultBeanContext                ?[m : No existing bean found for bean key: io.micronaut.core.convert.ConversionService
2020-06-17 16:12:52.445 ?[32mDEBUG?[m ?[35m4974?[m [    Test worker] ?[36mi.m.c.DefaultBeanContext                ?[m : Registering singleton bean io.micronaut.context.DefaultApplicationContext$RuntimeConfiguredEnvironment@32a2a941 for type [io.micronaut.context.DefaultApplicationContext$RuntimeConfiguredEnvironment] using bean key io.micronaut.context.DefaultApplicationContext$RuntimeConfiguredEnvironment
2020-06-17 16:12:52.446 ?[32mDEBUG?[m ?[35m4974?[m [    Test worker] ?[36mi.m.c.DefaultBeanContext                ?[m : Resolved existing bean [io.micronaut.context.DefaultApplicationContext$RuntimeConfiguredEnvironment@32a2a941] for type [interface io.micronaut.core.convert.ConversionService] and qualifier [null]
2020-06-17 16:12:52.447 ?[32mDEBUG?[m ?[35m4974?[m [    Test worker] ?[36mi.m.c.DefaultBeanContext                ?[m : Created bean [io.micronaut.jackson.convert.JacksonConverterRegistrar@15755f01] from definition [Definition: io.micronaut.jackson.convert.JacksonConverterRegistrar] with qualifier [null]
2020-06-17 16:12:52.447 ?[32mDEBUG?[m ?[35m4974?[m [    Test worker] ?[36mi.m.c.DefaultBeanContext                ?[m : Registering singleton bean io.micronaut.jackson.convert.JacksonConverterRegistrar@15755f01 for type [io.micronaut.core.convert.TypeConverterRegistrar] using bean key io.micronaut.jackson.convert.JacksonConverterRegistrar
2020-06-17 16:12:52.449 ?[32mDEBUG?[m ?[35m4974?[m [    Test worker] ?[36mi.m.c.DefaultBeanContext                ?[m : Created bean [io.micronaut.runtime.converters.time.TimeConverterRegistrar@61b76c30] from definition [Definition: io.micronaut.runtime.converters.time.TimeConverterRegistrar] with qualifier [null]
2020-06-17 16:12:52.450 ?[32mDEBUG?[m ?[35m4974?[m [    Test worker] ?[36mi.m.c.DefaultBeanContext                ?[m : Registering singleton bean io.micronaut.runtime.converters.time.TimeConverterRegistrar@61b76c30 for type [io.micronaut.core.convert.TypeConverterRegistrar] using bean key io.micronaut.runtime.converters.time.TimeConverterRegistrar
2020-06-17 16:12:52.452 ?[34mTRACE?[m ?[35m4974?[m [    Test worker] ?[36mi.m.c.DefaultBeanContext                ?[m : Looking up existing bean for key: io.micronaut.core.convert.ConversionService
2020-06-17 16:12:52.454 ?[34mTRACE?[m ?[35m4974?[m [    Test worker] ?[36mi.m.c.DefaultBeanContext                ?[m : No existing bean found for bean key: io.micronaut.core.convert.ConversionService
2020-06-17 16:12:52.455 ?[32mDEBUG?[m ?[35m4974?[m [    Test worker] ?[36mi.m.c.DefaultBeanContext                ?[m : Registering singleton bean io.micronaut.context.DefaultApplicationContext$RuntimeConfiguredEnvironment@32a2a941 for type [io.micronaut.context.DefaultApplicationContext$RuntimeConfiguredEnvironment] using bean key io.micronaut.context.DefaultApplicationContext$RuntimeConfiguredEnvironment
2020-06-17 16:12:52.456 ?[32mDEBUG?[m ?[35m4974?[m [    Test worker] ?[36mi.m.c.DefaultBeanContext                ?[m : Resolved existing bean [io.micronaut.context.DefaultApplicationContext$RuntimeConfiguredEnvironment@32a2a941] for type [interface io.micronaut.core.convert.ConversionService] and qualifier [null]
2020-06-17 16:12:52.457 ?[32mDEBUG?[m ?[35m4974?[m [    Test worker] ?[36mi.m.c.DefaultBeanContext                ?[m : Finding candidate beans for type: interface io.micronaut.http.codec.MediaTypeCodecRegistry
2020-06-17 16:12:52.459 ?[32mDEBUG?[m ?[35m4974?[m [    Test worker] ?[36mi.m.c.DefaultBeanContext                ?[m : Resolved bean candidates [Definition: io.micronaut.runtime.http.codec.MediaTypeCodecRegistryFactory] for type: interface io.micronaut.http.codec.MediaTypeCodecRegistry
2020-06-17 16:12:52.460 ?[32mDEBUG?[m ?[35m4974?[m [    Test worker] ?[36mi.m.c.DefaultApplicationContext         ?[m : Finalized bean definitions candidates: [Definition: io.micronaut.runtime.http.codec.MediaTypeCodecRegistryFactory]
2020-06-17 16:12:52.460 ?[32mDEBUG?[m ?[35m4974?[m [    Test worker] ?[36mi.m.c.DefaultBeanContext                ?[m : Found concrete candidate [Definition: io.micronaut.runtime.http.codec.MediaTypeCodecRegistryFactory] for type: io.micronaut.http.codec.MediaTypeCodecRegistry 
2020-06-17 16:12:52.461 ?[34mTRACE?[m ?[35m4974?[m [    Test worker] ?[36mi.m.c.DefaultBeanContext                ?[m : Looking up existing bean for key: io.micronaut.http.netty.channel.converters.ChannelOptionFactory
2020-06-17 16:12:52.461 ?[34mTRACE?[m ?[35m4974?[m [    Test worker] ?[36mi.m.c.DefaultBeanContext                ?[m : No existing bean found for bean key: io.micronaut.http.netty.channel.converters.ChannelOptionFactory
2020-06-17 16:12:52.462 ?[32mDEBUG?[m ?[35m4974?[m [    Test worker] ?[36mi.m.c.DefaultBeanContext                ?[m : Finding candidate beans for type: interface io.micronaut.http.netty.channel.converters.ChannelOptionFactory
2020-06-17 16:12:52.465 ?[32mDEBUG?[m ?[35m4974?[m [    Test worker] ?[36mi.m.c.DefaultBeanContext                ?[m : Finding candidate beans for type: class io.micronaut.http.netty.channel.converters.EpollChannelOptionFactory
2020-06-17 16:12:52.467 ?[32mDEBUG?[m ?[35m4974?[m [    Test worker] ?[36mi.m.c.AbstractBeanContextConditional    ?[m : Bean [io.micronaut.http.netty.channel.converters.$EpollChannelOptionFactoryDefinition] will not be loaded due to failing conditions:
2020-06-17 16:12:52.468 ?[32mDEBUG?[m ?[35m4974?[m [    Test worker] ?[36mi.m.c.AbstractBeanContextConditional    ?[m : * Class [io.netty.channel.epoll.Epoll] is not present
2020-06-17 16:12:52.469 ?[32mDEBUG?[m ?[35m4974?[m [    Test worker] ?[36mi.m.c.DefaultBeanContext                ?[m : Resolved bean candidates [] for type: class io.micronaut.http.netty.channel.converters.EpollChannelOptionFactory
2020-06-17 16:12:52.470 ?[32mDEBUG?[m ?[35m4974?[m [    Test worker] ?[36mi.m.c.DefaultBeanContext                ?[m : Finding candidate beans for type: class io.micronaut.http.netty.channel.converters.KQueueChannelOptionFactory
2020-06-17 16:12:52.471 ?[32mDEBUG?[m ?[35m4974?[m [    Test worker] ?[36mi.m.c.AbstractBeanContextConditional    ?[m : Bean [io.micronaut.http.netty.channel.converters.$KQueueChannelOptionFactoryDefinition] will not be loaded due to failing conditions:
2020-06-17 16:12:52.471 ?[32mDEBUG?[m ?[35m4974?[m [    Test worker] ?[36mi.m.c.AbstractBeanContextConditional    ?[m : * Class [io.netty.channel.kqueue.KQueue] is not present
2020-06-17 16:12:52.472 ?[32mDEBUG?[m ?[35m4974?[m [    Test worker] ?[36mi.m.c.DefaultBeanContext                ?[m : Resolved bean candidates [] for type: class io.micronaut.http.netty.channel.converters.KQueueChannelOptionFactory
2020-06-17 16:12:52.472 ?[32mDEBUG?[m ?[35m4974?[m [    Test worker] ?[36mi.m.c.AbstractBeanContextConditional    ?[m : Bean [io.micronaut.http.netty.channel.converters.$EpollChannelOptionFactoryDefinition] will not be loaded due to failing conditions:
2020-06-17 16:12:52.473 ?[32mDEBUG?[m ?[35m4974?[m [    Test worker] ?[36mi.m.c.AbstractBeanContextConditional    ?[m : * Class [io.netty.channel.epoll.Epoll] is not present
2020-06-17 16:12:52.474 ?[32mDEBUG?[m ?[35m4974?[m [    Test worker] ?[36mi.m.c.AbstractBeanContextConditional    ?[m : Bean [io.micronaut.http.netty.channel.converters.$KQueueChannelOptionFactoryDefinition] will not be loaded due to failing conditions:
2020-06-17 16:12:52.474 ?[32mDEBUG?[m ?[35m4974?[m [    Test worker] ?[36mi.m.c.AbstractBeanContextConditional    ?[m : * Class [io.netty.channel.kqueue.KQueue] is not present
2020-06-17 16:12:52.474 ?[32mDEBUG?[m ?[35m4974?[m [    Test worker] ?[36mi.m.c.DefaultBeanContext                ?[m : Resolved bean candidates [Definition: io.micronaut.http.netty.channel.converters.DefaultChannelOptionFactory] for type: interface io.micronaut.http.netty.channel.converters.ChannelOptionFactory
2020-06-17 16:12:52.475 ?[32mDEBUG?[m ?[35m4974?[m [    Test worker] ?[36mi.m.c.DefaultApplicationContext         ?[m : Finalized bean definitions candidates: [Definition: io.micronaut.http.netty.channel.converters.DefaultChannelOptionFactory]
2020-06-17 16:12:52.475 ?[32mDEBUG?[m ?[35m4974?[m [    Test worker] ?[36mi.m.c.DefaultBeanContext                ?[m : Found concrete candidate [Definition: io.micronaut.http.netty.channel.converters.DefaultChannelOptionFactory] for type: io.micronaut.http.netty.channel.converters.ChannelOptionFactory 
2020-06-17 16:12:52.476 ?[32mDEBUG?[m ?[35m4974?[m [    Test worker] ?[36mi.m.c.DefaultBeanContext                ?[m : Created bean [io.micronaut.http.netty.channel.converters.DefaultChannelOptionFactory@40eaea7e] from definition [Definition: io.micronaut.http.netty.channel.converters.DefaultChannelOptionFactory] with qualifier [null]
2020-06-17 16:12:52.477 ?[32mDEBUG?[m ?[35m4974?[m [    Test worker] ?[36mi.m.c.DefaultBeanContext                ?[m : Registering singleton bean io.micronaut.http.netty.channel.converters.DefaultChannelOptionFactory@40eaea7e for type [io.micronaut.http.netty.channel.converters.ChannelOptionFactory] using bean key io.micronaut.http.netty.channel.converters.DefaultChannelOptionFactory
2020-06-17 16:12:52.478 ?[32mDEBUG?[m ?[35m4974?[m [    Test worker] ?[36mi.m.c.DefaultBeanContext                ?[m : Created bean [io.micronaut.http.server.netty.converters.NettyConverters@7a19833d] from definition [Definition: io.micronaut.http.server.netty.converters.NettyConverters] with qualifier [null]
2020-06-17 16:12:52.478 ?[32mDEBUG?[m ?[35m4974?[m [    Test worker] ?[36mi.m.c.DefaultBeanContext                ?[m : Registering singleton bean io.micronaut.http.server.netty.converters.NettyConverters@7a19833d for type [io.micronaut.core.convert.TypeConverterRegistrar] using bean key io.micronaut.http.server.netty.converters.NettyConverters
2020-06-17 16:12:52.479 ?[32mDEBUG?[m ?[35m4974?[m [    Test worker] ?[36mi.m.c.DefaultBeanContext                ?[m : Created bean [io.micronaut.reactive.rxjava2.converters.RxJavaConverterRegistrar@2cdd221f] from definition [Definition: io.micronaut.reactive.rxjava2.converters.RxJavaConverterRegistrar] with qualifier [null]
2020-06-17 16:12:52.480 ?[32mDEBUG?[m ?[35m4974?[m [    Test worker] ?[36mi.m.c.DefaultBeanContext                ?[m : Registering singleton bean io.micronaut.reactive.rxjava2.converters.RxJavaConverterRegistrar@2cdd221f for type [io.micronaut.core.convert.TypeConverterRegistrar] using bean key io.micronaut.reactive.rxjava2.converters.RxJavaConverterRegistrar
2020-06-17 16:12:52.481 ?[34mTRACE?[m ?[35m4974?[m [    Test worker] ?[36mi.m.c.DefaultBeanContext                ?[m : Looking up existing bean for key: io.micronaut.core.io.ResourceResolver
2020-06-17 16:12:52.481 ?[34mTRACE?[m ?[35m4974?[m [    Test worker] ?[36mi.m.c.DefaultBeanContext                ?[m : No existing bean found for bean key: io.micronaut.core.io.ResourceResolver
2020-06-17 16:12:52.482 ?[32mDEBUG?[m ?[35m4974?[m [    Test worker] ?[36mi.m.c.DefaultBeanContext                ?[m : Finding candidate beans for type: class io.micronaut.core.io.ResourceResolver
2020-06-17 16:12:52.483 ?[32mDEBUG?[m ?[35m4974?[m [    Test worker] ?[36mi.m.c.DefaultBeanContext                ?[m : Resolved bean candidates [Definition: io.micronaut.http.resource.ResourceLoaderFactory] for type: class io.micronaut.core.io.ResourceResolver
2020-06-17 16:12:52.483 ?[32mDEBUG?[m ?[35m4974?[m [    Test worker] ?[36mi.m.c.DefaultApplicationContext         ?[m : Finalized bean definitions candidates: [Definition: io.micronaut.http.resource.ResourceLoaderFactory]
2020-06-17 16:12:52.484 ?[32mDEBUG?[m ?[35m4974?[m [    Test worker] ?[36mi.m.c.DefaultBeanContext                ?[m : Found concrete candidate [Definition: io.micronaut.http.resource.ResourceLoaderFactory] for type: io.micronaut.core.io.ResourceResolver 
2020-06-17 16:12:52.485 ?[34mTRACE?[m ?[35m4974?[m [    Test worker] ?[36mi.m.c.DefaultBeanContext                ?[m : Looking up existing bean for key: io.micronaut.http.resource.ResourceLoaderFactory
2020-06-17 16:12:52.485 ?[34mTRACE?[m ?[35m4974?[m [    Test worker] ?[36mi.m.c.DefaultBeanContext                ?[m : No existing bean found for bean key: io.micronaut.http.resource.ResourceLoaderFactory
2020-06-17 16:12:52.486 ?[32mDEBUG?[m ?[35m4974?[m [    Test worker] ?[36mi.m.c.DefaultBeanContext                ?[m : Finding candidate beans for type: class io.micronaut.http.resource.ResourceLoaderFactory
2020-06-17 16:12:52.487 ?[32mDEBUG?[m ?[35m4974?[m [    Test worker] ?[36mi.m.c.DefaultBeanContext                ?[m : Resolved bean candidates [Definition: io.micronaut.http.resource.ResourceLoaderFactory] for type: class io.micronaut.http.resource.ResourceLoaderFactory
2020-06-17 16:12:52.488 ?[32mDEBUG?[m ?[35m4974?[m [    Test worker] ?[36mi.m.c.DefaultApplicationContext         ?[m : Finalized bean definitions candidates: [Definition: io.micronaut.http.resource.ResourceLoaderFactory]
2020-06-17 16:12:52.488 ?[32mDEBUG?[m ?[35m4974?[m [    Test worker] ?[36mi.m.c.DefaultBeanContext                ?[m : Found concrete candidate [Definition: io.micronaut.http.resource.ResourceLoaderFactory] for type: io.micronaut.http.resource.ResourceLoaderFactory 
2020-06-17 16:12:52.489 ?[34mTRACE?[m ?[35m4974?[m [    Test worker] ?[36mi.m.c.DefaultBeanContext                ?[m : Looking up existing bean for key: io.micronaut.context.env.Environment
2020-06-17 16:12:52.490 ?[32mDEBUG?[m ?[35m4974?[m [    Test worker] ?[36mi.m.c.DefaultBeanContext                ?[m : Resolved existing bean [io.micronaut.context.DefaultApplicationContext$RuntimeConfiguredEnvironment@32a2a941] for type [interface io.micronaut.context.env.Environment] and qualifier [null]
2020-06-17 16:12:52.491 ?[32mDEBUG?[m ?[35m4974?[m [    Test worker] ?[36mi.m.c.DefaultBeanContext                ?[m : Created bean [io.micronaut.http.resource.ResourceLoaderFactory@27f4f6c] from definition [Definition: io.micronaut.http.resource.ResourceLoaderFactory] with qualifier [null]
2020-06-17 16:12:52.491 ?[32mDEBUG?[m ?[35m4974?[m [    Test worker] ?[36mi.m.c.DefaultBeanContext                ?[m : Registering singleton bean io.micronaut.http.resource.ResourceLoaderFactory@27f4f6c for type [io.micronaut.http.resource.ResourceLoaderFactory] using bean key io.micronaut.http.resource.ResourceLoaderFactory
2020-06-17 16:12:52.492 ?[32mDEBUG?[m ?[35m4974?[m [    Test worker] ?[36mi.m.c.DefaultBeanContext                ?[m : Resolving beans for type: io.micronaut.core.io.ResourceLoader
2020-06-17 16:12:52.492 ?[34mTRACE?[m ?[35m4974?[m [    Test worker] ?[36mi.m.c.DefaultBeanContext                ?[m : Looking up existing beans for key: io.micronaut.core.io.ResourceLoader
2020-06-17 16:12:52.493 ?[34mTRACE?[m ?[35m4974?[m [    Test worker] ?[36mi.m.c.DefaultBeanContext                ?[m : No beans found for key: io.micronaut.core.io.ResourceLoader
2020-06-17 16:12:52.493 ?[32mDEBUG?[m ?[35m4974?[m [    Test worker] ?[36mi.m.c.DefaultBeanContext                ?[m : Finding candidate beans for type: interface io.micronaut.core.io.ResourceLoader
2020-06-17 16:12:52.495 ?[32mDEBUG?[m ?[35m4974?[m [    Test worker] ?[36mi.m.c.DefaultBeanContext                ?[m : Resolved bean candidates [io.micronaut.context.DefaultBeanContext$NoInjectionBeanDefinition@1c5d4468, Definition: io.micronaut.http.resource.ResourceLoaderFactory, Definition: io.micronaut.http.resource.ResourceLoaderFactory] for type: interface io.micronaut.core.io.ResourceLoader
2020-06-17 16:12:52.495 ?[32mDEBUG?[m ?[35m4974?[m [    Test worker] ?[36mi.m.c.DefaultApplicationContext         ?[m : Finalized bean definitions candidates: [io.micronaut.context.DefaultBeanContext$NoInjectionBeanDefinition@1c5d4468, Definition: io.micronaut.http.resource.ResourceLoaderFactory, Definition: io.micronaut.http.resource.ResourceLoaderFactory]
2020-06-17 16:12:52.496 ?[34mTRACE?[m ?[35m4974?[m [    Test worker] ?[36mi.m.c.DefaultBeanContext                ?[m : Looking up existing bean for key: io.micronaut.http.resource.ResourceLoaderFactory
2020-06-17 16:12:52.497 ?[32mDEBUG?[m ?[35m4974?[m [    Test worker] ?[36mi.m.c.DefaultBeanContext                ?[m : Resolved existing bean [io.micronaut.http.resource.ResourceLoaderFactory@27f4f6c] for type [class io.micronaut.http.resource.ResourceLoaderFactory] and qualifier [null]
2020-06-17 16:12:52.498 ?[32mDEBUG?[m ?[35m4974?[m [    Test worker] ?[36mi.m.c.DefaultBeanContext                ?[m : Created bean [io.micronaut.core.io.scan.DefaultClassPathResourceLoader@608b2d54] from definition [Definition: io.micronaut.http.resource.ResourceLoaderFactory] with qualifier [null]
2020-06-17 16:12:52.498 ?[32mDEBUG?[m ?[35m4974?[m [    Test worker] ?[36mi.m.c.DefaultBeanContext                ?[m : Registering singleton bean io.micronaut.core.io.scan.DefaultClassPathResourceLoader@608b2d54 for type [io.micronaut.core.io.ResourceLoader] using bean key io.micronaut.core.io.scan.ClassPathResourceLoader
2020-06-17 16:12:52.499 ?[34mTRACE?[m ?[35m4974?[m [    Test worker] ?[36mi.m.c.DefaultBeanContext                ?[m : Looking up existing bean for key: io.micronaut.http.resource.ResourceLoaderFactory
2020-06-17 16:12:52.500 ?[32mDEBUG?[m ?[35m4974?[m [    Test worker] ?[36mi.m.c.DefaultBeanContext                ?[m : Resolved existing bean [io.micronaut.http.resource.ResourceLoaderFactory@27f4f6c] for type [class io.micronaut.http.resource.ResourceLoaderFactory] and qualifier [null]
2020-06-17 16:12:52.501 ?[32mDEBUG?[m ?[35m4974?[m [    Test worker] ?[36mi.m.c.DefaultBeanContext                ?[m : Created bean [io.micronaut.core.io.file.DefaultFileSystemResourceLoader@5cead2ed] from definition [Definition: io.micronaut.http.resource.ResourceLoaderFactory] with qualifier [null]
2020-06-17 16:12:52.502 ?[32mDEBUG?[m ?[35m4974?[m [    Test worker] ?[36mi.m.c.DefaultBeanContext                ?[m : Registering singleton bean io.micronaut.core.io.file.DefaultFileSystemResourceLoader@5cead2ed for type [io.micronaut.core.io.ResourceLoader] using bean key io.micronaut.core.io.file.FileSystemResourceLoader
2020-06-17 16:12:52.502 ?[32mDEBUG?[m ?[35m4974?[m [    Test worker] ?[36mi.m.c.DefaultBeanContext                ?[m : Found 3 beans for type [io.micronaut.core.io.ResourceLoader]: [io.micronaut.context.DefaultApplicationContext$RuntimeConfiguredEnvironment@32a2a941, io.micronaut.core.io.scan.DefaultClassPathResourceLoader@608b2d54, io.micronaut.core.io.file.DefaultFileSystemResourceLoader@5cead2ed] 
2020-06-17 16:12:52.503 ?[32mDEBUG?[m ?[35m4974?[m [    Test worker] ?[36mi.m.c.DefaultBeanContext                ?[m : Created bean [io.micronaut.core.io.ResourceResolver@68b8474f] from definition [Definition: io.micronaut.http.resource.ResourceLoaderFactory] with qualifier [null]
2020-06-17 16:12:52.503 ?[32mDEBUG?[m ?[35m4974?[m [    Test worker] ?[36mi.m.c.DefaultBeanContext                ?[m : Registering singleton bean io.micronaut.core.io.ResourceResolver@68b8474f for type [io.micronaut.core.io.ResourceResolver] using bean key io.micronaut.core.io.ResourceResolver
2020-06-17 16:12:52.504 ?[32mDEBUG?[m ?[35m4974?[m [    Test worker] ?[36mi.m.c.DefaultBeanContext                ?[m : Created bean [io.micronaut.http.converters.HttpConverterRegistrar@5156b388] from definition [Definition: io.micronaut.http.converters.HttpConverterRegistrar] with qualifier [null]
2020-06-17 16:12:52.504 ?[32mDEBUG?[m ?[35m4974?[m [    Test worker] ?[36mi.m.c.DefaultBeanContext                ?[m : Registering singleton bean io.micronaut.http.converters.HttpConverterRegistrar@5156b388 for type [io.micronaut.core.convert.TypeConverterRegistrar] using bean key io.micronaut.http.converters.HttpConverterRegistrar
2020-06-17 16:12:52.505 ?[32mDEBUG?[m ?[35m4974?[m [    Test worker] ?[36mi.m.c.DefaultBeanContext                ?[m : Created bean [io.micronaut.http.client.loadbalance.LoadBalancerConverters@56c1ffc1] from definition [Definition: io.micronaut.http.client.loadbalance.LoadBalancerConverters] with qualifier [null]
2020-06-17 16:12:52.506 ?[32mDEBUG?[m ?[35m4974?[m [    Test worker] ?[36mi.m.c.DefaultBeanContext                ?[m : Registering singleton bean io.micronaut.http.client.loadbalance.LoadBalancerConverters@56c1ffc1 for type [io.micronaut.core.convert.TypeConverterRegistrar] using bean key io.micronaut.http.client.loadbalance.LoadBalancerConverters
2020-06-17 16:12:52.506 ?[32mDEBUG?[m ?[35m4974?[m [    Test worker] ?[36mi.m.c.DefaultBeanContext                ?[m : Found 6 beans for type [io.micronaut.core.convert.TypeConverterRegistrar]: [io.micronaut.http.client.loadbalance.LoadBalancerConverters@56c1ffc1, io.micronaut.reactive.rxjava2.converters.RxJavaConverterRegistrar@2cdd221f, io.micronaut.jackson.convert.JacksonConverterRegistrar@15755f01, io.micronaut.http.server.netty.converters.NettyConverters@7a19833d, io.micronaut.http.converters.HttpConverterRegistrar@5156b388, io.micronaut.runtime.converters.time.TimeConverterRegistrar@61b76c30] 
2020-06-17 16:12:52.691 ?[32mDEBUG?[m ?[35m4974?[m [    Test worker] ?[36mi.m.c.AbstractBeanContextConditional    ?[m : Bean [io.micronaut.logging.$PropertiesLoggingLevelsConfigurerDefinition] will not be loaded due to failing conditions:
2020-06-17 16:12:52.692 ?[32mDEBUG?[m ?[35m4974?[m [    Test worker] ?[36mi.m.c.AbstractBeanContextConditional    ?[m : * Required property [logger.levels] with value [null] not present
2020-06-17 16:12:52.693 ?[32mDEBUG?[m ?[35m4974?[m [    Test worker] ?[36mi.m.c.DefaultBeanContext                ?[m : Resolving beans for type: io.micronaut.scheduling.instrument.ReactiveInvocationInstrumenterFactory
2020-06-17 16:12:52.694 ?[34mTRACE?[m ?[35m4974?[m [    Test worker] ?[36mi.m.c.DefaultBeanContext                ?[m : Looking up existing beans for key: io.micronaut.scheduling.instrument.ReactiveInvocationInstrumenterFactory
2020-06-17 16:12:52.694 ?[34mTRACE?[m ?[35m4974?[m [    Test worker] ?[36mi.m.c.DefaultBeanContext                ?[m : No beans found for key: io.micronaut.scheduling.instrument.ReactiveInvocationInstrumenterFactory
2020-06-17 16:12:52.695 ?[32mDEBUG?[m ?[35m4974?[m [    Test worker] ?[36mi.m.c.DefaultBeanContext                ?[m : Finding candidate beans for type: interface io.micronaut.scheduling.instrument.ReactiveInvocationInstrumenterFactory
2020-06-17 16:12:52.695 ?[32mDEBUG?[m ?[35m4974?[m [    Test worker] ?[36mi.m.c.DefaultBeanContext                ?[m : Resolved bean candidates [Definition: io.micronaut.http.server.context.ServerRequestContextInstrumentation] for type: interface io.micronaut.scheduling.instrument.ReactiveInvocationInstrumenterFactory
2020-06-17 16:12:52.696 ?[32mDEBUG?[m ?[35m4974?[m [    Test worker] ?[36mi.m.c.DefaultApplicationContext         ?[m : Finalized bean definitions candidates: [Definition: io.micronaut.http.server.context.ServerRequestContextInstrumentation]
2020-06-17 16:12:52.698 ?[32mDEBUG?[m ?[35m4974?[m [    Test worker] ?[36mi.m.c.DefaultBeanContext                ?[m : Registering singleton bean io.micronaut.http.server.context.ServerRequestContextInstrumentation@232efcf5 for type [io.micronaut.scheduling.instrument.ReactiveInvocationInstrumenterFactory] using bean key io.micronaut.http.server.context.ServerRequestContextInstrumentation
2020-06-17 16:12:52.699 ?[32mDEBUG?[m ?[35m4974?[m [    Test worker] ?[36mi.m.c.DefaultBeanContext                ?[m : Found 1 beans for type [io.micronaut.scheduling.instrument.ReactiveInvocationInstrumenterFactory]: [io.micronaut.http.server.context.ServerRequestContextInstrumentation@232efcf5] 
2020-06-17 16:12:52.700 ?[32mDEBUG?[m ?[35m4974?[m [    Test worker] ?[36mi.m.c.DefaultBeanContext                ?[m : Created bean [io.micronaut.reactive.rxjava2.RxInstrumenterFactory@5542c13] from definition [Definition: io.micronaut.reactive.rxjava2.RxInstrumenterFactory] with qualifier [null]
2020-06-17 16:12:52.701 ?[32mDEBUG?[m ?[35m4974?[m [    Test worker] ?[36mi.m.c.DefaultBeanContext                ?[m : Registering singleton bean io.micronaut.reactive.rxjava2.RxInstrumenterFactory@5542c13 for type [io.micronaut.reactive.rxjava2.RxInstrumenterFactory] using bean key io.micronaut.reactive.rxjava2.RxInstrumenterFactory
2020-06-17 16:12:52.702 ?[34mTRACE?[m ?[35m4974?[m [    Test worker] ?[36mi.m.c.DefaultBeanContext                ?[m : Looking up existing bean for key: io.micronaut.reactive.rxjava2.RxInstrumenterFactory
2020-06-17 16:12:52.702 ?[32mDEBUG?[m ?[35m4974?[m [    Test worker] ?[36mi.m.c.DefaultBeanContext                ?[m : Resolved existing bean [io.micronaut.reactive.rxjava2.RxInstrumenterFactory@5542c13] for type [class io.micronaut.reactive.rxjava2.RxInstrumenterFactory] and qualifier [null]
2020-06-17 16:12:52.718 ?[32mDEBUG?[m ?[35m4974?[m [    Test worker] ?[36mi.m.c.DefaultBeanContext                ?[m : Created bean [io.micronaut.reactive.rxjava2.RxJava2Instrumentation@336ab28] from definition [Definition: io.micronaut.reactive.rxjava2.RxJava2Instrumentation] with qualifier [null]
2020-06-17 16:12:52.719 ?[32mDEBUG?[m ?[35m4974?[m [    Test worker] ?[36mi.m.c.DefaultBeanContext                ?[m : Registering singleton bean io.micronaut.reactive.rxjava2.RxJava2Instrumentation@336ab28 for type [io.micronaut.reactive.rxjava2.RxJava2Instrumentation] using bean key io.micronaut.reactive.rxjava2.RxJava2Instrumentation
2020-06-17 16:12:52.722 ?[32mDEBUG?[m ?[35m4974?[m [    Test worker] ?[36mi.m.c.AbstractBeanContextConditional    ?[m : Bean [io.micronaut.management.health.monitor.$HealthMonitorTaskDefinition] will not be loaded due to failing conditions:
2020-06-17 16:12:52.723 ?[32mDEBUG?[m ?[35m4974?[m [    Test worker] ?[36mi.m.c.AbstractBeanContextConditional    ?[m : * Required property [micronaut.application.name] with value [null] not present
2020-06-17 16:12:52.724 ?[32mDEBUG?[m ?[35m4974?[m [    Test worker] ?[36mi.m.c.AbstractBeanContextConditional    ?[m : Bean [io.micronaut.health.$HeartbeatTaskDefinition] will not be loaded due to failing conditions:
2020-06-17 16:12:52.725 ?[32mDEBUG?[m ?[35m4974?[m [    Test worker] ?[36mi.m.c.AbstractBeanContextConditional    ?[m : * Required property [micronaut.application.name] with value [null] not present
2020-06-17 16:12:52.726 ?[32mDEBUG?[m ?[35m4974?[m [    Test worker] ?[36mi.m.c.AbstractBeanContextConditional    ?[m : Bean [io.micronaut.scheduling.io.watch.$DefaultWatchThreadDefinition] will not be loaded due to failing conditions:
2020-06-17 16:12:52.727 ?[32mDEBUG?[m ?[35m4974?[m [    Test worker] ?[36mi.m.c.AbstractBeanContextConditional    ?[m : * Required property [micronaut.io.watch.paths] with value [null] not present
2020-06-17 16:12:52.729 ?[32mDEBUG?[m ?[35m4974?[m [    Test worker] ?[36mi.m.c.AbstractBeanContextConditional    ?[m : Configuration: io.micronaut.http.server.cors will not be loaded due to failing conditions:
2020-06-17 16:12:52.729 ?[32mDEBUG?[m ?[35m4974?[m [    Test worker] ?[36mi.m.c.AbstractBeanContextConditional    ?[m : * Required property [micronaut.server.cors.enabled] with value [true] not present
2020-06-17 16:12:52.729 ?[32mDEBUG?[m ?[35m4974?[m [onPool-worker-9] ?[36mi.m.c.AbstractBeanContextConditional    ?[m : Bean [io.micronaut.management.health.monitor.$HealthMonitorTaskDefinition] will not be loaded due to failing conditions:
2020-06-17 16:12:52.731 ?[32mDEBUG?[m ?[35m4974?[m [onPool-worker-9] ?[36mi.m.c.AbstractBeanContextConditional    ?[m : * Required property [micronaut.application.name] with value [null] not present
2020-06-17 16:12:52.731 ?[32mDEBUG?[m ?[35m4974?[m [    Test worker] ?[36mi.m.c.DefaultBeanContext                ?[m : Loaded active configurations: io.micronaut.jackson,io.micronaut.management.endpoint
2020-06-17 16:12:52.731 ?[32mDEBUG?[m ?[35m4974?[m [    Test worker] ?[36mi.m.c.DefaultBeanContext                ?[m : BeanContext Started.
2020-06-17 16:12:52.731 ?[32mDEBUG?[m ?[35m4974?[m [onPool-worker-9] ?[36mi.m.c.AbstractBeanContextConditional    ?[m : Bean [io.micronaut.management.endpoint.loggers.impl.$LogbackLoggingSystemDefinition] will not be loaded due to failing conditions:
2020-06-17 16:12:52.732 ?[32mDEBUG?[m ?[35m4974?[m [onPool-worker-9] ?[36mi.m.c.AbstractBeanContextConditional    ?[m : * Class [ch.qos.logback.classic.LoggerContext] is not present
2020-06-17 16:12:52.732 ?[32mDEBUG?[m ?[35m4974?[m [onPool-worker-9] ?[36mi.m.c.AbstractBeanContextConditional    ?[m : Bean [io.micronaut.management.health.indicator.jdbc.$JdbcIndicatorDefinition] will not be loaded due to failing conditions:
2020-06-17 16:12:52.733 ?[32mDEBUG?[m ?[35m4974?[m [onPool-worker-9] ?[36mi.m.c.AbstractBeanContextConditional    ?[m : * Class [io.micronaut.jdbc.DataSourceResolver] is not present
2020-06-17 16:12:52.733 ?[32mDEBUG?[m ?[35m4974?[m [    Test worker] ?[36mi.m.c.DefaultBeanContext                ?[m : Publishing event: io.micronaut.context.event.StartupEvent[source=io.micronaut.context.DefaultApplicationContext@52fc460f]
2020-06-17 16:12:52.737 ?[32mDEBUG?[m ?[35m4974?[m [onPool-worker-9] ?[36mi.m.c.AbstractBeanContextConditional    ?[m : Bean [io.micronaut.http.server.netty.ssl.$CertificateProvidedSslBuilderDefinition] will not be loaded due to failing conditions:
2020-06-17 16:12:52.737 ?[32mDEBUG?[m ?[35m4974?[m [    Test worker] ?[36mi.m.c.DefaultBeanContext                ?[m : Resolving beans for type: <StartupEvent> io.micronaut.context.event.ApplicationEventListener 
2020-06-17 16:12:52.737 ?[32mDEBUG?[m ?[35m4974?[m [onPool-worker-9] ?[36mi.m.c.AbstractBeanContextConditional    ?[m : * Property [micronaut.ssl.enabled] with value [false] does not equal required value: true
2020-06-17 16:12:52.737 ?[32mDEBUG?[m ?[35m4974?[m [onPool-worker-9] ?[36mi.m.c.AbstractBeanContextConditional    ?[m : Bean [io.micronaut.http.server.netty.ssl.$SelfSignedSslBuilderDefinition] will not be loaded due to failing conditions:
2020-06-17 16:12:52.738 ?[32mDEBUG?[m ?[35m4974?[m [onPool-worker-9] ?[36mi.m.c.AbstractBeanContextConditional    ?[m : * Property [micronaut.ssl.enabled] with value [false] does not equal required value: true
2020-06-17 16:12:52.738 ?[32mDEBUG?[m ?[35m4974?[m [onPool-worker-9] ?[36mi.m.c.AbstractBeanContextConditional    ?[m : Bean [io.micronaut.http.server.netty.jackson.$JsonViewServerFilterDefinition] will not be loaded due to failing conditions:
2020-06-17 16:12:52.738 ?[34mTRACE?[m ?[35m4974?[m [    Test worker] ?[36mi.m.c.DefaultBeanContext                ?[m : Looking up existing beans for key: <StartupEvent> io.micronaut.context.event.ApplicationEventListener
2020-06-17 16:12:52.738 ?[32mDEBUG?[m ?[35m4974?[m [onPool-worker-9] ?[36mi.m.c.AbstractBeanContextConditional    ?[m : * Required property [jackson.json-view.enabled] with value [null] not present
2020-06-17 16:12:52.739 ?[32mDEBUG?[m ?[35m4974?[m [onPool-worker-9] ?[36mi.m.c.AbstractBeanContextConditional    ?[m : Bean [io.micronaut.http.server.netty.jackson.$JsonViewMediaTypeCodecFactoryDefinition] will not be loaded due to failing conditions:
2020-06-17 16:12:52.739 ?[32mDEBUG?[m ?[35m4974?[m [onPool-worker-9] ?[36mi.m.c.AbstractBeanContextConditional    ?[m : * Required property [jackson.json-view.enabled] with value [null] not present
2020-06-17 16:12:52.739 ?[32mDEBUG?[m ?[35m4974?[m [onPool-worker-9] ?[36mi.m.c.AbstractBeanContextConditional    ?[m : Bean [io.micronaut.test.transaction.spring.$SpringTestTransactionInterceptorDefinition] will not be loaded due to failing conditions:
2020-06-17 16:12:52.739 ?[32mDEBUG?[m ?[35m4974?[m [onPool-worker-9] ?[36mi.m.c.AbstractBeanContextConditional    ?[m : * Class [org.springframework.transaction.PlatformTransactionManager] is not present
2020-06-17 16:12:52.740 ?[32mDEBUG?[m ?[35m4974?[m [onPool-worker-9] ?[36mi.m.c.AbstractBeanContextConditional    ?[m : Bean [io.micronaut.scheduling.io.watch.$DefaultWatchThreadDefinition] will not be loaded due to failing conditions:
2020-06-17 16:12:52.740 ?[34mTRACE?[m ?[35m4974?[m [    Test worker] ?[36mi.m.c.DefaultBeanContext                ?[m : No beans found for key: <StartupEvent> io.micronaut.context.event.ApplicationEventListener
2020-06-17 16:12:52.740 ?[32mDEBUG?[m ?[35m4974?[m [onPool-worker-9] ?[36mi.m.c.AbstractBeanContextConditional    ?[m : * Required property [micronaut.io.watch.paths] with value [null] not present
2020-06-17 16:12:52.740 ?[32mDEBUG?[m ?[35m4974?[m [    Test worker] ?[36mi.m.c.DefaultBeanContext                ?[m : Finding candidate beans for type: interface io.micronaut.context.event.ApplicationEventListener
2020-06-17 16:12:52.742 ?[32mDEBUG?[m ?[35m4974?[m [onPool-worker-9] ?[36mi.m.c.AbstractBeanContextConditional    ?[m : Bean [io.micronaut.discovery.cloud.oraclecloud.$OracleCloudMetadataConfigurationDefinition] will not be loaded due to failing conditions:
2020-06-17 16:12:52.742 ?[32mDEBUG?[m ?[35m4974?[m [onPool-worker-9] ?[36mi.m.c.AbstractBeanContextConditional    ?[m : * None of the required environments [oraclecloud] are active: [test]
2020-06-17 16:12:52.744 ?[32mDEBUG?[m ?[35m4974?[m [    Test worker] ?[36mi.m.c.AbstractBeanContextConditional    ?[m : Bean [io.micronaut.health.$HeartbeatTaskDefinition] will not be loaded due to failing conditions:
2020-06-17 16:12:52.744 ?[32mDEBUG?[m ?[35m4974?[m [    Test worker] ?[36mi.m.c.AbstractBeanContextConditional    ?[m : * Required property [micronaut.application.name] with value [null] not present
2020-06-17 16:12:52.745 ?[32mDEBUG?[m ?[35m4974?[m [onPool-worker-9] ?[36mi.m.c.AbstractBeanContextConditional    ?[m : Bean [io.micronaut.scheduling.io.watch.$FileWatchConfigurationDefinition] will not be loaded due to failing conditions:
2020-06-17 16:12:52.745 ?[32mDEBUG?[m ?[35m4974?[m [    Test worker] ?[36mi.m.c.AbstractBeanContextConditional    ?[m : Bean [io.micronaut.logging.$PropertiesLoggingLevelsConfigurerDefinition] will not be loaded due to failing conditions:
2020-06-17 16:12:52.745 ?[32mDEBUG?[m ?[35m4974?[m [onPool-worker-9] ?[36mi.m.c.AbstractBeanContextConditional    ?[m : * Required property [micronaut.io.watch.paths] with value [null] not present
2020-06-17 16:12:52.745 ?[32mDEBUG?[m ?[35m4974?[m [    Test worker] ?[36mi.m.c.AbstractBeanContextConditional    ?[m : * Required property [logger.levels] with value [null] not present
2020-06-17 16:12:52.745 ?[32mDEBUG?[m ?[35m4974?[m [onPool-worker-9] ?[36mi.m.c.AbstractBeanContextConditional    ?[m : Bean [io.micronaut.logging.impl.$LogbackLoggingSystemDefinition] will not be loaded due to failing conditions:
2020-06-17 16:12:52.746 ?[32mDEBUG?[m ?[35m4974?[m [onPool-worker-9] ?[36mi.m.c.AbstractBeanContextConditional    ?[m : * Class [ch.qos.logback.classic.LoggerContext] is not present
2020-06-17 16:12:52.746 ?[32mDEBUG?[m ?[35m4974?[m [onPool-worker-9] ?[36mi.m.c.AbstractBeanContextConditional    ?[m : Bean [io.micronaut.health.$HeartbeatTaskDefinition] will not be loaded due to failing conditions:
2020-06-17 16:12:52.746 ?[32mDEBUG?[m ?[35m4974?[m [onPool-worker-9] ?[36mi.m.c.AbstractBeanContextConditional    ?[m : * Required property [micronaut.application.name] with value [null] not present
2020-06-17 16:12:52.747 ?[32mDEBUG?[m ?[35m4974?[m [onPool-worker-9] ?[36mi.m.c.AbstractBeanContextConditional    ?[m : Bean [io.micronaut.discovery.cloud.aws.$AmazonMetadataConfigurationDefinition] will not be loaded due to failing conditions:
2020-06-17 16:12:52.747 ?[32mDEBUG?[m ?[35m4974?[m [onPool-worker-9] ?[36mi.m.c.AbstractBeanContextConditional    ?[m : * None of the required environments [ec2] are active: [test]
2020-06-17 16:12:52.747 ?[32mDEBUG?[m ?[35m4974?[m [onPool-worker-9] ?[36mi.m.c.AbstractBeanContextConditional    ?[m : Bean [io.micronaut.logging.$PropertiesLoggingLevelsConfigurerDefinition] will not be loaded due to failing conditions:
2020-06-17 16:12:52.747 ?[32mDEBUG?[m ?[35m4974?[m [    Test worker] ?[36mi.m.c.AbstractBeanContextConditional    ?[m : Bean [io.micronaut.runtime.server.watch.event.$FileWatchRestartListenerDefinition] will not be loaded due to failing conditions:
2020-06-17 16:12:52.748 ?[32mDEBUG?[m ?[35m4974?[m [onPool-worker-9] ?[36mi.m.c.AbstractBeanContextConditional    ?[m : * Required property [logger.levels] with value [null] not present
2020-06-17 16:12:52.748 ?[32mDEBUG?[m ?[35m4974?[m [    Test worker] ?[36mi.m.c.AbstractBeanContextConditional    ?[m : * Property [micronaut.io.watch.restart] with value [false] does not equal required value: true
2020-06-17 16:12:52.748 ?[32mDEBUG?[m ?[35m4974?[m [onPool-worker-9] ?[36mi.m.c.AbstractBeanContextConditional    ?[m : Bean [io.micronaut.discovery.cloud.digitalocean.$DigitalOceanMetadataResolverDefinition] will not be loaded due to failing conditions:
2020-06-17 16:12:52.748 ?[32mDEBUG?[m ?[35m4974?[m [onPool-worker-9] ?[36mi.m.c.AbstractBeanContextConditional    ?[m : * None of the required environments [digitalocean] are active: [test]
2020-06-17 16:12:52.748 ?[32mDEBUG?[m ?[35m4974?[m [    Test worker] ?[36mi.m.c.DefaultBeanContext                ?[m : Resolved bean candidates [Definition: io.micronaut.runtime.http.scope.RequestCustomScope, Definition: io.micronaut.http.client.ServiceHttpClientFactory, Definition: io.micronaut.runtime.context.scope.refresh.RefreshScope] for type: interface io.micronaut.context.event.ApplicationEventListener
2020-06-17 16:12:52.748 ?[32mDEBUG?[m ?[35m4974?[m [onPool-worker-9] ?[36mi.m.c.AbstractBeanContextConditional    ?[m : Bean [io.micronaut.reactive.flow.converters.$FlowConverterRegistrarDefinition] will not be loaded due to failing conditions:
2020-06-17 16:12:52.749 ?[32mDEBUG?[m ?[35m4974?[m [onPool-worker-9] ?[36mi.m.c.AbstractBeanContextConditional    ?[m : * Class [kotlinx.coroutines.reactive.ReactiveFlowKt] is not present
2020-06-17 16:12:52.749 ?[32mDEBUG?[m ?[35m4974?[m [    Test worker] ?[36mi.m.c.DefaultBeanContext                ?[m : Finding candidate beans for type: class io.micronaut.http.client.ServiceHttpClientConfiguration
2020-06-17 16:12:52.749 ?[32mDEBUG?[m ?[35m4974?[m [onPool-worker-9] ?[36mi.m.c.AbstractBeanContextConditional    ?[m : Bean [io.micronaut.discovery.cloud.oraclecloud.$OracleCloudMetadataResolverDefinition] will not be loaded due to failing conditions:
2020-06-17 16:12:52.749 ?[32mDEBUG?[m ?[35m4974?[m [onPool-worker-9] ?[36mi.m.c.AbstractBeanContextConditional    ?[m : * None of the required environments [oraclecloud] are active: [test]
2020-06-17 16:12:52.750 ?[32mDEBUG?[m ?[35m4974?[m [onPool-worker-9] ?[36mi.m.c.AbstractBeanContextConditional    ?[m : Bean [io.micronaut.discovery.cloud.gcp.$GoogleComputeMetadataConfigurationDefinition] will not be loaded due to failing conditions:
2020-06-17 16:12:52.753 ?[32mDEBUG?[m ?[35m4974?[m [onPool-worker-9] ?[36mi.m.c.AbstractBeanContextConditional    ?[m : * None of the required environments [gcp] are active: [test]
2020-06-17 16:12:52.753 ?[32mDEBUG?[m ?[35m4974?[m [    Test worker] ?[36mi.m.c.DefaultBeanContext                ?[m : Resolved bean candidates [Definition: io.micronaut.http.client.ServiceHttpClientConfiguration] for type: class io.micronaut.http.client.ServiceHttpClientConfiguration
2020-06-17 16:12:52.753 ?[32mDEBUG?[m ?[35m4974?[m [onPool-worker-9] ?[36mi.m.c.AbstractBeanContextConditional    ?[m : Bean [io.micronaut.runtime.server.watch.event.$FileWatchRestartListenerDefinition] will not be loaded due to failing conditions:
2020-06-17 16:12:52.753 ?[32mDEBUG?[m ?[35m4974?[m [onPool-worker-9] ?[36mi.m.c.AbstractBeanContextConditional    ?[m : * Property [micronaut.io.watch.restart] with value [false] does not equal required value: true
2020-06-17 16:12:52.755 ?[32mDEBUG?[m ?[35m4974?[m [onPool-worker-9] ?[36mi.m.c.r.ClassUtils                      ?[m : Attempting to dynamically load class io.methvin.watchservice.MacOSXListeningWatchService
2020-06-17 16:12:52.755 ?[32mDEBUG?[m ?[35m4974?[m [    Test worker] ?[36mi.m.c.DefaultApplicationContext         ?[m : Finalized bean definitions candidates: []
2020-06-17 16:12:52.755 ?[32mDEBUG?[m ?[35m4974?[m [    Test worker] ?[36mi.m.c.DefaultApplicationContext         ?[m : Finalized bean definitions candidates: [Definition: io.micronaut.runtime.http.scope.RequestCustomScope, Definition: io.micronaut.runtime.context.scope.refresh.RefreshScope]
2020-06-17 16:12:52.756 ?[32mDEBUG?[m ?[35m4974?[m [onPool-worker-9] ?[36mi.m.c.r.ClassUtils                      ?[m : Class io.methvin.watchservice.MacOSXListeningWatchService is not present
2020-06-17 16:12:52.756 ?[32mDEBUG?[m ?[35m4974?[m [    Test worker] ?[36mi.m.c.DefaultBeanContext                ?[m : Qualifying bean [io.micronaut.context.event.ApplicationEventListener] from candidates [Definition: io.micronaut.runtime.http.scope.RequestCustomScope, Definition: io.micronaut.runtime.context.scope.refresh.RefreshScope] for qualifier: <StartupEvent> 
2020-06-17 16:12:52.756 ?[32mDEBUG?[m ?[35m4974?[m [onPool-worker-9] ?[36mi.m.c.AbstractBeanContextConditional    ?[m : Bean [io.micronaut.discovery.cloud.gcp.$GoogleComputeInstanceMetadataResolverDefinition] will not be loaded due to failing conditions:
2020-06-17 16:12:52.756 ?[32mDEBUG?[m ?[35m4974?[m [onPool-worker-9] ?[36mi.m.c.AbstractBeanContextConditional    ?[m : * None of the required environments [gcp] are active: [test]
2020-06-17 16:12:52.757 ?[32mDEBUG?[m ?[35m4974?[m [onPool-worker-9] ?[36mi.m.c.AbstractBeanContextConditional    ?[m : Bean [io.micronaut.discovery.cloud.digitalocean.$DigitalOceanMetadataConfigurationDefinition] will not be loaded due to failing conditions:
2020-06-17 16:12:52.757 ?[32mDEBUG?[m ?[35m4974?[m [onPool-worker-9] ?[36mi.m.c.AbstractBeanContextConditional    ?[m : * None of the required environments [digitalocean] are active: [test]
2020-06-17 16:12:52.758 ?[32mDEBUG?[m ?[35m4974?[m [onPool-worker-9] ?[36mi.m.c.AbstractBeanContextConditional    ?[m : Bean [io.micronaut.discovery.cloud.aws.$AmazonComputeInstanceMetadataResolverDefinition] will not be loaded due to failing conditions:
2020-06-17 16:12:52.758 ?[32mDEBUG?[m ?[35m4974?[m [onPool-worker-9] ?[36mi.m.c.AbstractBeanContextConditional    ?[m : * None of the required environments [ec2] are active: [test]
2020-06-17 16:12:52.758 ?[32mDEBUG?[m ?[35m4974?[m [onPool-worker-9] ?[36mi.m.c.r.ClassUtils                      ?[m : Attempting to dynamically load class io.methvin.watchservice.MacOSXListeningWatchService
2020-06-17 16:12:52.759 ?[32mDEBUG?[m ?[35m4974?[m [onPool-worker-9] ?[36mi.m.c.r.ClassUtils                      ?[m : Class io.methvin.watchservice.MacOSXListeningWatchService is not present
2020-06-17 16:12:52.759 ?[32mDEBUG?[m ?[35m4974?[m [onPool-worker-9] ?[36mi.m.c.AbstractBeanContextConditional    ?[m : Bean [io.micronaut.scheduling.io.watch.$WatchServiceFactory$WatchService0Definition] will not be loaded due to failing conditions:
2020-06-17 16:12:52.759 ?[32mDEBUG?[m ?[35m4974?[m [onPool-worker-9] ?[36mi.m.c.AbstractBeanContextConditional    ?[m : * Required property [micronaut.io.watch.paths] with value [null] not present
2020-06-17 16:12:52.759 ?[32mDEBUG?[m ?[35m4974?[m [onPool-worker-9] ?[36mi.m.c.AbstractBeanContextConditional    ?[m : Bean [io.micronaut.http.netty.channel.converters.$EpollChannelOptionFactoryDefinition] will not be loaded due to failing conditions:
2020-06-17 16:12:52.760 ?[32mDEBUG?[m ?[35m4974?[m [onPool-worker-9] ?[36mi.m.c.AbstractBeanContextConditional    ?[m : * Class [io.netty.channel.epoll.Epoll] is not present
2020-06-17 16:12:52.760 ?[32mDEBUG?[m ?[35m4974?[m [onPool-worker-9] ?[36mi.m.c.AbstractBeanContextConditional    ?[m : Bean [io.micronaut.http.netty.channel.converters.$KQueueChannelOptionFactoryDefinition] will not be loaded due to failing conditions:
2020-06-17 16:12:52.760 ?[32mDEBUG?[m ?[35m4974?[m [onPool-worker-9] ?[36mi.m.c.AbstractBeanContextConditional    ?[m : * Class [io.netty.channel.kqueue.KQueue] is not present
2020-06-17 16:12:52.760 ?[32mDEBUG?[m ?[35m4974?[m [onPool-worker-9] ?[36mi.m.c.AbstractBeanContextConditional    ?[m : Bean [io.micronaut.http.netty.channel.$EpollEventLoopGroupFactoryDefinition] will not be loaded due to failing conditions:
2020-06-17 16:12:52.761 ?[32mDEBUG?[m ?[35m4974?[m [onPool-worker-9] ?[36mi.m.c.AbstractBeanContextConditional    ?[m : * Class [io.netty.channel.epoll.Epoll] is not present
2020-06-17 16:12:52.761 ?[32mDEBUG?[m ?[35m4974?[m [onPool-worker-9] ?[36mi.m.c.AbstractBeanContextConditional    ?[m : Bean [io.micronaut.http.netty.channel.$KQueueEventLoopGroupFactoryDefinition] will not be loaded due to failing conditions:
2020-06-17 16:12:52.761 ?[32mDEBUG?[m ?[35m4974?[m [onPool-worker-9] ?[36mi.m.c.AbstractBeanContextConditional    ?[m : * Class [io.netty.channel.kqueue.KQueue] is not present
2020-06-17 16:12:52.762 ?[32mDEBUG?[m ?[35m4974?[m [onPool-worker-9] ?[36mi.m.c.AbstractBeanContextConditional    ?[m : Bean [io.micronaut.web.router.version.resolution.$HeaderVersionResolverConfigurationDefinition] will not be loaded due to failing conditions:
2020-06-17 16:12:52.762 ?[32mDEBUG?[m ?[35m4974?[m [onPool-worker-9] ?[36mi.m.c.AbstractBeanContextConditional    ?[m : * Required property [micronaut.router.versioning.header.enabled] with value [true] not present
2020-06-17 16:12:52.762 ?[32mDEBUG?[m ?[35m4974?[m [onPool-worker-9] ?[36mi.m.c.AbstractBeanContextConditional    ?[m : Bean [io.micronaut.web.router.naming.$ConfigurableUriNamingStrategyDefinition] will not be loaded due to failing conditions:
2020-06-17 16:12:52.762 ?[34mTRACE?[m ?[35m4974?[m [    Test worker] ?[36mi.m.i.q.TypeArgumentQualifier           ?[m : Bean type interface io.micronaut.context.event.ApplicationEventListener is not compatible with candidate generic types [class io.micronaut.http.context.event.HttpRequestTerminatedEvent] of candidate Definition: io.micronaut.runtime.http.scope.RequestCustomScope
2020-06-17 16:12:52.762 ?[32mDEBUG?[m ?[35m4974?[m [onPool-worker-9] ?[36mi.m.c.AbstractBeanContextConditional    ?[m : * Required property [micronaut.server.context-path] with value [null] not present
2020-06-17 16:12:52.763 ?[32mDEBUG?[m ?[35m4974?[m [onPool-worker-9] ?[36mi.m.c.AbstractBeanContextConditional    ?[m : Bean [io.micronaut.web.router.version.$ConfigurationDefaultVersionProviderDefinition] will not be loaded due to failing conditions:
2020-06-17 16:12:52.763 ?[32mDEBUG?[m ?[35m4974?[m [onPool-worker-9] ?[36mi.m.c.AbstractBeanContextConditional    ?[m : * Required property [micronaut.router.versioning.default-version] with value [null] not present
2020-06-17 16:12:52.763 ?[34mTRACE?[m ?[35m4974?[m [    Test worker] ?[36mi.m.i.q.TypeArgumentQualifier           ?[m : Bean type interface io.micronaut.context.event.ApplicationEventListener is not compatible with candidate generic types [class io.micronaut.runtime.context.scope.refresh.RefreshEvent] of candidate Definition: io.micronaut.runtime.context.scope.refresh.RefreshScope
2020-06-17 16:12:52.763 ?[32mDEBUG?[m ?[35m4974?[m [onPool-worker-9] ?[36mi.m.c.AbstractBeanContextConditional    ?[m : Bean [io.micronaut.web.router.version.$RoutesVersioningConfigurationDefinition] will not be loaded due to failing conditions:
2020-06-17 16:12:52.763 ?[32mDEBUG?[m ?[35m4974?[m [onPool-worker-9] ?[36mi.m.c.AbstractBeanContextConditional    ?[m : * Required property [micronaut.router.versioning.enabled] with value [true] not present
2020-06-17 16:12:52.763 ?[32mDEBUG?[m ?[35m4974?[m [    Test worker] ?[36mi.m.c.DefaultBeanContext                ?[m : Found no matching beans of type [io.micronaut.context.event.ApplicationEventListener] for qualifier: <StartupEvent> 
2020-06-17 16:12:52.764 ?[32mDEBUG?[m ?[35m4974?[m [    Test worker] ?[36mi.m.c.DefaultBeanContext                ?[m : Finding candidate beans for type: class guild.kotlin.micronaut.SingletonTest
2020-06-17 16:12:52.765 ?[32mDEBUG?[m ?[35m4974?[m [onPool-worker-9] ?[36mi.m.c.AbstractBeanContextConditional    ?[m : Bean [io.micronaut.web.router.version.$VersionAwareRouterListenerDefinition] will not be loaded due to failing conditions:
2020-06-17 16:12:52.765 ?[32mDEBUG?[m ?[35m4974?[m [onPool-worker-9] ?[36mi.m.c.AbstractBeanContextConditional    ?[m : * Required property [micronaut.router.versioning.enabled] with value [true] not present
2020-06-17 16:12:52.766 ?[32mDEBUG?[m ?[35m4974?[m [onPool-worker-9] ?[36mi.m.c.AbstractBeanContextConditional    ?[m : Bean [io.micronaut.web.router.version.resolution.$ParameterVersionResolverConfigurationDefinition] will not be loaded due to failing conditions:
2020-06-17 16:12:52.767 ?[32mDEBUG?[m ?[35m4974?[m [onPool-worker-9] ?[36mi.m.c.AbstractBeanContextConditional    ?[m : * Required property [micronaut.router.versioning.parameter.enabled] with value [true] not present
2020-06-17 16:12:52.767 ?[32mDEBUG?[m ?[35m4974?[m [onPool-worker-9] ?[36mi.m.c.AbstractBeanContextConditional    ?[m : Bean [io.micronaut.http.ssl.$ServerSslConfiguration$DefaultTrustStoreConfigurationDefinition] will not be loaded due to failing conditions:
2020-06-17 16:12:52.768 ?[32mDEBUG?[m ?[35m4974?[m [onPool-worker-9] ?[36mi.m.c.AbstractBeanContextConditional    ?[m : * Required property [micronaut.server.ssl.trust-store] with value [null] not present
2020-06-17 16:12:52.768 ?[32mDEBUG?[m ?[35m4974?[m [onPool-worker-9] ?[36mi.m.c.AbstractBeanContextConditional    ?[m : Bean [io.micronaut.http.ssl.$ClientSslConfiguration$DefaultTrustStoreConfigurationDefinition] will not be loaded due to failing conditions:
2020-06-17 16:12:52.768 ?[32mDEBUG?[m ?[35m4974?[m [onPool-worker-9] ?[36mi.m.c.AbstractBeanContextConditional    ?[m : * Required property [micronaut.http.client.ssl.trust-store] with value [null] not present
2020-06-17 16:12:52.768 ?[32mDEBUG?[m ?[35m4974?[m [onPool-worker-9] ?[36mi.m.c.AbstractBeanContextConditional    ?[m : Bean [io.micronaut.http.ssl.$ServerSslConfiguration$DefaultKeyStoreConfigurationDefinition] will not be loaded due to failing conditions:
2020-06-17 16:12:52.769 ?[32mDEBUG?[m ?[35m4974?[m [onPool-worker-9] ?[36mi.m.c.AbstractBeanContextConditional    ?[m : * Required property [micronaut.server.ssl.key-store] with value [null] not present
2020-06-17 16:12:52.769 ?[32mDEBUG?[m ?[35m4974?[m [onPool-worker-9] ?[36mi.m.c.AbstractBeanContextConditional    ?[m : Bean [io.micronaut.http.ssl.$ClientSslConfiguration$DefaultKeyConfigurationDefinition] will not be loaded due to failing conditions:
2020-06-17 16:12:52.769 ?[32mDEBUG?[m ?[35m4974?[m [onPool-worker-9] ?[36mi.m.c.AbstractBeanContextConditional    ?[m : * Required property [micronaut.http.client.ssl.key] with value [null] not present
2020-06-17 16:12:52.769 ?[32mDEBUG?[m ?[35m4974?[m [onPool-worker-9] ?[36mi.m.c.AbstractBeanContextConditional    ?[m : Bean [io.micronaut.http.ssl.$ClientSslConfiguration$DefaultKeyStoreConfigurationDefinition] will not be loaded due to failing conditions:
2020-06-17 16:12:52.770 ?[32mDEBUG?[m ?[35m4974?[m [onPool-worker-9] ?[36mi.m.c.AbstractBeanContextConditional    ?[m : * Required property [micronaut.http.client.ssl.key-store] with value [null] not present
2020-06-17 16:12:52.770 ?[32mDEBUG?[m ?[35m4974?[m [onPool-worker-9] ?[36mi.m.c.AbstractBeanContextConditional    ?[m : Bean [io.micronaut.http.ssl.$ServerSslConfiguration$DefaultKeyConfigurationDefinition] will not be loaded due to failing conditions:
2020-06-17 16:12:52.770 ?[32mDEBUG?[m ?[35m4974?[m [onPool-worker-9] ?[36mi.m.c.AbstractBeanContextConditional    ?[m : * Required property [micronaut.server.ssl.key] with value [null] not present
2020-06-17 16:12:52.771 ?[34mTRACE?[m ?[35m4974?[m [    Test worker] ?[36mi.m.c.e.PropertySourcePropertyResolver  ?[m : Resolved value [class guild.kotlin.micronaut.SingletonTest] for property: micronaut.test.active.spec.clazz
2020-06-17 16:12:52.775 ?[32mDEBUG?[m ?[35m4974?[m [    Test worker] ?[36mi.m.c.DefaultBeanContext                ?[m : Resolved bean candidates [Definition: guild.kotlin.micronaut.SingletonTest] for type: class guild.kotlin.micronaut.SingletonTest
2020-06-17 16:12:52.775 ?[32mDEBUG?[m ?[35m4974?[m [    Test worker] ?[36mi.m.c.DefaultApplicationContext         ?[m : Finalized bean definitions candidates: [Definition: guild.kotlin.micronaut.SingletonTest]
2020-06-17 16:12:52.776 ?[32mDEBUG?[m ?[35m4974?[m [    Test worker] ?[36mi.m.c.DefaultBeanContext                ?[m : Finding candidate beans for type: interface io.micronaut.runtime.EmbeddedApplication
2020-06-17 16:12:52.783 ?[32mDEBUG?[m ?[35m4974?[m [    Test worker] ?[36mi.m.c.DefaultBeanContext                ?[m : Resolved bean candidates [Definition: io.micronaut.http.server.netty.NettyHttpServer] for type: interface io.micronaut.runtime.EmbeddedApplication
2020-06-17 16:12:52.784 ?[32mDEBUG?[m ?[35m4974?[m [    Test worker] ?[36mi.m.c.DefaultApplicationContext         ?[m : Finalized bean definitions candidates: [Definition: io.micronaut.http.server.netty.NettyHttpServer]
2020-06-17 16:12:52.785 ?[34mTRACE?[m ?[35m4974?[m [    Test worker] ?[36mi.m.c.DefaultBeanContext                ?[m : Looking up existing bean for key: io.micronaut.runtime.EmbeddedApplication
2020-06-17 16:12:52.786 ?[34mTRACE?[m ?[35m4974?[m [    Test worker] ?[36mi.m.c.DefaultBeanContext                ?[m : No existing bean found for bean key: io.micronaut.runtime.EmbeddedApplication
2020-06-17 16:12:52.786 ?[32mDEBUG?[m ?[35m4974?[m [    Test worker] ?[36mi.m.c.DefaultBeanContext                ?[m : Finding candidate beans for type: interface io.micronaut.runtime.EmbeddedApplication
2020-06-17 16:12:52.787 ?[32mDEBUG?[m ?[35m4974?[m [    Test worker] ?[36mi.m.c.DefaultBeanContext                ?[m : Resolved bean candidates [Definition: io.micronaut.http.server.netty.NettyHttpServer] for type: interface io.micronaut.runtime.EmbeddedApplication
2020-06-17 16:12:52.787 ?[32mDEBUG?[m ?[35m4974?[m [    Test worker] ?[36mi.m.c.DefaultApplicationContext         ?[m : Finalized bean definitions candidates: [Definition: io.micronaut.http.server.netty.NettyHttpServer]
2020-06-17 16:12:52.788 ?[32mDEBUG?[m ?[35m4974?[m [    Test worker] ?[36mi.m.c.DefaultBeanContext                ?[m : Found concrete candidate [Definition: io.micronaut.http.server.netty.NettyHttpServer] for type: io.micronaut.runtime.EmbeddedApplication 
2020-06-17 16:12:52.793 ?[34mTRACE?[m ?[35m4974?[m [    Test worker] ?[36mi.m.c.DefaultBeanContext                ?[m : Looking up existing bean for key: io.micronaut.http.server.netty.configuration.NettyHttpServerConfiguration
2020-06-17 16:12:52.794 ?[34mTRACE?[m ?[35m4974?[m [    Test worker] ?[36mi.m.c.DefaultBeanContext                ?[m : No existing bean found for bean key: io.micronaut.http.server.netty.configuration.NettyHttpServerConfiguration
2020-06-17 16:12:52.795 ?[34mTRACE?[m ?[35m4974?[m [    Test worker] ?[36mi.m.c.DefaultBeanContext                ?[m : Looking up existing bean for key: io.micronaut.runtime.ApplicationConfiguration
2020-06-17 16:12:52.796 ?[34mTRACE?[m ?[35m4974?[m [    Test worker] ?[36mi.m.c.DefaultBeanContext                ?[m : No existing bean found for bean key: io.micronaut.runtime.ApplicationConfiguration
2020-06-17 16:12:52.796 ?[32mDEBUG?[m ?[35m4974?[m [    Test worker] ?[36mi.m.c.DefaultBeanContext                ?[m : Finding candidate beans for type: class io.micronaut.runtime.ApplicationConfiguration
2020-06-17 16:12:52.797 ?[32mDEBUG?[m ?[35m4974?[m [    Test worker] ?[36mi.m.c.DefaultBeanContext                ?[m : Resolved bean candidates [Definition: io.micronaut.runtime.ApplicationConfiguration] for type: class io.micronaut.runtime.ApplicationConfiguration
2020-06-17 16:12:52.798 ?[32mDEBUG?[m ?[35m4974?[m [    Test worker] ?[36mi.m.c.DefaultApplicationContext         ?[m : Finalized bean definitions candidates: [Definition: io.micronaut.runtime.ApplicationConfiguration]
2020-06-17 16:12:52.798 ?[32mDEBUG?[m ?[35m4974?[m [    Test worker] ?[36mi.m.c.DefaultBeanContext                ?[m : Found concrete candidate [Definition: io.micronaut.runtime.ApplicationConfiguration] for type: io.micronaut.runtime.ApplicationConfiguration 
2020-06-17 16:12:52.803 ?[32mDEBUG?[m ?[35m4974?[m [    Test worker] ?[36mi.m.c.DefaultBeanContext                ?[m : Created bean [io.micronaut.runtime.ApplicationConfiguration@4ac494fc] from definition [Definition: io.micronaut.runtime.ApplicationConfiguration] with qualifier [null]
2020-06-17 16:12:52.803 ?[32mDEBUG?[m ?[35m4974?[m [    Test worker] ?[36mi.m.c.DefaultBeanContext                ?[m : Registering singleton bean io.micronaut.runtime.ApplicationConfiguration@4ac494fc for type [io.micronaut.runtime.ApplicationConfiguration] using bean key io.micronaut.runtime.ApplicationConfiguration
2020-06-17 16:12:52.804 ?[32mDEBUG?[m ?[35m4974?[m [    Test worker] ?[36mi.m.c.DefaultBeanContext                ?[m : Resolving beans for type: io.micronaut.http.netty.channel.ChannelPipelineListener
2020-06-17 16:12:52.804 ?[34mTRACE?[m ?[35m4974?[m [    Test worker] ?[36mi.m.c.DefaultBeanContext                ?[m : Looking up existing beans for key: io.micronaut.http.netty.channel.ChannelPipelineListener
2020-06-17 16:12:52.806 ?[34mTRACE?[m ?[35m4974?[m [    Test worker] ?[36mi.m.c.DefaultBeanContext                ?[m : No beans found for key: io.micronaut.http.netty.channel.ChannelPipelineListener
2020-06-17 16:12:52.807 ?[32mDEBUG?[m ?[35m4974?[m [    Test worker] ?[36mi.m.c.DefaultBeanContext                ?[m : Finding candidate beans for type: interface io.micronaut.http.netty.channel.ChannelPipelineListener
2020-06-17 16:12:52.807 ?[32mDEBUG?[m ?[35m4974?[m [    Test worker] ?[36mi.m.c.DefaultBeanContext                ?[m : Resolved bean candidates [] for type: interface io.micronaut.http.netty.channel.ChannelPipelineListener
2020-06-17 16:12:52.808 ?[32mDEBUG?[m ?[35m4974?[m [    Test worker] ?[36mi.m.c.DefaultBeanContext                ?[m : Found no possible candidate beans of type [io.micronaut.http.netty.channel.ChannelPipelineListener] for qualifier: null 
2020-06-17 16:12:52.812 ?[32mDEBUG?[m ?[35m4974?[m [    Test worker] ?[36mi.m.c.DefaultBeanContext                ?[m : Created bean [io.micronaut.http.server.netty.configuration.NettyHttpServerConfiguration@5b6975d0] from definition [Definition: io.micronaut.http.server.netty.configuration.NettyHttpServerConfiguration] with qualifier [null]
2020-06-17 16:12:52.813 ?[32mDEBUG?[m ?[35m4974?[m [    Test worker] ?[36mi.m.c.DefaultBeanContext                ?[m : Registering singleton bean io.micronaut.http.server.netty.configuration.NettyHttpServerConfiguration@5b6975d0 for type [io.micronaut.http.server.netty.configuration.NettyHttpServerConfiguration] using bean key io.micronaut.http.server.netty.configuration.NettyHttpServerConfiguration
2020-06-17 16:12:52.813 ?[34mTRACE?[m ?[35m4974?[m [    Test worker] ?[36mi.m.c.DefaultBeanContext                ?[m : Looking up existing bean for key: io.micronaut.web.router.Router
2020-06-17 16:12:52.814 ?[34mTRACE?[m ?[35m4974?[m [    Test worker] ?[36mi.m.c.DefaultBeanContext                ?[m : No existing bean found for bean key: io.micronaut.web.router.Router
2020-06-17 16:12:52.814 ?[32mDEBUG?[m ?[35m4974?[m [    Test worker] ?[36mi.m.c.DefaultBeanContext                ?[m : Finding candidate beans for type: interface io.micronaut.web.router.Router
2020-06-17 16:12:52.815 ?[32mDEBUG?[m ?[35m4974?[m [    Test worker] ?[36mi.m.c.DefaultBeanContext                ?[m : Resolved bean candidates [Definition: io.micronaut.web.router.DefaultRouter] for type: interface io.micronaut.web.router.Router
2020-06-17 16:12:52.816 ?[32mDEBUG?[m ?[35m4974?[m [    Test worker] ?[36mi.m.c.DefaultApplicationContext         ?[m : Finalized bean definitions candidates: [Definition: io.micronaut.web.router.DefaultRouter]
2020-06-17 16:12:52.816 ?[32mDEBUG?[m ?[35m4974?[m [    Test worker] ?[36mi.m.c.DefaultBeanContext                ?[m : Found concrete candidate [Definition: io.micronaut.web.router.DefaultRouter] for type: io.micronaut.web.router.Router 
2020-06-17 16:12:52.824 ?[32mDEBUG?[m ?[35m4974?[m [    Test worker] ?[36mi.m.c.DefaultBeanContext                ?[m : Resolving beans for type: io.micronaut.web.router.RouteBuilder
2020-06-17 16:12:52.825 ?[34mTRACE?[m ?[35m4974?[m [    Test worker] ?[36mi.m.c.DefaultBeanContext                ?[m : Looking up existing beans for key: io.micronaut.web.router.RouteBuilder
2020-06-17 16:12:52.825 ?[34mTRACE?[m ?[35m4974?[m [    Test worker] ?[36mi.m.c.DefaultBeanContext                ?[m : No beans found for key: io.micronaut.web.router.RouteBuilder
2020-06-17 16:12:52.825 ?[32mDEBUG?[m ?[35m4974?[m [    Test worker] ?[36mi.m.c.DefaultBeanContext                ?[m : Finding candidate beans for type: interface io.micronaut.web.router.RouteBuilder
2020-06-17 16:12:52.829 ?[32mDEBUG?[m ?[35m4974?[m [    Test worker] ?[36mi.m.c.DefaultBeanContext                ?[m : Resolved bean candidates [Definition: io.micronaut.management.endpoint.processors.WriteEndpointRouteBuilder, Definition: io.micronaut.http.server.websocket.ServerWebSocketProcessor, Definition: io.micronaut.management.endpoint.processors.ReadEndpointRouteBuilder, Definition: io.micronaut.management.endpoint.processors.DeleteEndpointRouteBuilder, Definition: io.micronaut.web.router.AnnotatedMethodRouteBuilder, Definition: io.micronaut.web.router.AnnotatedFilterRouteBuilder] for type: interface io.micronaut.web.router.RouteBuilder
2020-06-17 16:12:52.830 ?[32mDEBUG?[m ?[35m4974?[m [    Test worker] ?[36mi.m.c.DefaultApplicationContext         ?[m : Finalized bean definitions candidates: [Definition: io.micronaut.management.endpoint.processors.WriteEndpointRouteBuilder, Definition: io.micronaut.http.server.websocket.ServerWebSocketProcessor, Definition: io.micronaut.management.endpoint.processors.ReadEndpointRouteBuilder, Definition: io.micronaut.management.endpoint.processors.DeleteEndpointRouteBuilder, Definition: io.micronaut.web.router.AnnotatedMethodRouteBuilder, Definition: io.micronaut.web.router.AnnotatedFilterRouteBuilder]
2020-06-17 16:12:52.845 ?[34mTRACE?[m ?[35m4974?[m [    Test worker] ?[36mi.m.c.DefaultBeanContext                ?[m : Looking up existing bean for key: io.micronaut.web.router.RouteBuilder$UriNamingStrategy
2020-06-17 16:12:52.846 ?[34mTRACE?[m ?[35m4974?[m [    Test worker] ?[36mi.m.c.DefaultBeanContext                ?[m : No existing bean found for bean key: io.micronaut.web.router.RouteBuilder$UriNamingStrategy
2020-06-17 16:12:52.847 ?[32mDEBUG?[m ?[35m4974?[m [    Test worker] ?[36mi.m.c.DefaultBeanContext                ?[m : Finding candidate beans for type: interface io.micronaut.web.router.RouteBuilder$UriNamingStrategy
2020-06-17 16:12:52.849 ?[32mDEBUG?[m ?[35m4974?[m [    Test worker] ?[36mi.m.c.DefaultBeanContext                ?[m : Resolved bean candidates [Definition: io.micronaut.web.router.naming.HyphenatedUriNamingStrategy] for type: interface io.micronaut.web.router.RouteBuilder$UriNamingStrategy
2020-06-17 16:12:52.849 ?[32mDEBUG?[m ?[35m4974?[m [    Test worker] ?[36mi.m.c.DefaultApplicationContext         ?[m : Finalized bean definitions candidates: [Definition: io.micronaut.web.router.naming.HyphenatedUriNamingStrategy]
2020-06-17 16:12:52.850 ?[32mDEBUG?[m ?[35m4974?[m [    Test worker] ?[36mi.m.c.DefaultBeanContext                ?[m : Found concrete candidate [Definition: io.micronaut.web.router.naming.HyphenatedUriNamingStrategy] for type: io.micronaut.web.router.RouteBuilder$UriNamingStrategy 
2020-06-17 16:12:52.852 ?[32mDEBUG?[m ?[35m4974?[m [    Test worker] ?[36mi.m.c.DefaultBeanContext                ?[m : Created bean [io.micronaut.web.router.naming.HyphenatedUriNamingStrategy@543d8a6c] from definition [Definition: io.micronaut.web.router.naming.HyphenatedUriNamingStrategy] with qualifier [null]
2020-06-17 16:12:52.853 ?[32mDEBUG?[m ?[35m4974?[m [    Test worker] ?[36mi.m.c.DefaultBeanContext                ?[m : Registering singleton bean io.micronaut.web.router.naming.HyphenatedUriNamingStrategy@543d8a6c for type [io.micronaut.web.router.RouteBuilder$UriNamingStrategy] using bean key io.micronaut.web.router.naming.HyphenatedUriNamingStrategy
2020-06-17 16:12:52.855 ?[34mTRACE?[m ?[35m4974?[m [    Test worker] ?[36mi.m.c.DefaultBeanContext                ?[m : Looking up existing bean for key: io.micronaut.core.convert.ConversionService
2020-06-17 16:12:52.856 ?[34mTRACE?[m ?[35m4974?[m [    Test worker] ?[36mi.m.c.DefaultBeanContext                ?[m : No existing bean found for bean key: io.micronaut.core.convert.ConversionService
2020-06-17 16:12:52.857 ?[32mDEBUG?[m ?[35m4974?[m [    Test worker] ?[36mi.m.c.DefaultBeanContext                ?[m : Registering singleton bean io.micronaut.context.DefaultApplicationContext$RuntimeConfiguredEnvironment@32a2a941 for type [io.micronaut.context.DefaultApplicationContext$RuntimeConfiguredEnvironment] using bean key io.micronaut.context.DefaultApplicationContext$RuntimeConfiguredEnvironment
2020-06-17 16:12:52.858 ?[32mDEBUG?[m ?[35m4974?[m [    Test worker] ?[36mi.m.c.DefaultBeanContext                ?[m : Resolved existing bean [io.micronaut.context.DefaultApplicationContext$RuntimeConfiguredEnvironment@32a2a941] for type [interface io.micronaut.core.convert.ConversionService] and qualifier [null]
2020-06-17 16:12:52.859 ?[34mTRACE?[m ?[35m4974?[m [    Test worker] ?[36mi.m.c.DefaultBeanContext                ?[m : Looking up existing bean for key: io.micronaut.management.endpoint.EndpointDefaultConfiguration
2020-06-17 16:12:52.861 ?[34mTRACE?[m ?[35m4974?[m [    Test worker] ?[36mi.m.c.DefaultBeanContext                ?[m : No existing bean found for bean key: io.micronaut.management.endpoint.EndpointDefaultConfiguration
2020-06-17 16:12:52.862 ?[32mDEBUG?[m ?[35m4974?[m [    Test worker] ?[36mi.m.c.DefaultBeanContext                ?[m : Finding candidate beans for type: class io.micronaut.management.endpoint.EndpointDefaultConfiguration
2020-06-17 16:12:52.867 ?[32mDEBUG?[m ?[35m4974?[m [    Test worker] ?[36mi.m.c.DefaultBeanContext                ?[m : Resolved bean candidates [Definition: io.micronaut.management.endpoint.EndpointDefaultConfiguration] for type: class io.micronaut.management.endpoint.EndpointDefaultConfiguration
2020-06-17 16:12:52.868 ?[32mDEBUG?[m ?[35m4974?[m [    Test worker] ?[36mi.m.c.DefaultApplicationContext         ?[m : Finalized bean definitions candidates: [Definition: io.micronaut.management.endpoint.EndpointDefaultConfiguration]
2020-06-17 16:12:52.869 ?[32mDEBUG?[m ?[35m4974?[m [    Test worker] ?[36mi.m.c.DefaultBeanContext                ?[m : Found concrete candidate [Definition: io.micronaut.management.endpoint.EndpointDefaultConfiguration] for type: io.micronaut.management.endpoint.EndpointDefaultConfiguration 
2020-06-17 16:12:52.872 ?[34mTRACE?[m ?[35m4974?[m [    Test worker] ?[36mi.m.c.e.PropertySourcePropertyResolver  ?[m : Resolved value [false] for property: endpoints.all.sensitive
2020-06-17 16:12:52.874 ?[32mDEBUG?[m ?[35m4974?[m [    Test worker] ?[36mi.m.c.DefaultBeanContext                ?[m : Created bean [io.micronaut.management.endpoint.EndpointDefaultConfiguration@47eceb9b] from definition [Definition: io.micronaut.management.endpoint.EndpointDefaultConfiguration] with qualifier [null]
2020-06-17 16:12:52.874 ?[32mDEBUG?[m ?[35m4974?[m [    Test worker] ?[36mi.m.c.DefaultBeanContext                ?[m : Registering singleton bean io.micronaut.management.endpoint.EndpointDefaultConfiguration@47eceb9b for type [io.micronaut.management.endpoint.EndpointDefaultConfiguration] using bean key io.micronaut.management.endpoint.EndpointDefaultConfiguration
2020-06-17 16:12:52.875 ?[34mTRACE?[m ?[35m4974?[m [    Test worker] ?[36mi.m.c.e.PropertySourcePropertyResolver  ?[m : No value found for property: micronaut.application.default-charset
2020-06-17 16:12:52.877 ?[32mDEBUG?[m ?[35m4974?[m [    Test worker] ?[36mi.m.c.DefaultBeanContext                ?[m : Finding candidate beans for qualifier: @Endpoint
2020-06-17 16:12:52.912 ?[32mDEBUG?[m ?[35m4974?[m [    Test worker] ?[36mi.m.c.AbstractBeanContextConditional    ?[m : Bean [Definition: io.micronaut.management.endpoint.stop.ServerStopEndpoint] will not be loaded due to failing conditions:
2020-06-17 16:12:52.912 ?[32mDEBUG?[m ?[35m4974?[m [    Test worker] ?[36mi.m.c.AbstractBeanContextConditional    ?[m : * Custom condition [class io.micronaut.management.endpoint.EndpointEnabledCondition] failed evaluation
2020-06-17 16:12:52.927 ?[32mDEBUG?[m ?[35m4974?[m [    Test worker] ?[36mi.m.c.DefaultBeanContext                ?[m : Finding candidate beans for type: class io.micronaut.management.endpoint.refresh.RefreshEndpoint
2020-06-17 16:12:52.929 ?[32mDEBUG?[m ?[35m4974?[m [    Test worker] ?[36mi.m.c.DefaultBeanContext                ?[m : Resolved bean candidates [Definition: io.micronaut.management.endpoint.refresh.RefreshEndpoint] for type: class io.micronaut.management.endpoint.refresh.RefreshEndpoint
2020-06-17 16:12:52.929 ?[32mDEBUG?[m ?[35m4974?[m [    Test worker] ?[36mi.m.c.DefaultApplicationContext         ?[m : Finalized bean definitions candidates: [Definition: io.micronaut.management.endpoint.refresh.RefreshEndpoint]
2020-06-17 16:12:52.950 ?[32mDEBUG?[m ?[35m4974?[m [    Test worker] ?[36mi.m.c.r.ClassUtils                      ?[m : Attempting to dynamically load class io.reactivex.Observable
2020-06-17 16:12:52.950 ?[32mDEBUG?[m ?[35m4974?[m [    Test worker] ?[36mi.m.c.r.ClassUtils                      ?[m : Successfully loaded class io.reactivex.Observable
2020-06-17 16:12:52.951 ?[32mDEBUG?[m ?[35m4974?[m [    Test worker] ?[36mi.m.c.r.ClassUtils                      ?[m : Attempting to dynamically load class reactor.core.publisher.Flux
2020-06-17 16:12:52.952 ?[32mDEBUG?[m ?[35m4974?[m [    Test worker] ?[36mi.m.c.r.ClassUtils                      ?[m : Class reactor.core.publisher.Flux is not present
2020-06-17 16:12:52.952 ?[32mDEBUG?[m ?[35m4974?[m [    Test worker] ?[36mi.m.c.r.ClassUtils                      ?[m : Attempting to dynamically load class kotlinx.coroutines.flow.Flow
2020-06-17 16:12:52.952 ?[32mDEBUG?[m ?[35m4974?[m [    Test worker] ?[36mi.m.c.r.ClassUtils                      ?[m : Successfully loaded class kotlinx.coroutines.flow.Flow
2020-06-17 16:12:52.953 ?[32mDEBUG?[m ?[35m4974?[m [    Test worker] ?[36mi.m.c.r.ClassUtils                      ?[m : Attempting to dynamically load class io.reactivex.rxjava3.core.Flowable
2020-06-17 16:12:52.954 ?[32mDEBUG?[m ?[35m4974?[m [    Test worker] ?[36mi.m.c.r.ClassUtils                      ?[m : Class io.reactivex.rxjava3.core.Flowable is not present
2020-06-17 16:12:52.954 ?[32mDEBUG?[m ?[35m4974?[m [    Test worker] ?[36mi.m.c.r.ClassUtils                      ?[m : Attempting to dynamically load class io.reactivex.rxjava3.core.Observable
2020-06-17 16:12:52.955 ?[32mDEBUG?[m ?[35m4974?[m [    Test worker] ?[36mi.m.c.r.ClassUtils                      ?[m : Class io.reactivex.rxjava3.core.Observable is not present
2020-06-17 16:12:52.955 ?[32mDEBUG?[m ?[35m4974?[m [    Test worker] ?[36mi.m.c.r.ClassUtils                      ?[m : Attempting to dynamically load class io.reactivex.Single
2020-06-17 16:12:52.956 ?[32mDEBUG?[m ?[35m4974?[m [    Test worker] ?[36mi.m.c.r.ClassUtils                      ?[m : Successfully loaded class io.reactivex.Single
2020-06-17 16:12:52.956 ?[32mDEBUG?[m ?[35m4974?[m [    Test worker] ?[36mi.m.c.r.ClassUtils                      ?[m : Attempting to dynamically load class reactor.core.publisher.Mono
2020-06-17 16:12:52.957 ?[32mDEBUG?[m ?[35m4974?[m [    Test worker] ?[36mi.m.c.r.ClassUtils                      ?[m : Class reactor.core.publisher.Mono is not present
2020-06-17 16:12:52.957 ?[32mDEBUG?[m ?[35m4974?[m [    Test worker] ?[36mi.m.c.r.ClassUtils                      ?[m : Attempting to dynamically load class io.reactivex.Maybe
2020-06-17 16:12:52.957 ?[32mDEBUG?[m ?[35m4974?[m [    Test worker] ?[36mi.m.c.r.ClassUtils                      ?[m : Successfully loaded class io.reactivex.Maybe
2020-06-17 16:12:52.958 ?[32mDEBUG?[m ?[35m4974?[m [    Test worker] ?[36mi.m.c.r.ClassUtils                      ?[m : Attempting to dynamically load class io.reactivex.rxjava3.core.Single
2020-06-17 16:12:52.958 ?[32mDEBUG?[m ?[35m4974?[m [    Test worker] ?[36mi.m.c.r.ClassUtils                      ?[m : Class io.reactivex.rxjava3.core.Single is not present
2020-06-17 16:12:52.958 ?[32mDEBUG?[m ?[35m4974?[m [    Test worker] ?[36mi.m.c.r.ClassUtils                      ?[m : Attempting to dynamically load class io.reactivex.rxjava3.core.Maybe
2020-06-17 16:12:52.959 ?[32mDEBUG?[m ?[35m4974?[m [    Test worker] ?[36mi.m.c.r.ClassUtils                      ?[m : Class io.reactivex.rxjava3.core.Maybe is not present
2020-06-17 16:12:52.959 ?[32mDEBUG?[m ?[35m4974?[m [    Test worker] ?[36mi.m.c.r.ClassUtils                      ?[m : Attempting to dynamically load class io.reactivex.Completable
2020-06-17 16:12:52.960 ?[32mDEBUG?[m ?[35m4974?[m [    Test worker] ?[36mi.m.c.r.ClassUtils                      ?[m : Successfully loaded class io.reactivex.Completable
2020-06-17 16:12:52.961 ?[32mDEBUG?[m ?[35m4974?[m [    Test worker] ?[36mi.m.c.r.ClassUtils                      ?[m : Attempting to dynamically load class io.reactivex.rxjava3.core.Completable
2020-06-17 16:12:52.962 ?[32mDEBUG?[m ?[35m4974?[m [    Test worker] ?[36mi.m.c.r.ClassUtils                      ?[m : Class io.reactivex.rxjava3.core.Completable is not present
2020-06-17 16:12:52.964 ?[32mDEBUG?[m ?[35m4974?[m [    Test worker] ?[36mi.m.m.e.p.WriteEndpointRouteBuilder     ?[m : Created Route to @Endpoint io.micronaut.management.endpoint.refresh.RefreshEndpoint: POST /refresh -> RefreshEndpoint#String[] refresh(Boolean force) ( )
2020-06-17 16:12:52.966 ?[32mDEBUG?[m ?[35m4974?[m [    Test worker] ?[36mi.m.c.DefaultBeanContext                ?[m : Finding candidate beans for type: class io.micronaut.management.endpoint.loggers.LoggersEndpoint
2020-06-17 16:12:52.968 ?[32mDEBUG?[m ?[35m4974?[m [    Test worker] ?[36mi.m.c.DefaultBeanContext                ?[m : Resolved bean candidates [Definition: io.micronaut.management.endpoint.loggers.LoggersEndpoint] for type: class io.micronaut.management.endpoint.loggers.LoggersEndpoint
2020-06-17 16:12:52.968 ?[32mDEBUG?[m ?[35m4974?[m [    Test worker] ?[36mi.m.c.DefaultApplicationContext         ?[m : Finalized bean definitions candidates: [Definition: io.micronaut.management.endpoint.loggers.LoggersEndpoint]
2020-06-17 16:12:52.970 ?[32mDEBUG?[m ?[35m4974?[m [    Test worker] ?[36mi.m.m.e.p.WriteEndpointRouteBuilder     ?[m : Created Route to @Endpoint io.micronaut.management.endpoint.loggers.LoggersEndpoint: POST /loggers/{name} -> LoggersEndpoint#void setLogLevel(String name,LogLevel configuredLevel) ( )
2020-06-17 16:12:52.971 ?[32mDEBUG?[m ?[35m4974?[m [    Test worker] ?[36mi.m.c.DefaultBeanContext                ?[m : Created bean [io.micronaut.management.endpoint.processors.WriteEndpointRouteBuilder@3878f1c1] from definition [Definition: io.micronaut.management.endpoint.processors.WriteEndpointRouteBuilder] with qualifier [null]
2020-06-17 16:12:52.971 ?[32mDEBUG?[m ?[35m4974?[m [    Test worker] ?[36mi.m.c.DefaultBeanContext                ?[m : Registering singleton bean io.micronaut.management.endpoint.processors.WriteEndpointRouteBuilder@3878f1c1 for type [io.micronaut.web.router.RouteBuilder] using bean key io.micronaut.management.endpoint.processors.WriteEndpointRouteBuilder
2020-06-17 16:12:52.974 ?[34mTRACE?[m ?[35m4974?[m [    Test worker] ?[36mi.m.c.DefaultBeanContext                ?[m : Looking up existing bean for key: io.micronaut.web.router.RouteBuilder$UriNamingStrategy
2020-06-17 16:12:52.975 ?[32mDEBUG?[m ?[35m4974?[m [    Test worker] ?[36mi.m.c.DefaultBeanContext                ?[m : Resolved existing bean [io.micronaut.web.router.naming.HyphenatedUriNamingStrategy@543d8a6c] for type [interface io.micronaut.web.router.RouteBuilder$UriNamingStrategy] and qualifier [null]
2020-06-17 16:12:52.975 ?[34mTRACE?[m ?[35m4974?[m [    Test worker] ?[36mi.m.c.DefaultBeanContext                ?[m : Looking up existing bean for key: io.micronaut.core.convert.ConversionService
2020-06-17 16:12:52.975 ?[34mTRACE?[m ?[35m4974?[m [    Test worker] ?[36mi.m.c.DefaultBeanContext                ?[m : No existing bean found for bean key: io.micronaut.core.convert.ConversionService
2020-06-17 16:12:52.976 ?[32mDEBUG?[m ?[35m4974?[m [    Test worker] ?[36mi.m.c.DefaultBeanContext                ?[m : Registering singleton bean io.micronaut.context.DefaultApplicationContext$RuntimeConfiguredEnvironment@32a2a941 for type [io.micronaut.context.DefaultApplicationContext$RuntimeConfiguredEnvironment] using bean key io.micronaut.context.DefaultApplicationContext$RuntimeConfiguredEnvironment
2020-06-17 16:12:52.977 ?[32mDEBUG?[m ?[35m4974?[m [    Test worker] ?[36mi.m.c.DefaultBeanContext                ?[m : Resolved existing bean [io.micronaut.context.DefaultApplicationContext$RuntimeConfiguredEnvironment@32a2a941] for type [interface io.micronaut.core.convert.ConversionService] and qualifier [null]
2020-06-17 16:12:52.978 ?[34mTRACE?[m ?[35m4974?[m [    Test worker] ?[36mi.m.c.e.PropertySourcePropertyResolver  ?[m : No value found for property: micronaut.application.default-charset
2020-06-17 16:12:52.980 ?[32mDEBUG?[m ?[35m4974?[m [    Test worker] ?[36mi.m.c.DefaultBeanContext                ?[m : Finding candidate beans for qualifier: @ServerWebSocket
2020-06-17 16:12:52.986 ?[32mDEBUG?[m ?[35m4974?[m [    Test worker] ?[36mi.m.c.DefaultBeanContext                ?[m : Created bean [io.micronaut.http.server.websocket.ServerWebSocketProcessor@2be833b9] from definition [Definition: io.micronaut.http.server.websocket.ServerWebSocketProcessor] with qualifier [null]
2020-06-17 16:12:52.987 ?[32mDEBUG?[m ?[35m4974?[m [    Test worker] ?[36mi.m.c.DefaultBeanContext                ?[m : Registering singleton bean io.micronaut.http.server.websocket.ServerWebSocketProcessor@2be833b9 for type [io.micronaut.web.router.RouteBuilder] using bean key io.micronaut.http.server.websocket.ServerWebSocketProcessor
2020-06-17 16:12:52.988 ?[34mTRACE?[m ?[35m4974?[m [    Test worker] ?[36mi.m.c.DefaultBeanContext                ?[m : Looking up existing bean for key: io.micronaut.web.router.RouteBuilder$UriNamingStrategy
2020-06-17 16:12:52.989 ?[32mDEBUG?[m ?[35m4974?[m [    Test worker] ?[36mi.m.c.DefaultBeanContext                ?[m : Resolved existing bean [io.micronaut.web.router.naming.HyphenatedUriNamingStrategy@543d8a6c] for type [interface io.micronaut.web.router.RouteBuilder$UriNamingStrategy] and qualifier [null]
2020-06-17 16:12:52.990 ?[34mTRACE?[m ?[35m4974?[m [    Test worker] ?[36mi.m.c.DefaultBeanContext                ?[m : Looking up existing bean for key: io.micronaut.core.convert.ConversionService
2020-06-17 16:12:52.991 ?[34mTRACE?[m ?[35m4974?[m [    Test worker] ?[36mi.m.c.DefaultBeanContext                ?[m : No existing bean found for bean key: io.micronaut.core.convert.ConversionService
2020-06-17 16:12:52.992 ?[32mDEBUG?[m ?[35m4974?[m [    Test worker] ?[36mi.m.c.DefaultBeanContext                ?[m : Registering singleton bean io.micronaut.context.DefaultApplicationContext$RuntimeConfiguredEnvironment@32a2a941 for type [io.micronaut.context.DefaultApplicationContext$RuntimeConfiguredEnvironment] using bean key io.micronaut.context.DefaultApplicationContext$RuntimeConfiguredEnvironment
2020-06-17 16:12:52.992 ?[32mDEBUG?[m ?[35m4974?[m [    Test worker] ?[36mi.m.c.DefaultBeanContext                ?[m : Resolved existing bean [io.micronaut.context.DefaultApplicationContext$RuntimeConfiguredEnvironment@32a2a941] for type [interface io.micronaut.core.convert.ConversionService] and qualifier [null]
2020-06-17 16:12:52.993 ?[34mTRACE?[m ?[35m4974?[m [    Test worker] ?[36mi.m.c.DefaultBeanContext                ?[m : Looking up existing bean for key: io.micronaut.management.endpoint.EndpointDefaultConfiguration
2020-06-17 16:12:52.993 ?[32mDEBUG?[m ?[35m4974?[m [    Test worker] ?[36mi.m.c.DefaultBeanContext                ?[m : Resolved existing bean [io.micronaut.management.endpoint.EndpointDefaultConfiguration@47eceb9b] for type [class io.micronaut.management.endpoint.EndpointDefaultConfiguration] and qualifier [null]
2020-06-17 16:12:52.994 ?[34mTRACE?[m ?[35m4974?[m [    Test worker] ?[36mi.m.c.e.PropertySourcePropertyResolver  ?[m : No value found for property: micronaut.application.default-charset
2020-06-17 16:12:52.994 ?[32mDEBUG?[m ?[35m4974?[m [    Test worker] ?[36mi.m.c.DefaultBeanContext                ?[m : Finding candidate beans for qualifier: @Endpoint
2020-06-17 16:12:52.996 ?[32mDEBUG?[m ?[35m4974?[m [    Test worker] ?[36mi.m.c.AbstractBeanContextConditional    ?[m : Bean [Definition: io.micronaut.management.endpoint.stop.ServerStopEndpoint] will not be loaded due to failing conditions:
2020-06-17 16:12:52.996 ?[32mDEBUG?[m ?[35m4974?[m [    Test worker] ?[36mi.m.c.AbstractBeanContextConditional    ?[m : * Custom condition [class io.micronaut.management.endpoint.EndpointEnabledCondition] failed evaluation
2020-06-17 16:12:52.998 ?[32mDEBUG?[m ?[35m4974?[m [    Test worker] ?[36mi.m.c.DefaultBeanContext                ?[m : Finding candidate beans for type: class io.micronaut.management.endpoint.beans.BeansEndpoint
2020-06-17 16:12:52.999 ?[32mDEBUG?[m ?[35m4974?[m [    Test worker] ?[36mi.m.c.DefaultBeanContext                ?[m : Resolved bean candidates [Definition: io.micronaut.management.endpoint.beans.BeansEndpoint] for type: class io.micronaut.management.endpoint.beans.BeansEndpoint
2020-06-17 16:12:53.000 ?[32mDEBUG?[m ?[35m4974?[m [    Test worker] ?[36mi.m.c.DefaultApplicationContext         ?[m : Finalized bean definitions candidates: [Definition: io.micronaut.management.endpoint.beans.BeansEndpoint]
2020-06-17 16:12:53.001 ?[32mDEBUG?[m ?[35m4974?[m [    Test worker] ?[36mi.m.m.e.p.ReadEndpointRouteBuilder      ?[m : Created Route to @Endpoint io.micronaut.management.endpoint.beans.BeansEndpoint: GET /beans -> BeansEndpoint#Single getBeans() (application/json )
2020-06-17 16:12:53.001 ?[32mDEBUG?[m ?[35m4974?[m [    Test worker] ?[36mi.m.m.e.p.ReadEndpointRouteBuilder      ?[m : Created Route to @Endpoint io.micronaut.management.endpoint.beans.BeansEndpoint: HEAD /beans -> BeansEndpoint#Single getBeans() (application/json )
2020-06-17 16:12:53.002 ?[32mDEBUG?[m ?[35m4974?[m [    Test worker] ?[36mi.m.c.DefaultBeanContext                ?[m : Finding candidate beans for type: class io.micronaut.management.endpoint.health.HealthEndpoint
2020-06-17 16:12:53.003 ?[32mDEBUG?[m ?[35m4974?[m [    Test worker] ?[36mi.m.c.DefaultBeanContext                ?[m : Resolved bean candidates [Definition: io.micronaut.management.endpoint.health.HealthEndpoint] for type: class io.micronaut.management.endpoint.health.HealthEndpoint
2020-06-17 16:12:53.003 ?[32mDEBUG?[m ?[35m4974?[m [    Test worker] ?[36mi.m.c.DefaultApplicationContext         ?[m : Finalized bean definitions candidates: [Definition: io.micronaut.management.endpoint.health.HealthEndpoint]
2020-06-17 16:12:53.004 ?[32mDEBUG?[m ?[35m4974?[m [    Test worker] ?[36mi.m.m.e.p.ReadEndpointRouteBuilder      ?[m : Created Route to @Endpoint io.micronaut.management.endpoint.health.HealthEndpoint: GET /health -> HealthEndpoint#Single getHealth(Principal principal) (application/json )
2020-06-17 16:12:53.005 ?[32mDEBUG?[m ?[35m4974?[m [    Test worker] ?[36mi.m.m.e.p.ReadEndpointRouteBuilder      ?[m : Created Route to @Endpoint io.micronaut.management.endpoint.health.HealthEndpoint: HEAD /health -> HealthEndpoint#Single getHealth(Principal principal) (application/json )
2020-06-17 16:12:53.005 ?[32mDEBUG?[m ?[35m4974?[m [    Test worker] ?[36mi.m.c.DefaultBeanContext                ?[m : Finding candidate beans for type: class io.micronaut.management.endpoint.info.InfoEndpoint
2020-06-17 16:12:53.006 ?[32mDEBUG?[m ?[35m4974?[m [    Test worker] ?[36mi.m.c.DefaultBeanContext                ?[m : Resolved bean candidates [Definition: io.micronaut.management.endpoint.info.InfoEndpoint] for type: class io.micronaut.management.endpoint.info.InfoEndpoint
2020-06-17 16:12:53.007 ?[32mDEBUG?[m ?[35m4974?[m [    Test worker] ?[36mi.m.c.DefaultApplicationContext         ?[m : Finalized bean definitions candidates: [Definition: io.micronaut.management.endpoint.info.InfoEndpoint]
2020-06-17 16:12:53.008 ?[32mDEBUG?[m ?[35m4974?[m [    Test worker] ?[36mi.m.m.e.p.ReadEndpointRouteBuilder      ?[m : Created Route to @Endpoint io.micronaut.management.endpoint.info.InfoEndpoint: GET /info -> InfoEndpoint#Single getInfo() (application/json )
2020-06-17 16:12:53.008 ?[32mDEBUG?[m ?[35m4974?[m [    Test worker] ?[36mi.m.m.e.p.ReadEndpointRouteBuilder      ?[m : Created Route to @Endpoint io.micronaut.management.endpoint.info.InfoEndpoint: HEAD /info -> InfoEndpoint#Single getInfo() (application/json )
2020-06-17 16:12:53.009 ?[32mDEBUG?[m ?[35m4974?[m [    Test worker] ?[36mi.m.c.DefaultBeanContext                ?[m : Finding candidate beans for type: class io.micronaut.management.endpoint.env.EnvironmentEndpoint
2020-06-17 16:12:53.011 ?[32mDEBUG?[m ?[35m4974?[m [    Test worker] ?[36mi.m.c.DefaultBeanContext                ?[m : Resolved bean candidates [Definition: io.micronaut.management.endpoint.env.EnvironmentEndpoint] for type: class io.micronaut.management.endpoint.env.EnvironmentEndpoint
2020-06-17 16:12:53.011 ?[32mDEBUG?[m ?[35m4974?[m [    Test worker] ?[36mi.m.c.DefaultApplicationContext         ?[m : Finalized bean definitions candidates: [Definition: io.micronaut.management.endpoint.env.EnvironmentEndpoint]
2020-06-17 16:12:53.013 ?[32mDEBUG?[m ?[35m4974?[m [    Test worker] ?[36mi.m.m.e.p.ReadEndpointRouteBuilder      ?[m : Created Route to @Endpoint io.micronaut.management.endpoint.env.EnvironmentEndpoint: GET /env -> EnvironmentEndpoint#Map getEnvironmentInfo() (application/json )
2020-06-17 16:12:53.014 ?[32mDEBUG?[m ?[35m4974?[m [    Test worker] ?[36mi.m.m.e.p.ReadEndpointRouteBuilder      ?[m : Created Route to @Endpoint io.micronaut.management.endpoint.env.EnvironmentEndpoint: HEAD /env -> EnvironmentEndpoint#Map getEnvironmentInfo() (application/json )
2020-06-17 16:12:53.015 ?[32mDEBUG?[m ?[35m4974?[m [    Test worker] ?[36mi.m.m.e.p.ReadEndpointRouteBuilder      ?[m : Created Route to @Endpoint io.micronaut.management.endpoint.env.EnvironmentEndpoint: GET /env/{propertySourceName} -> EnvironmentEndpoint#Map getProperties(String propertySourceName) (application/json )
2020-06-17 16:12:53.016 ?[32mDEBUG?[m ?[35m4974?[m [    Test worker] ?[36mi.m.m.e.p.ReadEndpointRouteBuilder      ?[m : Created Route to @Endpoint io.micronaut.management.endpoint.env.EnvironmentEndpoint: HEAD /env/{propertySourceName} -> EnvironmentEndpoint#Map getProperties(String propertySourceName) (application/json )
2020-06-17 16:12:53.018 ?[32mDEBUG?[m ?[35m4974?[m [    Test worker] ?[36mi.m.m.e.p.ReadEndpointRouteBuilder      ?[m : Created Route to @Endpoint io.micronaut.management.endpoint.loggers.LoggersEndpoint: GET /loggers -> LoggersEndpoint#Single loggers() (application/json )
2020-06-17 16:12:53.021 ?[32mDEBUG?[m ?[35m4974?[m [    Test worker] ?[36mi.m.m.e.p.ReadEndpointRouteBuilder      ?[m : Created Route to @Endpoint io.micronaut.management.endpoint.loggers.LoggersEndpoint: HEAD /loggers -> LoggersEndpoint#Single loggers() (application/json )
2020-06-17 16:12:53.023 ?[32mDEBUG?[m ?[35m4974?[m [    Test worker] ?[36mi.m.m.e.p.ReadEndpointRouteBuilder      ?[m : Created Route to @Endpoint io.micronaut.management.endpoint.loggers.LoggersEndpoint: GET /loggers/{name} -> LoggersEndpoint#Single logger(String name) (application/json )
2020-06-17 16:12:53.024 ?[32mDEBUG?[m ?[35m4974?[m [    Test worker] ?[36mi.m.m.e.p.ReadEndpointRouteBuilder      ?[m : Created Route to @Endpoint io.micronaut.management.endpoint.loggers.LoggersEndpoint: HEAD /loggers/{name} -> LoggersEndpoint#Single logger(String name) (application/json )
2020-06-17 16:12:53.024 ?[32mDEBUG?[m ?[35m4974?[m [    Test worker] ?[36mi.m.c.DefaultBeanContext                ?[m : Finding candidate beans for type: class io.micronaut.management.endpoint.threads.ThreadDumpEndpoint
2020-06-17 16:12:53.027 ?[32mDEBUG?[m ?[35m4974?[m [    Test worker] ?[36mi.m.c.DefaultBeanContext                ?[m : Resolved bean candidates [Definition: io.micronaut.management.endpoint.threads.ThreadDumpEndpoint] for type: class io.micronaut.management.endpoint.threads.ThreadDumpEndpoint
2020-06-17 16:12:53.038 ?[32mDEBUG?[m ?[35m4974?[m [    Test worker] ?[36mi.m.c.DefaultApplicationContext         ?[m : Finalized bean definitions candidates: [Definition: io.micronaut.management.endpoint.threads.ThreadDumpEndpoint]
2020-06-17 16:12:53.040 ?[32mDEBUG?[m ?[35m4974?[m [    Test worker] ?[36mi.m.m.e.p.ReadEndpointRouteBuilder      ?[m : Created Route to @Endpoint io.micronaut.management.endpoint.threads.ThreadDumpEndpoint: GET /threaddump -> ThreadDumpEndpoint#Publisher getThreadDump() (application/json )
2020-06-17 16:12:53.041 ?[32mDEBUG?[m ?[35m4974?[m [    Test worker] ?[36mi.m.m.e.p.ReadEndpointRouteBuilder      ?[m : Created Route to @Endpoint io.micronaut.management.endpoint.threads.ThreadDumpEndpoint: HEAD /threaddump -> ThreadDumpEndpoint#Publisher getThreadDump() (application/json )
2020-06-17 16:12:53.041 ?[32mDEBUG?[m ?[35m4974?[m [    Test worker] ?[36mi.m.c.DefaultBeanContext                ?[m : Finding candidate beans for type: class io.micronaut.management.endpoint.routes.RoutesEndpoint
2020-06-17 16:12:53.042 ?[32mDEBUG?[m ?[35m4974?[m [    Test worker] ?[36mi.m.c.DefaultBeanContext                ?[m : Resolved bean candidates [Definition: io.micronaut.management.endpoint.routes.RoutesEndpoint] for type: class io.micronaut.management.endpoint.routes.RoutesEndpoint
2020-06-17 16:12:53.043 ?[32mDEBUG?[m ?[35m4974?[m [    Test worker] ?[36mi.m.c.DefaultApplicationContext         ?[m : Finalized bean definitions candidates: [Definition: io.micronaut.management.endpoint.routes.RoutesEndpoint]
2020-06-17 16:12:53.044 ?[32mDEBUG?[m ?[35m4974?[m [    Test worker] ?[36mi.m.m.e.p.ReadEndpointRouteBuilder      ?[m : Created Route to @Endpoint io.micronaut.management.endpoint.routes.RoutesEndpoint: GET /routes -> RoutesEndpoint#Single getRoutes() (application/json )
2020-06-17 16:12:53.045 ?[32mDEBUG?[m ?[35m4974?[m [    Test worker] ?[36mi.m.m.e.p.ReadEndpointRouteBuilder      ?[m : Created Route to @Endpoint io.micronaut.management.endpoint.routes.RoutesEndpoint: HEAD /routes -> RoutesEndpoint#Single getRoutes() (application/json )
2020-06-17 16:12:53.045 ?[32mDEBUG?[m ?[35m4974?[m [    Test worker] ?[36mi.m.c.DefaultBeanContext                ?[m : Created bean [io.micronaut.management.endpoint.processors.ReadEndpointRouteBuilder@5bf17558] from definition [Definition: io.micronaut.management.endpoint.processors.ReadEndpointRouteBuilder] with qualifier [null]
2020-06-17 16:12:53.046 ?[32mDEBUG?[m ?[35m4974?[m [    Test worker] ?[36mi.m.c.DefaultBeanContext                ?[m : Registering singleton bean io.micronaut.management.endpoint.processors.ReadEndpointRouteBuilder@5bf17558 for type [io.micronaut.web.router.RouteBuilder] using bean key io.micronaut.management.endpoint.processors.ReadEndpointRouteBuilder
2020-06-17 16:12:53.047 ?[34mTRACE?[m ?[35m4974?[m [    Test worker] ?[36mi.m.c.DefaultBeanContext                ?[m : Looking up existing bean for key: io.micronaut.web.router.RouteBuilder$UriNamingStrategy
2020-06-17 16:12:53.047 ?[32mDEBUG?[m ?[35m4974?[m [    Test worker] ?[36mi.m.c.DefaultBeanContext                ?[m : Resolved existing bean [io.micronaut.web.router.naming.HyphenatedUriNamingStrategy@543d8a6c] for type [interface io.micronaut.web.router.RouteBuilder$UriNamingStrategy] and qualifier [null]
2020-06-17 16:12:53.048 ?[34mTRACE?[m ?[35m4974?[m [    Test worker] ?[36mi.m.c.DefaultBeanContext                ?[m : Looking up existing bean for key: io.micronaut.core.convert.ConversionService
2020-06-17 16:12:53.048 ?[34mTRACE?[m ?[35m4974?[m [    Test worker] ?[36mi.m.c.DefaultBeanContext                ?[m : No existing bean found for bean key: io.micronaut.core.convert.ConversionService
2020-06-17 16:12:53.048 ?[32mDEBUG?[m ?[35m4974?[m [    Test worker] ?[36mi.m.c.DefaultBeanContext                ?[m : Registering singleton bean io.micronaut.context.DefaultApplicationContext$RuntimeConfiguredEnvironment@32a2a941 for type [io.micronaut.context.DefaultApplicationContext$RuntimeConfiguredEnvironment] using bean key io.micronaut.context.DefaultApplicationContext$RuntimeConfiguredEnvironment
2020-06-17 16:12:53.049 ?[32mDEBUG?[m ?[35m4974?[m [    Test worker] ?[36mi.m.c.DefaultBeanContext                ?[m : Resolved existing bean [io.micronaut.context.DefaultApplicationContext$RuntimeConfiguredEnvironment@32a2a941] for type [interface io.micronaut.core.convert.ConversionService] and qualifier [null]
2020-06-17 16:12:53.049 ?[34mTRACE?[m ?[35m4974?[m [    Test worker] ?[36mi.m.c.DefaultBeanContext                ?[m : Looking up existing bean for key: io.micronaut.management.endpoint.EndpointDefaultConfiguration
2020-06-17 16:12:53.050 ?[32mDEBUG?[m ?[35m4974?[m [    Test worker] ?[36mi.m.c.DefaultBeanContext                ?[m : Resolved existing bean [io.micronaut.management.endpoint.EndpointDefaultConfiguration@47eceb9b] for type [class io.micronaut.management.endpoint.EndpointDefaultConfiguration] and qualifier [null]
2020-06-17 16:12:53.050 ?[34mTRACE?[m ?[35m4974?[m [    Test worker] ?[36mi.m.c.e.PropertySourcePropertyResolver  ?[m : No value found for property: micronaut.application.default-charset
2020-06-17 16:12:53.051 ?[32mDEBUG?[m ?[35m4974?[m [    Test worker] ?[36mi.m.c.DefaultBeanContext                ?[m : Finding candidate beans for qualifier: @Endpoint
2020-06-17 16:12:53.052 ?[32mDEBUG?[m ?[35m4974?[m [    Test worker] ?[36mi.m.c.AbstractBeanContextConditional    ?[m : Bean [Definition: io.micronaut.management.endpoint.stop.ServerStopEndpoint] will not be loaded due to failing conditions:
2020-06-17 16:12:53.053 ?[32mDEBUG?[m ?[35m4974?[m [    Test worker] ?[36mi.m.c.AbstractBeanContextConditional    ?[m : * Custom condition [class io.micronaut.management.endpoint.EndpointEnabledCondition] failed evaluation
2020-06-17 16:12:53.055 ?[32mDEBUG?[m ?[35m4974?[m [    Test worker] ?[36mi.m.c.DefaultBeanContext                ?[m : Created bean [io.micronaut.management.endpoint.processors.DeleteEndpointRouteBuilder@2b8e2ab5] from definition [Definition: io.micronaut.management.endpoint.processors.DeleteEndpointRouteBuilder] with qualifier [null]
2020-06-17 16:12:53.056 ?[32mDEBUG?[m ?[35m4974?[m [    Test worker] ?[36mi.m.c.DefaultBeanContext                ?[m : Registering singleton bean io.micronaut.management.endpoint.processors.DeleteEndpointRouteBuilder@2b8e2ab5 for type [io.micronaut.web.router.RouteBuilder] using bean key io.micronaut.management.endpoint.processors.DeleteEndpointRouteBuilder
2020-06-17 16:12:53.057 ?[34mTRACE?[m ?[35m4974?[m [    Test worker] ?[36mi.m.c.DefaultBeanContext                ?[m : Looking up existing bean for key: io.micronaut.web.router.RouteBuilder$UriNamingStrategy
2020-06-17 16:12:53.057 ?[32mDEBUG?[m ?[35m4974?[m [    Test worker] ?[36mi.m.c.DefaultBeanContext                ?[m : Resolved existing bean [io.micronaut.web.router.naming.HyphenatedUriNamingStrategy@543d8a6c] for type [interface io.micronaut.web.router.RouteBuilder$UriNamingStrategy] and qualifier [null]
2020-06-17 16:12:53.058 ?[34mTRACE?[m ?[35m4974?[m [    Test worker] ?[36mi.m.c.DefaultBeanContext                ?[m : Looking up existing bean for key: io.micronaut.core.convert.ConversionService
2020-06-17 16:12:53.058 ?[34mTRACE?[m ?[35m4974?[m [    Test worker] ?[36mi.m.c.DefaultBeanContext                ?[m : No existing bean found for bean key: io.micronaut.core.convert.ConversionService
2020-06-17 16:12:53.059 ?[32mDEBUG?[m ?[35m4974?[m [    Test worker] ?[36mi.m.c.DefaultBeanContext                ?[m : Registering singleton bean io.micronaut.context.DefaultApplicationContext$RuntimeConfiguredEnvironment@32a2a941 for type [io.micronaut.context.DefaultApplicationContext$RuntimeConfiguredEnvironment] using bean key io.micronaut.context.DefaultApplicationContext$RuntimeConfiguredEnvironment
2020-06-17 16:12:53.059 ?[32mDEBUG?[m ?[35m4974?[m [    Test worker] ?[36mi.m.c.DefaultBeanContext                ?[m : Resolved existing bean [io.micronaut.context.DefaultApplicationContext$RuntimeConfiguredEnvironment@32a2a941] for type [interface io.micronaut.core.convert.ConversionService] and qualifier [null]
2020-06-17 16:12:53.059 ?[34mTRACE?[m ?[35m4974?[m [    Test worker] ?[36mi.m.c.e.PropertySourcePropertyResolver  ?[m : No value found for property: micronaut.application.default-charset
2020-06-17 16:12:53.065 ?[32mDEBUG?[m ?[35m4974?[m [    Test worker] ?[36mi.m.c.DefaultBeanContext                ?[m : Finding candidate beans for qualifier: @Controller
2020-06-17 16:12:53.087 ?[32mDEBUG?[m ?[35m4974?[m [    Test worker] ?[36mi.m.w.r.AnnotatedMethodRouteBuilder     ?[m : Created Route: GET /singleton -> Controller#io.micronaut.context.DefaultBeanContext$4@3b007286 (application/json )
2020-06-17 16:12:53.088 ?[32mDEBUG?[m ?[35m4974?[m [    Test worker] ?[36mi.m.w.r.AnnotatedMethodRouteBuilder     ?[m : Created Route: HEAD /singleton -> Controller#io.micronaut.context.DefaultBeanContext$4@54206db1 (application/json )
2020-06-17 16:12:53.088 ?[32mDEBUG?[m ?[35m4974?[m [    Test worker] ?[36mi.m.w.r.AnnotatedMethodRouteBuilder     ?[m : Created Route: GET /prototype -> Controller#io.micronaut.context.DefaultBeanContext$4@193093aa (application/json )
2020-06-17 16:12:53.089 ?[32mDEBUG?[m ?[35m4974?[m [    Test worker] ?[36mi.m.w.r.AnnotatedMethodRouteBuilder     ?[m : Created Route: HEAD /prototype -> Controller#io.micronaut.context.DefaultBeanContext$4@17c71c39 (application/json )
2020-06-17 16:12:53.090 ?[32mDEBUG?[m ?[35m4974?[m [    Test worker] ?[36mi.m.w.r.AnnotatedMethodRouteBuilder     ?[m : Created Route: GET /refreshable -> Controller#io.micronaut.context.DefaultBeanContext$4@2febd805 (application/json )
2020-06-17 16:12:53.091 ?[32mDEBUG?[m ?[35m4974?[m [    Test worker] ?[36mi.m.w.r.AnnotatedMethodRouteBuilder     ?[m : Created Route: HEAD /refreshable -> Controller#io.micronaut.context.DefaultBeanContext$4@78f175ac (application/json )
2020-06-17 16:12:53.092 ?[32mDEBUG?[m ?[35m4974?[m [    Test worker] ?[36mi.m.w.r.AnnotatedMethodRouteBuilder     ?[m : Created Route: GET /thread-local -> Controller#io.micronaut.context.DefaultBeanContext$4@654114db (application/json )
2020-06-17 16:12:53.093 ?[32mDEBUG?[m ?[35m4974?[m [    Test worker] ?[36mi.m.w.r.AnnotatedMethodRouteBuilder     ?[m : Created Route: HEAD /thread-local -> Controller#io.micronaut.context.DefaultBeanContext$4@4ac8ea9e (application/json )
2020-06-17 16:12:53.094 ?[32mDEBUG?[m ?[35m4974?[m [    Test worker] ?[36mi.m.w.r.AnnotatedMethodRouteBuilder     ?[m : Created Route: GET /thread-local2 -> Controller#io.micronaut.context.DefaultBeanContext$4@3b922832 (application/json )
2020-06-17 16:12:53.095 ?[32mDEBUG?[m ?[35m4974?[m [    Test worker] ?[36mi.m.w.r.AnnotatedMethodRouteBuilder     ?[m : Created Route: HEAD /thread-local2 -> Controller#io.micronaut.context.DefaultBeanContext$4@483d76f9 (application/json )
2020-06-17 16:12:53.095 ?[32mDEBUG?[m ?[35m4974?[m [    Test worker] ?[36mi.m.w.r.AnnotatedMethodRouteBuilder     ?[m : Created Route: GET /request-scope -> Controller#io.micronaut.context.DefaultBeanContext$4@25b754e9 (application/json )
2020-06-17 16:12:53.097 ?[32mDEBUG?[m ?[35m4974?[m [    Test worker] ?[36mi.m.w.r.AnnotatedMethodRouteBuilder     ?[m : Created Route: HEAD /request-scope -> Controller#io.micronaut.context.DefaultBeanContext$4@28a6d6db (application/json )
2020-06-17 16:12:53.099 ?[32mDEBUG?[m ?[35m4974?[m [    Test worker] ?[36mi.m.w.r.AnnotatedMethodRouteBuilder     ?[m : Created Route: GET /request-scope2 -> Controller#io.micronaut.context.DefaultBeanContext$4@25fa845 (application/json )
2020-06-17 16:12:53.101 ?[32mDEBUG?[m ?[35m4974?[m [    Test worker] ?[36mi.m.w.r.AnnotatedMethodRouteBuilder     ?[m : Created Route: HEAD /request-scope2 -> Controller#io.micronaut.context.DefaultBeanContext$4@21768c49 (application/json )
2020-06-17 16:12:53.101 ?[32mDEBUG?[m ?[35m4974?[m [    Test worker] ?[36mi.m.c.DefaultBeanContext                ?[m : Created bean [io.micronaut.web.router.AnnotatedMethodRouteBuilder@3ef98492] from definition [Definition: io.micronaut.web.router.AnnotatedMethodRouteBuilder] with qualifier [null]
2020-06-17 16:12:53.102 ?[32mDEBUG?[m ?[35m4974?[m [    Test worker] ?[36mi.m.c.DefaultBeanContext                ?[m : Registering singleton bean io.micronaut.web.router.AnnotatedMethodRouteBuilder@3ef98492 for type [io.micronaut.web.router.RouteBuilder] using bean key io.micronaut.web.router.AnnotatedMethodRouteBuilder
2020-06-17 16:12:53.102 ?[34mTRACE?[m ?[35m4974?[m [    Test worker] ?[36mi.m.c.DefaultBeanContext                ?[m : Looking up existing bean for key: io.micronaut.web.router.RouteBuilder$UriNamingStrategy
2020-06-17 16:12:53.103 ?[32mDEBUG?[m ?[35m4974?[m [    Test worker] ?[36mi.m.c.DefaultBeanContext                ?[m : Resolved existing bean [io.micronaut.web.router.naming.HyphenatedUriNamingStrategy@543d8a6c] for type [interface io.micronaut.web.router.RouteBuilder$UriNamingStrategy] and qualifier [null]
2020-06-17 16:12:53.103 ?[34mTRACE?[m ?[35m4974?[m [    Test worker] ?[36mi.m.c.DefaultBeanContext                ?[m : Looking up existing bean for key: io.micronaut.core.convert.ConversionService
2020-06-17 16:12:53.103 ?[34mTRACE?[m ?[35m4974?[m [    Test worker] ?[36mi.m.c.DefaultBeanContext                ?[m : No existing bean found for bean key: io.micronaut.core.convert.ConversionService
2020-06-17 16:12:53.104 ?[32mDEBUG?[m ?[35m4974?[m [    Test worker] ?[36mi.m.c.DefaultBeanContext                ?[m : Registering singleton bean io.micronaut.context.DefaultApplicationContext$RuntimeConfiguredEnvironment@32a2a941 for type [io.micronaut.context.DefaultApplicationContext$RuntimeConfiguredEnvironment] using bean key io.micronaut.context.DefaultApplicationContext$RuntimeConfiguredEnvironment
2020-06-17 16:12:53.104 ?[32mDEBUG?[m ?[35m4974?[m [    Test worker] ?[36mi.m.c.DefaultBeanContext                ?[m : Resolved existing bean [io.micronaut.context.DefaultApplicationContext$RuntimeConfiguredEnvironment@32a2a941] for type [interface io.micronaut.core.convert.ConversionService] and qualifier [null]
2020-06-17 16:12:53.105 ?[34mTRACE?[m ?[35m4974?[m [    Test worker] ?[36mi.m.c.DefaultBeanContext                ?[m : Looking up existing bean for key: io.micronaut.http.context.ServerContextPathProvider
2020-06-17 16:12:53.105 ?[34mTRACE?[m ?[35m4974?[m [    Test worker] ?[36mi.m.c.DefaultBeanContext                ?[m : No existing bean found for bean key: io.micronaut.http.context.ServerContextPathProvider
2020-06-17 16:12:53.105 ?[32mDEBUG?[m ?[35m4974?[m [    Test worker] ?[36mi.m.c.DefaultBeanContext                ?[m : Finding candidate beans for type: interface io.micronaut.http.context.ServerContextPathProvider
2020-06-17 16:12:53.107 ?[32mDEBUG?[m ?[35m4974?[m [    Test worker] ?[36mi.m.c.DefaultBeanContext                ?[m : Bean [class io.micronaut.http.server.netty.configuration.NettyHttpServerConfiguration] replaces existing bean of type [class io.micronaut.http.server.HttpServerConfiguration]
2020-06-17 16:12:53.107 ?[32mDEBUG?[m ?[35m4974?[m [    Test worker] ?[36mi.m.c.DefaultBeanContext                ?[m : Resolved bean candidates [Definition: io.micronaut.http.server.netty.configuration.NettyHttpServerConfiguration] for type: interface io.micronaut.http.context.ServerContextPathProvider
2020-06-17 16:12:53.108 ?[32mDEBUG?[m ?[35m4974?[m [    Test worker] ?[36mi.m.c.DefaultApplicationContext         ?[m : Finalized bean definitions candidates: [Definition: io.micronaut.http.server.netty.configuration.NettyHttpServerConfiguration]
2020-06-17 16:12:53.109 ?[32mDEBUG?[m ?[35m4974?[m [    Test worker] ?[36mi.m.c.DefaultBeanContext                ?[m : Found concrete candidate [Definition: io.micronaut.http.server.netty.configuration.NettyHttpServerConfiguration] for type: io.micronaut.http.context.ServerContextPathProvider 
2020-06-17 16:12:53.109 ?[32mDEBUG?[m ?[35m4974?[m [    Test worker] ?[36mi.m.c.DefaultBeanContext                ?[m : Registering singleton bean io.micronaut.http.server.netty.configuration.NettyHttpServerConfiguration@5b6975d0 for type [io.micronaut.http.server.netty.configuration.NettyHttpServerConfiguration] using bean key io.micronaut.http.server.netty.configuration.NettyHttpServerConfiguration
2020-06-17 16:12:53.110 ?[32mDEBUG?[m ?[35m4974?[m [    Test worker] ?[36mi.m.c.DefaultBeanContext                ?[m : Resolved existing bean [io.micronaut.http.server.netty.configuration.NettyHttpServerConfiguration@5b6975d0] for type [interface io.micronaut.http.context.ServerContextPathProvider] and qualifier [null]
2020-06-17 16:12:53.113 ?[34mTRACE?[m ?[35m4974?[m [    Test worker] ?[36mi.m.c.e.PropertySourcePropertyResolver  ?[m : No value found for property: micronaut.application.default-charset
2020-06-17 16:12:53.113 ?[32mDEBUG?[m ?[35m4974?[m [    Test worker] ?[36mi.m.c.DefaultBeanContext                ?[m : Finding candidate beans for qualifier: @Filter
2020-06-17 16:12:53.125 ?[32mDEBUG?[m ?[35m4974?[m [    Test worker] ?[36mi.m.c.DefaultBeanContext                ?[m : Finding candidate beans for type: class io.micronaut.management.endpoint.health.HealthEndpoint
2020-06-17 16:12:53.126 ?[32mDEBUG?[m ?[35m4974?[m [    Test worker] ?[36mi.m.c.DefaultBeanContext                ?[m : Resolved bean candidates [Definition: io.micronaut.management.endpoint.health.HealthEndpoint] for type: class io.micronaut.management.endpoint.health.HealthEndpoint
2020-06-17 16:12:53.127 ?[32mDEBUG?[m ?[35m4974?[m [    Test worker] ?[36mi.m.c.DefaultApplicationContext         ?[m : Finalized bean definitions candidates: [Definition: io.micronaut.management.endpoint.health.HealthEndpoint]
2020-06-17 16:12:53.133 ?[32mDEBUG?[m ?[35m4974?[m [    Test worker] ?[36mi.m.c.DefaultBeanContext                ?[m : Created bean [io.micronaut.web.router.AnnotatedFilterRouteBuilder@745fe5f6] from definition [Definition: io.micronaut.web.router.AnnotatedFilterRouteBuilder] with qualifier [null]
2020-06-17 16:12:53.133 ?[32mDEBUG?[m ?[35m4974?[m [    Test worker] ?[36mi.m.c.DefaultBeanContext                ?[m : Registering singleton bean io.micronaut.web.router.AnnotatedFilterRouteBuilder@745fe5f6 for type [io.micronaut.web.router.RouteBuilder] using bean key io.micronaut.web.router.AnnotatedFilterRouteBuilder
2020-06-17 16:12:53.134 ?[32mDEBUG?[m ?[35m4974?[m [    Test worker] ?[36mi.m.c.DefaultBeanContext                ?[m : Found 6 beans for type [io.micronaut.web.router.RouteBuilder]: [io.micronaut.management.endpoint.processors.WriteEndpointRouteBuilder@3878f1c1, io.micronaut.http.server.websocket.ServerWebSocketProcessor@2be833b9, io.micronaut.management.endpoint.processors.ReadEndpointRouteBuilder@5bf17558, io.micronaut.web.router.AnnotatedFilterRouteBuilder@745fe5f6, io.micronaut.management.endpoint.processors.DeleteEndpointRouteBuilder@2b8e2ab5, io.micronaut.web.router.AnnotatedMethodRouteBuilder@3ef98492] 
2020-06-17 16:12:53.136 ?[32mDEBUG?[m ?[35m4974?[m [    Test worker] ?[36mi.m.c.DefaultBeanContext                ?[m : Created bean [io.micronaut.web.router.DefaultRouter@7f2068c1] from definition [Definition: io.micronaut.web.router.DefaultRouter] with qualifier [null]
2020-06-17 16:12:53.136 ?[32mDEBUG?[m ?[35m4974?[m [    Test worker] ?[36mi.m.c.DefaultBeanContext                ?[m : Registering singleton bean io.micronaut.web.router.DefaultRouter@7f2068c1 for type [io.micronaut.web.router.Router] using bean key io.micronaut.web.router.DefaultRouter
2020-06-17 16:12:53.136 ?[34mTRACE?[m ?[35m4974?[m [    Test worker] ?[36mi.m.c.DefaultBeanContext                ?[m : Looking up existing bean for key: io.micronaut.http.server.binding.RequestArgumentSatisfier
2020-06-17 16:12:53.137 ?[34mTRACE?[m ?[35m4974?[m [    Test worker] ?[36mi.m.c.DefaultBeanContext                ?[m : No existing bean found for bean key: io.micronaut.http.server.binding.RequestArgumentSatisfier
2020-06-17 16:12:53.137 ?[32mDEBUG?[m ?[35m4974?[m [    Test worker] ?[36mi.m.c.DefaultBeanContext                ?[m : Finding candidate beans for type: class io.micronaut.http.server.binding.RequestArgumentSatisfier
2020-06-17 16:12:53.138 ?[32mDEBUG?[m ?[35m4974?[m [    Test worker] ?[36mi.m.c.DefaultBeanContext                ?[m : Resolved bean candidates [Definition: io.micronaut.http.server.netty.NettyRequestArgumentSatisfier, Definition: io.micronaut.http.server.binding.RequestArgumentSatisfier] for type: class io.micronaut.http.server.binding.RequestArgumentSatisfier
2020-06-17 16:12:53.139 ?[32mDEBUG?[m ?[35m4974?[m [    Test worker] ?[36mi.m.c.DefaultApplicationContext         ?[m : Finalized bean definitions candidates: [Definition: io.micronaut.http.server.netty.NettyRequestArgumentSatisfier, Definition: io.micronaut.http.server.binding.RequestArgumentSatisfier]
2020-06-17 16:12:53.139 ?[32mDEBUG?[m ?[35m4974?[m [    Test worker] ?[36mi.m.c.DefaultBeanContext                ?[m : Searching for @Primary for type [io.micronaut.http.server.binding.RequestArgumentSatisfier] from candidates: [Definition: io.micronaut.http.server.netty.NettyRequestArgumentSatisfier, Definition: io.micronaut.http.server.binding.RequestArgumentSatisfier] 
2020-06-17 16:12:53.140 ?[32mDEBUG?[m ?[35m4974?[m [    Test worker] ?[36mi.m.c.DefaultBeanContext                ?[m : Found concrete candidate [Definition: io.micronaut.http.server.netty.NettyRequestArgumentSatisfier] for type: io.micronaut.http.server.binding.RequestArgumentSatisfier 
2020-06-17 16:12:53.141 ?[34mTRACE?[m ?[35m4974?[m [    Test worker] ?[36mi.m.c.DefaultBeanContext                ?[m : Looking up existing bean for key: io.micronaut.http.bind.RequestBinderRegistry
2020-06-17 16:12:53.141 ?[34mTRACE?[m ?[35m4974?[m [    Test worker] ?[36mi.m.c.DefaultBeanContext                ?[m : No existing bean found for bean key: io.micronaut.http.bind.RequestBinderRegistry
2020-06-17 16:12:53.141 ?[32mDEBUG?[m ?[35m4974?[m [    Test worker] ?[36mi.m.c.DefaultBeanContext                ?[m : Finding candidate beans for type: interface io.micronaut.http.bind.RequestBinderRegistry
2020-06-17 16:12:53.143 ?[32mDEBUG?[m ?[35m4974?[m [    Test worker] ?[36mi.m.c.DefaultBeanContext                ?[m : Resolved bean candidates [Definition: io.micronaut.http.bind.DefaultRequestBinderRegistry] for type: interface io.micronaut.http.bind.RequestBinderRegistry
2020-06-17 16:12:53.143 ?[32mDEBUG?[m ?[35m4974?[m [    Test worker] ?[36mi.m.c.DefaultApplicationContext         ?[m : Finalized bean definitions candidates: [Definition: io.micronaut.http.bind.DefaultRequestBinderRegistry]
2020-06-17 16:12:53.143 ?[32mDEBUG?[m ?[35m4974?[m [    Test worker] ?[36mi.m.c.DefaultBeanContext                ?[m : Found concrete candidate [Definition: io.micronaut.http.bind.DefaultRequestBinderRegistry] for type: io.micronaut.http.bind.RequestBinderRegistry 
2020-06-17 16:12:53.145 ?[34mTRACE?[m ?[35m4974?[m [    Test worker] ?[36mi.m.c.DefaultBeanContext                ?[m : Looking up existing bean for key: io.micronaut.core.convert.ConversionService
2020-06-17 16:12:53.145 ?[34mTRACE?[m ?[35m4974?[m [    Test worker] ?[36mi.m.c.DefaultBeanContext                ?[m : No existing bean found for bean key: io.micronaut.core.convert.ConversionService
2020-06-17 16:12:53.146 ?[32mDEBUG?[m ?[35m4974?[m [    Test worker] ?[36mi.m.c.DefaultBeanContext                ?[m : Registering singleton bean io.micronaut.context.DefaultApplicationContext$RuntimeConfiguredEnvironment@32a2a941 for type [io.micronaut.context.DefaultApplicationContext$RuntimeConfiguredEnvironment] using bean key io.micronaut.context.DefaultApplicationContext$RuntimeConfiguredEnvironment
2020-06-17 16:12:53.147 ?[32mDEBUG?[m ?[35m4974?[m [    Test worker] ?[36mi.m.c.DefaultBeanContext                ?[m : Resolved existing bean [io.micronaut.context.DefaultApplicationContext$RuntimeConfiguredEnvironment@32a2a941] for type [interface io.micronaut.core.convert.ConversionService] and qualifier [null]
2020-06-17 16:12:53.147 ?[32mDEBUG?[m ?[35m4974?[m [    Test worker] ?[36mi.m.c.DefaultBeanContext                ?[m : Resolving beans for type: io.micronaut.http.bind.binders.RequestArgumentBinder
2020-06-17 16:12:53.148 ?[34mTRACE?[m ?[35m4974?[m [    Test worker] ?[36mi.m.c.DefaultBeanContext                ?[m : Looking up existing beans for key: io.micronaut.http.bind.binders.RequestArgumentBinder
2020-06-17 16:12:53.148 ?[34mTRACE?[m ?[35m4974?[m [    Test worker] ?[36mi.m.c.DefaultBeanContext                ?[m : No beans found for key: io.micronaut.http.bind.binders.RequestArgumentBinder
2020-06-17 16:12:53.149 ?[32mDEBUG?[m ?[35m4974?[m [    Test worker] ?[36mi.m.c.DefaultBeanContext                ?[m : Finding candidate beans for type: interface io.micronaut.http.bind.binders.RequestArgumentBinder
2020-06-17 16:12:53.150 ?[32mDEBUG?[m ?[35m4974?[m [    Test worker] ?[36mi.m.c.DefaultBeanContext                ?[m : Resolved bean candidates [] for type: interface io.micronaut.http.bind.binders.RequestArgumentBinder
2020-06-17 16:12:53.151 ?[32mDEBUG?[m ?[35m4974?[m [    Test worker] ?[36mi.m.c.DefaultBeanContext                ?[m : Found no possible candidate beans of type [io.micronaut.http.bind.binders.RequestArgumentBinder] for qualifier: null 
2020-06-17 16:12:53.183 ?[32mDEBUG?[m ?[35m4974?[m [    Test worker] ?[36mi.m.c.DefaultBeanContext                ?[m : Created bean [io.micronaut.http.bind.DefaultRequestBinderRegistry@71fb227] from definition [Definition: io.micronaut.http.bind.DefaultRequestBinderRegistry] with qualifier [null]
2020-06-17 16:12:53.183 ?[32mDEBUG?[m ?[35m4974?[m [    Test worker] ?[36mi.m.c.DefaultBeanContext                ?[m : Registering singleton bean io.micronaut.http.bind.DefaultRequestBinderRegistry@71fb227 for type [io.micronaut.http.bind.RequestBinderRegistry] using bean key io.micronaut.http.bind.DefaultRequestBinderRegistry
2020-06-17 16:12:53.184 ?[32mDEBUG?[m ?[35m4974?[m [    Test worker] ?[36mi.m.c.DefaultBeanContext                ?[m : Created bean [io.micronaut.http.server.netty.NettyRequestArgumentSatisfier@6a13dc7b] from definition [Definition: io.micronaut.http.server.netty.NettyRequestArgumentSatisfier] with qualifier [null]
2020-06-17 16:12:53.184 ?[32mDEBUG?[m ?[35m4974?[m [    Test worker] ?[36mi.m.c.DefaultBeanContext                ?[m : Registering singleton bean io.micronaut.http.server.netty.NettyRequestArgumentSatisfier@6a13dc7b for type [io.micronaut.http.server.binding.RequestArgumentSatisfier] using bean key io.micronaut.http.server.netty.NettyRequestArgumentSatisfier
2020-06-17 16:12:53.184 ?[34mTRACE?[m ?[35m4974?[m [    Test worker] ?[36mi.m.c.DefaultBeanContext                ?[m : Looking up existing bean for key: io.micronaut.http.codec.MediaTypeCodecRegistry
2020-06-17 16:12:53.185 ?[34mTRACE?[m ?[35m4974?[m [    Test worker] ?[36mi.m.c.DefaultBeanContext                ?[m : No existing bean found for bean key: io.micronaut.http.codec.MediaTypeCodecRegistry
2020-06-17 16:12:53.186 ?[34mTRACE?[m ?[35m4974?[m [    Test worker] ?[36mi.m.c.DefaultBeanContext                ?[m : Looking up existing bean for key: io.micronaut.runtime.http.codec.MediaTypeCodecRegistryFactory
2020-06-17 16:12:53.187 ?[34mTRACE?[m ?[35m4974?[m [    Test worker] ?[36mi.m.c.DefaultBeanContext                ?[m : No existing bean found for bean key: io.micronaut.runtime.http.codec.MediaTypeCodecRegistryFactory
2020-06-17 16:12:53.187 ?[32mDEBUG?[m ?[35m4974?[m [    Test worker] ?[36mi.m.c.DefaultBeanContext                ?[m : Finding candidate beans for type: class io.micronaut.runtime.http.codec.MediaTypeCodecRegistryFactory
2020-06-17 16:12:53.190 ?[32mDEBUG?[m ?[35m4974?[m [    Test worker] ?[36mi.m.c.DefaultBeanContext                ?[m : Resolved bean candidates [Definition: io.micronaut.runtime.http.codec.MediaTypeCodecRegistryFactory] for type: class io.micronaut.runtime.http.codec.MediaTypeCodecRegistryFactory
2020-06-17 16:12:53.190 ?[32mDEBUG?[m ?[35m4974?[m [    Test worker] ?[36mi.m.c.DefaultApplicationContext         ?[m : Finalized bean definitions candidates: [Definition: io.micronaut.runtime.http.codec.MediaTypeCodecRegistryFactory]
2020-06-17 16:12:53.191 ?[32mDEBUG?[m ?[35m4974?[m [    Test worker] ?[36mi.m.c.DefaultBeanContext                ?[m : Found concrete candidate [Definition: io.micronaut.runtime.http.codec.MediaTypeCodecRegistryFactory] for type: io.micronaut.runtime.http.codec.MediaTypeCodecRegistryFactory 
2020-06-17 16:12:53.192 ?[32mDEBUG?[m ?[35m4974?[m [    Test worker] ?[36mi.m.c.DefaultBeanContext                ?[m : Created bean [io.micronaut.runtime.http.codec.MediaTypeCodecRegistryFactory@1600065b] from definition [Definition: io.micronaut.runtime.http.codec.MediaTypeCodecRegistryFactory] with qualifier [null]
2020-06-17 16:12:53.192 ?[32mDEBUG?[m ?[35m4974?[m [    Test worker] ?[36mi.m.c.DefaultBeanContext                ?[m : Registering singleton bean io.micronaut.runtime.http.codec.MediaTypeCodecRegistryFactory@1600065b for type [io.micronaut.runtime.http.codec.MediaTypeCodecRegistryFactory] using bean key io.micronaut.runtime.http.codec.MediaTypeCodecRegistryFactory
2020-06-17 16:12:53.193 ?[32mDEBUG?[m ?[35m4974?[m [    Test worker] ?[36mi.m.c.DefaultBeanContext                ?[m : Resolving beans for type: io.micronaut.http.codec.MediaTypeCodec
2020-06-17 16:12:53.194 ?[34mTRACE?[m ?[35m4974?[m [    Test worker] ?[36mi.m.c.DefaultBeanContext                ?[m : Looking up existing beans for key: io.micronaut.http.codec.MediaTypeCodec
2020-06-17 16:12:53.195 ?[34mTRACE?[m ?[35m4974?[m [    Test worker] ?[36mi.m.c.DefaultBeanContext                ?[m : No beans found for key: io.micronaut.http.codec.MediaTypeCodec
2020-06-17 16:12:53.196 ?[32mDEBUG?[m ?[35m4974?[m [    Test worker] ?[36mi.m.c.DefaultBeanContext                ?[m : Finding candidate beans for type: interface io.micronaut.http.codec.MediaTypeCodec
2020-06-17 16:12:53.199 ?[32mDEBUG?[m ?[35m4974?[m [    Test worker] ?[36mi.m.c.DefaultBeanContext                ?[m : Resolved bean candidates [Definition: io.micronaut.runtime.http.codec.TextPlainCodec, Definition: io.micronaut.jackson.codec.JsonMediaTypeCodec, Definition: io.micronaut.http.server.codec.TextStreamCodec, Definition: io.micronaut.jackson.codec.JsonStreamMediaTypeCodec] for type: interface io.micronaut.http.codec.MediaTypeCodec
2020-06-17 16:12:53.200 ?[32mDEBUG?[m ?[35m4974?[m [    Test worker] ?[36mi.m.c.DefaultApplicationContext         ?[m : Finalized bean definitions candidates: [Definition: io.micronaut.runtime.http.codec.TextPlainCodec, Definition: io.micronaut.jackson.codec.JsonMediaTypeCodec, Definition: io.micronaut.http.server.codec.TextStreamCodec, Definition: io.micronaut.jackson.codec.JsonStreamMediaTypeCodec]
2020-06-17 16:12:53.204 ?[34mTRACE?[m ?[35m4974?[m [    Test worker] ?[36mi.m.c.DefaultBeanContext                ?[m : Looking up existing bean for key: @Named('text') io.micronaut.http.codec.CodecConfiguration
2020-06-17 16:12:53.204 ?[34mTRACE?[m ?[35m4974?[m [    Test worker] ?[36mi.m.c.DefaultBeanContext                ?[m : No existing bean found for bean key: @Named('text') io.micronaut.http.codec.CodecConfiguration
2020-06-17 16:12:53.205 ?[32mDEBUG?[m ?[35m4974?[m [    Test worker] ?[36mi.m.c.DefaultBeanContext                ?[m : Finding candidate beans for type: class io.micronaut.http.codec.CodecConfiguration
2020-06-17 16:12:53.207 ?[32mDEBUG?[m ?[35m4974?[m [    Test worker] ?[36mi.m.c.DefaultBeanContext                ?[m : Resolved bean candidates [Definition: io.micronaut.http.codec.CodecConfiguration] for type: class io.micronaut.http.codec.CodecConfiguration
2020-06-17 16:12:53.207 ?[32mDEBUG?[m ?[35m4974?[m [    Test worker] ?[36mi.m.c.DefaultApplicationContext         ?[m : Finalized bean definitions candidates: []
2020-06-17 16:12:53.210 ?[32mDEBUG?[m ?[35m4974?[m [    Test worker] ?[36mi.m.c.DefaultBeanContext                ?[m : Created bean [io.micronaut.runtime.http.codec.TextPlainCodec@4135b257] from definition [Definition: io.micronaut.runtime.http.codec.TextPlainCodec] with qualifier [null]
2020-06-17 16:12:53.211 ?[32mDEBUG?[m ?[35m4974?[m [    Test worker] ?[36mi.m.c.DefaultBeanContext                ?[m : Registering singleton bean io.micronaut.runtime.http.codec.TextPlainCodec@4135b257 for type [io.micronaut.http.codec.MediaTypeCodec] using bean key io.micronaut.runtime.http.codec.TextPlainCodec
2020-06-17 16:12:53.220 ?[34mTRACE?[m ?[35m4974?[m [    Test worker] ?[36mi.m.c.DefaultBeanContext                ?[m : Looking up existing bean for key: io.micronaut.runtime.ApplicationConfiguration
2020-06-17 16:12:53.224 ?[32mDEBUG?[m ?[35m4974?[m [    Test worker] ?[36mi.m.c.DefaultBeanContext                ?[m : Resolved existing bean [io.micronaut.runtime.ApplicationConfiguration@4ac494fc] for type [class io.micronaut.runtime.ApplicationConfiguration] and qualifier [null]
2020-06-17 16:12:53.230 ?[34mTRACE?[m ?[35m4974?[m [    Test worker] ?[36mi.m.c.DefaultBeanContext                ?[m : Looking up existing bean for key: @Named('json') io.micronaut.http.codec.CodecConfiguration
2020-06-17 16:12:53.237 ?[34mTRACE?[m ?[35m4974?[m [    Test worker] ?[36mi.m.c.DefaultBeanContext                ?[m : No existing bean found for bean key: @Named('json') io.micronaut.http.codec.CodecConfiguration
2020-06-17 16:12:53.237 ?[32mDEBUG?[m ?[35m4974?[m [    Test worker] ?[36mi.m.c.DefaultBeanContext                ?[m : Finding candidate beans for type: class io.micronaut.http.codec.CodecConfiguration
2020-06-17 16:12:53.239 ?[32mDEBUG?[m ?[35m4974?[m [    Test worker] ?[36mi.m.c.DefaultBeanContext                ?[m : Resolved bean candidates [Definition: io.micronaut.http.codec.CodecConfiguration] for type: class io.micronaut.http.codec.CodecConfiguration
2020-06-17 16:12:53.241 ?[32mDEBUG?[m ?[35m4974?[m [    Test worker] ?[36mi.m.c.DefaultApplicationContext         ?[m : Finalized bean definitions candidates: []
2020-06-17 16:12:53.242 ?[32mDEBUG?[m ?[35m4974?[m [    Test worker] ?[36mi.m.c.DefaultBeanContext                ?[m : Created bean [io.micronaut.jackson.codec.JsonMediaTypeCodec@28bd22c7] from definition [Definition: io.micronaut.jackson.codec.JsonMediaTypeCodec] with qualifier [null]
2020-06-17 16:12:53.242 ?[32mDEBUG?[m ?[35m4974?[m [    Test worker] ?[36mi.m.c.DefaultBeanContext                ?[m : Registering singleton bean io.micronaut.jackson.codec.JsonMediaTypeCodec@28bd22c7 for type [@Named('json') io.micronaut.http.codec.MediaTypeCodec] using bean key @Named('json') io.micronaut.jackson.codec.JsonMediaTypeCodec
2020-06-17 16:12:53.244 ?[34mTRACE?[m ?[35m4974?[m [    Test worker] ?[36mi.m.c.DefaultBeanContext                ?[m : Looking up existing bean for key: io.micronaut.runtime.ApplicationConfiguration
2020-06-17 16:12:53.245 ?[32mDEBUG?[m ?[35m4974?[m [    Test worker] ?[36mi.m.c.DefaultBeanContext                ?[m : Resolved existing bean [io.micronaut.runtime.ApplicationConfiguration@4ac494fc] for type [class io.micronaut.runtime.ApplicationConfiguration] and qualifier [null]
2020-06-17 16:12:53.247 ?[34mTRACE?[m ?[35m4974?[m [    Test worker] ?[36mi.m.c.DefaultBeanContext                ?[m : Looking up existing bean for key: io.micronaut.core.io.buffer.ByteBufferFactory
2020-06-17 16:12:53.248 ?[34mTRACE?[m ?[35m4974?[m [    Test worker] ?[36mi.m.c.DefaultBeanContext                ?[m : No existing bean found for bean key: io.micronaut.core.io.buffer.ByteBufferFactory
2020-06-17 16:12:53.249 ?[32mDEBUG?[m ?[35m4974?[m [    Test worker] ?[36mi.m.c.DefaultBeanContext                ?[m : Finding candidate beans for type: interface io.micronaut.core.io.buffer.ByteBufferFactory
2020-06-17 16:12:53.251 ?[32mDEBUG?[m ?[35m4974?[m [    Test worker] ?[36mi.m.c.DefaultBeanContext                ?[m : Resolved bean candidates [Definition: io.micronaut.buffer.netty.NettyByteBufferFactory] for type: interface io.micronaut.core.io.buffer.ByteBufferFactory
2020-06-17 16:12:53.252 ?[32mDEBUG?[m ?[35m4974?[m [    Test worker] ?[36mi.m.c.DefaultApplicationContext         ?[m : Finalized bean definitions candidates: [Definition: io.micronaut.buffer.netty.NettyByteBufferFactory]
2020-06-17 16:12:53.252 ?[32mDEBUG?[m ?[35m4974?[m [    Test worker] ?[36mi.m.c.DefaultBeanContext                ?[m : Found concrete candidate [Definition: io.micronaut.buffer.netty.NettyByteBufferFactory] for type: io.micronaut.core.io.buffer.ByteBufferFactory 
2020-06-17 16:12:53.267 ?[32mDEBUG?[m ?[35m4974?[m [    Test worker] ?[36mi.n.u.i.l.InternalLoggerFactory         ?[m : Using SLF4J as the default logging framework
2020-06-17 16:12:53.274 ?[32mDEBUG?[m ?[35m4974?[m [    Test worker] ?[36mi.n.u.i.InternalThreadLocalMap          ?[m : -Dio.netty.threadLocalMap.stringBuilder.initialSize: 1024
2020-06-17 16:12:53.275 ?[32mDEBUG?[m ?[35m4974?[m [    Test worker] ?[36mi.n.u.i.InternalThreadLocalMap          ?[m : -Dio.netty.threadLocalMap.stringBuilder.maxSize: 4096
2020-06-17 16:12:53.298 ?[32mDEBUG?[m ?[35m4974?[m [    Test worker] ?[36mi.n.u.i.PlatformDependent               ?[m : Platform: MacOS
2020-06-17 16:12:53.302 ?[32mDEBUG?[m ?[35m4974?[m [    Test worker] ?[36mi.n.u.i.PlatformDependent0              ?[m : -Dio.netty.noUnsafe: false
2020-06-17 16:12:53.302 ?[32mDEBUG?[m ?[35m4974?[m [    Test worker] ?[36mi.n.u.i.PlatformDependent0              ?[m : Java version: 11
2020-06-17 16:12:53.305 ?[32mDEBUG?[m ?[35m4974?[m [    Test worker] ?[36mi.n.u.i.PlatformDependent0              ?[m : sun.misc.Unsafe.theUnsafe: available
2020-06-17 16:12:53.307 ?[32mDEBUG?[m ?[35m4974?[m [    Test worker] ?[36mi.n.u.i.PlatformDependent0              ?[m : sun.misc.Unsafe.copyMemory: available
2020-06-17 16:12:53.308 ?[32mDEBUG?[m ?[35m4974?[m [    Test worker] ?[36mi.n.u.i.PlatformDependent0              ?[m : java.nio.Buffer.address: available
2020-06-17 16:12:53.309 ?[32mDEBUG?[m ?[35m4974?[m [    Test worker] ?[36mi.n.u.i.PlatformDependent0              ?[m : direct buffer constructor: unavailable
java.lang.UnsupportedOperationException: Reflective setAccessible(true) disabled
	at io.netty.util.internal.ReflectionUtil.trySetAccessible(ReflectionUtil.java:31)
	at io.netty.util.internal.PlatformDependent0$4.run(PlatformDependent0.java:225)
	at java.base/java.security.AccessController.doPrivileged(Native Method)
	at io.netty.util.internal.PlatformDependent0.<clinit>(PlatformDependent0.java:219)
	at io.netty.util.internal.PlatformDependent.isAndroid(PlatformDependent.java:289)
	at io.netty.util.internal.PlatformDependent.<clinit>(PlatformDependent.java:92)
	at io.netty.buffer.ByteBufUtil.<clinit>(ByteBufUtil.java:77)
	at io.netty.buffer.ByteBufAllocator.<clinit>(ByteBufAllocator.java:24)
	at io.micronaut.buffer.netty.NettyByteBufferFactory.<init>(NettyByteBufferFactory.java:62)
	at io.micronaut.buffer.netty.NettyByteBufferFactory.<clinit>(NettyByteBufferFactory.java:44)
	at io.micronaut.buffer.netty.$NettyByteBufferFactoryDefinition.build(Unknown Source)
	at io.micronaut.context.DefaultBeanContext.doCreateBean(DefaultBeanContext.java:1888)
	at io.micronaut.context.DefaultBeanContext.createAndRegisterSingletonInternal(DefaultBeanContext.java:2630)
	at io.micronaut.context.DefaultBeanContext.createAndRegisterSingleton(DefaultBeanContext.java:2616)
	at io.micronaut.context.DefaultBeanContext.getBeanForDefinition(DefaultBeanContext.java:2299)
	at io.micronaut.context.DefaultBeanContext.getBeanInternal(DefaultBeanContext.java:2273)
	at io.micronaut.context.DefaultBeanContext.getBean(DefaultBeanContext.java:1233)
	at io.micronaut.context.AbstractBeanDefinition.getBeanForConstructorArgument(AbstractBeanDefinition.java:1035)
	at io.micronaut.http.server.codec.$TextStreamCodecDefinition.build(Unknown Source)
	at io.micronaut.context.DefaultBeanContext.doCreateBean(DefaultBeanContext.java:1888)
	at io.micronaut.context.DefaultBeanContext.addCandidateToList(DefaultBeanContext.java:2950)
	at io.micronaut.context.DefaultBeanContext.getBeansOfTypeInternal(DefaultBeanContext.java:2861)
	at io.micronaut.context.DefaultBeanContext.getBeansOfType(DefaultBeanContext.java:1039)
	at io.micronaut.context.AbstractBeanDefinition.lambda$getBeansOfTypeForConstructorArgument$9(AbstractBeanDefinition.java:1165)
	at io.micronaut.context.AbstractBeanDefinition.resolveBeanWithGenericsFromConstructorArgument(AbstractBeanDefinition.java:1844)
	at io.micronaut.context.AbstractBeanDefinition.getBeansOfTypeForConstructorArgument(AbstractBeanDefinition.java:1160)
	at io.micronaut.context.AbstractBeanDefinition.getBeanForConstructorArgument(AbstractBeanDefinition.java:1012)
	at io.micronaut.runtime.http.codec.$MediaTypeCodecRegistryFactory$MediaTypeCodecRegistry0Definition.build(Unknown Source)
	at io.micronaut.context.DefaultBeanContext.doCreateBean(DefaultBeanContext.java:1888)
	at io.micronaut.context.DefaultBeanContext.createAndRegisterSingletonInternal(DefaultBeanContext.java:2630)
	at io.micronaut.context.DefaultBeanContext.createAndRegisterSingleton(DefaultBeanContext.java:2616)
	at io.micronaut.context.DefaultBeanContext.getBeanForDefinition(DefaultBeanContext.java:2299)
	at io.micronaut.context.DefaultBeanContext.getBeanInternal(DefaultBeanContext.java:2273)
	at io.micronaut.context.DefaultBeanContext.getBean(DefaultBeanContext.java:1233)
	at io.micronaut.context.AbstractBeanDefinition.getBeanForConstructorArgument(AbstractBeanDefinition.java:1035)
	at io.micronaut.http.server.netty.$NettyHttpServerDefinition.build(Unknown Source)
	at io.micronaut.context.DefaultBeanContext.doCreateBean(DefaultBeanContext.java:1888)
	at io.micronaut.context.DefaultBeanContext.createAndRegisterSingletonInternal(DefaultBeanContext.java:2630)
	at io.micronaut.context.DefaultBeanContext.createAndRegisterSingleton(DefaultBeanContext.java:2616)
	at io.micronaut.context.DefaultBeanContext.getBeanForDefinition(DefaultBeanContext.java:2299)
	at io.micronaut.context.DefaultBeanContext.getBeanInternal(DefaultBeanContext.java:2273)
	at io.micronaut.context.DefaultBeanContext.getBean(DefaultBeanContext.java:727)
	at io.micronaut.test.extensions.AbstractMicronautExtension.beforeClass(AbstractMicronautExtension.java:178)
	at io.micronaut.test.extensions.junit5.MicronautJunit5Extension.beforeAll(MicronautJunit5Extension.java:48)
	at org.junit.jupiter.engine.descriptor.ClassBasedTestDescriptor.lambda$invokeBeforeAllCallbacks$7(ClassBasedTestDescriptor.java:359)
	at org.junit.platform.engine.support.hierarchical.ThrowableCollector.execute(ThrowableCollector.java:73)
	at org.junit.jupiter.engine.descriptor.ClassBasedTestDescriptor.invokeBeforeAllCallbacks(ClassBasedTestDescriptor.java:359)
	at org.junit.jupiter.engine.descriptor.ClassBasedTestDescriptor.before(ClassBasedTestDescriptor.java:189)
	at org.junit.jupiter.engine.descriptor.ClassBasedTestDescriptor.before(ClassBasedTestDescriptor.java:78)
	at org.junit.platform.engine.support.hierarchical.NodeTestTask.lambda$executeRecursively$5(NodeTestTask.java:132)
	at org.junit.platform.engine.support.hierarchical.ThrowableCollector.execute(ThrowableCollector.java:73)
	at org.junit.platform.engine.support.hierarchical.NodeTestTask.lambda$executeRecursively$7(NodeTestTask.java:125)
	at org.junit.platform.engine.support.hierarchical.Node.around(Node.java:135)
	at org.junit.platform.engine.support.hierarchical.NodeTestTask.lambda$executeRecursively$8(NodeTestTask.java:123)
	at org.junit.platform.engine.support.hierarchical.ThrowableCollector.execute(ThrowableCollector.java:73)
	at org.junit.platform.engine.support.hierarchical.NodeTestTask.executeRecursively(NodeTestTask.java:122)
	at org.junit.platform.engine.support.hierarchical.NodeTestTask.execute(NodeTestTask.java:80)
	at java.base/java.util.ArrayList.forEach(ArrayList.java:1540)
	at org.junit.platform.engine.support.hierarchical.SameThreadHierarchicalTestExecutorService.invokeAll(SameThreadHierarchicalTestExecutorService.java:38)
	at org.junit.platform.engine.support.hierarchical.NodeTestTask.lambda$executeRecursively$5(NodeTestTask.java:139)
	at org.junit.platform.engine.support.hierarchical.ThrowableCollector.execute(ThrowableCollector.java:73)
	at org.junit.platform.engine.support.hierarchical.NodeTestTask.lambda$executeRecursively$7(NodeTestTask.java:125)
	at org.junit.platform.engine.support.hierarchical.Node.around(Node.java:135)
	at org.junit.platform.engine.support.hierarchical.NodeTestTask.lambda$executeRecursively$8(NodeTestTask.java:123)
	at org.junit.platform.engine.support.hierarchical.ThrowableCollector.execute(ThrowableCollector.java:73)
	at org.junit.platform.engine.support.hierarchical.NodeTestTask.executeRecursively(NodeTestTask.java:122)
	at org.junit.platform.engine.support.hierarchical.NodeTestTask.execute(NodeTestTask.java:80)
	at org.junit.platform.engine.support.hierarchical.SameThreadHierarchicalTestExecutorService.submit(SameThreadHierarchicalTestExecutorService.java:32)
	at org.junit.platform.engine.support.hierarchical.HierarchicalTestExecutor.execute(HierarchicalTestExecutor.java:57)
	at org.junit.platform.engine.support.hierarchical.HierarchicalTestEngine.execute(HierarchicalTestEngine.java:51)
	at org.junit.platform.launcher.core.DefaultLauncher.execute(DefaultLauncher.java:248)
	at org.junit.platform.launcher.core.DefaultLauncher.lambda$execute$5(DefaultLauncher.java:211)
	at org.junit.platform.launcher.core.DefaultLauncher.withInterceptedStreams(DefaultLauncher.java:226)
	at org.junit.platform.launcher.core.DefaultLauncher.execute(DefaultLauncher.java:199)
	at org.junit.platform.launcher.core.DefaultLauncher.execute(DefaultLauncher.java:132)
	at org.gradle.api.internal.tasks.testing.junitplatform.JUnitPlatformTestClassProcessor$CollectAllTestClassesExecutor.processAllTestClasses(JUnitPlatformTestClassProcessor.java:99)
	at org.gradle.api.internal.tasks.testing.junitplatform.JUnitPlatformTestClassProcessor$CollectAllTestClassesExecutor.access$000(JUnitPlatformTestClassProcessor.java:79)
	at org.gradle.api.internal.tasks.testing.junitplatform.JUnitPlatformTestClassProcessor.stop(JUnitPlatformTestClassProcessor.java:75)
	at org.gradle.api.internal.tasks.testing.SuiteTestClassProcessor.stop(SuiteTestClassProcessor.java:61)
	at java.base/jdk.internal.reflect.NativeMethodAccessorImpl.invoke0(Native Method)
	at java.base/jdk.internal.reflect.NativeMethodAccessorImpl.invoke(NativeMethodAccessorImpl.java:62)
	at java.base/jdk.internal.reflect.DelegatingMethodAccessorImpl.invoke(DelegatingMethodAccessorImpl.java:43)
	at java.base/java.lang.reflect.Method.invoke(Method.java:566)
	at org.gradle.internal.dispatch.ReflectionDispatch.dispatch(ReflectionDispatch.java:36)
	at org.gradle.internal.dispatch.ReflectionDispatch.dispatch(ReflectionDispatch.java:24)
	at org.gradle.internal.dispatch.ContextClassLoaderDispatch.dispatch(ContextClassLoaderDispatch.java:33)
	at org.gradle.internal.dispatch.ProxyDispatchAdapter$DispatchingInvocationHandler.invoke(ProxyDispatchAdapter.java:94)
	at com.sun.proxy.$Proxy2.stop(Unknown Source)
	at org.gradle.api.internal.tasks.testing.worker.TestWorker.stop(TestWorker.java:132)
	at java.base/jdk.internal.reflect.NativeMethodAccessorImpl.invoke0(Native Method)
	at java.base/jdk.internal.reflect.NativeMethodAccessorImpl.invoke(NativeMethodAccessorImpl.java:62)
	at java.base/jdk.internal.reflect.DelegatingMethodAccessorImpl.invoke(DelegatingMethodAccessorImpl.java:43)
	at java.base/java.lang.reflect.Method.invoke(Method.java:566)
	at org.gradle.internal.dispatch.ReflectionDispatch.dispatch(ReflectionDispatch.java:36)
	at org.gradle.internal.dispatch.ReflectionDispatch.dispatch(ReflectionDispatch.java:24)
	at org.gradle.internal.remote.internal.hub.MessageHubBackedObjectConnection$DispatchWrapper.dispatch(MessageHubBackedObjectConnection.java:182)
	at org.gradle.internal.remote.internal.hub.MessageHubBackedObjectConnection$DispatchWrapper.dispatch(MessageHubBackedObjectConnection.java:164)
	at org.gradle.internal.remote.internal.hub.MessageHub$Handler.run(MessageHub.java:413)
	at org.gradle.internal.concurrent.ExecutorPolicy$CatchAndRecordFailures.onExecute(ExecutorPolicy.java:64)
	at org.gradle.internal.concurrent.ManagedExecutorImpl$1.run(ManagedExecutorImpl.java:48)
	at java.base/java.util.concurrent.ThreadPoolExecutor.runWorker(ThreadPoolExecutor.java:1128)
	at java.base/java.util.concurrent.ThreadPoolExecutor$Worker.run(ThreadPoolExecutor.java:628)
	at org.gradle.internal.concurrent.ThreadFactoryImpl$ManagedThreadRunnable.run(ThreadFactoryImpl.java:56)
	at java.base/java.lang.Thread.run(Thread.java:834)
2020-06-17 16:12:53.317 ?[32mDEBUG?[m ?[35m4974?[m [    Test worker] ?[36mi.n.u.i.PlatformDependent0              ?[m : java.nio.Bits.unaligned: available, true
2020-06-17 16:12:53.319 ?[32mDEBUG?[m ?[35m4974?[m [    Test worker] ?[36mi.n.u.i.PlatformDependent0              ?[m : jdk.internal.misc.Unsafe.allocateUninitializedArray(int): unavailable
java.lang.IllegalAccessException: class io.netty.util.internal.PlatformDependent0$6 cannot access class jdk.internal.misc.Unsafe (in module java.base) because module java.base does not export jdk.internal.misc to unnamed module @2d369794
	at java.base/jdk.internal.reflect.Reflection.newIllegalAccessException(Reflection.java:361)
	at java.base/java.lang.reflect.AccessibleObject.checkAccess(AccessibleObject.java:591)
	at java.base/java.lang.reflect.Method.invoke(Method.java:558)
	at io.netty.util.internal.PlatformDependent0$6.run(PlatformDependent0.java:335)
	at java.base/java.security.AccessController.doPrivileged(Native Method)
	at io.netty.util.internal.PlatformDependent0.<clinit>(PlatformDependent0.java:326)
	at io.netty.util.internal.PlatformDependent.isAndroid(PlatformDependent.java:289)
	at io.netty.util.internal.PlatformDependent.<clinit>(PlatformDependent.java:92)
	at io.netty.buffer.ByteBufUtil.<clinit>(ByteBufUtil.java:77)
	at io.netty.buffer.ByteBufAllocator.<clinit>(ByteBufAllocator.java:24)
	at io.micronaut.buffer.netty.NettyByteBufferFactory.<init>(NettyByteBufferFactory.java:62)
	at io.micronaut.buffer.netty.NettyByteBufferFactory.<clinit>(NettyByteBufferFactory.java:44)
	at io.micronaut.buffer.netty.$NettyByteBufferFactoryDefinition.build(Unknown Source)
	at io.micronaut.context.DefaultBeanContext.doCreateBean(DefaultBeanContext.java:1888)
	at io.micronaut.context.DefaultBeanContext.createAndRegisterSingletonInternal(DefaultBeanContext.java:2630)
	at io.micronaut.context.DefaultBeanContext.createAndRegisterSingleton(DefaultBeanContext.java:2616)
	at io.micronaut.context.DefaultBeanContext.getBeanForDefinition(DefaultBeanContext.java:2299)
	at io.micronaut.context.DefaultBeanContext.getBeanInternal(DefaultBeanContext.java:2273)
	at io.micronaut.context.DefaultBeanContext.getBean(DefaultBeanContext.java:1233)
	at io.micronaut.context.AbstractBeanDefinition.getBeanForConstructorArgument(AbstractBeanDefinition.java:1035)
	at io.micronaut.http.server.codec.$TextStreamCodecDefinition.build(Unknown Source)
	at io.micronaut.context.DefaultBeanContext.doCreateBean(DefaultBeanContext.java:1888)
	at io.micronaut.context.DefaultBeanContext.addCandidateToList(DefaultBeanContext.java:2950)
	at io.micronaut.context.DefaultBeanContext.getBeansOfTypeInternal(DefaultBeanContext.java:2861)
	at io.micronaut.context.DefaultBeanContext.getBeansOfType(DefaultBeanContext.java:1039)
	at io.micronaut.context.AbstractBeanDefinition.lambda$getBeansOfTypeForConstructorArgument$9(AbstractBeanDefinition.java:1165)
	at io.micronaut.context.AbstractBeanDefinition.resolveBeanWithGenericsFromConstructorArgument(AbstractBeanDefinition.java:1844)
	at io.micronaut.context.AbstractBeanDefinition.getBeansOfTypeForConstructorArgument(AbstractBeanDefinition.java:1160)
	at io.micronaut.context.AbstractBeanDefinition.getBeanForConstructorArgument(AbstractBeanDefinition.java:1012)
	at io.micronaut.runtime.http.codec.$MediaTypeCodecRegistryFactory$MediaTypeCodecRegistry0Definition.build(Unknown Source)
	at io.micronaut.context.DefaultBeanContext.doCreateBean(DefaultBeanContext.java:1888)
	at io.micronaut.context.DefaultBeanContext.createAndRegisterSingletonInternal(DefaultBeanContext.java:2630)
	at io.micronaut.context.DefaultBeanContext.createAndRegisterSingleton(DefaultBeanContext.java:2616)
	at io.micronaut.context.DefaultBeanContext.getBeanForDefinition(DefaultBeanContext.java:2299)
	at io.micronaut.context.DefaultBeanContext.getBeanInternal(DefaultBeanContext.java:2273)
	at io.micronaut.context.DefaultBeanContext.getBean(DefaultBeanContext.java:1233)
	at io.micronaut.context.AbstractBeanDefinition.getBeanForConstructorArgument(AbstractBeanDefinition.java:1035)
	at io.micronaut.http.server.netty.$NettyHttpServerDefinition.build(Unknown Source)
	at io.micronaut.context.DefaultBeanContext.doCreateBean(DefaultBeanContext.java:1888)
	at io.micronaut.context.DefaultBeanContext.createAndRegisterSingletonInternal(DefaultBeanContext.java:2630)
	at io.micronaut.context.DefaultBeanContext.createAndRegisterSingleton(DefaultBeanContext.java:2616)
	at io.micronaut.context.DefaultBeanContext.getBeanForDefinition(DefaultBeanContext.java:2299)
	at io.micronaut.context.DefaultBeanContext.getBeanInternal(DefaultBeanContext.java:2273)
	at io.micronaut.context.DefaultBeanContext.getBean(DefaultBeanContext.java:727)
	at io.micronaut.test.extensions.AbstractMicronautExtension.beforeClass(AbstractMicronautExtension.java:178)
	at io.micronaut.test.extensions.junit5.MicronautJunit5Extension.beforeAll(MicronautJunit5Extension.java:48)
	at org.junit.jupiter.engine.descriptor.ClassBasedTestDescriptor.lambda$invokeBeforeAllCallbacks$7(ClassBasedTestDescriptor.java:359)
	at org.junit.platform.engine.support.hierarchical.ThrowableCollector.execute(ThrowableCollector.java:73)
	at org.junit.jupiter.engine.descriptor.ClassBasedTestDescriptor.invokeBeforeAllCallbacks(ClassBasedTestDescriptor.java:359)
	at org.junit.jupiter.engine.descriptor.ClassBasedTestDescriptor.before(ClassBasedTestDescriptor.java:189)
	at org.junit.jupiter.engine.descriptor.ClassBasedTestDescriptor.before(ClassBasedTestDescriptor.java:78)
	at org.junit.platform.engine.support.hierarchical.NodeTestTask.lambda$executeRecursively$5(NodeTestTask.java:132)
	at org.junit.platform.engine.support.hierarchical.ThrowableCollector.execute(ThrowableCollector.java:73)
	at org.junit.platform.engine.support.hierarchical.NodeTestTask.lambda$executeRecursively$7(NodeTestTask.java:125)
	at org.junit.platform.engine.support.hierarchical.Node.around(Node.java:135)
	at org.junit.platform.engine.support.hierarchical.NodeTestTask.lambda$executeRecursively$8(NodeTestTask.java:123)
	at org.junit.platform.engine.support.hierarchical.ThrowableCollector.execute(ThrowableCollector.java:73)
	at org.junit.platform.engine.support.hierarchical.NodeTestTask.executeRecursively(NodeTestTask.java:122)
	at org.junit.platform.engine.support.hierarchical.NodeTestTask.execute(NodeTestTask.java:80)
	at java.base/java.util.ArrayList.forEach(ArrayList.java:1540)
	at org.junit.platform.engine.support.hierarchical.SameThreadHierarchicalTestExecutorService.invokeAll(SameThreadHierarchicalTestExecutorService.java:38)
	at org.junit.platform.engine.support.hierarchical.NodeTestTask.lambda$executeRecursively$5(NodeTestTask.java:139)
	at org.junit.platform.engine.support.hierarchical.ThrowableCollector.execute(ThrowableCollector.java:73)
	at org.junit.platform.engine.support.hierarchical.NodeTestTask.lambda$executeRecursively$7(NodeTestTask.java:125)
	at org.junit.platform.engine.support.hierarchical.Node.around(Node.java:135)
	at org.junit.platform.engine.support.hierarchical.NodeTestTask.lambda$executeRecursively$8(NodeTestTask.java:123)
	at org.junit.platform.engine.support.hierarchical.ThrowableCollector.execute(ThrowableCollector.java:73)
	at org.junit.platform.engine.support.hierarchical.NodeTestTask.executeRecursively(NodeTestTask.java:122)
	at org.junit.platform.engine.support.hierarchical.NodeTestTask.execute(NodeTestTask.java:80)
	at org.junit.platform.engine.support.hierarchical.SameThreadHierarchicalTestExecutorService.submit(SameThreadHierarchicalTestExecutorService.java:32)
	at org.junit.platform.engine.support.hierarchical.HierarchicalTestExecutor.execute(HierarchicalTestExecutor.java:57)
	at org.junit.platform.engine.support.hierarchical.HierarchicalTestEngine.execute(HierarchicalTestEngine.java:51)
	at org.junit.platform.launcher.core.DefaultLauncher.execute(DefaultLauncher.java:248)
	at org.junit.platform.launcher.core.DefaultLauncher.lambda$execute$5(DefaultLauncher.java:211)
	at org.junit.platform.launcher.core.DefaultLauncher.withInterceptedStreams(DefaultLauncher.java:226)
	at org.junit.platform.launcher.core.DefaultLauncher.execute(DefaultLauncher.java:199)
	at org.junit.platform.launcher.core.DefaultLauncher.execute(DefaultLauncher.java:132)
	at org.gradle.api.internal.tasks.testing.junitplatform.JUnitPlatformTestClassProcessor$CollectAllTestClassesExecutor.processAllTestClasses(JUnitPlatformTestClassProcessor.java:99)
	at org.gradle.api.internal.tasks.testing.junitplatform.JUnitPlatformTestClassProcessor$CollectAllTestClassesExecutor.access$000(JUnitPlatformTestClassProcessor.java:79)
	at org.gradle.api.internal.tasks.testing.junitplatform.JUnitPlatformTestClassProcessor.stop(JUnitPlatformTestClassProcessor.java:75)
	at org.gradle.api.internal.tasks.testing.SuiteTestClassProcessor.stop(SuiteTestClassProcessor.java:61)
	at java.base/jdk.internal.reflect.NativeMethodAccessorImpl.invoke0(Native Method)
	at java.base/jdk.internal.reflect.NativeMethodAccessorImpl.invoke(NativeMethodAccessorImpl.java:62)
	at java.base/jdk.internal.reflect.DelegatingMethodAccessorImpl.invoke(DelegatingMethodAccessorImpl.java:43)
	at java.base/java.lang.reflect.Method.invoke(Method.java:566)
	at org.gradle.internal.dispatch.ReflectionDispatch.dispatch(ReflectionDispatch.java:36)
	at org.gradle.internal.dispatch.ReflectionDispatch.dispatch(ReflectionDispatch.java:24)
	at org.gradle.internal.dispatch.ContextClassLoaderDispatch.dispatch(ContextClassLoaderDispatch.java:33)
	at org.gradle.internal.dispatch.ProxyDispatchAdapter$DispatchingInvocationHandler.invoke(ProxyDispatchAdapter.java:94)
	at com.sun.proxy.$Proxy2.stop(Unknown Source)
	at org.gradle.api.internal.tasks.testing.worker.TestWorker.stop(TestWorker.java:132)
	at java.base/jdk.internal.reflect.NativeMethodAccessorImpl.invoke0(Native Method)
	at java.base/jdk.internal.reflect.NativeMethodAccessorImpl.invoke(NativeMethodAccessorImpl.java:62)
	at java.base/jdk.internal.reflect.DelegatingMethodAccessorImpl.invoke(DelegatingMethodAccessorImpl.java:43)
	at java.base/java.lang.reflect.Method.invoke(Method.java:566)
	at org.gradle.internal.dispatch.ReflectionDispatch.dispatch(ReflectionDispatch.java:36)
	at org.gradle.internal.dispatch.ReflectionDispatch.dispatch(ReflectionDispatch.java:24)
	at org.gradle.internal.remote.internal.hub.MessageHubBackedObjectConnection$DispatchWrapper.dispatch(MessageHubBackedObjectConnection.java:182)
	at org.gradle.internal.remote.internal.hub.MessageHubBackedObjectConnection$DispatchWrapper.dispatch(MessageHubBackedObjectConnection.java:164)
	at org.gradle.internal.remote.internal.hub.MessageHub$Handler.run(MessageHub.java:413)
	at org.gradle.internal.concurrent.ExecutorPolicy$CatchAndRecordFailures.onExecute(ExecutorPolicy.java:64)
	at org.gradle.internal.concurrent.ManagedExecutorImpl$1.run(ManagedExecutorImpl.java:48)
	at java.base/java.util.concurrent.ThreadPoolExecutor.runWorker(ThreadPoolExecutor.java:1128)
	at java.base/java.util.concurrent.ThreadPoolExecutor$Worker.run(ThreadPoolExecutor.java:628)
	at org.gradle.internal.concurrent.ThreadFactoryImpl$ManagedThreadRunnable.run(ThreadFactoryImpl.java:56)
	at java.base/java.lang.Thread.run(Thread.java:834)
2020-06-17 16:12:53.325 ?[32mDEBUG?[m ?[35m4974?[m [    Test worker] ?[36mi.n.u.i.PlatformDependent0              ?[m : java.nio.DirectByteBuffer.<init>(long, int): unavailable
2020-06-17 16:12:53.325 ?[32mDEBUG?[m ?[35m4974?[m [    Test worker] ?[36mi.n.u.i.PlatformDependent               ?[m : sun.misc.Unsafe: available
2020-06-17 16:12:53.326 ?[32mDEBUG?[m ?[35m4974?[m [    Test worker] ?[36mi.n.u.i.PlatformDependent               ?[m : maxDirectMemory: 536870912 bytes (maybe)
2020-06-17 16:12:53.327 ?[32mDEBUG?[m ?[35m4974?[m [    Test worker] ?[36mi.n.u.i.PlatformDependent               ?[m : -Dio.netty.tmpdir: /var/folders/8_/44br0_bd5x108httk63f7hzm0000gn/T (java.io.tmpdir)
2020-06-17 16:12:53.327 ?[32mDEBUG?[m ?[35m4974?[m [    Test worker] ?[36mi.n.u.i.PlatformDependent               ?[m : -Dio.netty.bitMode: 64 (sun.arch.data.model)
2020-06-17 16:12:53.330 ?[32mDEBUG?[m ?[35m4974?[m [    Test worker] ?[36mi.n.u.i.PlatformDependent               ?[m : -Dio.netty.maxDirectMemory: -1 bytes
2020-06-17 16:12:53.330 ?[32mDEBUG?[m ?[35m4974?[m [    Test worker] ?[36mi.n.u.i.PlatformDependent               ?[m : -Dio.netty.uninitializedArrayAllocationThreshold: -1
2020-06-17 16:12:53.332 ?[32mDEBUG?[m ?[35m4974?[m [    Test worker] ?[36mi.n.u.i.CleanerJava9                    ?[m : java.nio.ByteBuffer.cleaner(): available
2020-06-17 16:12:53.332 ?[32mDEBUG?[m ?[35m4974?[m [    Test worker] ?[36mi.n.u.i.PlatformDependent               ?[m : -Dio.netty.noPreferDirect: false
2020-06-17 16:12:53.364 ?[32mDEBUG?[m ?[35m4974?[m [    Test worker] ?[36mi.n.u.ResourceLeakDetector              ?[m : -Dio.netty.leakDetection.level: simple
2020-06-17 16:12:53.364 ?[32mDEBUG?[m ?[35m4974?[m [    Test worker] ?[36mi.n.u.ResourceLeakDetector              ?[m : -Dio.netty.leakDetection.targetRecords: 4
2020-06-17 16:12:53.368 ?[32mDEBUG?[m ?[35m4974?[m [    Test worker] ?[36mi.n.b.PooledByteBufAllocator            ?[m : -Dio.netty.allocator.numHeapArenas: 5
2020-06-17 16:12:53.368 ?[32mDEBUG?[m ?[35m4974?[m [    Test worker] ?[36mi.n.b.PooledByteBufAllocator            ?[m : -Dio.netty.allocator.numDirectArenas: 5
2020-06-17 16:12:53.369 ?[32mDEBUG?[m ?[35m4974?[m [    Test worker] ?[36mi.n.b.PooledByteBufAllocator            ?[m : -Dio.netty.allocator.pageSize: 8192
2020-06-17 16:12:53.369 ?[32mDEBUG?[m ?[35m4974?[m [    Test worker] ?[36mi.n.b.PooledByteBufAllocator            ?[m : -Dio.netty.allocator.maxOrder: 11
2020-06-17 16:12:53.369 ?[32mDEBUG?[m ?[35m4974?[m [    Test worker] ?[36mi.n.b.PooledByteBufAllocator            ?[m : -Dio.netty.allocator.chunkSize: 16777216
2020-06-17 16:12:53.370 ?[32mDEBUG?[m ?[35m4974?[m [    Test worker] ?[36mi.n.b.PooledByteBufAllocator            ?[m : -Dio.netty.allocator.tinyCacheSize: 512
2020-06-17 16:12:53.370 ?[32mDEBUG?[m ?[35m4974?[m [    Test worker] ?[36mi.n.b.PooledByteBufAllocator            ?[m : -Dio.netty.allocator.smallCacheSize: 256
2020-06-17 16:12:53.370 ?[32mDEBUG?[m ?[35m4974?[m [    Test worker] ?[36mi.n.b.PooledByteBufAllocator            ?[m : -Dio.netty.allocator.normalCacheSize: 64
2020-06-17 16:12:53.371 ?[32mDEBUG?[m ?[35m4974?[m [    Test worker] ?[36mi.n.b.PooledByteBufAllocator            ?[m : -Dio.netty.allocator.maxCachedBufferCapacity: 32768
2020-06-17 16:12:53.371 ?[32mDEBUG?[m ?[35m4974?[m [    Test worker] ?[36mi.n.b.PooledByteBufAllocator            ?[m : -Dio.netty.allocator.cacheTrimInterval: 8192
2020-06-17 16:12:53.371 ?[32mDEBUG?[m ?[35m4974?[m [    Test worker] ?[36mi.n.b.PooledByteBufAllocator            ?[m : -Dio.netty.allocator.cacheTrimIntervalMillis: 0
2020-06-17 16:12:53.371 ?[32mDEBUG?[m ?[35m4974?[m [    Test worker] ?[36mi.n.b.PooledByteBufAllocator            ?[m : -Dio.netty.allocator.useCacheForAllThreads: true
2020-06-17 16:12:53.371 ?[32mDEBUG?[m ?[35m4974?[m [    Test worker] ?[36mi.n.b.PooledByteBufAllocator            ?[m : -Dio.netty.allocator.maxCachedByteBuffersPerChunk: 1023
2020-06-17 16:12:53.387 ?[32mDEBUG?[m ?[35m4974?[m [    Test worker] ?[36mi.n.b.ByteBufUtil                       ?[m : -Dio.netty.allocator.type: pooled
2020-06-17 16:12:53.387 ?[32mDEBUG?[m ?[35m4974?[m [    Test worker] ?[36mi.n.b.ByteBufUtil                       ?[m : -Dio.netty.threadLocalDirectBufferSize: 0
2020-06-17 16:12:53.388 ?[32mDEBUG?[m ?[35m4974?[m [    Test worker] ?[36mi.n.b.ByteBufUtil                       ?[m : -Dio.netty.maxThreadLocalCharBufferSize: 16384
2020-06-17 16:12:53.391 ?[32mDEBUG?[m ?[35m4974?[m [    Test worker] ?[36mi.m.c.DefaultBeanContext                ?[m : Created bean [io.micronaut.buffer.netty.NettyByteBufferFactory@1a3b73c] from definition [Definition: io.micronaut.buffer.netty.NettyByteBufferFactory] with qualifier [null]
2020-06-17 16:12:53.391 ?[32mDEBUG?[m ?[35m4974?[m [    Test worker] ?[36mi.m.c.DefaultBeanContext                ?[m : Registering singleton bean io.micronaut.buffer.netty.NettyByteBufferFactory@1a3b73c for type [io.micronaut.core.io.buffer.ByteBufferFactory] using bean key io.micronaut.buffer.netty.NettyByteBufferFactory
2020-06-17 16:12:53.394 ?[34mTRACE?[m ?[35m4974?[m [    Test worker] ?[36mi.m.c.DefaultBeanContext                ?[m : Looking up existing bean for key: @Named('text-stream') io.micronaut.http.codec.CodecConfiguration
2020-06-17 16:12:53.395 ?[34mTRACE?[m ?[35m4974?[m [    Test worker] ?[36mi.m.c.DefaultBeanContext                ?[m : No existing bean found for bean key: @Named('text-stream') io.micronaut.http.codec.CodecConfiguration
2020-06-17 16:12:53.396 ?[32mDEBUG?[m ?[35m4974?[m [    Test worker] ?[36mi.m.c.DefaultBeanContext                ?[m : Finding candidate beans for type: class io.micronaut.http.codec.CodecConfiguration
2020-06-17 16:12:53.397 ?[32mDEBUG?[m ?[35m4974?[m [    Test worker] ?[36mi.m.c.DefaultBeanContext                ?[m : Resolved bean candidates [Definition: io.micronaut.http.codec.CodecConfiguration] for type: class io.micronaut.http.codec.CodecConfiguration
2020-06-17 16:12:53.398 ?[32mDEBUG?[m ?[35m4974?[m [    Test worker] ?[36mi.m.c.DefaultApplicationContext         ?[m : Finalized bean definitions candidates: []
2020-06-17 16:12:53.398 ?[32mDEBUG?[m ?[35m4974?[m [    Test worker] ?[36mi.m.c.DefaultBeanContext                ?[m : Created bean [io.micronaut.http.server.codec.TextStreamCodec@3b618e42] from definition [Definition: io.micronaut.http.server.codec.TextStreamCodec] with qualifier [null]
2020-06-17 16:12:53.399 ?[32mDEBUG?[m ?[35m4974?[m [    Test worker] ?[36mi.m.c.DefaultBeanContext                ?[m : Registering singleton bean io.micronaut.http.server.codec.TextStreamCodec@3b618e42 for type [io.micronaut.http.codec.MediaTypeCodec] using bean key io.micronaut.http.server.codec.TextStreamCodec
2020-06-17 16:12:53.400 ?[34mTRACE?[m ?[35m4974?[m [    Test worker] ?[36mi.m.c.DefaultBeanContext                ?[m : Looking up existing bean for key: io.micronaut.runtime.ApplicationConfiguration
2020-06-17 16:12:53.400 ?[32mDEBUG?[m ?[35m4974?[m [    Test worker] ?[36mi.m.c.DefaultBeanContext                ?[m : Resolved existing bean [io.micronaut.runtime.ApplicationConfiguration@4ac494fc] for type [class io.micronaut.runtime.ApplicationConfiguration] and qualifier [null]
2020-06-17 16:12:53.401 ?[34mTRACE?[m ?[35m4974?[m [    Test worker] ?[36mi.m.c.DefaultBeanContext                ?[m : Looking up existing bean for key: @Named('json-stream') io.micronaut.http.codec.CodecConfiguration
2020-06-17 16:12:53.402 ?[34mTRACE?[m ?[35m4974?[m [    Test worker] ?[36mi.m.c.DefaultBeanContext                ?[m : No existing bean found for bean key: @Named('json-stream') io.micronaut.http.codec.CodecConfiguration
2020-06-17 16:12:53.403 ?[32mDEBUG?[m ?[35m4974?[m [    Test worker] ?[36mi.m.c.DefaultBeanContext                ?[m : Finding candidate beans for type: class io.micronaut.http.codec.CodecConfiguration
2020-06-17 16:12:53.403 ?[32mDEBUG?[m ?[35m4974?[m [    Test worker] ?[36mi.m.c.DefaultBeanContext                ?[m : Resolved bean candidates [Definition: io.micronaut.http.codec.CodecConfiguration] for type: class io.micronaut.http.codec.CodecConfiguration
2020-06-17 16:12:53.404 ?[32mDEBUG?[m ?[35m4974?[m [    Test worker] ?[36mi.m.c.DefaultApplicationContext         ?[m : Finalized bean definitions candidates: []
2020-06-17 16:12:53.404 ?[32mDEBUG?[m ?[35m4974?[m [    Test worker] ?[36mi.m.c.DefaultBeanContext                ?[m : Created bean [io.micronaut.jackson.codec.JsonStreamMediaTypeCodec@38d790] from definition [Definition: io.micronaut.jackson.codec.JsonStreamMediaTypeCodec] with qualifier [null]
2020-06-17 16:12:53.405 ?[32mDEBUG?[m ?[35m4974?[m [    Test worker] ?[36mi.m.c.DefaultBeanContext                ?[m : Registering singleton bean io.micronaut.jackson.codec.JsonStreamMediaTypeCodec@38d790 for type [@Named('json') io.micronaut.http.codec.MediaTypeCodec] using bean key @Named('json') io.micronaut.jackson.codec.JsonStreamMediaTypeCodec
2020-06-17 16:12:53.406 ?[32mDEBUG?[m ?[35m4974?[m [    Test worker] ?[36mi.m.c.DefaultBeanContext                ?[m : Found 4 beans for type [io.micronaut.http.codec.MediaTypeCodec]: [io.micronaut.jackson.codec.JsonStreamMediaTypeCodec@38d790, io.micronaut.runtime.http.codec.TextPlainCodec@4135b257, io.micronaut.jackson.codec.JsonMediaTypeCodec@28bd22c7, io.micronaut.http.server.codec.TextStreamCodec@3b618e42] 
2020-06-17 16:12:53.407 ?[32mDEBUG?[m ?[35m4974?[m [    Test worker] ?[36mi.m.c.DefaultBeanContext                ?[m : Created bean [io.micronaut.http.codec.DefaultMediaTypeCodecRegistry@5c9e66ac] from definition [Definition: io.micronaut.runtime.http.codec.MediaTypeCodecRegistryFactory] with qualifier [null]
2020-06-17 16:12:53.408 ?[32mDEBUG?[m ?[35m4974?[m [    Test worker] ?[36mi.m.c.DefaultBeanContext                ?[m : Registering singleton bean io.micronaut.http.codec.DefaultMediaTypeCodecRegistry@5c9e66ac for type [io.micronaut.http.codec.MediaTypeCodecRegistry] using bean key io.micronaut.http.codec.MediaTypeCodecRegistry
2020-06-17 16:12:53.409 ?[34mTRACE?[m ?[35m4974?[m [    Test worker] ?[36mi.m.c.DefaultBeanContext                ?[m : Looking up existing bean for key: io.micronaut.http.server.netty.types.NettyCustomizableResponseTypeHandlerRegistry
2020-06-17 16:12:53.410 ?[34mTRACE?[m ?[35m4974?[m [    Test worker] ?[36mi.m.c.DefaultBeanContext                ?[m : No existing bean found for bean key: io.micronaut.http.server.netty.types.NettyCustomizableResponseTypeHandlerRegistry
2020-06-17 16:12:53.411 ?[32mDEBUG?[m ?[35m4974?[m [    Test worker] ?[36mi.m.c.DefaultBeanContext                ?[m : Finding candidate beans for type: interface io.micronaut.http.server.netty.types.NettyCustomizableResponseTypeHandlerRegistry
2020-06-17 16:12:53.413 ?[32mDEBUG?[m ?[35m4974?[m [    Test worker] ?[36mi.m.c.DefaultBeanContext                ?[m : Resolved bean candidates [Definition: io.micronaut.http.server.netty.types.DefaultCustomizableResponseTypeHandlerRegistry] for type: interface io.micronaut.http.server.netty.types.NettyCustomizableResponseTypeHandlerRegistry
2020-06-17 16:12:53.414 ?[32mDEBUG?[m ?[35m4974?[m [    Test worker] ?[36mi.m.c.DefaultApplicationContext         ?[m : Finalized bean definitions candidates: [Definition: io.micronaut.http.server.netty.types.DefaultCustomizableResponseTypeHandlerRegistry]
2020-06-17 16:12:53.414 ?[32mDEBUG?[m ?[35m4974?[m [    Test worker] ?[36mi.m.c.DefaultBeanContext                ?[m : Found concrete candidate [Definition: io.micronaut.http.server.netty.types.DefaultCustomizableResponseTypeHandlerRegistry] for type: io.micronaut.http.server.netty.types.NettyCustomizableResponseTypeHandlerRegistry 
2020-06-17 16:12:53.415 ?[32mDEBUG?[m ?[35m4974?[m [    Test worker] ?[36mi.m.c.DefaultBeanContext                ?[m : Resolving beans for type: io.micronaut.http.server.netty.types.NettyCustomizableResponseTypeHandler
2020-06-17 16:12:53.415 ?[34mTRACE?[m ?[35m4974?[m [    Test worker] ?[36mi.m.c.DefaultBeanContext                ?[m : Looking up existing beans for key: io.micronaut.http.server.netty.types.NettyCustomizableResponseTypeHandler
2020-06-17 16:12:53.416 ?[34mTRACE?[m ?[35m4974?[m [    Test worker] ?[36mi.m.c.DefaultBeanContext                ?[m : No beans found for key: io.micronaut.http.server.netty.types.NettyCustomizableResponseTypeHandler
2020-06-17 16:12:53.416 ?[32mDEBUG?[m ?[35m4974?[m [    Test worker] ?[36mi.m.c.DefaultBeanContext                ?[m : Finding candidate beans for type: interface io.micronaut.http.server.netty.types.NettyCustomizableResponseTypeHandler
2020-06-17 16:12:53.417 ?[32mDEBUG?[m ?[35m4974?[m [    Test worker] ?[36mi.m.c.DefaultBeanContext                ?[m : Resolved bean candidates [Definition: io.micronaut.http.server.netty.types.files.FileTypeHandler] for type: interface io.micronaut.http.server.netty.types.NettyCustomizableResponseTypeHandler
2020-06-17 16:12:53.418 ?[32mDEBUG?[m ?[35m4974?[m [    Test worker] ?[36mi.m.c.DefaultApplicationContext         ?[m : Finalized bean definitions candidates: [Definition: io.micronaut.http.server.netty.types.files.FileTypeHandler]
2020-06-17 16:12:53.421 ?[34mTRACE?[m ?[35m4974?[m [    Test worker] ?[36mi.m.c.DefaultBeanContext                ?[m : Looking up existing bean for key: io.micronaut.http.server.netty.types.files.FileTypeHandlerConfiguration
2020-06-17 16:12:53.421 ?[34mTRACE?[m ?[35m4974?[m [    Test worker] ?[36mi.m.c.DefaultBeanContext                ?[m : No existing bean found for bean key: io.micronaut.http.server.netty.types.files.FileTypeHandlerConfiguration
2020-06-17 16:12:53.425 ?[32mDEBUG?[m ?[35m4974?[m [    Test worker] ?[36mi.m.c.DefaultBeanContext                ?[m : Finding candidate beans for type: class io.micronaut.http.server.netty.types.files.FileTypeHandlerConfiguration
2020-06-17 16:12:53.426 ?[32mDEBUG?[m ?[35m4974?[m [    Test worker] ?[36mi.m.c.DefaultBeanContext                ?[m : Resolved bean candidates [Definition: io.micronaut.http.server.netty.types.files.FileTypeHandlerConfiguration] for type: class io.micronaut.http.server.netty.types.files.FileTypeHandlerConfiguration
2020-06-17 16:12:53.427 ?[32mDEBUG?[m ?[35m4974?[m [    Test worker] ?[36mi.m.c.DefaultApplicationContext         ?[m : Finalized bean definitions candidates: [Definition: io.micronaut.http.server.netty.types.files.FileTypeHandlerConfiguration]
2020-06-17 16:12:53.428 ?[32mDEBUG?[m ?[35m4974?[m [    Test worker] ?[36mi.m.c.DefaultBeanContext                ?[m : Found concrete candidate [Definition: io.micronaut.http.server.netty.types.files.FileTypeHandlerConfiguration] for type: io.micronaut.http.server.netty.types.files.FileTypeHandlerConfiguration 
2020-06-17 16:12:53.429 ?[32mDEBUG?[m ?[35m4974?[m [    Test worker] ?[36mi.m.c.DefaultBeanContext                ?[m : Created bean [io.micronaut.http.server.netty.types.files.FileTypeHandlerConfiguration@25120374] from definition [Definition: io.micronaut.http.server.netty.types.files.FileTypeHandlerConfiguration] with qualifier [null]
2020-06-17 16:12:53.430 ?[32mDEBUG?[m ?[35m4974?[m [    Test worker] ?[36mi.m.c.DefaultBeanContext                ?[m : Registering singleton bean io.micronaut.http.server.netty.types.files.FileTypeHandlerConfiguration@25120374 for type [io.micronaut.http.server.netty.types.files.FileTypeHandlerConfiguration] using bean key io.micronaut.http.server.netty.types.files.FileTypeHandlerConfiguration
2020-06-17 16:12:53.431 ?[32mDEBUG?[m ?[35m4974?[m [    Test worker] ?[36mi.m.c.DefaultBeanContext                ?[m : Created bean [io.micronaut.http.server.netty.types.files.FileTypeHandler@2029ddf5] from definition [Definition: io.micronaut.http.server.netty.types.files.FileTypeHandler] with qualifier [null]
2020-06-17 16:12:53.431 ?[32mDEBUG?[m ?[35m4974?[m [    Test worker] ?[36mi.m.c.DefaultBeanContext                ?[m : Registering singleton bean io.micronaut.http.server.netty.types.files.FileTypeHandler@2029ddf5 for type [io.micronaut.http.server.netty.types.NettyCustomizableResponseTypeHandler] using bean key io.micronaut.http.server.netty.types.files.FileTypeHandler
2020-06-17 16:12:53.435 ?[32mDEBUG?[m ?[35m4974?[m [    Test worker] ?[36mi.m.c.DefaultBeanContext                ?[m : Found 1 beans for type [io.micronaut.http.server.netty.types.NettyCustomizableResponseTypeHandler]: [io.micronaut.http.server.netty.types.files.FileTypeHandler@2029ddf5] 
2020-06-17 16:12:53.435 ?[32mDEBUG?[m ?[35m4974?[m [    Test worker] ?[36mi.m.c.DefaultBeanContext                ?[m : Created bean [io.micronaut.http.server.netty.types.DefaultCustomizableResponseTypeHandlerRegistry@b392ae5] from definition [Definition: io.micronaut.http.server.netty.types.DefaultCustomizableResponseTypeHandlerRegistry] with qualifier [null]
2020-06-17 16:12:53.436 ?[32mDEBUG?[m ?[35m4974?[m [    Test worker] ?[36mi.m.c.DefaultBeanContext                ?[m : Registering singleton bean io.micronaut.http.server.netty.types.DefaultCustomizableResponseTypeHandlerRegistry@b392ae5 for type [io.micronaut.http.server.netty.types.NettyCustomizableResponseTypeHandlerRegistry] using bean key io.micronaut.http.server.netty.types.DefaultCustomizableResponseTypeHandlerRegistry
2020-06-17 16:12:53.436 ?[34mTRACE?[m ?[35m4974?[m [    Test worker] ?[36mi.m.c.DefaultBeanContext                ?[m : Looking up existing bean for key: io.micronaut.web.router.resource.StaticResourceResolver
2020-06-17 16:12:53.436 ?[34mTRACE?[m ?[35m4974?[m [    Test worker] ?[36mi.m.c.DefaultBeanContext                ?[m : No existing bean found for bean key: io.micronaut.web.router.resource.StaticResourceResolver
2020-06-17 16:12:53.436 ?[32mDEBUG?[m ?[35m4974?[m [    Test worker] ?[36mi.m.c.DefaultBeanContext                ?[m : Finding candidate beans for type: class io.micronaut.web.router.resource.StaticResourceResolver
2020-06-17 16:12:53.438 ?[32mDEBUG?[m ?[35m4974?[m [    Test worker] ?[36mi.m.c.DefaultBeanContext                ?[m : Resolved bean candidates [Definition: io.micronaut.web.router.resource.StaticResourceResolver] for type: class io.micronaut.web.router.resource.StaticResourceResolver
2020-06-17 16:12:53.439 ?[32mDEBUG?[m ?[35m4974?[m [    Test worker] ?[36mi.m.c.DefaultApplicationContext         ?[m : Finalized bean definitions candidates: [Definition: io.micronaut.web.router.resource.StaticResourceResolver]
2020-06-17 16:12:53.439 ?[32mDEBUG?[m ?[35m4974?[m [    Test worker] ?[36mi.m.c.DefaultBeanContext                ?[m : Found concrete candidate [Definition: io.micronaut.web.router.resource.StaticResourceResolver] for type: io.micronaut.web.router.resource.StaticResourceResolver 
2020-06-17 16:12:53.440 ?[32mDEBUG?[m ?[35m4974?[m [    Test worker] ?[36mi.m.c.DefaultBeanContext                ?[m : Resolving beans for type: io.micronaut.web.router.resource.StaticResourceConfiguration
2020-06-17 16:12:53.440 ?[34mTRACE?[m ?[35m4974?[m [    Test worker] ?[36mi.m.c.DefaultBeanContext                ?[m : Looking up existing beans for key: io.micronaut.web.router.resource.StaticResourceConfiguration
2020-06-17 16:12:53.441 ?[34mTRACE?[m ?[35m4974?[m [    Test worker] ?[36mi.m.c.DefaultBeanContext                ?[m : No beans found for key: io.micronaut.web.router.resource.StaticResourceConfiguration
2020-06-17 16:12:53.441 ?[32mDEBUG?[m ?[35m4974?[m [    Test worker] ?[36mi.m.c.DefaultBeanContext                ?[m : Finding candidate beans for type: class io.micronaut.web.router.resource.StaticResourceConfiguration
2020-06-17 16:12:53.442 ?[32mDEBUG?[m ?[35m4974?[m [    Test worker] ?[36mi.m.c.DefaultBeanContext                ?[m : Resolved bean candidates [Definition: io.micronaut.web.router.resource.StaticResourceConfiguration] for type: class io.micronaut.web.router.resource.StaticResourceConfiguration
2020-06-17 16:12:53.443 ?[32mDEBUG?[m ?[35m4974?[m [    Test worker] ?[36mi.m.c.DefaultApplicationContext         ?[m : Finalized bean definitions candidates: []
2020-06-17 16:12:53.443 ?[32mDEBUG?[m ?[35m4974?[m [    Test worker] ?[36mi.m.c.DefaultBeanContext                ?[m : Found no possible candidate beans of type [io.micronaut.web.router.resource.StaticResourceConfiguration] for qualifier: null 
2020-06-17 16:12:53.445 ?[32mDEBUG?[m ?[35m4974?[m [    Test worker] ?[36mi.m.c.DefaultBeanContext                ?[m : Created bean [io.micronaut.web.router.resource.StaticResourceResolver@32d66722] from definition [Definition: io.micronaut.web.router.resource.StaticResourceResolver] with qualifier [null]
2020-06-17 16:12:53.445 ?[32mDEBUG?[m ?[35m4974?[m [    Test worker] ?[36mi.m.c.DefaultBeanContext                ?[m : Registering singleton bean io.micronaut.web.router.resource.StaticResourceResolver@32d66722 for type [io.micronaut.web.router.resource.StaticResourceResolver] using bean key io.micronaut.web.router.resource.StaticResourceResolver
2020-06-17 16:12:53.445 ?[32mDEBUG?[m ?[35m4974?[m [    Test worker] ?[36mi.m.c.DefaultBeanContext                ?[m : Finding candidate beans for type: interface java.util.concurrent.ExecutorService
2020-06-17 16:12:53.447 ?[32mDEBUG?[m ?[35m4974?[m [    Test worker] ?[36mi.m.c.DefaultBeanContext                ?[m : Resolved bean candidates [Definition: io.micronaut.http.netty.channel.DefaultEventLoopGroupRegistry, Definition: io.micronaut.scheduling.executor.ExecutorFactory, Definition: io.micronaut.http.netty.channel.DefaultEventLoopGroupRegistry] for type: interface java.util.concurrent.ExecutorService
2020-06-17 16:12:53.448 ?[32mDEBUG?[m ?[35m4974?[m [    Test worker] ?[36mi.m.c.DefaultBeanContext                ?[m : Finding candidate beans for type: interface io.micronaut.scheduling.executor.ExecutorConfiguration
2020-06-17 16:12:53.451 ?[32mDEBUG?[m ?[35m4974?[m [    Test worker] ?[36mi.m.c.DefaultBeanContext                ?[m : Resolved bean candidates [Definition: io.micronaut.scheduling.executor.ScheduledExecutorServiceConfig, Definition: io.micronaut.scheduling.executor.UserExecutorConfiguration, Definition: io.micronaut.scheduling.executor.IOExecutorServiceConfig] for type: interface io.micronaut.scheduling.executor.ExecutorConfiguration
2020-06-17 16:12:53.451 ?[32mDEBUG?[m ?[35m4974?[m [    Test worker] ?[36mi.m.c.DefaultApplicationContext         ?[m : Finalized bean definitions candidates: [Definition: io.micronaut.scheduling.executor.ScheduledExecutorServiceConfig, Definition: io.micronaut.scheduling.executor.IOExecutorServiceConfig]
2020-06-17 16:12:53.466 ?[32mDEBUG?[m ?[35m4974?[m [    Test worker] ?[36mi.m.c.DefaultBeanContext                ?[m : Finding candidate beans for type: interface io.micronaut.http.netty.channel.EventLoopGroupConfiguration
2020-06-17 16:12:53.468 ?[32mDEBUG?[m ?[35m4974?[m [    Test worker] ?[36mi.m.c.DefaultBeanContext                ?[m : Resolved bean candidates [Definition: io.micronaut.http.server.netty.configuration.NettyHttpServerConfiguration$Parent, Definition: io.micronaut.http.server.netty.configuration.NettyHttpServerConfiguration$Worker, Definition: io.micronaut.http.netty.channel.DefaultEventLoopGroupConfiguration] for type: interface io.micronaut.http.netty.channel.EventLoopGroupConfiguration
2020-06-17 16:12:53.468 ?[32mDEBUG?[m ?[35m4974?[m [    Test worker] ?[36mi.m.c.DefaultApplicationContext         ?[m : Finalized bean definitions candidates: [Definition: io.micronaut.http.server.netty.configuration.NettyHttpServerConfiguration$Parent, Definition: io.micronaut.http.server.netty.configuration.NettyHttpServerConfiguration$Worker]
2020-06-17 16:12:53.469 ?[32mDEBUG?[m ?[35m4974?[m [    Test worker] ?[36mi.m.c.DefaultApplicationContext         ?[m : Finalized bean definitions candidates: [Definition: io.micronaut.http.netty.channel.DefaultEventLoopGroupRegistry, Definition: io.micronaut.scheduling.executor.ExecutorFactory, Definition: io.micronaut.scheduling.executor.ExecutorFactory]
2020-06-17 16:12:53.469 ?[32mDEBUG?[m ?[35m4974?[m [    Test worker] ?[36mi.m.c.DefaultBeanContext                ?[m : Qualifying bean [java.util.concurrent.ExecutorService] for qualifier: @Named('io') 
2020-06-17 16:12:53.471 ?[32mDEBUG?[m ?[35m4974?[m [    Test worker] ?[36mi.m.c.DefaultBeanContext                ?[m : Found concrete candidate [Definition: io.micronaut.scheduling.executor.ExecutorFactory] for type: @Named('io') java.util.concurrent.ExecutorService 
2020-06-17 16:12:53.472 ?[34mTRACE?[m ?[35m4974?[m [    Test worker] ?[36mi.m.c.DefaultBeanContext                ?[m : Looking up existing bean for key: @Named('netty') java.util.concurrent.ThreadFactory
2020-06-17 16:12:53.472 ?[34mTRACE?[m ?[35m4974?[m [    Test worker] ?[36mi.m.c.DefaultBeanContext                ?[m : No existing bean found for bean key: @Named('netty') java.util.concurrent.ThreadFactory
2020-06-17 16:12:53.473 ?[32mDEBUG?[m ?[35m4974?[m [    Test worker] ?[36mi.m.c.DefaultBeanContext                ?[m : Finding candidate beans for type: interface java.util.concurrent.ThreadFactory
2020-06-17 16:12:53.475 ?[32mDEBUG?[m ?[35m4974?[m [    Test worker] ?[36mi.m.c.DefaultBeanContext                ?[m : Resolved bean candidates [Definition: io.micronaut.http.netty.channel.NettyThreadFactory, Definition: io.micronaut.scheduling.executor.DefaultThreadFactory] for type: interface java.util.concurrent.ThreadFactory
2020-06-17 16:12:53.475 ?[32mDEBUG?[m ?[35m4974?[m [    Test worker] ?[36mi.m.c.DefaultApplicationContext         ?[m : Finalized bean definitions candidates: [Definition: io.micronaut.http.netty.channel.NettyThreadFactory, Definition: io.micronaut.scheduling.executor.DefaultThreadFactory]
2020-06-17 16:12:53.476 ?[32mDEBUG?[m ?[35m4974?[m [    Test worker] ?[36mi.m.c.DefaultBeanContext                ?[m : Qualifying bean [java.util.concurrent.ThreadFactory] for qualifier: @Named('netty') 
2020-06-17 16:12:53.477 ?[32mDEBUG?[m ?[35m4974?[m [    Test worker] ?[36mi.m.c.DefaultBeanContext                ?[m : Found concrete candidate [Definition: io.micronaut.http.netty.channel.NettyThreadFactory] for type: @Named('netty') java.util.concurrent.ThreadFactory 
2020-06-17 16:12:53.477 ?[34mTRACE?[m ?[35m4974?[m [    Test worker] ?[36mi.m.c.DefaultBeanContext                ?[m : Looking up existing bean for key: io.micronaut.http.netty.channel.NettyThreadFactory
2020-06-17 16:12:53.477 ?[34mTRACE?[m ?[35m4974?[m [    Test worker] ?[36mi.m.c.DefaultBeanContext                ?[m : No existing bean found for bean key: io.micronaut.http.netty.channel.NettyThreadFactory
2020-06-17 16:12:53.478 ?[32mDEBUG?[m ?[35m4974?[m [    Test worker] ?[36mi.m.c.DefaultBeanContext                ?[m : Finding candidate beans for type: class io.micronaut.http.netty.channel.NettyThreadFactory
2020-06-17 16:12:53.479 ?[32mDEBUG?[m ?[35m4974?[m [    Test worker] ?[36mi.m.c.DefaultBeanContext                ?[m : Resolved bean candidates [Definition: io.micronaut.http.netty.channel.NettyThreadFactory] for type: class io.micronaut.http.netty.channel.NettyThreadFactory
2020-06-17 16:12:53.479 ?[32mDEBUG?[m ?[35m4974?[m [    Test worker] ?[36mi.m.c.DefaultApplicationContext         ?[m : Finalized bean definitions candidates: [Definition: io.micronaut.http.netty.channel.NettyThreadFactory]
2020-06-17 16:12:53.479 ?[32mDEBUG?[m ?[35m4974?[m [    Test worker] ?[36mi.m.c.DefaultBeanContext                ?[m : Found concrete candidate [Definition: io.micronaut.http.netty.channel.NettyThreadFactory] for type: io.micronaut.http.netty.channel.NettyThreadFactory 
2020-06-17 16:12:53.480 ?[32mDEBUG?[m ?[35m4974?[m [    Test worker] ?[36mi.m.c.DefaultBeanContext                ?[m : Created bean [io.micronaut.http.netty.channel.NettyThreadFactory@f747c5a] from definition [Definition: io.micronaut.http.netty.channel.NettyThreadFactory] with qualifier [null]
2020-06-17 16:12:53.480 ?[32mDEBUG?[m ?[35m4974?[m [    Test worker] ?[36mi.m.c.DefaultBeanContext                ?[m : Registering singleton bean io.micronaut.http.netty.channel.NettyThreadFactory@f747c5a for type [io.micronaut.http.netty.channel.NettyThreadFactory] using bean key io.micronaut.http.netty.channel.NettyThreadFactory
2020-06-17 16:12:53.483 ?[32mDEBUG?[m ?[35m4974?[m [    Test worker] ?[36mi.m.c.DefaultBeanContext                ?[m : Created bean [io.micronaut.scheduling.instrument.ThreadFactoryInstrumenter$$Lambda$641/0x0000000800593840@46993391] from definition [Definition: io.micronaut.http.netty.channel.NettyThreadFactory] with qualifier [@Named('netty')]
2020-06-17 16:12:53.484 ?[32mDEBUG?[m ?[35m4974?[m [    Test worker] ?[36mi.m.c.DefaultBeanContext                ?[m : Registering singleton bean io.micronaut.scheduling.instrument.ThreadFactoryInstrumenter$$Lambda$641/0x0000000800593840@46993391 for type [@Named('netty') java.util.concurrent.ThreadFactory] using bean key @Named('netty') java.util.concurrent.ThreadFactory
2020-06-17 16:12:53.484 ?[34mTRACE?[m ?[35m4974?[m [    Test worker] ?[36mi.m.c.DefaultBeanContext                ?[m : Looking up existing bean for key: io.micronaut.scheduling.executor.ExecutorSelector
2020-06-17 16:12:53.484 ?[34mTRACE?[m ?[35m4974?[m [    Test worker] ?[36mi.m.c.DefaultBeanContext                ?[m : No existing bean found for bean key: io.micronaut.scheduling.executor.ExecutorSelector
2020-06-17 16:12:53.484 ?[32mDEBUG?[m ?[35m4974?[m [    Test worker] ?[36mi.m.c.DefaultBeanContext                ?[m : Finding candidate beans for type: interface io.micronaut.scheduling.executor.ExecutorSelector
2020-06-17 16:12:53.485 ?[32mDEBUG?[m ?[35m4974?[m [    Test worker] ?[36mi.m.c.DefaultBeanContext                ?[m : Resolved bean candidates [Definition: io.micronaut.scheduling.executor.DefaultExecutorSelector] for type: interface io.micronaut.scheduling.executor.ExecutorSelector
2020-06-17 16:12:53.486 ?[32mDEBUG?[m ?[35m4974?[m [    Test worker] ?[36mi.m.c.DefaultApplicationContext         ?[m : Finalized bean definitions candidates: [Definition: io.micronaut.scheduling.executor.DefaultExecutorSelector]
2020-06-17 16:12:53.486 ?[32mDEBUG?[m ?[35m4974?[m [    Test worker] ?[36mi.m.c.DefaultBeanContext                ?[m : Found concrete candidate [Definition: io.micronaut.scheduling.executor.DefaultExecutorSelector] for type: io.micronaut.scheduling.executor.ExecutorSelector 
2020-06-17 16:12:53.490 ?[32mDEBUG?[m ?[35m4974?[m [    Test worker] ?[36mi.m.c.DefaultBeanContext                ?[m : Created bean [io.micronaut.scheduling.executor.DefaultExecutorSelector@45c8320c] from definition [Definition: io.micronaut.scheduling.executor.DefaultExecutorSelector] with qualifier [null]
2020-06-17 16:12:53.491 ?[32mDEBUG?[m ?[35m4974?[m [    Test worker] ?[36mi.m.c.DefaultBeanContext                ?[m : Registering singleton bean io.micronaut.scheduling.executor.DefaultExecutorSelector@45c8320c for type [io.micronaut.scheduling.executor.ExecutorSelector] using bean key io.micronaut.scheduling.executor.DefaultExecutorSelector
2020-06-17 16:12:53.493 ?[34mTRACE?[m ?[35m4974?[m [    Test worker] ?[36mi.m.c.DefaultBeanContext                ?[m : Looking up existing bean for key: io.micronaut.http.server.netty.ssl.ServerSslBuilder
2020-06-17 16:12:53.494 ?[34mTRACE?[m ?[35m4974?[m [    Test worker] ?[36mi.m.c.DefaultBeanContext                ?[m : No existing bean found for bean key: io.micronaut.http.server.netty.ssl.ServerSslBuilder
2020-06-17 16:12:53.494 ?[32mDEBUG?[m ?[35m4974?[m [    Test worker] ?[36mi.m.c.DefaultBeanContext                ?[m : Finding candidate beans for type: interface io.micronaut.http.server.netty.ssl.ServerSslBuilder
2020-06-17 16:12:53.495 ?[32mDEBUG?[m ?[35m4974?[m [    Test worker] ?[36mi.m.c.DefaultBeanContext                ?[m : Resolved bean candidates [] for type: interface io.micronaut.http.server.netty.ssl.ServerSslBuilder
2020-06-17 16:12:53.495 ?[32mDEBUG?[m ?[35m4974?[m [    Test worker] ?[36mi.m.c.DefaultBeanContext                ?[m : Resolving beans for type: io.netty.channel.ChannelOutboundHandler
2020-06-17 16:12:53.496 ?[34mTRACE?[m ?[35m4974?[m [    Test worker] ?[36mi.m.c.DefaultBeanContext                ?[m : Looking up existing beans for key: io.netty.channel.ChannelOutboundHandler
2020-06-17 16:12:53.496 ?[34mTRACE?[m ?[35m4974?[m [    Test worker] ?[36mi.m.c.DefaultBeanContext                ?[m : No beans found for key: io.netty.channel.ChannelOutboundHandler
2020-06-17 16:12:53.496 ?[32mDEBUG?[m ?[35m4974?[m [    Test worker] ?[36mi.m.c.DefaultBeanContext                ?[m : Finding candidate beans for type: interface io.netty.channel.ChannelOutboundHandler
2020-06-17 16:12:53.498 ?[32mDEBUG?[m ?[35m4974?[m [    Test worker] ?[36mi.m.c.DefaultBeanContext                ?[m : Resolved bean candidates [] for type: interface io.netty.channel.ChannelOutboundHandler
2020-06-17 16:12:53.499 ?[32mDEBUG?[m ?[35m4974?[m [    Test worker] ?[36mi.m.c.DefaultBeanContext                ?[m : Found no possible candidate beans of type [io.netty.channel.ChannelOutboundHandler] for qualifier: null 
2020-06-17 16:12:53.500 ?[34mTRACE?[m ?[35m4974?[m [    Test worker] ?[36mi.m.c.DefaultBeanContext                ?[m : Looking up existing bean for key: io.micronaut.http.netty.channel.EventLoopGroupFactory
2020-06-17 16:12:53.501 ?[34mTRACE?[m ?[35m4974?[m [    Test worker] ?[36mi.m.c.DefaultBeanContext                ?[m : No existing bean found for bean key: io.micronaut.http.netty.channel.EventLoopGroupFactory
2020-06-17 16:12:53.501 ?[32mDEBUG?[m ?[35m4974?[m [    Test worker] ?[36mi.m.c.DefaultBeanContext                ?[m : Finding candidate beans for type: interface io.micronaut.http.netty.channel.EventLoopGroupFactory
2020-06-17 16:12:53.503 ?[32mDEBUG?[m ?[35m4974?[m [    Test worker] ?[36mi.m.c.DefaultBeanContext                ?[m : Resolved bean candidates [Definition: io.micronaut.http.netty.channel.NioEventLoopGroupFactory, Definition: io.micronaut.http.netty.channel.DefaultEventLoopGroupFactory] for type: interface io.micronaut.http.netty.channel.EventLoopGroupFactory
2020-06-17 16:12:53.504 ?[32mDEBUG?[m ?[35m4974?[m [    Test worker] ?[36mi.m.c.DefaultApplicationContext         ?[m : Finalized bean definitions candidates: [Definition: io.micronaut.http.netty.channel.NioEventLoopGroupFactory, Definition: io.micronaut.http.netty.channel.DefaultEventLoopGroupFactory]
2020-06-17 16:12:53.505 ?[32mDEBUG?[m ?[35m4974?[m [    Test worker] ?[36mi.m.c.DefaultBeanContext                ?[m : Searching for @Primary for type [io.micronaut.http.netty.channel.EventLoopGroupFactory] from candidates: [Definition: io.micronaut.http.netty.channel.NioEventLoopGroupFactory, Definition: io.micronaut.http.netty.channel.DefaultEventLoopGroupFactory] 
2020-06-17 16:12:53.505 ?[32mDEBUG?[m ?[35m4974?[m [    Test worker] ?[36mi.m.c.DefaultBeanContext                ?[m : Found concrete candidate [Definition: io.micronaut.http.netty.channel.DefaultEventLoopGroupFactory] for type: io.micronaut.http.netty.channel.EventLoopGroupFactory 
2020-06-17 16:12:53.506 ?[34mTRACE?[m ?[35m4974?[m [    Test worker] ?[36mi.m.c.DefaultBeanContext                ?[m : Looking up existing bean for key: io.micronaut.http.netty.channel.NioEventLoopGroupFactory
2020-06-17 16:12:53.506 ?[34mTRACE?[m ?[35m4974?[m [    Test worker] ?[36mi.m.c.DefaultBeanContext                ?[m : No existing bean found for bean key: io.micronaut.http.netty.channel.NioEventLoopGroupFactory
2020-06-17 16:12:53.507 ?[32mDEBUG?[m ?[35m4974?[m [    Test worker] ?[36mi.m.c.DefaultBeanContext                ?[m : Finding candidate beans for type: class io.micronaut.http.netty.channel.NioEventLoopGroupFactory
2020-06-17 16:12:53.508 ?[32mDEBUG?[m ?[35m4974?[m [    Test worker] ?[36mi.m.c.DefaultBeanContext                ?[m : Resolved bean candidates [Definition: io.micronaut.http.netty.channel.NioEventLoopGroupFactory] for type: class io.micronaut.http.netty.channel.NioEventLoopGroupFactory
2020-06-17 16:12:53.508 ?[32mDEBUG?[m ?[35m4974?[m [    Test worker] ?[36mi.m.c.DefaultApplicationContext         ?[m : Finalized bean definitions candidates: [Definition: io.micronaut.http.netty.channel.NioEventLoopGroupFactory]
2020-06-17 16:12:53.509 ?[32mDEBUG?[m ?[35m4974?[m [    Test worker] ?[36mi.m.c.DefaultBeanContext                ?[m : Found concrete candidate [Definition: io.micronaut.http.netty.channel.NioEventLoopGroupFactory] for type: io.micronaut.http.netty.channel.NioEventLoopGroupFactory 
2020-06-17 16:12:53.510 ?[32mDEBUG?[m ?[35m4974?[m [    Test worker] ?[36mi.m.c.DefaultBeanContext                ?[m : Created bean [io.micronaut.http.netty.channel.NioEventLoopGroupFactory@14191200] from definition [Definition: io.micronaut.http.netty.channel.NioEventLoopGroupFactory] with qualifier [null]
2020-06-17 16:12:53.511 ?[32mDEBUG?[m ?[35m4974?[m [    Test worker] ?[36mi.m.c.DefaultBeanContext                ?[m : Registering singleton bean io.micronaut.http.netty.channel.NioEventLoopGroupFactory@14191200 for type [io.micronaut.http.netty.channel.NioEventLoopGroupFactory] using bean key io.micronaut.http.netty.channel.NioEventLoopGroupFactory
2020-06-17 16:12:53.514 ?[34mTRACE?[m ?[35m4974?[m [    Test worker] ?[36mi.m.c.DefaultBeanContext                ?[m : Looking up existing bean for key: @Named('native') io.micronaut.http.netty.channel.EventLoopGroupFactory
2020-06-17 16:12:53.516 ?[34mTRACE?[m ?[35m4974?[m [    Test worker] ?[36mi.m.c.DefaultBeanContext                ?[m : No existing bean found for bean key: @Named('native') io.micronaut.http.netty.channel.EventLoopGroupFactory
2020-06-17 16:12:53.517 ?[32mDEBUG?[m ?[35m4974?[m [    Test worker] ?[36mi.m.c.DefaultBeanContext                ?[m : Finding candidate beans for type: interface io.micronaut.http.netty.channel.EventLoopGroupFactory
2020-06-17 16:12:53.518 ?[32mDEBUG?[m ?[35m4974?[m [    Test worker] ?[36mi.m.c.DefaultBeanContext                ?[m : Resolved bean candidates [Definition: io.micronaut.http.netty.channel.NioEventLoopGroupFactory, Definition: io.micronaut.http.netty.channel.DefaultEventLoopGroupFactory] for type: interface io.micronaut.http.netty.channel.EventLoopGroupFactory
2020-06-17 16:12:53.519 ?[32mDEBUG?[m ?[35m4974?[m [    Test worker] ?[36mi.m.c.DefaultApplicationContext         ?[m : Finalized bean definitions candidates: [Definition: io.micronaut.http.netty.channel.NioEventLoopGroupFactory, Definition: io.micronaut.http.netty.channel.DefaultEventLoopGroupFactory]
2020-06-17 16:12:53.519 ?[32mDEBUG?[m ?[35m4974?[m [    Test worker] ?[36mi.m.c.DefaultBeanContext                ?[m : Qualifying bean [io.micronaut.http.netty.channel.EventLoopGroupFactory] for qualifier: @Named('native') 
2020-06-17 16:12:53.520 ?[32mDEBUG?[m ?[35m4974?[m [    Test worker] ?[36mi.m.c.DefaultBeanContext                ?[m : No qualifying beans of type [io.micronaut.http.netty.channel.EventLoopGroupFactory] found for qualifier: @Named('native') 
2020-06-17 16:12:53.521 ?[32mDEBUG?[m ?[35m4974?[m [    Test worker] ?[36mi.m.c.DefaultBeanContext                ?[m : Created bean [io.micronaut.http.netty.channel.DefaultEventLoopGroupFactory@7fbe5be7] from definition [Definition: io.micronaut.http.netty.channel.DefaultEventLoopGroupFactory] with qualifier [null]
2020-06-17 16:12:53.521 ?[32mDEBUG?[m ?[35m4974?[m [    Test worker] ?[36mi.m.c.DefaultBeanContext                ?[m : Registering singleton bean io.micronaut.http.netty.channel.DefaultEventLoopGroupFactory@7fbe5be7 for type [io.micronaut.http.netty.channel.EventLoopGroupFactory] using bean key io.micronaut.http.netty.channel.DefaultEventLoopGroupFactory
2020-06-17 16:12:53.521 ?[34mTRACE?[m ?[35m4974?[m [    Test worker] ?[36mi.m.c.DefaultBeanContext                ?[m : Looking up existing bean for key: io.micronaut.http.netty.channel.EventLoopGroupRegistry
2020-06-17 16:12:53.522 ?[34mTRACE?[m ?[35m4974?[m [    Test worker] ?[36mi.m.c.DefaultBeanContext                ?[m : No existing bean found for bean key: io.micronaut.http.netty.channel.EventLoopGroupRegistry
2020-06-17 16:12:53.522 ?[32mDEBUG?[m ?[35m4974?[m [    Test worker] ?[36mi.m.c.DefaultBeanContext                ?[m : Finding candidate beans for type: interface io.micronaut.http.netty.channel.EventLoopGroupRegistry
2020-06-17 16:12:53.524 ?[32mDEBUG?[m ?[35m4974?[m [    Test worker] ?[36mi.m.c.DefaultBeanContext                ?[m : Resolved bean candidates [Definition: io.micronaut.http.netty.channel.DefaultEventLoopGroupRegistry] for type: interface io.micronaut.http.netty.channel.EventLoopGroupRegistry
2020-06-17 16:12:53.524 ?[32mDEBUG?[m ?[35m4974?[m [    Test worker] ?[36mi.m.c.DefaultApplicationContext         ?[m : Finalized bean definitions candidates: [Definition: io.micronaut.http.netty.channel.DefaultEventLoopGroupRegistry]
2020-06-17 16:12:53.524 ?[32mDEBUG?[m ?[35m4974?[m [    Test worker] ?[36mi.m.c.DefaultBeanContext                ?[m : Found concrete candidate [Definition: io.micronaut.http.netty.channel.DefaultEventLoopGroupRegistry] for type: io.micronaut.http.netty.channel.EventLoopGroupRegistry 
2020-06-17 16:12:53.525 ?[34mTRACE?[m ?[35m4974?[m [    Test worker] ?[36mi.m.c.DefaultBeanContext                ?[m : Looking up existing bean for key: io.micronaut.http.netty.channel.EventLoopGroupFactory
2020-06-17 16:12:53.525 ?[32mDEBUG?[m ?[35m4974?[m [    Test worker] ?[36mi.m.c.DefaultBeanContext                ?[m : Resolved existing bean [io.micronaut.http.netty.channel.DefaultEventLoopGroupFactory@7fbe5be7] for type [interface io.micronaut.http.netty.channel.EventLoopGroupFactory] and qualifier [null]
2020-06-17 16:12:53.526 ?[34mTRACE?[m ?[35m4974?[m [    Test worker] ?[36mi.m.c.DefaultBeanContext                ?[m : Looking up existing bean for key: @Named('netty') java.util.concurrent.ThreadFactory
2020-06-17 16:12:53.527 ?[32mDEBUG?[m ?[35m4974?[m [    Test worker] ?[36mi.m.c.DefaultBeanContext                ?[m : Resolved existing bean [io.micronaut.scheduling.instrument.ThreadFactoryInstrumenter$$Lambda$641/0x0000000800593840@46993391] for type [interface java.util.concurrent.ThreadFactory] and qualifier [@Named('netty')]
2020-06-17 16:12:53.528 ?[32mDEBUG?[m ?[35m4974?[m [    Test worker] ?[36mi.m.c.DefaultBeanContext                ?[m : Created bean [io.micronaut.http.netty.channel.DefaultEventLoopGroupRegistry@5bc3e0cd] from definition [Definition: io.micronaut.http.netty.channel.DefaultEventLoopGroupRegistry] with qualifier [null]
2020-06-17 16:12:53.531 ?[32mDEBUG?[m ?[35m4974?[m [    Test worker] ?[36mi.m.c.DefaultBeanContext                ?[m : Registering singleton bean io.micronaut.http.netty.channel.DefaultEventLoopGroupRegistry@5bc3e0cd for type [io.micronaut.http.netty.channel.EventLoopGroupRegistry] using bean key io.micronaut.http.netty.channel.DefaultEventLoopGroupRegistry
2020-06-17 16:12:53.532 ?[34mTRACE?[m ?[35m4974?[m [    Test worker] ?[36mi.m.c.DefaultBeanContext                ?[m : Looking up existing bean for key: io.micronaut.http.server.netty.HttpCompressionStrategy
2020-06-17 16:12:53.532 ?[34mTRACE?[m ?[35m4974?[m [    Test worker] ?[36mi.m.c.DefaultBeanContext                ?[m : No existing bean found for bean key: io.micronaut.http.server.netty.HttpCompressionStrategy
2020-06-17 16:12:53.532 ?[32mDEBUG?[m ?[35m4974?[m [    Test worker] ?[36mi.m.c.DefaultBeanContext                ?[m : Finding candidate beans for type: interface io.micronaut.http.server.netty.HttpCompressionStrategy
2020-06-17 16:12:53.534 ?[32mDEBUG?[m ?[35m4974?[m [    Test worker] ?[36mi.m.c.DefaultBeanContext                ?[m : Resolved bean candidates [Definition: io.micronaut.http.server.netty.DefaultHttpCompressionStrategy] for type: interface io.micronaut.http.server.netty.HttpCompressionStrategy
2020-06-17 16:12:53.534 ?[32mDEBUG?[m ?[35m4974?[m [    Test worker] ?[36mi.m.c.DefaultApplicationContext         ?[m : Finalized bean definitions candidates: [Definition: io.micronaut.http.server.netty.DefaultHttpCompressionStrategy]
2020-06-17 16:12:53.534 ?[32mDEBUG?[m ?[35m4974?[m [    Test worker] ?[36mi.m.c.DefaultBeanContext                ?[m : Found concrete candidate [Definition: io.micronaut.http.server.netty.DefaultHttpCompressionStrategy] for type: io.micronaut.http.server.netty.HttpCompressionStrategy 
2020-06-17 16:12:53.535 ?[34mTRACE?[m ?[35m4974?[m [    Test worker] ?[36mi.m.c.DefaultBeanContext                ?[m : Looking up existing bean for key: io.micronaut.http.server.netty.configuration.NettyHttpServerConfiguration
2020-06-17 16:12:53.535 ?[32mDEBUG?[m ?[35m4974?[m [    Test worker] ?[36mi.m.c.DefaultBeanContext                ?[m : Resolved existing bean [io.micronaut.http.server.netty.configuration.NettyHttpServerConfiguration@5b6975d0] for type [class io.micronaut.http.server.netty.configuration.NettyHttpServerConfiguration] and qualifier [null]
2020-06-17 16:12:53.535 ?[32mDEBUG?[m ?[35m4974?[m [    Test worker] ?[36mi.m.c.DefaultBeanContext                ?[m : Created bean [io.micronaut.http.server.netty.DefaultHttpCompressionStrategy@6c8c0704] from definition [Definition: io.micronaut.http.server.netty.DefaultHttpCompressionStrategy] with qualifier [null]
2020-06-17 16:12:53.536 ?[32mDEBUG?[m ?[35m4974?[m [    Test worker] ?[36mi.m.c.DefaultBeanContext                ?[m : Registering singleton bean io.micronaut.http.server.netty.DefaultHttpCompressionStrategy@6c8c0704 for type [io.micronaut.http.server.netty.HttpCompressionStrategy] using bean key io.micronaut.http.server.netty.DefaultHttpCompressionStrategy
2020-06-17 16:12:53.536 ?[34mTRACE?[m ?[35m4974?[m [    Test worker] ?[36mi.m.c.DefaultBeanContext                ?[m : Looking up existing bean for key: io.micronaut.http.server.netty.HttpContentProcessorResolver
2020-06-17 16:12:53.536 ?[34mTRACE?[m ?[35m4974?[m [    Test worker] ?[36mi.m.c.DefaultBeanContext                ?[m : No existing bean found for bean key: io.micronaut.http.server.netty.HttpContentProcessorResolver
2020-06-17 16:12:53.536 ?[32mDEBUG?[m ?[35m4974?[m [    Test worker] ?[36mi.m.c.DefaultBeanContext                ?[m : Finding candidate beans for type: interface io.micronaut.http.server.netty.HttpContentProcessorResolver
2020-06-17 16:12:53.537 ?[32mDEBUG?[m ?[35m4974?[m [    Test worker] ?[36mi.m.c.DefaultBeanContext                ?[m : Resolved bean candidates [Definition: io.micronaut.http.server.netty.DefaultHttpContentProcessorResolver] for type: interface io.micronaut.http.server.netty.HttpContentProcessorResolver
2020-06-17 16:12:53.537 ?[32mDEBUG?[m ?[35m4974?[m [    Test worker] ?[36mi.m.c.DefaultApplicationContext         ?[m : Finalized bean definitions candidates: [Definition: io.micronaut.http.server.netty.DefaultHttpContentProcessorResolver]
2020-06-17 16:12:53.537 ?[32mDEBUG?[m ?[35m4974?[m [    Test worker] ?[36mi.m.c.DefaultBeanContext                ?[m : Found concrete candidate [Definition: io.micronaut.http.server.netty.DefaultHttpContentProcessorResolver] for type: io.micronaut.http.server.netty.HttpContentProcessorResolver 
2020-06-17 16:12:53.538 ?[32mDEBUG?[m ?[35m4974?[m [    Test worker] ?[36mi.m.c.DefaultBeanContext                ?[m : Registering singleton bean io.micronaut.http.server.netty.DefaultHttpContentProcessorResolver@878fb6c for type [io.micronaut.http.server.netty.DefaultHttpContentProcessorResolver] using bean key io.micronaut.http.server.netty.DefaultHttpContentProcessorResolver
2020-06-17 16:12:53.539 ?[32mDEBUG?[m ?[35m4974?[m [    Test worker] ?[36mi.m.c.DefaultBeanContext                ?[m : Resolved existing bean [io.micronaut.http.server.netty.DefaultHttpContentProcessorResolver@878fb6c] for type [interface io.micronaut.http.server.netty.HttpContentProcessorResolver] and qualifier [null]
2020-06-17 16:12:53.540 ?[34mTRACE?[m ?[35m4974?[m [    Test worker] ?[36mi.m.c.DefaultBeanContext                ?[m : Looking up existing bean for key: io.micronaut.http.netty.channel.converters.ChannelOptionFactory
2020-06-17 16:12:53.540 ?[34mTRACE?[m ?[35m4974?[m [    Test worker] ?[36mi.m.c.DefaultBeanContext                ?[m : No existing bean found for bean key: io.micronaut.http.netty.channel.converters.ChannelOptionFactory
2020-06-17 16:12:53.541 ?[32mDEBUG?[m ?[35m4974?[m [    Test worker] ?[36mi.m.c.DefaultBeanContext                ?[m : Finding candidate beans for type: interface io.micronaut.http.netty.channel.converters.ChannelOptionFactory
2020-06-17 16:12:53.542 ?[32mDEBUG?[m ?[35m4974?[m [    Test worker] ?[36mi.m.c.DefaultBeanContext                ?[m : Finding candidate beans for type: class io.micronaut.http.netty.channel.converters.EpollChannelOptionFactory
2020-06-17 16:12:53.542 ?[32mDEBUG?[m ?[35m4974?[m [    Test worker] ?[36mi.m.c.DefaultBeanContext                ?[m : Resolved bean candidates [] for type: class io.micronaut.http.netty.channel.converters.EpollChannelOptionFactory
2020-06-17 16:12:53.543 ?[32mDEBUG?[m ?[35m4974?[m [    Test worker] ?[36mi.m.c.DefaultBeanContext                ?[m : Finding candidate beans for type: class io.micronaut.http.netty.channel.converters.KQueueChannelOptionFactory
2020-06-17 16:12:53.543 ?[32mDEBUG?[m ?[35m4974?[m [    Test worker] ?[36mi.m.c.DefaultBeanContext                ?[m : Resolved bean candidates [] for type: class io.micronaut.http.netty.channel.converters.KQueueChannelOptionFactory
2020-06-17 16:12:53.544 ?[32mDEBUG?[m ?[35m4974?[m [    Test worker] ?[36mi.m.c.DefaultBeanContext                ?[m : Resolved bean candidates [Definition: io.micronaut.http.netty.channel.converters.DefaultChannelOptionFactory] for type: interface io.micronaut.http.netty.channel.converters.ChannelOptionFactory
2020-06-17 16:12:53.545 ?[32mDEBUG?[m ?[35m4974?[m [    Test worker] ?[36mi.m.c.DefaultApplicationContext         ?[m : Finalized bean definitions candidates: [Definition: io.micronaut.http.netty.channel.converters.DefaultChannelOptionFactory]
2020-06-17 16:12:53.545 ?[32mDEBUG?[m ?[35m4974?[m [    Test worker] ?[36mi.m.c.DefaultBeanContext                ?[m : Found concrete candidate [Definition: io.micronaut.http.netty.channel.converters.DefaultChannelOptionFactory] for type: io.micronaut.http.netty.channel.converters.ChannelOptionFactory 
2020-06-17 16:12:53.546 ?[32mDEBUG?[m ?[35m4974?[m [    Test worker] ?[36mi.m.c.DefaultBeanContext                ?[m : Registering singleton bean io.micronaut.http.netty.channel.converters.DefaultChannelOptionFactory@40eaea7e for type [io.micronaut.http.netty.channel.converters.DefaultChannelOptionFactory] using bean key io.micronaut.http.netty.channel.converters.DefaultChannelOptionFactory
2020-06-17 16:12:53.546 ?[32mDEBUG?[m ?[35m4974?[m [    Test worker] ?[36mi.m.c.DefaultBeanContext                ?[m : Resolved existing bean [io.micronaut.http.netty.channel.converters.DefaultChannelOptionFactory@40eaea7e] for type [interface io.micronaut.http.netty.channel.converters.ChannelOptionFactory] and qualifier [null]
2020-06-17 16:12:53.596 ?[32mDEBUG?[m ?[35m4974?[m [    Test worker] ?[36mi.m.c.DefaultBeanContext                ?[m : Created bean [io.micronaut.http.server.netty.NettyHttpServer@12445fed] from definition [Definition: io.micronaut.http.server.netty.NettyHttpServer] with qualifier [null]
2020-06-17 16:12:53.597 ?[32mDEBUG?[m ?[35m4974?[m [    Test worker] ?[36mi.m.c.DefaultBeanContext                ?[m : Registering singleton bean io.micronaut.http.server.netty.NettyHttpServer@12445fed for type [io.micronaut.runtime.EmbeddedApplication] using bean key io.micronaut.http.server.netty.NettyHttpServer
2020-06-17 16:12:53.597 ?[34mTRACE?[m ?[35m4974?[m [    Test worker] ?[36mi.m.c.DefaultBeanContext                ?[m : Looking up existing bean for key: @Named('default') io.micronaut.http.netty.channel.EventLoopGroupConfiguration
2020-06-17 16:12:53.597 ?[34mTRACE?[m ?[35m4974?[m [    Test worker] ?[36mi.m.c.DefaultBeanContext                ?[m : No existing bean found for bean key: @Named('default') io.micronaut.http.netty.channel.EventLoopGroupConfiguration
2020-06-17 16:12:53.598 ?[32mDEBUG?[m ?[35m4974?[m [    Test worker] ?[36mi.m.c.DefaultBeanContext                ?[m : Finding candidate beans for type: interface io.micronaut.http.netty.channel.EventLoopGroupConfiguration
2020-06-17 16:12:53.598 ?[32mDEBUG?[m ?[35m4974?[m [    Test worker] ?[36mi.m.c.DefaultBeanContext                ?[m : Resolved bean candidates [Definition: io.micronaut.http.server.netty.configuration.NettyHttpServerConfiguration$Parent, Definition: io.micronaut.http.server.netty.configuration.NettyHttpServerConfiguration$Worker, Definition: io.micronaut.http.netty.channel.DefaultEventLoopGroupConfiguration] for type: interface io.micronaut.http.netty.channel.EventLoopGroupConfiguration
2020-06-17 16:12:53.599 ?[32mDEBUG?[m ?[35m4974?[m [    Test worker] ?[36mi.m.c.DefaultApplicationContext         ?[m : Finalized bean definitions candidates: [Definition: io.micronaut.http.server.netty.configuration.NettyHttpServerConfiguration$Parent, Definition: io.micronaut.http.server.netty.configuration.NettyHttpServerConfiguration$Worker]
2020-06-17 16:12:53.599 ?[32mDEBUG?[m ?[35m4974?[m [    Test worker] ?[36mi.m.c.DefaultBeanContext                ?[m : Qualifying bean [io.micronaut.http.netty.channel.EventLoopGroupConfiguration] for qualifier: @Named('default') 
2020-06-17 16:12:53.599 ?[32mDEBUG?[m ?[35m4974?[m [    Test worker] ?[36mi.m.c.DefaultBeanContext                ?[m : No qualifying beans of type [io.micronaut.http.netty.channel.EventLoopGroupConfiguration] found for qualifier: @Named('default') 
2020-06-17 16:12:53.600 ?[34mTRACE?[m ?[35m4974?[m [    Test worker] ?[36mi.m.c.DefaultBeanContext                ?[m : Looking up existing bean for key: io.netty.channel.EventLoopGroup
2020-06-17 16:12:53.600 ?[34mTRACE?[m ?[35m4974?[m [    Test worker] ?[36mi.m.c.DefaultBeanContext                ?[m : No existing bean found for bean key: io.netty.channel.EventLoopGroup
2020-06-17 16:12:53.600 ?[32mDEBUG?[m ?[35m4974?[m [    Test worker] ?[36mi.m.c.DefaultBeanContext                ?[m : Finding candidate beans for type: interface io.netty.channel.EventLoopGroup
2020-06-17 16:12:53.601 ?[32mDEBUG?[m ?[35m4974?[m [    Test worker] ?[36mi.m.c.DefaultBeanContext                ?[m : Resolved bean candidates [Definition: io.micronaut.http.netty.channel.DefaultEventLoopGroupRegistry, Definition: io.micronaut.http.netty.channel.DefaultEventLoopGroupRegistry] for type: interface io.netty.channel.EventLoopGroup
2020-06-17 16:12:53.601 ?[32mDEBUG?[m ?[35m4974?[m [    Test worker] ?[36mi.m.c.DefaultBeanContext                ?[m : Finding candidate beans for type: interface io.micronaut.http.netty.channel.EventLoopGroupConfiguration
2020-06-17 16:12:53.602 ?[32mDEBUG?[m ?[35m4974?[m [    Test worker] ?[36mi.m.c.DefaultBeanContext                ?[m : Resolved bean candidates [Definition: io.micronaut.http.server.netty.configuration.NettyHttpServerConfiguration$Parent, Definition: io.micronaut.http.server.netty.configuration.NettyHttpServerConfiguration$Worker, Definition: io.micronaut.http.netty.channel.DefaultEventLoopGroupConfiguration] for type: interface io.micronaut.http.netty.channel.EventLoopGroupConfiguration
2020-06-17 16:12:53.602 ?[32mDEBUG?[m ?[35m4974?[m [    Test worker] ?[36mi.m.c.DefaultApplicationContext         ?[m : Finalized bean definitions candidates: [Definition: io.micronaut.http.server.netty.configuration.NettyHttpServerConfiguration$Parent, Definition: io.micronaut.http.server.netty.configuration.NettyHttpServerConfiguration$Worker]
2020-06-17 16:12:53.603 ?[32mDEBUG?[m ?[35m4974?[m [    Test worker] ?[36mi.m.c.DefaultApplicationContext         ?[m : Finalized bean definitions candidates: [Definition: io.micronaut.http.netty.channel.DefaultEventLoopGroupRegistry]
2020-06-17 16:12:53.603 ?[32mDEBUG?[m ?[35m4974?[m [    Test worker] ?[36mi.m.c.DefaultBeanContext                ?[m : Found concrete candidate [Definition: io.micronaut.http.netty.channel.DefaultEventLoopGroupRegistry] for type: io.netty.channel.EventLoopGroup 
2020-06-17 16:12:53.603 ?[34mTRACE?[m ?[35m4974?[m [    Test worker] ?[36mi.m.c.DefaultBeanContext                ?[m : Looking up existing bean for key: io.micronaut.http.netty.channel.DefaultEventLoopGroupRegistry
2020-06-17 16:12:53.604 ?[32mDEBUG?[m ?[35m4974?[m [    Test worker] ?[36mi.m.c.DefaultBeanContext                ?[m : Resolved existing bean [io.micronaut.http.netty.channel.DefaultEventLoopGroupRegistry@5bc3e0cd] for type [class io.micronaut.http.netty.channel.DefaultEventLoopGroupRegistry] and qualifier [null]
2020-06-17 16:12:53.608 ?[32mDEBUG?[m ?[35m4974?[m [    Test worker] ?[36mi.n.c.MultithreadEventLoopGroup         ?[m : -Dio.netty.eventLoopThreads: 16
2020-06-17 16:12:53.622 ?[32mDEBUG?[m ?[35m4974?[m [    Test worker] ?[36mi.n.c.n.NioEventLoop                    ?[m : -Dio.netty.noKeySetOptimization: false
2020-06-17 16:12:53.625 ?[32mDEBUG?[m ?[35m4974?[m [    Test worker] ?[36mi.n.c.n.NioEventLoop                    ?[m : -Dio.netty.selectorAutoRebuildThreshold: 512
2020-06-17 16:12:53.644 ?[32mDEBUG?[m ?[35m4974?[m [    Test worker] ?[36mi.n.u.i.PlatformDependent$Mpsc          ?[m : org.jctools-core.MpscChunkedArrayQueue: available
2020-06-17 16:12:53.651 ?[34mTRACE?[m ?[35m4974?[m [    Test worker] ?[36mi.n.c.n.NioEventLoop                    ?[m : instrumented a special java.util.Set into: sun.nio.ch.KQueueSelectorImpl@6be043cb
2020-06-17 16:12:53.652 ?[34mTRACE?[m ?[35m4974?[m [    Test worker] ?[36mi.n.c.n.NioEventLoop                    ?[m : instrumented a special java.util.Set into: sun.nio.ch.KQueueSelectorImpl@4e26c133
2020-06-17 16:12:53.654 ?[34mTRACE?[m ?[35m4974?[m [    Test worker] ?[36mi.n.c.n.NioEventLoop                    ?[m : instrumented a special java.util.Set into: sun.nio.ch.KQueueSelectorImpl@487747a8
2020-06-17 16:12:53.655 ?[34mTRACE?[m ?[35m4974?[m [    Test worker] ?[36mi.n.c.n.NioEventLoop                    ?[m : instrumented a special java.util.Set into: sun.nio.ch.KQueueSelectorImpl@7b80be20
2020-06-17 16:12:53.657 ?[34mTRACE?[m ?[35m4974?[m [    Test worker] ?[36mi.n.c.n.NioEventLoop                    ?[m : instrumented a special java.util.Set into: sun.nio.ch.KQueueSelectorImpl@1e86604c
2020-06-17 16:12:53.659 ?[34mTRACE?[m ?[35m4974?[m [    Test worker] ?[36mi.n.c.n.NioEventLoop                    ?[m : instrumented a special java.util.Set into: sun.nio.ch.KQueueSelectorImpl@665105f6
2020-06-17 16:12:53.660 ?[34mTRACE?[m ?[35m4974?[m [    Test worker] ?[36mi.n.c.n.NioEventLoop                    ?[m : instrumented a special java.util.Set into: sun.nio.ch.KQueueSelectorImpl@14694493
2020-06-17 16:12:53.660 ?[34mTRACE?[m ?[35m4974?[m [    Test worker] ?[36mi.n.c.n.NioEventLoop                    ?[m : instrumented a special java.util.Set into: sun.nio.ch.KQueueSelectorImpl@6a668980
2020-06-17 16:12:53.661 ?[34mTRACE?[m ?[35m4974?[m [    Test worker] ?[36mi.n.c.n.NioEventLoop                    ?[m : instrumented a special java.util.Set into: sun.nio.ch.KQueueSelectorImpl@474f0080
2020-06-17 16:12:53.661 ?[34mTRACE?[m ?[35m4974?[m [    Test worker] ?[36mi.n.c.n.NioEventLoop                    ?[m : instrumented a special java.util.Set into: sun.nio.ch.KQueueSelectorImpl@29dfd32a
2020-06-17 16:12:53.662 ?[34mTRACE?[m ?[35m4974?[m [    Test worker] ?[36mi.n.c.n.NioEventLoop                    ?[m : instrumented a special java.util.Set into: sun.nio.ch.KQueueSelectorImpl@77cc475e
2020-06-17 16:12:53.663 ?[34mTRACE?[m ?[35m4974?[m [    Test worker] ?[36mi.n.c.n.NioEventLoop                    ?[m : instrumented a special java.util.Set into: sun.nio.ch.KQueueSelectorImpl@29b8eaae
2020-06-17 16:12:53.663 ?[34mTRACE?[m ?[35m4974?[m [    Test worker] ?[36mi.n.c.n.NioEventLoop                    ?[m : instrumented a special java.util.Set into: sun.nio.ch.KQueueSelectorImpl@164ca419
2020-06-17 16:12:53.663 ?[34mTRACE?[m ?[35m4974?[m [    Test worker] ?[36mi.n.c.n.NioEventLoop                    ?[m : instrumented a special java.util.Set into: sun.nio.ch.KQueueSelectorImpl@41dd7379
2020-06-17 16:12:53.664 ?[34mTRACE?[m ?[35m4974?[m [    Test worker] ?[36mi.n.c.n.NioEventLoop                    ?[m : instrumented a special java.util.Set into: sun.nio.ch.KQueueSelectorImpl@543e3aab
2020-06-17 16:12:53.665 ?[34mTRACE?[m ?[35m4974?[m [    Test worker] ?[36mi.n.c.n.NioEventLoop                    ?[m : instrumented a special java.util.Set into: sun.nio.ch.KQueueSelectorImpl@3a3d4718
2020-06-17 16:12:53.666 ?[32mDEBUG?[m ?[35m4974?[m [    Test worker] ?[36mi.m.c.DefaultBeanContext                ?[m : Created bean [io.netty.channel.nio.NioEventLoopGroup@517030de] from definition [Definition: io.micronaut.http.netty.channel.DefaultEventLoopGroupRegistry] with qualifier [null]
2020-06-17 16:12:53.666 ?[32mDEBUG?[m ?[35m4974?[m [    Test worker] ?[36mi.m.c.DefaultBeanContext                ?[m : Registering singleton bean io.netty.channel.nio.NioEventLoopGroup@517030de for type [io.netty.channel.EventLoopGroup] using bean key io.netty.channel.EventLoopGroup
2020-06-17 16:12:53.667 ?[34mTRACE?[m ?[35m4974?[m [    Test worker] ?[36mi.m.c.DefaultBeanContext                ?[m : Looking up existing bean for key: @Named('parent') io.netty.channel.EventLoopGroup
2020-06-17 16:12:53.667 ?[34mTRACE?[m ?[35m4974?[m [    Test worker] ?[36mi.m.c.DefaultBeanContext                ?[m : No existing bean found for bean key: @Named('parent') io.netty.channel.EventLoopGroup
2020-06-17 16:12:53.668 ?[32mDEBUG?[m ?[35m4974?[m [    Test worker] ?[36mi.m.c.DefaultBeanContext                ?[m : Finding candidate beans for type: interface io.netty.channel.EventLoopGroup
2020-06-17 16:12:53.669 ?[32mDEBUG?[m ?[35m4974?[m [    Test worker] ?[36mi.m.c.DefaultBeanContext                ?[m : Resolved bean candidates [Definition: io.micronaut.http.netty.channel.DefaultEventLoopGroupRegistry, Definition: io.micronaut.http.netty.channel.DefaultEventLoopGroupRegistry] for type: interface io.netty.channel.EventLoopGroup
2020-06-17 16:12:53.669 ?[32mDEBUG?[m ?[35m4974?[m [    Test worker] ?[36mi.m.c.DefaultBeanContext                ?[m : Finding candidate beans for type: interface io.micronaut.http.netty.channel.EventLoopGroupConfiguration
2020-06-17 16:12:53.671 ?[32mDEBUG?[m ?[35m4974?[m [    Test worker] ?[36mi.m.c.DefaultBeanContext                ?[m : Resolved bean candidates [Definition: io.micronaut.http.server.netty.configuration.NettyHttpServerConfiguration$Parent, Definition: io.micronaut.http.server.netty.configuration.NettyHttpServerConfiguration$Worker, Definition: io.micronaut.http.netty.channel.DefaultEventLoopGroupConfiguration] for type: interface io.micronaut.http.netty.channel.EventLoopGroupConfiguration
2020-06-17 16:12:53.671 ?[32mDEBUG?[m ?[35m4974?[m [    Test worker] ?[36mi.m.c.DefaultApplicationContext         ?[m : Finalized bean definitions candidates: [Definition: io.micronaut.http.server.netty.configuration.NettyHttpServerConfiguration$Parent, Definition: io.micronaut.http.server.netty.configuration.NettyHttpServerConfiguration$Worker]
2020-06-17 16:12:53.671 ?[32mDEBUG?[m ?[35m4974?[m [    Test worker] ?[36mi.m.c.DefaultApplicationContext         ?[m : Finalized bean definitions candidates: [Definition: io.micronaut.http.netty.channel.DefaultEventLoopGroupRegistry]
2020-06-17 16:12:53.672 ?[32mDEBUG?[m ?[35m4974?[m [    Test worker] ?[36mi.m.c.DefaultBeanContext                ?[m : Qualifying bean [io.netty.channel.EventLoopGroup] for qualifier: @Named('parent') 
2020-06-17 16:12:53.672 ?[32mDEBUG?[m ?[35m4974?[m [    Test worker] ?[36mi.m.c.DefaultBeanContext                ?[m : No qualifying beans of type [io.netty.channel.EventLoopGroup] found for qualifier: @Named('parent') 
2020-06-17 16:12:53.673 ?[34mTRACE?[m ?[35m4974?[m [    Test worker] ?[36mi.n.c.n.NioEventLoop                    ?[m : instrumented a special java.util.Set into: sun.nio.ch.KQueueSelectorImpl@489b4bbd
2020-06-17 16:12:53.673 ?[34mTRACE?[m ?[35m4974?[m [    Test worker] ?[36mi.n.c.n.NioEventLoop                    ?[m : instrumented a special java.util.Set into: sun.nio.ch.KQueueSelectorImpl@252703ac
2020-06-17 16:12:53.674 ?[34mTRACE?[m ?[35m4974?[m [    Test worker] ?[36mi.n.c.n.NioEventLoop                    ?[m : instrumented a special java.util.Set into: sun.nio.ch.KQueueSelectorImpl@229dffe2
2020-06-17 16:12:53.674 ?[34mTRACE?[m ?[35m4974?[m [    Test worker] ?[36mi.n.c.n.NioEventLoop                    ?[m : instrumented a special java.util.Set into: sun.nio.ch.KQueueSelectorImpl@6b9c8a2b
2020-06-17 16:12:53.675 ?[34mTRACE?[m ?[35m4974?[m [    Test worker] ?[36mi.n.c.n.NioEventLoop                    ?[m : instrumented a special java.util.Set into: sun.nio.ch.KQueueSelectorImpl@7948f246
2020-06-17 16:12:53.676 ?[34mTRACE?[m ?[35m4974?[m [    Test worker] ?[36mi.n.c.n.NioEventLoop                    ?[m : instrumented a special java.util.Set into: sun.nio.ch.KQueueSelectorImpl@64efb4a0
2020-06-17 16:12:53.676 ?[34mTRACE?[m ?[35m4974?[m [    Test worker] ?[36mi.n.c.n.NioEventLoop                    ?[m : instrumented a special java.util.Set into: sun.nio.ch.KQueueSelectorImpl@29403530
2020-06-17 16:12:53.676 ?[34mTRACE?[m ?[35m4974?[m [    Test worker] ?[36mi.n.c.n.NioEventLoop                    ?[m : instrumented a special java.util.Set into: sun.nio.ch.KQueueSelectorImpl@26823fe1
2020-06-17 16:12:53.677 ?[34mTRACE?[m ?[35m4974?[m [    Test worker] ?[36mi.n.c.n.NioEventLoop                    ?[m : instrumented a special java.util.Set into: sun.nio.ch.KQueueSelectorImpl@18e633b5
2020-06-17 16:12:53.677 ?[34mTRACE?[m ?[35m4974?[m [    Test worker] ?[36mi.n.c.n.NioEventLoop                    ?[m : instrumented a special java.util.Set into: sun.nio.ch.KQueueSelectorImpl@1b5cebd
2020-06-17 16:12:53.677 ?[34mTRACE?[m ?[35m4974?[m [    Test worker] ?[36mi.n.c.n.NioEventLoop                    ?[m : instrumented a special java.util.Set into: sun.nio.ch.KQueueSelectorImpl@29f4920e
2020-06-17 16:12:53.678 ?[34mTRACE?[m ?[35m4974?[m [    Test worker] ?[36mi.n.c.n.NioEventLoop                    ?[m : instrumented a special java.util.Set into: sun.nio.ch.KQueueSelectorImpl@1e3ecde6
2020-06-17 16:12:53.678 ?[34mTRACE?[m ?[35m4974?[m [    Test worker] ?[36mi.n.c.n.NioEventLoop                    ?[m : instrumented a special java.util.Set into: sun.nio.ch.KQueueSelectorImpl@376c2e0f
2020-06-17 16:12:53.678 ?[34mTRACE?[m ?[35m4974?[m [    Test worker] ?[36mi.n.c.n.NioEventLoop                    ?[m : instrumented a special java.util.Set into: sun.nio.ch.KQueueSelectorImpl@1803ce79
2020-06-17 16:12:53.678 ?[34mTRACE?[m ?[35m4974?[m [    Test worker] ?[36mi.n.c.n.NioEventLoop                    ?[m : instrumented a special java.util.Set into: sun.nio.ch.KQueueSelectorImpl@156a5b95
2020-06-17 16:12:53.679 ?[34mTRACE?[m ?[35m4974?[m [    Test worker] ?[36mi.n.c.n.NioEventLoop                    ?[m : instrumented a special java.util.Set into: sun.nio.ch.KQueueSelectorImpl@7dd3e523
2020-06-17 16:12:53.705 ?[32mDEBUG?[m ?[35m4974?[m [    Test worker] ?[36mi.m.h.s.n.NettyHttpServer               ?[m : Binding server to *:64173
2020-06-17 16:12:53.718 ?[32mDEBUG?[m ?[35m4974?[m [    Test worker] ?[36mi.n.c.DefaultChannelId                  ?[m : -Dio.netty.processId: 4974 (auto-detected)
2020-06-17 16:12:53.722 ?[32mDEBUG?[m ?[35m4974?[m [    Test worker] ?[36mi.n.u.NetUtil                           ?[m : -Djava.net.preferIPv4Stack: false
2020-06-17 16:12:53.723 ?[32mDEBUG?[m ?[35m4974?[m [    Test worker] ?[36mi.n.u.NetUtil                           ?[m : -Djava.net.preferIPv6Addresses: false
2020-06-17 16:12:53.726 ?[32mDEBUG?[m ?[35m4974?[m [    Test worker] ?[36mi.n.u.NetUtil                           ?[m : Loopback interface: lo0 (lo0, 0:0:0:0:0:0:0:1%lo0)
2020-06-17 16:12:53.727 ?[32mDEBUG?[m ?[35m4974?[m [    Test worker] ?[36mi.n.u.NetUtil$1                         ?[m : Failed to get SOMAXCONN from sysctl and file /proc/sys/net/core/somaxconn. Default: 128
2020-06-17 16:12:53.732 ?[32mDEBUG?[m ?[35m4974?[m [    Test worker] ?[36mi.n.c.DefaultChannelId                  ?[m : -Dio.netty.machineId: ac:de:48:ff:fe:00:11:22 (auto-detected)
2020-06-17 16:12:53.778 ?[32mDEBUG?[m ?[35m4974?[m [    Test worker] ?[36mi.m.c.DefaultBeanContext                ?[m : Publishing event: io.micronaut.runtime.server.event.ServerStartupEvent[source=io.micronaut.http.server.netty.NettyHttpServer@12445fed]
2020-06-17 16:12:53.778 ?[32mDEBUG?[m ?[35m4974?[m [    Test worker] ?[36mi.m.c.DefaultBeanContext                ?[m : Resolving beans for type: <ServerStartupEvent> io.micronaut.context.event.ApplicationEventListener 
2020-06-17 16:12:53.779 ?[34mTRACE?[m ?[35m4974?[m [    Test worker] ?[36mi.m.c.DefaultBeanContext                ?[m : Looking up existing beans for key: <ServerStartupEvent> io.micronaut.context.event.ApplicationEventListener
2020-06-17 16:12:53.780 ?[34mTRACE?[m ?[35m4974?[m [    Test worker] ?[36mi.m.c.DefaultBeanContext                ?[m : No beans found for key: <ServerStartupEvent> io.micronaut.context.event.ApplicationEventListener
2020-06-17 16:12:53.780 ?[32mDEBUG?[m ?[35m4974?[m [    Test worker] ?[36mi.m.c.DefaultBeanContext                ?[m : Qualifying bean [io.micronaut.context.event.ApplicationEventListener] from candidates [Definition: io.micronaut.runtime.http.scope.RequestCustomScope, Definition: io.micronaut.runtime.context.scope.refresh.RefreshScope] for qualifier: <ServerStartupEvent> 
2020-06-17 16:12:53.781 ?[34mTRACE?[m ?[35m4974?[m [    Test worker] ?[36mi.m.i.q.TypeArgumentQualifier           ?[m : Bean type interface io.micronaut.context.event.ApplicationEventListener is not compatible with candidate generic types [class io.micronaut.http.context.event.HttpRequestTerminatedEvent] of candidate Definition: io.micronaut.runtime.http.scope.RequestCustomScope
2020-06-17 16:12:53.781 ?[34mTRACE?[m ?[35m4974?[m [    Test worker] ?[36mi.m.i.q.TypeArgumentQualifier           ?[m : Bean type interface io.micronaut.context.event.ApplicationEventListener is not compatible with candidate generic types [class io.micronaut.runtime.context.scope.refresh.RefreshEvent] of candidate Definition: io.micronaut.runtime.context.scope.refresh.RefreshScope
2020-06-17 16:12:53.781 ?[32mDEBUG?[m ?[35m4974?[m [    Test worker] ?[36mi.m.c.DefaultBeanContext                ?[m : Found no matching beans of type [io.micronaut.context.event.ApplicationEventListener] for qualifier: <ServerStartupEvent> 
2020-06-17 16:12:53.782 ?[34mTRACE?[m ?[35m4974?[m [    Test worker] ?[36mi.m.c.DefaultBeanContext                ?[m : Looking up existing bean for key: io.micronaut.runtime.context.scope.refresh.RefreshScope
2020-06-17 16:12:53.782 ?[34mTRACE?[m ?[35m4974?[m [    Test worker] ?[36mi.m.c.DefaultBeanContext                ?[m : No existing bean found for bean key: io.micronaut.runtime.context.scope.refresh.RefreshScope
2020-06-17 16:12:53.782 ?[32mDEBUG?[m ?[35m4974?[m [    Test worker] ?[36mi.m.c.DefaultBeanContext                ?[m : Finding candidate beans for type: class io.micronaut.runtime.context.scope.refresh.RefreshScope
2020-06-17 16:12:53.783 ?[32mDEBUG?[m ?[35m4974?[m [    Test worker] ?[36mi.m.c.DefaultBeanContext                ?[m : Resolved bean candidates [Definition: io.micronaut.runtime.context.scope.refresh.RefreshScope] for type: class io.micronaut.runtime.context.scope.refresh.RefreshScope
2020-06-17 16:12:53.783 ?[32mDEBUG?[m ?[35m4974?[m [    Test worker] ?[36mi.m.c.DefaultApplicationContext         ?[m : Finalized bean definitions candidates: [Definition: io.micronaut.runtime.context.scope.refresh.RefreshScope]
2020-06-17 16:12:53.784 ?[32mDEBUG?[m ?[35m4974?[m [    Test worker] ?[36mi.m.c.DefaultBeanContext                ?[m : Found concrete candidate [Definition: io.micronaut.runtime.context.scope.refresh.RefreshScope] for type: io.micronaut.runtime.context.scope.refresh.RefreshScope 
2020-06-17 16:12:53.785 ?[34mTRACE?[m ?[35m4974?[m [    Test worker] ?[36mi.m.c.DefaultBeanContext                ?[m : Looking up existing bean for key: @Named('io') java.util.concurrent.Executor
2020-06-17 16:12:53.785 ?[34mTRACE?[m ?[35m4974?[m [    Test worker] ?[36mi.m.c.DefaultBeanContext                ?[m : No existing bean found for bean key: @Named('io') java.util.concurrent.Executor
2020-06-17 16:12:53.785 ?[32mDEBUG?[m ?[35m4974?[m [    Test worker] ?[36mi.m.c.DefaultBeanContext                ?[m : Finding candidate beans for type: interface java.util.concurrent.Executor
2020-06-17 16:12:53.786 ?[32mDEBUG?[m ?[35m4974?[m [    Test worker] ?[36mi.m.c.DefaultBeanContext                ?[m : Resolved bean candidates [Definition: io.micronaut.http.netty.channel.DefaultEventLoopGroupRegistry, Definition: io.micronaut.scheduling.executor.ExecutorFactory, Definition: io.micronaut.http.netty.channel.DefaultEventLoopGroupRegistry] for type: interface java.util.concurrent.Executor
2020-06-17 16:12:53.786 ?[32mDEBUG?[m ?[35m4974?[m [    Test worker] ?[36mi.m.c.DefaultBeanContext                ?[m : Finding candidate beans for type: interface io.micronaut.scheduling.executor.ExecutorConfiguration
2020-06-17 16:12:53.787 ?[32mDEBUG?[m ?[35m4974?[m [    Test worker] ?[36mi.m.c.DefaultBeanContext                ?[m : Resolved bean candidates [Definition: io.micronaut.scheduling.executor.ScheduledExecutorServiceConfig, Definition: io.micronaut.scheduling.executor.UserExecutorConfiguration, Definition: io.micronaut.scheduling.executor.IOExecutorServiceConfig] for type: interface io.micronaut.scheduling.executor.ExecutorConfiguration
2020-06-17 16:12:53.787 ?[32mDEBUG?[m ?[35m4974?[m [    Test worker] ?[36mi.m.c.DefaultApplicationContext         ?[m : Finalized bean definitions candidates: [Definition: io.micronaut.scheduling.executor.ScheduledExecutorServiceConfig, Definition: io.micronaut.scheduling.executor.IOExecutorServiceConfig]
2020-06-17 16:12:53.788 ?[32mDEBUG?[m ?[35m4974?[m [    Test worker] ?[36mi.m.c.DefaultBeanContext                ?[m : Finding candidate beans for type: interface io.micronaut.http.netty.channel.EventLoopGroupConfiguration
2020-06-17 16:12:53.789 ?[32mDEBUG?[m ?[35m4974?[m [    Test worker] ?[36mi.m.c.DefaultBeanContext                ?[m : Resolved bean candidates [Definition: io.micronaut.http.server.netty.configuration.NettyHttpServerConfiguration$Parent, Definition: io.micronaut.http.server.netty.configuration.NettyHttpServerConfiguration$Worker, Definition: io.micronaut.http.netty.channel.DefaultEventLoopGroupConfiguration] for type: interface io.micronaut.http.netty.channel.EventLoopGroupConfiguration
2020-06-17 16:12:53.790 ?[32mDEBUG?[m ?[35m4974?[m [    Test worker] ?[36mi.m.c.DefaultApplicationContext         ?[m : Finalized bean definitions candidates: [Definition: io.micronaut.http.server.netty.configuration.NettyHttpServerConfiguration$Parent, Definition: io.micronaut.http.server.netty.configuration.NettyHttpServerConfiguration$Worker]
2020-06-17 16:12:53.793 ?[32mDEBUG?[m ?[35m4974?[m [    Test worker] ?[36mi.m.c.DefaultApplicationContext         ?[m : Finalized bean definitions candidates: [Definition: io.micronaut.http.netty.channel.DefaultEventLoopGroupRegistry, Definition: io.micronaut.scheduling.executor.ExecutorFactory, Definition: io.micronaut.scheduling.executor.ExecutorFactory]
2020-06-17 16:12:53.793 ?[32mDEBUG?[m ?[35m4974?[m [    Test worker] ?[36mi.m.c.DefaultBeanContext                ?[m : Qualifying bean [java.util.concurrent.Executor] for qualifier: @Named('io') 
2020-06-17 16:12:53.794 ?[32mDEBUG?[m ?[35m4974?[m [    Test worker] ?[36mi.m.c.DefaultBeanContext                ?[m : Found concrete candidate [Definition: io.micronaut.scheduling.executor.ExecutorFactory] for type: @Named('io') java.util.concurrent.Executor 
2020-06-17 16:12:53.797 ?[34mTRACE?[m ?[35m4974?[m [    Test worker] ?[36mi.m.c.DefaultBeanContext                ?[m : Looking up existing bean for key: io.micronaut.scheduling.executor.ExecutorFactory
2020-06-17 16:12:53.797 ?[34mTRACE?[m ?[35m4974?[m [    Test worker] ?[36mi.m.c.DefaultBeanContext                ?[m : No existing bean found for bean key: io.micronaut.scheduling.executor.ExecutorFactory
2020-06-17 16:12:53.808 ?[32mDEBUG?[m ?[35m4974?[m [    Test worker] ?[36mi.m.c.DefaultBeanContext                ?[m : Finding candidate beans for type: class io.micronaut.scheduling.executor.ExecutorFactory
2020-06-17 16:12:53.809 ?[32mDEBUG?[m ?[35m4974?[m [    Test worker] ?[36mi.m.c.DefaultBeanContext                ?[m : Resolved bean candidates [Definition: io.micronaut.scheduling.executor.ExecutorFactory] for type: class io.micronaut.scheduling.executor.ExecutorFactory
2020-06-17 16:12:53.810 ?[32mDEBUG?[m ?[35m4974?[m [    Test worker] ?[36mi.m.c.DefaultApplicationContext         ?[m : Finalized bean definitions candidates: [Definition: io.micronaut.scheduling.executor.ExecutorFactory]
2020-06-17 16:12:53.810 ?[32mDEBUG?[m ?[35m4974?[m [    Test worker] ?[36mi.m.c.DefaultBeanContext                ?[m : Found concrete candidate [Definition: io.micronaut.scheduling.executor.ExecutorFactory] for type: io.micronaut.scheduling.executor.ExecutorFactory 
2020-06-17 16:12:53.811 ?[34mTRACE?[m ?[35m4974?[m [    Test worker] ?[36mi.m.c.DefaultBeanContext                ?[m : Looking up existing bean for key: java.util.concurrent.ThreadFactory
2020-06-17 16:12:53.811 ?[34mTRACE?[m ?[35m4974?[m [    Test worker] ?[36mi.m.c.DefaultBeanContext                ?[m : No existing bean found for bean key: java.util.concurrent.ThreadFactory
2020-06-17 16:12:53.812 ?[32mDEBUG?[m ?[35m4974?[m [    Test worker] ?[36mi.m.c.DefaultBeanContext                ?[m : Finding candidate beans for type: interface java.util.concurrent.ThreadFactory
2020-06-17 16:12:53.813 ?[32mDEBUG?[m ?[35m4974?[m [    Test worker] ?[36mi.m.c.DefaultBeanContext                ?[m : Resolved bean candidates [Definition: io.micronaut.http.netty.channel.NettyThreadFactory, Definition: io.micronaut.scheduling.executor.DefaultThreadFactory] for type: interface java.util.concurrent.ThreadFactory
2020-06-17 16:12:53.813 ?[32mDEBUG?[m ?[35m4974?[m [    Test worker] ?[36mi.m.c.DefaultApplicationContext         ?[m : Finalized bean definitions candidates: [Definition: io.micronaut.http.netty.channel.NettyThreadFactory, Definition: io.micronaut.scheduling.executor.DefaultThreadFactory]
2020-06-17 16:12:53.814 ?[32mDEBUG?[m ?[35m4974?[m [    Test worker] ?[36mi.m.c.DefaultBeanContext                ?[m : Searching for @Primary for type [java.util.concurrent.ThreadFactory] from candidates: [Definition: io.micronaut.http.netty.channel.NettyThreadFactory, Definition: io.micronaut.scheduling.executor.DefaultThreadFactory] 
2020-06-17 16:12:53.814 ?[32mDEBUG?[m ?[35m4974?[m [    Test worker] ?[36mi.m.c.DefaultBeanContext                ?[m : Found concrete candidate [Definition: io.micronaut.scheduling.executor.DefaultThreadFactory] for type: java.util.concurrent.ThreadFactory 
2020-06-17 16:12:53.814 ?[34mTRACE?[m ?[35m4974?[m [    Test worker] ?[36mi.m.c.DefaultBeanContext                ?[m : Looking up existing bean for key: io.micronaut.scheduling.executor.DefaultThreadFactory
2020-06-17 16:12:53.815 ?[34mTRACE?[m ?[35m4974?[m [    Test worker] ?[36mi.m.c.DefaultBeanContext                ?[m : No existing bean found for bean key: io.micronaut.scheduling.executor.DefaultThreadFactory
2020-06-17 16:12:53.815 ?[32mDEBUG?[m ?[35m4974?[m [    Test worker] ?[36mi.m.c.DefaultBeanContext                ?[m : Finding candidate beans for type: class io.micronaut.scheduling.executor.DefaultThreadFactory
2020-06-17 16:12:53.816 ?[32mDEBUG?[m ?[35m4974?[m [    Test worker] ?[36mi.m.c.DefaultBeanContext                ?[m : Resolved bean candidates [Definition: io.micronaut.scheduling.executor.DefaultThreadFactory] for type: class io.micronaut.scheduling.executor.DefaultThreadFactory
2020-06-17 16:12:53.816 ?[32mDEBUG?[m ?[35m4974?[m [    Test worker] ?[36mi.m.c.DefaultApplicationContext         ?[m : Finalized bean definitions candidates: [Definition: io.micronaut.scheduling.executor.DefaultThreadFactory]
2020-06-17 16:12:53.817 ?[32mDEBUG?[m ?[35m4974?[m [    Test worker] ?[36mi.m.c.DefaultBeanContext                ?[m : Found concrete candidate [Definition: io.micronaut.scheduling.executor.DefaultThreadFactory] for type: io.micronaut.scheduling.executor.DefaultThreadFactory 
2020-06-17 16:12:53.818 ?[32mDEBUG?[m ?[35m4974?[m [    Test worker] ?[36mi.m.c.DefaultBeanContext                ?[m : Created bean [io.micronaut.scheduling.executor.DefaultThreadFactory@49da9866] from definition [Definition: io.micronaut.scheduling.executor.DefaultThreadFactory] with qualifier [null]
2020-06-17 16:12:53.818 ?[32mDEBUG?[m ?[35m4974?[m [    Test worker] ?[36mi.m.c.DefaultBeanContext                ?[m : Registering singleton bean io.micronaut.scheduling.executor.DefaultThreadFactory@49da9866 for type [io.micronaut.scheduling.executor.DefaultThreadFactory] using bean key io.micronaut.scheduling.executor.DefaultThreadFactory
2020-06-17 16:12:53.819 ?[32mDEBUG?[m ?[35m4974?[m [    Test worker] ?[36mi.m.c.DefaultBeanContext                ?[m : Created bean [io.micronaut.scheduling.instrument.ThreadFactoryInstrumenter$$Lambda$641/0x0000000800593840@1e1a1096] from definition [Definition: io.micronaut.scheduling.executor.DefaultThreadFactory] with qualifier [null]
2020-06-17 16:12:53.819 ?[32mDEBUG?[m ?[35m4974?[m [    Test worker] ?[36mi.m.c.DefaultBeanContext                ?[m : Registering singleton bean io.micronaut.scheduling.instrument.ThreadFactoryInstrumenter$$Lambda$641/0x0000000800593840@1e1a1096 for type [java.util.concurrent.ThreadFactory] using bean key java.util.concurrent.ThreadFactory
2020-06-17 16:12:53.819 ?[32mDEBUG?[m ?[35m4974?[m [    Test worker] ?[36mi.m.c.DefaultBeanContext                ?[m : Created bean [io.micronaut.scheduling.executor.ExecutorFactory@57fbb313] from definition [Definition: io.micronaut.scheduling.executor.ExecutorFactory] with qualifier [null]
2020-06-17 16:12:53.820 ?[32mDEBUG?[m ?[35m4974?[m [    Test worker] ?[36mi.m.c.DefaultBeanContext                ?[m : Registering singleton bean io.micronaut.scheduling.executor.ExecutorFactory@57fbb313 for type [io.micronaut.scheduling.executor.ExecutorFactory] using bean key io.micronaut.scheduling.executor.ExecutorFactory
2020-06-17 16:12:53.821 ?[34mTRACE?[m ?[35m4974?[m [    Test worker] ?[36mi.m.c.DefaultBeanContext                ?[m : Looking up existing bean for key: @Named('io') io.micronaut.scheduling.executor.ExecutorConfiguration
2020-06-17 16:12:53.821 ?[34mTRACE?[m ?[35m4974?[m [    Test worker] ?[36mi.m.c.DefaultBeanContext                ?[m : No existing bean found for bean key: @Named('io') io.micronaut.scheduling.executor.ExecutorConfiguration
2020-06-17 16:12:53.822 ?[32mDEBUG?[m ?[35m4974?[m [    Test worker] ?[36mi.m.c.DefaultBeanContext                ?[m : Finding candidate beans for type: interface io.micronaut.scheduling.executor.ExecutorConfiguration
2020-06-17 16:12:53.825 ?[32mDEBUG?[m ?[35m4974?[m [    Test worker] ?[36mi.m.c.DefaultBeanContext                ?[m : Resolved bean candidates [Definition: io.micronaut.scheduling.executor.ScheduledExecutorServiceConfig, Definition: io.micronaut.scheduling.executor.UserExecutorConfiguration, Definition: io.micronaut.scheduling.executor.IOExecutorServiceConfig] for type: interface io.micronaut.scheduling.executor.ExecutorConfiguration
2020-06-17 16:12:53.826 ?[32mDEBUG?[m ?[35m4974?[m [    Test worker] ?[36mi.m.c.DefaultApplicationContext         ?[m : Finalized bean definitions candidates: [Definition: io.micronaut.scheduling.executor.ScheduledExecutorServiceConfig, Definition: io.micronaut.scheduling.executor.IOExecutorServiceConfig]
2020-06-17 16:12:53.827 ?[32mDEBUG?[m ?[35m4974?[m [    Test worker] ?[36mi.m.c.DefaultBeanContext                ?[m : Qualifying bean [io.micronaut.scheduling.executor.ExecutorConfiguration] for qualifier: @Named('io') 
2020-06-17 16:12:53.828 ?[32mDEBUG?[m ?[35m4974?[m [    Test worker] ?[36mi.m.c.DefaultBeanContext                ?[m : Found concrete candidate [Definition: io.micronaut.scheduling.executor.IOExecutorServiceConfig] for type: @Named('io') io.micronaut.scheduling.executor.ExecutorConfiguration 
2020-06-17 16:12:53.831 ?[34mTRACE?[m ?[35m4974?[m [    Test worker] ?[36mi.m.c.DefaultBeanContext                ?[m : Looking up existing bean for key: io.micronaut.scheduling.executor.IOExecutorServiceConfig
2020-06-17 16:12:53.832 ?[34mTRACE?[m ?[35m4974?[m [    Test worker] ?[36mi.m.c.DefaultBeanContext                ?[m : No existing bean found for bean key: io.micronaut.scheduling.executor.IOExecutorServiceConfig
2020-06-17 16:12:53.832 ?[32mDEBUG?[m ?[35m4974?[m [    Test worker] ?[36mi.m.c.DefaultBeanContext                ?[m : Finding candidate beans for type: class io.micronaut.scheduling.executor.IOExecutorServiceConfig
2020-06-17 16:12:53.834 ?[32mDEBUG?[m ?[35m4974?[m [    Test worker] ?[36mi.m.c.DefaultBeanContext                ?[m : Resolved bean candidates [Definition: io.micronaut.scheduling.executor.IOExecutorServiceConfig] for type: class io.micronaut.scheduling.executor.IOExecutorServiceConfig
2020-06-17 16:12:53.834 ?[32mDEBUG?[m ?[35m4974?[m [    Test worker] ?[36mi.m.c.DefaultApplicationContext         ?[m : Finalized bean definitions candidates: [Definition: io.micronaut.scheduling.executor.IOExecutorServiceConfig]
2020-06-17 16:12:53.834 ?[32mDEBUG?[m ?[35m4974?[m [    Test worker] ?[36mi.m.c.DefaultBeanContext                ?[m : Found concrete candidate [Definition: io.micronaut.scheduling.executor.IOExecutorServiceConfig] for type: io.micronaut.scheduling.executor.IOExecutorServiceConfig 
2020-06-17 16:12:53.835 ?[32mDEBUG?[m ?[35m4974?[m [    Test worker] ?[36mi.m.c.DefaultBeanContext                ?[m : Created bean [io.micronaut.scheduling.executor.IOExecutorServiceConfig@734ec4] from definition [Definition: io.micronaut.scheduling.executor.IOExecutorServiceConfig] with qualifier [null]
2020-06-17 16:12:53.835 ?[32mDEBUG?[m ?[35m4974?[m [    Test worker] ?[36mi.m.c.DefaultBeanContext                ?[m : Registering singleton bean io.micronaut.scheduling.executor.IOExecutorServiceConfig@734ec4 for type [io.micronaut.scheduling.executor.IOExecutorServiceConfig] using bean key io.micronaut.scheduling.executor.IOExecutorServiceConfig
2020-06-17 16:12:53.836 ?[32mDEBUG?[m ?[35m4974?[m [    Test worker] ?[36mi.m.c.DefaultBeanContext                ?[m : Created bean [io.micronaut.scheduling.executor.UserExecutorConfiguration@50a7e022] from definition [Definition: io.micronaut.scheduling.executor.IOExecutorServiceConfig] with qualifier [@Named('io')]
2020-06-17 16:12:53.836 ?[32mDEBUG?[m ?[35m4974?[m [    Test worker] ?[36mi.m.c.DefaultBeanContext                ?[m : Registering singleton bean io.micronaut.scheduling.executor.UserExecutorConfiguration@50a7e022 for type [@Named('io') io.micronaut.scheduling.executor.ExecutorConfiguration] using bean key @Named('io') io.micronaut.scheduling.executor.ExecutorConfiguration
2020-06-17 16:12:53.843 ?[32mDEBUG?[m ?[35m4974?[m [    Test worker] ?[36mi.m.c.DefaultBeanContext                ?[m : Created bean [io.micronaut.scheduling.instrument.ExecutorServiceInstrumenter$2@7a9cf4da] from definition [Definition: io.micronaut.scheduling.executor.ExecutorFactory] with qualifier [@Named('io')]
2020-06-17 16:12:53.844 ?[32mDEBUG?[m ?[35m4974?[m [    Test worker] ?[36mi.m.c.DefaultBeanContext                ?[m : Registering singleton bean io.micronaut.scheduling.instrument.ExecutorServiceInstrumenter$2@7a9cf4da for type [@Named('io') java.util.concurrent.Executor] using bean key @Named('io') java.util.concurrent.ExecutorService
2020-06-17 16:12:53.844 ?[32mDEBUG?[m ?[35m4974?[m [    Test worker] ?[36mi.m.c.DefaultBeanContext                ?[m : Created bean [io.micronaut.runtime.context.scope.refresh.RefreshScope@69103643] from definition [Definition: io.micronaut.runtime.context.scope.refresh.RefreshScope] with qualifier [null]
2020-06-17 16:12:53.845 ?[32mDEBUG?[m ?[35m4974?[m [    Test worker] ?[36mi.m.c.DefaultBeanContext                ?[m : Registering singleton bean io.micronaut.runtime.context.scope.refresh.RefreshScope@69103643 for type [io.micronaut.runtime.context.scope.refresh.RefreshScope] using bean key io.micronaut.runtime.context.scope.refresh.RefreshScope
2020-06-17 16:12:53.856 ?[32mDEBUG?[m ?[35m4974?[m [    Test worker] ?[36mi.m.c.DefaultBeanContext                ?[m : Finding candidate beans for type: class guild.kotlin.micronaut.SingletonTest
2020-06-17 16:12:53.857 ?[34mTRACE?[m ?[35m4974?[m [    Test worker] ?[36mi.m.c.e.PropertySourcePropertyResolver  ?[m : Resolved value [class guild.kotlin.micronaut.SingletonTest] for property: micronaut.test.active.spec.clazz
2020-06-17 16:12:53.858 ?[32mDEBUG?[m ?[35m4974?[m [    Test worker] ?[36mi.m.c.DefaultBeanContext                ?[m : Resolved bean candidates [Definition: guild.kotlin.micronaut.SingletonTest] for type: class guild.kotlin.micronaut.SingletonTest
2020-06-17 16:12:53.858 ?[32mDEBUG?[m ?[35m4974?[m [    Test worker] ?[36mi.m.c.DefaultApplicationContext         ?[m : Finalized bean definitions candidates: [Definition: guild.kotlin.micronaut.SingletonTest]
2020-06-17 16:12:53.866 ?[32mDEBUG?[m ?[35m4974?[m [    Test worker] ?[36mi.m.c.DefaultBeanContext                ?[m : Finding candidate beans for instance: guild.kotlin.micronaut.SingletonTest@3e7e433d
2020-06-17 16:12:53.867 ?[34mTRACE?[m ?[35m4974?[m [    Test worker] ?[36mi.m.c.DefaultBeanContext                ?[m : Looking up existing bean for key: io.micronaut.http.client.RxHttpClient
2020-06-17 16:12:53.868 ?[34mTRACE?[m ?[35m4974?[m [    Test worker] ?[36mi.m.c.DefaultBeanContext                ?[m : No existing bean found for bean key: io.micronaut.http.client.RxHttpClient
2020-06-17 16:12:53.868 ?[32mDEBUG?[m ?[35m4974?[m [    Test worker] ?[36mi.m.c.DefaultBeanContext                ?[m : Finding candidate beans for type: interface io.micronaut.http.client.RxHttpClient
2020-06-17 16:12:53.871 ?[32mDEBUG?[m ?[35m4974?[m [    Test worker] ?[36mi.m.c.DefaultBeanContext                ?[m : Resolved bean candidates [Definition: io.micronaut.http.client.netty.RxNettyHttpClientRegistry] for type: interface io.micronaut.http.client.RxHttpClient
2020-06-17 16:12:53.871 ?[32mDEBUG?[m ?[35m4974?[m [    Test worker] ?[36mi.m.c.DefaultApplicationContext         ?[m : Finalized bean definitions candidates: [Definition: io.micronaut.http.client.netty.RxNettyHttpClientRegistry]
2020-06-17 16:12:53.871 ?[32mDEBUG?[m ?[35m4974?[m [    Test worker] ?[36mi.m.c.DefaultBeanContext                ?[m : Found concrete candidate [Definition: io.micronaut.http.client.netty.RxNettyHttpClientRegistry] for type: io.micronaut.http.client.RxHttpClient 
2020-06-17 16:12:53.873 ?[34mTRACE?[m ?[35m4974?[m [    Test worker] ?[36mi.m.c.DefaultBeanContext                ?[m : Looking up existing bean for key: <Client> io.micronaut.context.scope.CustomScope
2020-06-17 16:12:53.874 ?[34mTRACE?[m ?[35m4974?[m [    Test worker] ?[36mi.m.c.DefaultBeanContext                ?[m : No existing bean found for bean key: <Client> io.micronaut.context.scope.CustomScope
2020-06-17 16:12:53.874 ?[32mDEBUG?[m ?[35m4974?[m [    Test worker] ?[36mi.m.c.DefaultBeanContext                ?[m : Finding candidate beans for type: interface io.micronaut.context.scope.CustomScope
2020-06-17 16:12:53.875 ?[32mDEBUG?[m ?[35m4974?[m [    Test worker] ?[36mi.m.c.DefaultBeanContext                ?[m : Resolved bean candidates [Definition: io.micronaut.runtime.http.scope.RequestCustomScope, Definition: io.micronaut.runtime.context.scope.ThreadLocalCustomScope, Definition: io.micronaut.runtime.context.scope.refresh.RefreshScope] for type: interface io.micronaut.context.scope.CustomScope
2020-06-17 16:12:53.876 ?[32mDEBUG?[m ?[35m4974?[m [    Test worker] ?[36mi.m.c.DefaultApplicationContext         ?[m : Finalized bean definitions candidates: [Definition: io.micronaut.runtime.http.scope.RequestCustomScope, Definition: io.micronaut.runtime.context.scope.ThreadLocalCustomScope, Definition: io.micronaut.runtime.context.scope.refresh.RefreshScope]
2020-06-17 16:12:53.877 ?[32mDEBUG?[m ?[35m4974?[m [    Test worker] ?[36mi.m.c.DefaultBeanContext                ?[m : Qualifying bean [io.micronaut.context.scope.CustomScope] for qualifier: <Client> 
2020-06-17 16:12:53.877 ?[34mTRACE?[m ?[35m4974?[m [    Test worker] ?[36mi.m.i.q.TypeArgumentQualifier           ?[m : Bean type interface io.micronaut.context.scope.CustomScope is not compatible with candidate generic types [interface io.micronaut.runtime.http.scope.RequestScope] of candidate Definition: io.micronaut.runtime.http.scope.RequestCustomScope
2020-06-17 16:12:53.878 ?[34mTRACE?[m ?[35m4974?[m [    Test worker] ?[36mi.m.i.q.TypeArgumentQualifier           ?[m : Bean type interface io.micronaut.context.scope.CustomScope is not compatible with candidate generic types [interface io.micronaut.runtime.context.scope.ThreadLocal] of candidate Definition: io.micronaut.runtime.context.scope.ThreadLocalCustomScope
2020-06-17 16:12:53.879 ?[34mTRACE?[m ?[35m4974?[m [    Test worker] ?[36mi.m.i.q.TypeArgumentQualifier           ?[m : Bean type interface io.micronaut.context.scope.CustomScope is not compatible with candidate generic types [interface io.micronaut.runtime.context.scope.Refreshable] of candidate Definition: io.micronaut.runtime.context.scope.refresh.RefreshScope
2020-06-17 16:12:53.880 ?[32mDEBUG?[m ?[35m4974?[m [    Test worker] ?[36mi.m.c.DefaultBeanContext                ?[m : No qualifying beans of type [io.micronaut.context.scope.CustomScope] found for qualifier: <Client> 
2020-06-17 16:12:53.882 ?[34mTRACE?[m ?[35m4974?[m [    Test worker] ?[36mi.m.i.q.TypeArgumentQualifier           ?[m : Bean type interface io.micronaut.context.scope.CustomScope is not compatible with candidate generic types [interface io.micronaut.runtime.context.scope.Refreshable] of candidate Definition: io.micronaut.runtime.context.scope.refresh.RefreshScope
2020-06-17 16:12:53.884 ?[34mTRACE?[m ?[35m4974?[m [    Test worker] ?[36mi.m.c.DefaultBeanContext                ?[m : Looking up existing bean for key: io.micronaut.http.client.netty.RxNettyHttpClientRegistry
2020-06-17 16:12:53.885 ?[34mTRACE?[m ?[35m4974?[m [    Test worker] ?[36mi.m.c.DefaultBeanContext                ?[m : No existing bean found for bean key: io.micronaut.http.client.netty.RxNettyHttpClientRegistry
2020-06-17 16:12:53.886 ?[32mDEBUG?[m ?[35m4974?[m [    Test worker] ?[36mi.m.c.DefaultBeanContext                ?[m : Finding candidate beans for type: class io.micronaut.http.client.netty.RxNettyHttpClientRegistry
2020-06-17 16:12:53.891 ?[32mDEBUG?[m ?[35m4974?[m [    Test worker] ?[36mi.m.c.DefaultBeanContext                ?[m : Resolved bean candidates [Definition: io.micronaut.http.client.netty.RxNettyHttpClientRegistry] for type: class io.micronaut.http.client.netty.RxNettyHttpClientRegistry
2020-06-17 16:12:53.891 ?[32mDEBUG?[m ?[35m4974?[m [    Test worker] ?[36mi.m.c.DefaultApplicationContext         ?[m : Finalized bean definitions candidates: [Definition: io.micronaut.http.client.netty.RxNettyHttpClientRegistry]
2020-06-17 16:12:53.892 ?[32mDEBUG?[m ?[35m4974?[m [    Test worker] ?[36mi.m.c.DefaultBeanContext                ?[m : Found concrete candidate [Definition: io.micronaut.http.client.netty.RxNettyHttpClientRegistry] for type: io.micronaut.http.client.netty.RxNettyHttpClientRegistry 
2020-06-17 16:12:53.901 ?[34mTRACE?[m ?[35m4974?[m [    Test worker] ?[36mi.m.c.DefaultBeanContext                ?[m : Looking up existing bean for key: io.micronaut.http.client.HttpClientConfiguration
2020-06-17 16:12:53.902 ?[34mTRACE?[m ?[35m4974?[m [    Test worker] ?[36mi.m.c.DefaultBeanContext                ?[m : No existing bean found for bean key: io.micronaut.http.client.HttpClientConfiguration
2020-06-17 16:12:53.903 ?[32mDEBUG?[m ?[35m4974?[m [    Test worker] ?[36mi.m.c.DefaultBeanContext                ?[m : Finding candidate beans for type: class io.micronaut.http.client.HttpClientConfiguration
2020-06-17 16:12:53.908 ?[32mDEBUG?[m ?[35m4974?[m [    Test worker] ?[36mi.m.c.DefaultBeanContext                ?[m : Resolved bean candidates [Definition: io.micronaut.http.client.ServiceHttpClientConfiguration, Definition: io.micronaut.http.client.DefaultHttpClientConfiguration] for type: class io.micronaut.http.client.HttpClientConfiguration
2020-06-17 16:12:53.909 ?[32mDEBUG?[m ?[35m4974?[m [    Test worker] ?[36mi.m.c.DefaultApplicationContext         ?[m : Finalized bean definitions candidates: [Definition: io.micronaut.http.client.DefaultHttpClientConfiguration]
2020-06-17 16:12:53.912 ?[32mDEBUG?[m ?[35m4974?[m [    Test worker] ?[36mi.m.c.DefaultBeanContext                ?[m : Found concrete candidate [Definition: io.micronaut.http.client.DefaultHttpClientConfiguration] for type: io.micronaut.http.client.HttpClientConfiguration 
2020-06-17 16:12:53.915 ?[32mDEBUG?[m ?[35m4974?[m [    Test worker] ?[36mi.m.c.DefaultBeanContext                ?[m : Finding candidate beans for type: class io.micronaut.http.client.DefaultHttpClientConfiguration$DefaultConnectionPoolConfiguration
2020-06-17 16:12:53.917 ?[32mDEBUG?[m ?[35m4974?[m [    Test worker] ?[36mi.m.c.DefaultBeanContext                ?[m : Resolved bean candidates [Definition: io.micronaut.http.client.DefaultHttpClientConfiguration$DefaultConnectionPoolConfiguration] for type: class io.micronaut.http.client.DefaultHttpClientConfiguration$DefaultConnectionPoolConfiguration
2020-06-17 16:12:53.918 ?[32mDEBUG?[m ?[35m4974?[m [    Test worker] ?[36mi.m.c.DefaultApplicationContext         ?[m : Finalized bean definitions candidates: [Definition: io.micronaut.http.client.DefaultHttpClientConfiguration$DefaultConnectionPoolConfiguration]
2020-06-17 16:12:53.920 ?[34mTRACE?[m ?[35m4974?[m [    Test worker] ?[36mi.m.c.DefaultBeanContext                ?[m : Looking up existing bean for key: io.micronaut.http.client.DefaultHttpClientConfiguration$DefaultConnectionPoolConfiguration
2020-06-17 16:12:53.920 ?[34mTRACE?[m ?[35m4974?[m [    Test worker] ?[36mi.m.c.DefaultBeanContext                ?[m : No existing bean found for bean key: io.micronaut.http.client.DefaultHttpClientConfiguration$DefaultConnectionPoolConfiguration
2020-06-17 16:12:53.921 ?[32mDEBUG?[m ?[35m4974?[m [    Test worker] ?[36mi.m.c.DefaultBeanContext                ?[m : Finding candidate beans for type: class io.micronaut.http.client.DefaultHttpClientConfiguration$DefaultConnectionPoolConfiguration
2020-06-17 16:12:53.922 ?[32mDEBUG?[m ?[35m4974?[m [    Test worker] ?[36mi.m.c.DefaultBeanContext                ?[m : Resolved bean candidates [Definition: io.micronaut.http.client.DefaultHttpClientConfiguration$DefaultConnectionPoolConfiguration] for type: class io.micronaut.http.client.DefaultHttpClientConfiguration$DefaultConnectionPoolConfiguration
2020-06-17 16:12:53.922 ?[32mDEBUG?[m ?[35m4974?[m [    Test worker] ?[36mi.m.c.DefaultApplicationContext         ?[m : Finalized bean definitions candidates: [Definition: io.micronaut.http.client.DefaultHttpClientConfiguration$DefaultConnectionPoolConfiguration]
2020-06-17 16:12:53.924 ?[32mDEBUG?[m ?[35m4974?[m [    Test worker] ?[36mi.m.c.DefaultBeanContext                ?[m : Found concrete candidate [Definition: io.micronaut.http.client.DefaultHttpClientConfiguration$DefaultConnectionPoolConfiguration] for type: io.micronaut.http.client.DefaultHttpClientConfiguration$DefaultConnectionPoolConfiguration 
2020-06-17 16:12:53.927 ?[32mDEBUG?[m ?[35m4974?[m [    Test worker] ?[36mi.m.c.DefaultBeanContext                ?[m : Created bean [io.micronaut.http.client.DefaultHttpClientConfiguration$DefaultConnectionPoolConfiguration@16f990c0] from definition [Definition: io.micronaut.http.client.DefaultHttpClientConfiguration$DefaultConnectionPoolConfiguration] with qualifier [null]
2020-06-17 16:12:53.928 ?[32mDEBUG?[m ?[35m4974?[m [    Test worker] ?[36mi.m.c.DefaultBeanContext                ?[m : Registering singleton bean io.micronaut.http.client.DefaultHttpClientConfiguration$DefaultConnectionPoolConfiguration@16f990c0 for type [io.micronaut.http.client.DefaultHttpClientConfiguration$DefaultConnectionPoolConfiguration] using bean key io.micronaut.http.client.DefaultHttpClientConfiguration$DefaultConnectionPoolConfiguration
2020-06-17 16:12:53.929 ?[34mTRACE?[m ?[35m4974?[m [    Test worker] ?[36mi.m.c.DefaultBeanContext                ?[m : Looking up existing bean for key: io.micronaut.runtime.ApplicationConfiguration
2020-06-17 16:12:53.930 ?[32mDEBUG?[m ?[35m4974?[m [    Test worker] ?[36mi.m.c.DefaultBeanContext                ?[m : Resolved existing bean [io.micronaut.runtime.ApplicationConfiguration@4ac494fc] for type [class io.micronaut.runtime.ApplicationConfiguration] and qualifier [null]
2020-06-17 16:12:53.935 ?[34mTRACE?[m ?[35m4974?[m [    Test worker] ?[36mi.m.c.e.PropertySourcePropertyResolver  ?[m : Resolved value [PT2.5S] for property: micronaut.http.client.read-timeout
2020-06-17 16:12:53.936 ?[34mTRACE?[m ?[35m4974?[m [    Test worker] ?[36mi.m.c.e.PropertySourcePropertyResolver  ?[m : Resolved value [PT2.5S] for property: micronaut.http.client.connect-timeout
2020-06-17 16:12:53.939 ?[34mTRACE?[m ?[35m4974?[m [    Test worker] ?[36mi.m.c.DefaultBeanContext                ?[m : Looking up existing bean for key: io.micronaut.http.ssl.ClientSslConfiguration
2020-06-17 16:12:53.939 ?[34mTRACE?[m ?[35m4974?[m [    Test worker] ?[36mi.m.c.DefaultBeanContext                ?[m : No existing bean found for bean key: io.micronaut.http.ssl.ClientSslConfiguration
2020-06-17 16:12:53.940 ?[32mDEBUG?[m ?[35m4974?[m [    Test worker] ?[36mi.m.c.DefaultBeanContext                ?[m : Finding candidate beans for type: class io.micronaut.http.ssl.ClientSslConfiguration
2020-06-17 16:12:53.943 ?[32mDEBUG?[m ?[35m4974?[m [    Test worker] ?[36mi.m.c.DefaultBeanContext                ?[m : Resolved bean candidates [Definition: io.micronaut.http.ssl.ClientSslConfiguration] for type: class io.micronaut.http.ssl.ClientSslConfiguration
2020-06-17 16:12:53.943 ?[32mDEBUG?[m ?[35m4974?[m [    Test worker] ?[36mi.m.c.DefaultApplicationContext         ?[m : Finalized bean definitions candidates: [Definition: io.micronaut.http.ssl.ClientSslConfiguration]
2020-06-17 16:12:53.946 ?[32mDEBUG?[m ?[35m4974?[m [    Test worker] ?[36mi.m.c.DefaultBeanContext                ?[m : Found concrete candidate [Definition: io.micronaut.http.ssl.ClientSslConfiguration] for type: io.micronaut.http.ssl.ClientSslConfiguration 
2020-06-17 16:12:53.947 ?[34mTRACE?[m ?[35m4974?[m [    Test worker] ?[36mi.m.c.DefaultBeanContext                ?[m : Looking up existing bean for key: io.micronaut.http.ssl.DefaultSslConfiguration
2020-06-17 16:12:53.947 ?[34mTRACE?[m ?[35m4974?[m [    Test worker] ?[36mi.m.c.DefaultBeanContext                ?[m : No existing bean found for bean key: io.micronaut.http.ssl.DefaultSslConfiguration
2020-06-17 16:12:53.947 ?[32mDEBUG?[m ?[35m4974?[m [    Test worker] ?[36mi.m.c.DefaultBeanContext                ?[m : Finding candidate beans for type: class io.micronaut.http.ssl.DefaultSslConfiguration
2020-06-17 16:12:53.957 ?[32mDEBUG?[m ?[35m4974?[m [    Test worker] ?[36mi.m.c.DefaultBeanContext                ?[m : Resolved bean candidates [Definition: io.micronaut.http.ssl.DefaultSslConfiguration] for type: class io.micronaut.http.ssl.DefaultSslConfiguration
2020-06-17 16:12:53.958 ?[32mDEBUG?[m ?[35m4974?[m [    Test worker] ?[36mi.m.c.DefaultApplicationContext         ?[m : Finalized bean definitions candidates: [Definition: io.micronaut.http.ssl.DefaultSslConfiguration]
2020-06-17 16:12:53.958 ?[32mDEBUG?[m ?[35m4974?[m [    Test worker] ?[36mi.m.c.DefaultBeanContext                ?[m : Found concrete candidate [Definition: io.micronaut.http.ssl.DefaultSslConfiguration] for type: io.micronaut.http.ssl.DefaultSslConfiguration 
2020-06-17 16:12:53.964 ?[32mDEBUG?[m ?[35m4974?[m [    Test worker] ?[36mi.m.c.DefaultBeanContext                ?[m : Created bean [io.micronaut.http.ssl.DefaultSslConfiguration@44a3768e] from definition [Definition: io.micronaut.http.ssl.DefaultSslConfiguration] with qualifier [null]
2020-06-17 16:12:53.965 ?[32mDEBUG?[m ?[35m4974?[m [    Test worker] ?[36mi.m.c.DefaultBeanContext                ?[m : Registering singleton bean io.micronaut.http.ssl.DefaultSslConfiguration@44a3768e for type [io.micronaut.http.ssl.DefaultSslConfiguration] using bean key io.micronaut.http.ssl.DefaultSslConfiguration
2020-06-17 16:12:53.965 ?[34mTRACE?[m ?[35m4974?[m [    Test worker] ?[36mi.m.c.DefaultBeanContext                ?[m : Looking up existing bean for key: io.micronaut.http.ssl.DefaultSslConfiguration$DefaultKeyConfiguration
2020-06-17 16:12:53.965 ?[34mTRACE?[m ?[35m4974?[m [    Test worker] ?[36mi.m.c.DefaultBeanContext                ?[m : No existing bean found for bean key: io.micronaut.http.ssl.DefaultSslConfiguration$DefaultKeyConfiguration
2020-06-17 16:12:53.966 ?[32mDEBUG?[m ?[35m4974?[m [    Test worker] ?[36mi.m.c.DefaultBeanContext                ?[m : Finding candidate beans for type: class io.micronaut.http.ssl.DefaultSslConfiguration$DefaultKeyConfiguration
2020-06-17 16:12:53.967 ?[32mDEBUG?[m ?[35m4974?[m [    Test worker] ?[36mi.m.c.DefaultBeanContext                ?[m : Resolved bean candidates [Definition: io.micronaut.http.ssl.DefaultSslConfiguration$DefaultKeyConfiguration] for type: class io.micronaut.http.ssl.DefaultSslConfiguration$DefaultKeyConfiguration
2020-06-17 16:12:53.967 ?[32mDEBUG?[m ?[35m4974?[m [    Test worker] ?[36mi.m.c.DefaultApplicationContext         ?[m : Finalized bean definitions candidates: [Definition: io.micronaut.http.ssl.DefaultSslConfiguration$DefaultKeyConfiguration]
2020-06-17 16:12:53.968 ?[32mDEBUG?[m ?[35m4974?[m [    Test worker] ?[36mi.m.c.DefaultBeanContext                ?[m : Found concrete candidate [Definition: io.micronaut.http.ssl.DefaultSslConfiguration$DefaultKeyConfiguration] for type: io.micronaut.http.ssl.DefaultSslConfiguration$DefaultKeyConfiguration 
2020-06-17 16:12:53.970 ?[32mDEBUG?[m ?[35m4974?[m [    Test worker] ?[36mi.m.c.DefaultBeanContext                ?[m : Created bean [io.micronaut.http.ssl.DefaultSslConfiguration$DefaultKeyConfiguration@52745eaa] from definition [Definition: io.micronaut.http.ssl.DefaultSslConfiguration$DefaultKeyConfiguration] with qualifier [null]
2020-06-17 16:12:53.970 ?[32mDEBUG?[m ?[35m4974?[m [    Test worker] ?[36mi.m.c.DefaultBeanContext                ?[m : Registering singleton bean io.micronaut.http.ssl.DefaultSslConfiguration$DefaultKeyConfiguration@52745eaa for type [io.micronaut.http.ssl.DefaultSslConfiguration$DefaultKeyConfiguration] using bean key io.micronaut.http.ssl.DefaultSslConfiguration$DefaultKeyConfiguration
2020-06-17 16:12:53.971 ?[34mTRACE?[m ?[35m4974?[m [    Test worker] ?[36mi.m.c.DefaultBeanContext                ?[m : Looking up existing bean for key: io.micronaut.http.ssl.DefaultSslConfiguration$DefaultKeyStoreConfiguration
2020-06-17 16:12:53.971 ?[34mTRACE?[m ?[35m4974?[m [    Test worker] ?[36mi.m.c.DefaultBeanContext                ?[m : No existing bean found for bean key: io.micronaut.http.ssl.DefaultSslConfiguration$DefaultKeyStoreConfiguration
2020-06-17 16:12:53.972 ?[32mDEBUG?[m ?[35m4974?[m [    Test worker] ?[36mi.m.c.DefaultBeanContext                ?[m : Finding candidate beans for type: class io.micronaut.http.ssl.DefaultSslConfiguration$DefaultKeyStoreConfiguration
2020-06-17 16:12:53.975 ?[32mDEBUG?[m ?[35m4974?[m [    Test worker] ?[36mi.m.c.DefaultBeanContext                ?[m : Resolved bean candidates [Definition: io.micronaut.http.ssl.DefaultSslConfiguration$DefaultKeyStoreConfiguration] for type: class io.micronaut.http.ssl.DefaultSslConfiguration$DefaultKeyStoreConfiguration
2020-06-17 16:12:53.980 ?[32mDEBUG?[m ?[35m4974?[m [    Test worker] ?[36mi.m.c.DefaultApplicationContext         ?[m : Finalized bean definitions candidates: [Definition: io.micronaut.http.ssl.DefaultSslConfiguration$DefaultKeyStoreConfiguration]
2020-06-17 16:12:53.982 ?[32mDEBUG?[m ?[35m4974?[m [    Test worker] ?[36mi.m.c.DefaultBeanContext                ?[m : Found concrete candidate [Definition: io.micronaut.http.ssl.DefaultSslConfiguration$DefaultKeyStoreConfiguration] for type: io.micronaut.http.ssl.DefaultSslConfiguration$DefaultKeyStoreConfiguration 
2020-06-17 16:12:53.983 ?[32mDEBUG?[m ?[35m4974?[m [    Test worker] ?[36mi.m.c.DefaultBeanContext                ?[m : Created bean [io.micronaut.http.ssl.DefaultSslConfiguration$DefaultKeyStoreConfiguration@1dec0936] from definition [Definition: io.micronaut.http.ssl.DefaultSslConfiguration$DefaultKeyStoreConfiguration] with qualifier [null]
2020-06-17 16:12:53.983 ?[32mDEBUG?[m ?[35m4974?[m [    Test worker] ?[36mi.m.c.DefaultBeanContext                ?[m : Registering singleton bean io.micronaut.http.ssl.DefaultSslConfiguration$DefaultKeyStoreConfiguration@1dec0936 for type [io.micronaut.http.ssl.DefaultSslConfiguration$DefaultKeyStoreConfiguration] using bean key io.micronaut.http.ssl.DefaultSslConfiguration$DefaultKeyStoreConfiguration
2020-06-17 16:12:53.985 ?[32mDEBUG?[m ?[35m4974?[m [    Test worker] ?[36mi.m.c.DefaultBeanContext                ?[m : Finding candidate beans for type: class io.micronaut.http.ssl.SslConfiguration$TrustStoreConfiguration
2020-06-17 16:12:53.988 ?[32mDEBUG?[m ?[35m4974?[m [    Test worker] ?[36mi.m.c.DefaultBeanContext                ?[m : Resolved bean candidates [Definition: io.micronaut.http.client.ServiceHttpClientConfiguration$ServiceSslClientConfiguration$DefaultTrustStoreConfiguration, Definition: io.micronaut.http.ssl.DefaultSslConfiguration$DefaultTrustStoreConfiguration] for type: class io.micronaut.http.ssl.SslConfiguration$TrustStoreConfiguration
2020-06-17 16:12:53.997 ?[32mDEBUG?[m ?[35m4974?[m [    Test worker] ?[36mi.m.c.DefaultApplicationContext         ?[m : Finalized bean definitions candidates: [Definition: io.micronaut.http.ssl.DefaultSslConfiguration$DefaultTrustStoreConfiguration]
2020-06-17 16:12:53.998 ?[34mTRACE?[m ?[35m4974?[m [    Test worker] ?[36mi.m.c.DefaultBeanContext                ?[m : Looking up existing bean for key: io.micronaut.http.ssl.SslConfiguration$TrustStoreConfiguration
2020-06-17 16:12:53.998 ?[34mTRACE?[m ?[35m4974?[m [    Test worker] ?[36mi.m.c.DefaultBeanContext                ?[m : No existing bean found for bean key: io.micronaut.http.ssl.SslConfiguration$TrustStoreConfiguration
2020-06-17 16:12:53.999 ?[32mDEBUG?[m ?[35m4974?[m [    Test worker] ?[36mi.m.c.DefaultBeanContext                ?[m : Finding candidate beans for type: class io.micronaut.http.ssl.SslConfiguration$TrustStoreConfiguration
2020-06-17 16:12:54.000 ?[32mDEBUG?[m ?[35m4974?[m [    Test worker] ?[36mi.m.c.DefaultBeanContext                ?[m : Resolved bean candidates [Definition: io.micronaut.http.client.ServiceHttpClientConfiguration$ServiceSslClientConfiguration$DefaultTrustStoreConfiguration, Definition: io.micronaut.http.ssl.DefaultSslConfiguration$DefaultTrustStoreConfiguration] for type: class io.micronaut.http.ssl.SslConfiguration$TrustStoreConfiguration
2020-06-17 16:12:54.001 ?[32mDEBUG?[m ?[35m4974?[m [    Test worker] ?[36mi.m.c.DefaultApplicationContext         ?[m : Finalized bean definitions candidates: [Definition: io.micronaut.http.ssl.DefaultSslConfiguration$DefaultTrustStoreConfiguration]
2020-06-17 16:12:54.001 ?[32mDEBUG?[m ?[35m4974?[m [    Test worker] ?[36mi.m.c.DefaultBeanContext                ?[m : Found concrete candidate [Definition: io.micronaut.http.ssl.DefaultSslConfiguration$DefaultTrustStoreConfiguration] for type: io.micronaut.http.ssl.SslConfiguration$TrustStoreConfiguration 
2020-06-17 16:12:54.002 ?[32mDEBUG?[m ?[35m4974?[m [    Test worker] ?[36mi.m.c.DefaultBeanContext                ?[m : Created bean [io.micronaut.http.ssl.DefaultSslConfiguration$DefaultTrustStoreConfiguration@11e4cce2] from definition [Definition: io.micronaut.http.ssl.DefaultSslConfiguration$DefaultTrustStoreConfiguration] with qualifier [null]
2020-06-17 16:12:54.003 ?[32mDEBUG?[m ?[35m4974?[m [    Test worker] ?[36mi.m.c.DefaultBeanContext                ?[m : Registering singleton bean io.micronaut.http.ssl.DefaultSslConfiguration$DefaultTrustStoreConfiguration@11e4cce2 for type [io.micronaut.http.ssl.SslConfiguration$TrustStoreConfiguration] using bean key io.micronaut.http.ssl.DefaultSslConfiguration$DefaultTrustStoreConfiguration
2020-06-17 16:12:54.006 ?[34mTRACE?[m ?[35m4974?[m [    Test worker] ?[36mi.m.c.DefaultBeanContext                ?[m : Looking up existing bean for key: io.micronaut.http.ssl.ClientSslConfiguration$DefaultKeyConfiguration
2020-06-17 16:12:54.007 ?[34mTRACE?[m ?[35m4974?[m [    Test worker] ?[36mi.m.c.DefaultBeanContext                ?[m : No existing bean found for bean key: io.micronaut.http.ssl.ClientSslConfiguration$DefaultKeyConfiguration
2020-06-17 16:12:54.011 ?[32mDEBUG?[m ?[35m4974?[m [    Test worker] ?[36mi.m.c.DefaultBeanContext                ?[m : Finding candidate beans for type: class io.micronaut.http.ssl.ClientSslConfiguration$DefaultKeyConfiguration
2020-06-17 16:12:54.016 ?[32mDEBUG?[m ?[35m4974?[m [    Test worker] ?[36mi.m.c.DefaultBeanContext                ?[m : Resolved bean candidates [] for type: class io.micronaut.http.ssl.ClientSslConfiguration$DefaultKeyConfiguration
2020-06-17 16:12:54.018 ?[34mTRACE?[m ?[35m4974?[m [    Test worker] ?[36mi.m.c.DefaultBeanContext                ?[m : Looking up existing bean for key: io.micronaut.http.ssl.ClientSslConfiguration$DefaultKeyStoreConfiguration
2020-06-17 16:12:54.018 ?[34mTRACE?[m ?[35m4974?[m [    Test worker] ?[36mi.m.c.DefaultBeanContext                ?[m : No existing bean found for bean key: io.micronaut.http.ssl.ClientSslConfiguration$DefaultKeyStoreConfiguration
2020-06-17 16:12:54.020 ?[32mDEBUG?[m ?[35m4974?[m [    Test worker] ?[36mi.m.c.DefaultBeanContext                ?[m : Finding candidate beans for type: class io.micronaut.http.ssl.ClientSslConfiguration$DefaultKeyStoreConfiguration
2020-06-17 16:12:54.023 ?[32mDEBUG?[m ?[35m4974?[m [    Test worker] ?[36mi.m.c.DefaultBeanContext                ?[m : Resolved bean candidates [] for type: class io.micronaut.http.ssl.ClientSslConfiguration$DefaultKeyStoreConfiguration
2020-06-17 16:12:54.025 ?[34mTRACE?[m ?[35m4974?[m [    Test worker] ?[36mi.m.c.DefaultBeanContext                ?[m : Looking up existing bean for key: io.micronaut.http.ssl.ClientSslConfiguration$DefaultTrustStoreConfiguration
2020-06-17 16:12:54.025 ?[34mTRACE?[m ?[35m4974?[m [    Test worker] ?[36mi.m.c.DefaultBeanContext                ?[m : No existing bean found for bean key: io.micronaut.http.ssl.ClientSslConfiguration$DefaultTrustStoreConfiguration
2020-06-17 16:12:54.026 ?[32mDEBUG?[m ?[35m4974?[m [    Test worker] ?[36mi.m.c.DefaultBeanContext                ?[m : Finding candidate beans for type: class io.micronaut.http.ssl.ClientSslConfiguration$DefaultTrustStoreConfiguration
2020-06-17 16:12:54.027 ?[32mDEBUG?[m ?[35m4974?[m [    Test worker] ?[36mi.m.c.DefaultBeanContext                ?[m : Resolved bean candidates [] for type: class io.micronaut.http.ssl.ClientSslConfiguration$DefaultTrustStoreConfiguration
2020-06-17 16:12:54.028 ?[32mDEBUG?[m ?[35m4974?[m [    Test worker] ?[36mi.m.c.DefaultBeanContext                ?[m : Created bean [io.micronaut.http.ssl.ClientSslConfiguration@1411dc97] from definition [Definition: io.micronaut.http.ssl.ClientSslConfiguration] with qualifier [null]
2020-06-17 16:12:54.032 ?[32mDEBUG?[m ?[35m4974?[m [    Test worker] ?[36mi.m.c.DefaultBeanContext                ?[m : Registering singleton bean io.micronaut.http.ssl.ClientSslConfiguration@1411dc97 for type [io.micronaut.http.ssl.ClientSslConfiguration] using bean key io.micronaut.http.ssl.ClientSslConfiguration
2020-06-17 16:12:54.035 ?[32mDEBUG?[m ?[35m4974?[m [    Test worker] ?[36mi.m.c.DefaultBeanContext                ?[m : Created bean [io.micronaut.http.client.DefaultHttpClientConfiguration@2b65c27c] from definition [Definition: io.micronaut.http.client.DefaultHttpClientConfiguration] with qualifier [null]
2020-06-17 16:12:54.036 ?[32mDEBUG?[m ?[35m4974?[m [    Test worker] ?[36mi.m.c.DefaultBeanContext                ?[m : Registering singleton bean io.micronaut.http.client.DefaultHttpClientConfiguration@2b65c27c for type [io.micronaut.http.client.HttpClientConfiguration] using bean key io.micronaut.http.client.DefaultHttpClientConfiguration
2020-06-17 16:12:54.037 ?[34mTRACE?[m ?[35m4974?[m [    Test worker] ?[36mi.m.c.DefaultBeanContext                ?[m : Looking up existing bean for key: io.micronaut.http.filter.HttpClientFilterResolver
2020-06-17 16:12:54.038 ?[34mTRACE?[m ?[35m4974?[m [    Test worker] ?[36mi.m.c.DefaultBeanContext                ?[m : No existing bean found for bean key: io.micronaut.http.filter.HttpClientFilterResolver
2020-06-17 16:12:54.038 ?[32mDEBUG?[m ?[35m4974?[m [    Test worker] ?[36mi.m.c.DefaultBeanContext                ?[m : Finding candidate beans for type: interface io.micronaut.http.filter.HttpClientFilterResolver
2020-06-17 16:12:54.041 ?[32mDEBUG?[m ?[35m4974?[m [    Test worker] ?[36mi.m.c.DefaultBeanContext                ?[m : Resolved bean candidates [Definition: io.micronaut.http.client.filter.DefaultHttpClientFilterResolver] for type: interface io.micronaut.http.filter.HttpClientFilterResolver
2020-06-17 16:12:54.041 ?[32mDEBUG?[m ?[35m4974?[m [    Test worker] ?[36mi.m.c.DefaultApplicationContext         ?[m : Finalized bean definitions candidates: [Definition: io.micronaut.http.client.filter.DefaultHttpClientFilterResolver]
2020-06-17 16:12:54.043 ?[32mDEBUG?[m ?[35m4974?[m [    Test worker] ?[36mi.m.c.DefaultBeanContext                ?[m : Found concrete candidate [Definition: io.micronaut.http.client.filter.DefaultHttpClientFilterResolver] for type: io.micronaut.http.filter.HttpClientFilterResolver 
2020-06-17 16:12:54.046 ?[32mDEBUG?[m ?[35m4974?[m [    Test worker] ?[36mi.m.c.DefaultBeanContext                ?[m : Resolving beans for type: io.micronaut.http.filter.HttpClientFilter
2020-06-17 16:12:54.046 ?[34mTRACE?[m ?[35m4974?[m [    Test worker] ?[36mi.m.c.DefaultBeanContext                ?[m : Looking up existing beans for key: io.micronaut.http.filter.HttpClientFilter
2020-06-17 16:12:54.048 ?[34mTRACE?[m ?[35m4974?[m [    Test worker] ?[36mi.m.c.DefaultBeanContext                ?[m : No beans found for key: io.micronaut.http.filter.HttpClientFilter
2020-06-17 16:12:54.050 ?[32mDEBUG?[m ?[35m4974?[m [    Test worker] ?[36mi.m.c.DefaultBeanContext                ?[m : Finding candidate beans for type: interface io.micronaut.http.filter.HttpClientFilter
2020-06-17 16:12:54.051 ?[32mDEBUG?[m ?[35m4974?[m [    Test worker] ?[36mi.m.c.DefaultBeanContext                ?[m : Resolved bean candidates [] for type: interface io.micronaut.http.filter.HttpClientFilter
2020-06-17 16:12:54.052 ?[32mDEBUG?[m ?[35m4974?[m [    Test worker] ?[36mi.m.c.DefaultBeanContext                ?[m : Found no possible candidate beans of type [io.micronaut.http.filter.HttpClientFilter] for qualifier: null 
2020-06-17 16:12:54.052 ?[32mDEBUG?[m ?[35m4974?[m [    Test worker] ?[36mi.m.c.DefaultBeanContext                ?[m : Created bean [io.micronaut.http.client.filter.DefaultHttpClientFilterResolver@aa87b8a] from definition [Definition: io.micronaut.http.client.filter.DefaultHttpClientFilterResolver] with qualifier [null]
2020-06-17 16:12:54.053 ?[32mDEBUG?[m ?[35m4974?[m [    Test worker] ?[36mi.m.c.DefaultBeanContext                ?[m : Registering singleton bean io.micronaut.http.client.filter.DefaultHttpClientFilterResolver@aa87b8a for type [io.micronaut.http.filter.HttpClientFilterResolver] using bean key io.micronaut.http.client.filter.DefaultHttpClientFilterResolver
2020-06-17 16:12:54.055 ?[34mTRACE?[m ?[35m4974?[m [    Test worker] ?[36mi.m.c.DefaultBeanContext                ?[m : Looking up existing bean for key: io.micronaut.http.client.LoadBalancerResolver
2020-06-17 16:12:54.056 ?[34mTRACE?[m ?[35m4974?[m [    Test worker] ?[36mi.m.c.DefaultBeanContext                ?[m : No existing bean found for bean key: io.micronaut.http.client.LoadBalancerResolver
2020-06-17 16:12:54.056 ?[32mDEBUG?[m ?[35m4974?[m [    Test worker] ?[36mi.m.c.DefaultBeanContext                ?[m : Finding candidate beans for type: interface io.micronaut.http.client.LoadBalancerResolver
2020-06-17 16:12:54.058 ?[32mDEBUG?[m ?[35m4974?[m [    Test worker] ?[36mi.m.c.DefaultBeanContext                ?[m : Resolved bean candidates [Definition: io.micronaut.http.client.DefaultLoadBalancerResolver] for type: interface io.micronaut.http.client.LoadBalancerResolver
2020-06-17 16:12:54.059 ?[32mDEBUG?[m ?[35m4974?[m [    Test worker] ?[36mi.m.c.DefaultApplicationContext         ?[m : Finalized bean definitions candidates: [Definition: io.micronaut.http.client.DefaultLoadBalancerResolver]
2020-06-17 16:12:54.059 ?[32mDEBUG?[m ?[35m4974?[m [    Test worker] ?[36mi.m.c.DefaultBeanContext                ?[m : Found concrete candidate [Definition: io.micronaut.http.client.DefaultLoadBalancerResolver] for type: io.micronaut.http.client.LoadBalancerResolver 
2020-06-17 16:12:54.062 ?[32mDEBUG?[m ?[35m4974?[m [    Test worker] ?[36mi.m.c.DefaultBeanContext                ?[m : Resolving beans for type: io.micronaut.discovery.ServiceInstanceList
2020-06-17 16:12:54.063 ?[34mTRACE?[m ?[35m4974?[m [    Test worker] ?[36mi.m.c.DefaultBeanContext                ?[m : Looking up existing beans for key: io.micronaut.discovery.ServiceInstanceList
2020-06-17 16:12:54.064 ?[34mTRACE?[m ?[35m4974?[m [    Test worker] ?[36mi.m.c.DefaultBeanContext                ?[m : No beans found for key: io.micronaut.discovery.ServiceInstanceList
2020-06-17 16:12:54.065 ?[32mDEBUG?[m ?[35m4974?[m [    Test worker] ?[36mi.m.c.DefaultBeanContext                ?[m : Finding candidate beans for type: interface io.micronaut.discovery.ServiceInstanceList
2020-06-17 16:12:54.067 ?[32mDEBUG?[m ?[35m4974?[m [    Test worker] ?[36mi.m.c.DefaultBeanContext                ?[m : Resolved bean candidates [Definition: io.micronaut.http.client.ServiceHttpClientFactory] for type: interface io.micronaut.discovery.ServiceInstanceList
2020-06-17 16:12:54.067 ?[32mDEBUG?[m ?[35m4974?[m [    Test worker] ?[36mi.m.c.DefaultBeanContext                ?[m : Finding candidate beans for type: class io.micronaut.http.client.ServiceHttpClientConfiguration
2020-06-17 16:12:54.069 ?[32mDEBUG?[m ?[35m4974?[m [    Test worker] ?[36mi.m.c.DefaultBeanContext                ?[m : Resolved bean candidates [Definition: io.micronaut.http.client.ServiceHttpClientConfiguration] for type: class io.micronaut.http.client.ServiceHttpClientConfiguration
2020-06-17 16:12:54.070 ?[32mDEBUG?[m ?[35m4974?[m [    Test worker] ?[36mi.m.c.DefaultApplicationContext         ?[m : Finalized bean definitions candidates: []
2020-06-17 16:12:54.070 ?[32mDEBUG?[m ?[35m4974?[m [    Test worker] ?[36mi.m.c.DefaultApplicationContext         ?[m : Finalized bean definitions candidates: []
2020-06-17 16:12:54.071 ?[32mDEBUG?[m ?[35m4974?[m [    Test worker] ?[36mi.m.c.DefaultBeanContext                ?[m : Found no possible candidate beans of type [io.micronaut.discovery.ServiceInstanceList] for qualifier: null 
2020-06-17 16:12:54.072 ?[32mDEBUG?[m ?[35m4974?[m [    Test worker] ?[36mi.m.c.DefaultBeanContext                ?[m : Created bean [io.micronaut.http.client.DefaultLoadBalancerResolver@787b9dd3] from definition [Definition: io.micronaut.http.client.DefaultLoadBalancerResolver] with qualifier [null]
2020-06-17 16:12:54.072 ?[32mDEBUG?[m ?[35m4974?[m [    Test worker] ?[36mi.m.c.DefaultBeanContext                ?[m : Registering singleton bean io.micronaut.http.client.DefaultLoadBalancerResolver@787b9dd3 for type [io.micronaut.http.client.LoadBalancerResolver] using bean key io.micronaut.http.client.DefaultLoadBalancerResolver
2020-06-17 16:12:54.074 ?[34mTRACE?[m ?[35m4974?[m [    Test worker] ?[36mi.m.c.DefaultBeanContext                ?[m : Looking up existing bean for key: io.micronaut.http.client.netty.ssl.NettyClientSslBuilder
2020-06-17 16:12:54.074 ?[34mTRACE?[m ?[35m4974?[m [    Test worker] ?[36mi.m.c.DefaultBeanContext                ?[m : No existing bean found for bean key: io.micronaut.http.client.netty.ssl.NettyClientSslBuilder
2020-06-17 16:12:54.075 ?[32mDEBUG?[m ?[35m4974?[m [    Test worker] ?[36mi.m.c.DefaultBeanContext                ?[m : Finding candidate beans for type: class io.micronaut.http.client.netty.ssl.NettyClientSslBuilder
2020-06-17 16:12:54.077 ?[32mDEBUG?[m ?[35m4974?[m [    Test worker] ?[36mi.m.c.DefaultBeanContext                ?[m : Resolved bean candidates [Definition: io.micronaut.http.client.netty.ssl.NettyClientSslBuilder] for type: class io.micronaut.http.client.netty.ssl.NettyClientSslBuilder
2020-06-17 16:12:54.077 ?[32mDEBUG?[m ?[35m4974?[m [    Test worker] ?[36mi.m.c.DefaultApplicationContext         ?[m : Finalized bean definitions candidates: [Definition: io.micronaut.http.client.netty.ssl.NettyClientSslBuilder]
2020-06-17 16:12:54.078 ?[32mDEBUG?[m ?[35m4974?[m [    Test worker] ?[36mi.m.c.DefaultBeanContext                ?[m : Found concrete candidate [Definition: io.micronaut.http.client.netty.ssl.NettyClientSslBuilder] for type: io.micronaut.http.client.netty.ssl.NettyClientSslBuilder 
2020-06-17 16:12:54.082 ?[34mTRACE?[m ?[35m4974?[m [    Test worker] ?[36mi.m.c.DefaultBeanContext                ?[m : Looking up existing bean for key: io.micronaut.core.io.ResourceResolver
2020-06-17 16:12:54.082 ?[32mDEBUG?[m ?[35m4974?[m [    Test worker] ?[36mi.m.c.DefaultBeanContext                ?[m : Resolved existing bean [io.micronaut.core.io.ResourceResolver@68b8474f] for type [class io.micronaut.core.io.ResourceResolver] and qualifier [null]
2020-06-17 16:12:54.083 ?[32mDEBUG?[m ?[35m4974?[m [    Test worker] ?[36mi.m.c.DefaultBeanContext                ?[m : Created bean [io.micronaut.http.client.netty.ssl.NettyClientSslBuilder@65cf65c4] from definition [Definition: io.micronaut.http.client.netty.ssl.NettyClientSslBuilder] with qualifier [null]
2020-06-17 16:12:54.083 ?[32mDEBUG?[m ?[35m4974?[m [    Test worker] ?[36mi.m.c.DefaultBeanContext                ?[m : Registering singleton bean io.micronaut.http.client.netty.ssl.NettyClientSslBuilder@65cf65c4 for type [io.micronaut.http.client.netty.ssl.NettyClientSslBuilder] using bean key io.micronaut.http.client.netty.ssl.NettyClientSslBuilder
2020-06-17 16:12:54.084 ?[34mTRACE?[m ?[35m4974?[m [    Test worker] ?[36mi.m.c.DefaultBeanContext                ?[m : Looking up existing bean for key: java.util.concurrent.ThreadFactory
2020-06-17 16:12:54.084 ?[32mDEBUG?[m ?[35m4974?[m [    Test worker] ?[36mi.m.c.DefaultBeanContext                ?[m : Resolved existing bean [io.micronaut.scheduling.instrument.ThreadFactoryInstrumenter$$Lambda$641/0x0000000800593840@1e1a1096] for type [interface java.util.concurrent.ThreadFactory] and qualifier [null]
2020-06-17 16:12:54.084 ?[34mTRACE?[m ?[35m4974?[m [    Test worker] ?[36mi.m.c.DefaultBeanContext                ?[m : Looking up existing bean for key: io.micronaut.http.codec.MediaTypeCodecRegistry
2020-06-17 16:12:54.085 ?[32mDEBUG?[m ?[35m4974?[m [    Test worker] ?[36mi.m.c.DefaultBeanContext                ?[m : Resolved existing bean [io.micronaut.http.codec.DefaultMediaTypeCodecRegistry@5c9e66ac] for type [interface io.micronaut.http.codec.MediaTypeCodecRegistry] and qualifier [null]
2020-06-17 16:12:54.085 ?[34mTRACE?[m ?[35m4974?[m [    Test worker] ?[36mi.m.c.DefaultBeanContext                ?[m : Looking up existing bean for key: io.micronaut.http.netty.channel.EventLoopGroupRegistry
2020-06-17 16:12:54.085 ?[34mTRACE?[m ?[35m4974?[m [    Test worker] ?[36mi.m.c.DefaultBeanContext                ?[m : No existing bean found for bean key: io.micronaut.http.netty.channel.EventLoopGroupRegistry
2020-06-17 16:12:54.085 ?[32mDEBUG?[m ?[35m4974?[m [    Test worker] ?[36mi.m.c.DefaultBeanContext                ?[m : Registering singleton bean io.micronaut.http.netty.channel.DefaultEventLoopGroupRegistry@5bc3e0cd for type [io.micronaut.http.netty.channel.DefaultEventLoopGroupRegistry] using bean key io.micronaut.http.netty.channel.DefaultEventLoopGroupRegistry
2020-06-17 16:12:54.086 ?[32mDEBUG?[m ?[35m4974?[m [    Test worker] ?[36mi.m.c.DefaultBeanContext                ?[m : Resolved existing bean [io.micronaut.http.netty.channel.DefaultEventLoopGroupRegistry@5bc3e0cd] for type [interface io.micronaut.http.netty.channel.EventLoopGroupRegistry] and qualifier [null]
2020-06-17 16:12:54.086 ?[34mTRACE?[m ?[35m4974?[m [    Test worker] ?[36mi.m.c.DefaultBeanContext                ?[m : Looking up existing bean for key: io.micronaut.http.netty.channel.EventLoopGroupFactory
2020-06-17 16:12:54.086 ?[32mDEBUG?[m ?[35m4974?[m [    Test worker] ?[36mi.m.c.DefaultBeanContext                ?[m : Resolved existing bean [io.micronaut.http.netty.channel.DefaultEventLoopGroupFactory@7fbe5be7] for type [interface io.micronaut.http.netty.channel.EventLoopGroupFactory] and qualifier [null]
2020-06-17 16:12:54.087 ?[32mDEBUG?[m ?[35m4974?[m [    Test worker] ?[36mi.m.c.DefaultBeanContext                ?[m : Created bean [io.micronaut.http.client.netty.RxNettyHttpClientRegistry@63b92666] from definition [Definition: io.micronaut.http.client.netty.RxNettyHttpClientRegistry] with qualifier [null]
2020-06-17 16:12:54.087 ?[32mDEBUG?[m ?[35m4974?[m [    Test worker] ?[36mi.m.c.DefaultBeanContext                ?[m : Registering singleton bean io.micronaut.http.client.netty.RxNettyHttpClientRegistry@63b92666 for type [io.micronaut.http.client.netty.RxNettyHttpClientRegistry] using bean key io.micronaut.http.client.netty.RxNettyHttpClientRegistry
2020-06-17 16:12:54.090 ?[34mTRACE?[m ?[35m4974?[m [    Test worker] ?[36mi.m.c.DefaultBeanContext                ?[m : Looking up existing bean for key: @Named('/') io.micronaut.http.client.RxHttpClient
2020-06-17 16:12:54.090 ?[34mTRACE?[m ?[35m4974?[m [    Test worker] ?[36mi.m.c.DefaultBeanContext                ?[m : No existing bean found for bean key: @Named('/') io.micronaut.http.client.RxHttpClient
2020-06-17 16:12:54.091 ?[32mDEBUG?[m ?[35m4974?[m [    Test worker] ?[36mi.m.c.DefaultBeanContext                ?[m : Finding candidate beans for type: interface io.micronaut.http.client.RxHttpClient
2020-06-17 16:12:54.091 ?[32mDEBUG?[m ?[35m4974?[m [    Test worker] ?[36mi.m.c.DefaultBeanContext                ?[m : Resolved bean candidates [Definition: io.micronaut.http.client.netty.RxNettyHttpClientRegistry] for type: interface io.micronaut.http.client.RxHttpClient
2020-06-17 16:12:54.092 ?[32mDEBUG?[m ?[35m4974?[m [    Test worker] ?[36mi.m.c.DefaultApplicationContext         ?[m : Finalized bean definitions candidates: [Definition: io.micronaut.http.client.netty.RxNettyHttpClientRegistry]
2020-06-17 16:12:54.092 ?[32mDEBUG?[m ?[35m4974?[m [    Test worker] ?[36mi.m.c.DefaultBeanContext                ?[m : Qualifying bean [io.micronaut.http.client.RxHttpClient] for qualifier: @Named('/') 
2020-06-17 16:12:54.092 ?[32mDEBUG?[m ?[35m4974?[m [    Test worker] ?[36mi.m.c.DefaultBeanContext                ?[m : No qualifying beans of type [io.micronaut.http.client.RxHttpClient] found for qualifier: @Named('/') 
2020-06-17 16:12:54.093 ?[34mTRACE?[m ?[35m4974?[m [    Test worker] ?[36mi.m.c.DefaultBeanContext                ?[m : Looking up existing bean for key: @Named('/') io.micronaut.http.client.HttpClientConfiguration
2020-06-17 16:12:54.093 ?[34mTRACE?[m ?[35m4974?[m [    Test worker] ?[36mi.m.c.DefaultBeanContext                ?[m : No existing bean found for bean key: @Named('/') io.micronaut.http.client.HttpClientConfiguration
2020-06-17 16:12:54.093 ?[32mDEBUG?[m ?[35m4974?[m [    Test worker] ?[36mi.m.c.DefaultBeanContext                ?[m : Finding candidate beans for type: class io.micronaut.http.client.HttpClientConfiguration
2020-06-17 16:12:54.094 ?[32mDEBUG?[m ?[35m4974?[m [    Test worker] ?[36mi.m.c.DefaultBeanContext                ?[m : Resolved bean candidates [Definition: io.micronaut.http.client.ServiceHttpClientConfiguration, Definition: io.micronaut.http.client.DefaultHttpClientConfiguration] for type: class io.micronaut.http.client.HttpClientConfiguration
2020-06-17 16:12:54.095 ?[32mDEBUG?[m ?[35m4974?[m [    Test worker] ?[36mi.m.c.DefaultApplicationContext         ?[m : Finalized bean definitions candidates: [Definition: io.micronaut.http.client.DefaultHttpClientConfiguration]
2020-06-17 16:12:54.095 ?[32mDEBUG?[m ?[35m4974?[m [    Test worker] ?[36mi.m.c.DefaultBeanContext                ?[m : Qualifying bean [io.micronaut.http.client.HttpClientConfiguration] for qualifier: @Named('/') 
2020-06-17 16:12:54.095 ?[32mDEBUG?[m ?[35m4974?[m [    Test worker] ?[36mi.m.c.DefaultBeanContext                ?[m : No qualifying beans of type [io.micronaut.http.client.HttpClientConfiguration] found for qualifier: @Named('/') 
2020-06-17 16:12:54.096 ?[32mDEBUG?[m ?[35m4974?[m [    Test worker] ?[36mi.m.c.DefaultBeanContext                ?[m : Finding candidate beans for type: interface io.micronaut.runtime.server.EmbeddedServer
2020-06-17 16:12:54.097 ?[32mDEBUG?[m ?[35m4974?[m [    Test worker] ?[36mi.m.c.DefaultBeanContext                ?[m : Resolved bean candidates [Definition: io.micronaut.http.server.netty.NettyHttpServer] for type: interface io.micronaut.runtime.server.EmbeddedServer
2020-06-17 16:12:54.097 ?[32mDEBUG?[m ?[35m4974?[m [    Test worker] ?[36mi.m.c.DefaultApplicationContext         ?[m : Finalized bean definitions candidates: [Definition: io.micronaut.http.server.netty.NettyHttpServer]
2020-06-17 16:12:54.097 ?[34mTRACE?[m ?[35m4974?[m [    Test worker] ?[36mi.m.c.DefaultBeanContext                ?[m : Looking up existing bean for key: io.micronaut.runtime.server.EmbeddedServer
2020-06-17 16:12:54.097 ?[34mTRACE?[m ?[35m4974?[m [    Test worker] ?[36mi.m.c.DefaultBeanContext                ?[m : No existing bean found for bean key: io.micronaut.runtime.server.EmbeddedServer
2020-06-17 16:12:54.098 ?[32mDEBUG?[m ?[35m4974?[m [    Test worker] ?[36mi.m.c.DefaultBeanContext                ?[m : Finding candidate beans for type: interface io.micronaut.runtime.server.EmbeddedServer
2020-06-17 16:12:54.098 ?[32mDEBUG?[m ?[35m4974?[m [    Test worker] ?[36mi.m.c.DefaultBeanContext                ?[m : Resolved bean candidates [Definition: io.micronaut.http.server.netty.NettyHttpServer] for type: interface io.micronaut.runtime.server.EmbeddedServer
2020-06-17 16:12:54.099 ?[32mDEBUG?[m ?[35m4974?[m [    Test worker] ?[36mi.m.c.DefaultApplicationContext         ?[m : Finalized bean definitions candidates: [Definition: io.micronaut.http.server.netty.NettyHttpServer]
2020-06-17 16:12:54.099 ?[32mDEBUG?[m ?[35m4974?[m [    Test worker] ?[36mi.m.c.DefaultBeanContext                ?[m : Found concrete candidate [Definition: io.micronaut.http.server.netty.NettyHttpServer] for type: io.micronaut.runtime.server.EmbeddedServer 
2020-06-17 16:12:54.099 ?[32mDEBUG?[m ?[35m4974?[m [    Test worker] ?[36mi.m.c.DefaultBeanContext                ?[m : Registering singleton bean io.micronaut.http.server.netty.NettyHttpServer@12445fed for type [io.micronaut.http.server.netty.NettyHttpServer] using bean key io.micronaut.http.server.netty.NettyHttpServer
2020-06-17 16:12:54.102 ?[32mDEBUG?[m ?[35m4974?[m [    Test worker] ?[36mi.m.c.DefaultBeanContext                ?[m : Resolved existing bean [io.micronaut.http.server.netty.NettyHttpServer@12445fed] for type [interface io.micronaut.runtime.server.EmbeddedServer] and qualifier [null]
2020-06-17 16:12:54.105 ?[34mTRACE?[m ?[35m4974?[m [    Test worker] ?[36mi.m.c.DefaultBeanContext                ?[m : Looking up existing bean for key: io.netty.channel.EventLoopGroup
2020-06-17 16:12:54.106 ?[32mDEBUG?[m ?[35m4974?[m [    Test worker] ?[36mi.m.c.DefaultBeanContext                ?[m : Resolved existing bean [io.netty.channel.nio.NioEventLoopGroup@517030de] for type [interface io.netty.channel.EventLoopGroup] and qualifier [null]
2020-06-17 16:12:54.106 ?[34mTRACE?[m ?[35m4974?[m [    Test worker] ?[36mi.m.c.DefaultBeanContext                ?[m : Looking up existing bean for key: @Named('default') io.micronaut.http.netty.channel.EventLoopGroupConfiguration
2020-06-17 16:12:54.106 ?[34mTRACE?[m ?[35m4974?[m [    Test worker] ?[36mi.m.c.DefaultBeanContext                ?[m : No existing bean found for bean key: @Named('default') io.micronaut.http.netty.channel.EventLoopGroupConfiguration
2020-06-17 16:12:54.117 ?[34mTRACE?[m ?[35m4974?[m [    Test worker] ?[36mi.m.c.DefaultBeanContext                ?[m : Looking up existing bean for key: io.micronaut.http.bind.RequestBinderRegistry
2020-06-17 16:12:54.117 ?[34mTRACE?[m ?[35m4974?[m [    Test worker] ?[36mi.m.c.DefaultBeanContext                ?[m : No existing bean found for bean key: io.micronaut.http.bind.RequestBinderRegistry
2020-06-17 16:12:54.118 ?[32mDEBUG?[m ?[35m4974?[m [    Test worker] ?[36mi.m.c.DefaultBeanContext                ?[m : Finding candidate beans for type: interface io.micronaut.http.bind.RequestBinderRegistry
2020-06-17 16:12:54.119 ?[32mDEBUG?[m ?[35m4974?[m [    Test worker] ?[36mi.m.c.DefaultBeanContext                ?[m : Resolved bean candidates [Definition: io.micronaut.http.bind.DefaultRequestBinderRegistry] for type: interface io.micronaut.http.bind.RequestBinderRegistry
2020-06-17 16:12:54.119 ?[32mDEBUG?[m ?[35m4974?[m [    Test worker] ?[36mi.m.c.DefaultApplicationContext         ?[m : Finalized bean definitions candidates: [Definition: io.micronaut.http.bind.DefaultRequestBinderRegistry]
2020-06-17 16:12:54.119 ?[32mDEBUG?[m ?[35m4974?[m [    Test worker] ?[36mi.m.c.DefaultBeanContext                ?[m : Found concrete candidate [Definition: io.micronaut.http.bind.DefaultRequestBinderRegistry] for type: io.micronaut.http.bind.RequestBinderRegistry 
2020-06-17 16:12:54.120 ?[32mDEBUG?[m ?[35m4974?[m [    Test worker] ?[36mi.m.c.DefaultBeanContext                ?[m : Registering singleton bean io.micronaut.http.bind.DefaultRequestBinderRegistry@71fb227 for type [io.micronaut.http.bind.DefaultRequestBinderRegistry] using bean key io.micronaut.http.bind.DefaultRequestBinderRegistry
2020-06-17 16:12:54.121 ?[32mDEBUG?[m ?[35m4974?[m [    Test worker] ?[36mi.m.c.DefaultBeanContext                ?[m : Resolved existing bean [io.micronaut.http.bind.DefaultRequestBinderRegistry@71fb227] for type [interface io.micronaut.http.bind.RequestBinderRegistry] and qualifier [null]
2020-06-17 16:12:54.186 ?[32mDEBUG?[m ?[35m4974?[m [    Test worker] ?[36mi.n.h.s.OpenSsl                         ?[m : netty-tcnative not in the classpath; OpenSslEngine will be unavailable.
2020-06-17 16:12:54.491 ?[32mDEBUG?[m ?[35m4974?[m [    Test worker] ?[36mi.n.h.s.JdkSslContext                   ?[m : Default protocols (JDK): [TLSv1.2, TLSv1.1, TLSv1] 
2020-06-17 16:12:54.492 ?[32mDEBUG?[m ?[35m4974?[m [    Test worker] ?[36mi.n.h.s.JdkSslContext                   ?[m : Default cipher suites (JDK): [TLS_ECDHE_ECDSA_WITH_AES_256_GCM_SHA384, TLS_ECDHE_ECDSA_WITH_AES_128_GCM_SHA256, TLS_ECDHE_RSA_WITH_AES_128_GCM_SHA256, TLS_ECDHE_RSA_WITH_AES_256_GCM_SHA384, TLS_ECDHE_RSA_WITH_AES_128_CBC_SHA, TLS_ECDHE_RSA_WITH_AES_256_CBC_SHA, TLS_RSA_WITH_AES_128_GCM_SHA256, TLS_RSA_WITH_AES_128_CBC_SHA, TLS_RSA_WITH_AES_256_CBC_SHA, TLS_AES_128_GCM_SHA256, TLS_AES_256_GCM_SHA384]
2020-06-17 16:12:54.523 ?[32mDEBUG?[m ?[35m4974?[m [    Test worker] ?[36mi.m.c.DefaultBeanContext                ?[m : Created bean [io.micronaut.http.client.netty.DefaultHttpClient@4f6f3083] from definition [Definition: io.micronaut.http.client.netty.RxNettyHttpClientRegistry] with qualifier [null]
2020-06-17 16:12:54.523 ?[34mTRACE?[m ?[35m4974?[m [    Test worker] ?[36mi.m.c.DefaultBeanContext                ?[m : Looking up existing bean for key: com.fasterxml.jackson.databind.ObjectMapper
2020-06-17 16:12:54.523 ?[34mTRACE?[m ?[35m4974?[m [    Test worker] ?[36mi.m.c.DefaultBeanContext                ?[m : No existing bean found for bean key: com.fasterxml.jackson.databind.ObjectMapper
2020-06-17 16:12:54.524 ?[32mDEBUG?[m ?[35m4974?[m [    Test worker] ?[36mi.m.c.DefaultBeanContext                ?[m : Finding candidate beans for type: class com.fasterxml.jackson.databind.ObjectMapper
2020-06-17 16:12:54.525 ?[32mDEBUG?[m ?[35m4974?[m [    Test worker] ?[36mi.m.c.DefaultBeanContext                ?[m : Resolved bean candidates [Definition: io.micronaut.jackson.ObjectMapperFactory] for type: class com.fasterxml.jackson.databind.ObjectMapper
2020-06-17 16:12:54.526 ?[32mDEBUG?[m ?[35m4974?[m [    Test worker] ?[36mi.m.c.DefaultApplicationContext         ?[m : Finalized bean definitions candidates: [Definition: io.micronaut.jackson.ObjectMapperFactory]
2020-06-17 16:12:54.526 ?[32mDEBUG?[m ?[35m4974?[m [    Test worker] ?[36mi.m.c.DefaultBeanContext                ?[m : Found concrete candidate [Definition: io.micronaut.jackson.ObjectMapperFactory] for type: com.fasterxml.jackson.databind.ObjectMapper 
2020-06-17 16:12:54.527 ?[34mTRACE?[m ?[35m4974?[m [    Test worker] ?[36mi.m.c.DefaultBeanContext                ?[m : Looking up existing bean for key: io.micronaut.jackson.ObjectMapperFactory
2020-06-17 16:12:54.527 ?[34mTRACE?[m ?[35m4974?[m [    Test worker] ?[36mi.m.c.DefaultBeanContext                ?[m : No existing bean found for bean key: io.micronaut.jackson.ObjectMapperFactory
2020-06-17 16:12:54.527 ?[32mDEBUG?[m ?[35m4974?[m [    Test worker] ?[36mi.m.c.DefaultBeanContext                ?[m : Finding candidate beans for type: class io.micronaut.jackson.ObjectMapperFactory
2020-06-17 16:12:54.533 ?[32mDEBUG?[m ?[35m4974?[m [    Test worker] ?[36mi.m.c.DefaultBeanContext                ?[m : Resolved bean candidates [Definition: io.micronaut.jackson.ObjectMapperFactory] for type: class io.micronaut.jackson.ObjectMapperFactory
2020-06-17 16:12:54.533 ?[32mDEBUG?[m ?[35m4974?[m [    Test worker] ?[36mi.m.c.DefaultApplicationContext         ?[m : Finalized bean definitions candidates: [Definition: io.micronaut.jackson.ObjectMapperFactory]
2020-06-17 16:12:54.534 ?[32mDEBUG?[m ?[35m4974?[m [    Test worker] ?[36mi.m.c.DefaultBeanContext                ?[m : Found concrete candidate [Definition: io.micronaut.jackson.ObjectMapperFactory] for type: io.micronaut.jackson.ObjectMapperFactory 
2020-06-17 16:12:54.536 ?[32mDEBUG?[m ?[35m4974?[m [    Test worker] ?[36mi.m.c.DefaultBeanContext                ?[m : Resolving beans for type: com.fasterxml.jackson.databind.Module
2020-06-17 16:12:54.537 ?[34mTRACE?[m ?[35m4974?[m [    Test worker] ?[36mi.m.c.DefaultBeanContext                ?[m : Looking up existing beans for key: com.fasterxml.jackson.databind.Module
2020-06-17 16:12:54.537 ?[34mTRACE?[m ?[35m4974?[m [    Test worker] ?[36mi.m.c.DefaultBeanContext                ?[m : No beans found for key: com.fasterxml.jackson.databind.Module
2020-06-17 16:12:54.538 ?[32mDEBUG?[m ?[35m4974?[m [    Test worker] ?[36mi.m.c.DefaultBeanContext                ?[m : Finding candidate beans for type: class com.fasterxml.jackson.databind.Module
2020-06-17 16:12:54.542 ?[32mDEBUG?[m ?[35m4974?[m [    Test worker] ?[36mi.m.c.DefaultBeanContext                ?[m : Resolved bean candidates [Definition: io.micronaut.jackson.modules.BeanIntrospectionModule, Definition: io.micronaut.jackson.serialize.ResourceModule] for type: class com.fasterxml.jackson.databind.Module
2020-06-17 16:12:54.542 ?[32mDEBUG?[m ?[35m4974?[m [    Test worker] ?[36mi.m.c.DefaultApplicationContext         ?[m : Finalized bean definitions candidates: [Definition: io.micronaut.jackson.modules.BeanIntrospectionModule, Definition: io.micronaut.jackson.serialize.ResourceModule]
2020-06-17 16:12:54.576 ?[32mDEBUG?[m ?[35m4974?[m [    Test worker] ?[36mi.m.c.DefaultBeanContext                ?[m : Created bean [io.micronaut.jackson.modules.BeanIntrospectionModule@9921ca] from definition [Definition: io.micronaut.jackson.modules.BeanIntrospectionModule] with qualifier [null]
2020-06-17 16:12:54.577 ?[32mDEBUG?[m ?[35m4974?[m [    Test worker] ?[36mi.m.c.DefaultBeanContext                ?[m : Registering singleton bean io.micronaut.jackson.modules.BeanIntrospectionModule@9921ca for type [com.fasterxml.jackson.databind.Module] using bean key io.micronaut.jackson.modules.BeanIntrospectionModule
2020-06-17 16:12:54.579 ?[32mDEBUG?[m ?[35m4974?[m [    Test worker] ?[36mi.m.c.DefaultBeanContext                ?[m : Created bean [io.micronaut.jackson.serialize.ResourceModule@22d1eac2] from definition [Definition: io.micronaut.jackson.serialize.ResourceModule] with qualifier [null]
2020-06-17 16:12:54.581 ?[32mDEBUG?[m ?[35m4974?[m [    Test worker] ?[36mi.m.c.DefaultBeanContext                ?[m : Registering singleton bean io.micronaut.jackson.serialize.ResourceModule@22d1eac2 for type [com.fasterxml.jackson.databind.Module] using bean key io.micronaut.jackson.serialize.ResourceModule
2020-06-17 16:12:54.582 ?[32mDEBUG?[m ?[35m4974?[m [    Test worker] ?[36mi.m.c.DefaultBeanContext                ?[m : Found 2 beans for type [com.fasterxml.jackson.databind.Module]: [io.micronaut.jackson.modules.BeanIntrospectionModule@9921ca, io.micronaut.jackson.serialize.ResourceModule@22d1eac2] 
2020-06-17 16:12:54.583 ?[32mDEBUG?[m ?[35m4974?[m [    Test worker] ?[36mi.m.c.DefaultBeanContext                ?[m : Resolving beans for type: com.fasterxml.jackson.databind.JsonSerializer
2020-06-17 16:12:54.584 ?[34mTRACE?[m ?[35m4974?[m [    Test worker] ?[36mi.m.c.DefaultBeanContext                ?[m : Looking up existing beans for key: com.fasterxml.jackson.databind.JsonSerializer
2020-06-17 16:12:54.584 ?[34mTRACE?[m ?[35m4974?[m [    Test worker] ?[36mi.m.c.DefaultBeanContext                ?[m : No beans found for key: com.fasterxml.jackson.databind.JsonSerializer
2020-06-17 16:12:54.584 ?[32mDEBUG?[m ?[35m4974?[m [    Test worker] ?[36mi.m.c.DefaultBeanContext                ?[m : Finding candidate beans for type: class com.fasterxml.jackson.databind.JsonSerializer
2020-06-17 16:12:54.587 ?[32mDEBUG?[m ?[35m4974?[m [    Test worker] ?[36mi.m.c.DefaultBeanContext                ?[m : Resolved bean candidates [Definition: io.micronaut.jackson.serialize.ConvertibleMultiValuesSerializer, Definition: io.micronaut.jackson.serialize.ConvertibleValuesSerializer, Definition: io.micronaut.jackson.serialize.OptionalValuesSerializer] for type: class com.fasterxml.jackson.databind.JsonSerializer
2020-06-17 16:12:54.587 ?[32mDEBUG?[m ?[35m4974?[m [    Test worker] ?[36mi.m.c.DefaultApplicationContext         ?[m : Finalized bean definitions candidates: [Definition: io.micronaut.jackson.serialize.ConvertibleMultiValuesSerializer, Definition: io.micronaut.jackson.serialize.ConvertibleValuesSerializer, Definition: io.micronaut.jackson.serialize.OptionalValuesSerializer]
2020-06-17 16:12:54.588 ?[32mDEBUG?[m ?[35m4974?[m [    Test worker] ?[36mi.m.c.DefaultBeanContext                ?[m : Created bean [io.micronaut.jackson.serialize.ConvertibleMultiValuesSerializer@50d02d2d] from definition [Definition: io.micronaut.jackson.serialize.ConvertibleMultiValuesSerializer] with qualifier [null]
2020-06-17 16:12:54.589 ?[32mDEBUG?[m ?[35m4974?[m [    Test worker] ?[36mi.m.c.DefaultBeanContext                ?[m : Registering singleton bean io.micronaut.jackson.serialize.ConvertibleMultiValuesSerializer@50d02d2d for type [com.fasterxml.jackson.databind.JsonSerializer] using bean key io.micronaut.jackson.serialize.ConvertibleMultiValuesSerializer
2020-06-17 16:12:54.590 ?[32mDEBUG?[m ?[35m4974?[m [    Test worker] ?[36mi.m.c.DefaultBeanContext                ?[m : Created bean [io.micronaut.jackson.serialize.ConvertibleValuesSerializer@59544c87] from definition [Definition: io.micronaut.jackson.serialize.ConvertibleValuesSerializer] with qualifier [null]
2020-06-17 16:12:54.590 ?[32mDEBUG?[m ?[35m4974?[m [    Test worker] ?[36mi.m.c.DefaultBeanContext                ?[m : Registering singleton bean io.micronaut.jackson.serialize.ConvertibleValuesSerializer@59544c87 for type [com.fasterxml.jackson.databind.JsonSerializer] using bean key io.micronaut.jackson.serialize.ConvertibleValuesSerializer
2020-06-17 16:12:54.591 ?[32mDEBUG?[m ?[35m4974?[m [    Test worker] ?[36mi.m.c.DefaultBeanContext                ?[m : Created bean [io.micronaut.jackson.serialize.OptionalValuesSerializer@f5858f4] from definition [Definition: io.micronaut.jackson.serialize.OptionalValuesSerializer] with qualifier [null]
2020-06-17 16:12:54.591 ?[32mDEBUG?[m ?[35m4974?[m [    Test worker] ?[36mi.m.c.DefaultBeanContext                ?[m : Registering singleton bean io.micronaut.jackson.serialize.OptionalValuesSerializer@f5858f4 for type [com.fasterxml.jackson.databind.JsonSerializer] using bean key io.micronaut.jackson.serialize.OptionalValuesSerializer
2020-06-17 16:12:54.592 ?[32mDEBUG?[m ?[35m4974?[m [    Test worker] ?[36mi.m.c.DefaultBeanContext                ?[m : Found 3 beans for type [com.fasterxml.jackson.databind.JsonSerializer]: [io.micronaut.jackson.serialize.OptionalValuesSerializer@f5858f4, io.micronaut.jackson.serialize.ConvertibleMultiValuesSerializer@50d02d2d, io.micronaut.jackson.serialize.ConvertibleValuesSerializer@59544c87] 
2020-06-17 16:12:54.592 ?[32mDEBUG?[m ?[35m4974?[m [    Test worker] ?[36mi.m.c.DefaultBeanContext                ?[m : Resolving beans for type: com.fasterxml.jackson.databind.JsonDeserializer
2020-06-17 16:12:54.592 ?[34mTRACE?[m ?[35m4974?[m [    Test worker] ?[36mi.m.c.DefaultBeanContext                ?[m : Looking up existing beans for key: com.fasterxml.jackson.databind.JsonDeserializer
2020-06-17 16:12:54.593 ?[34mTRACE?[m ?[35m4974?[m [    Test worker] ?[36mi.m.c.DefaultBeanContext                ?[m : No beans found for key: com.fasterxml.jackson.databind.JsonDeserializer
2020-06-17 16:12:54.593 ?[32mDEBUG?[m ?[35m4974?[m [    Test worker] ?[36mi.m.c.DefaultBeanContext                ?[m : Finding candidate beans for type: class com.fasterxml.jackson.databind.JsonDeserializer
2020-06-17 16:12:54.594 ?[32mDEBUG?[m ?[35m4974?[m [    Test worker] ?[36mi.m.c.DefaultBeanContext                ?[m : Resolved bean candidates [] for type: class com.fasterxml.jackson.databind.JsonDeserializer
2020-06-17 16:12:54.595 ?[32mDEBUG?[m ?[35m4974?[m [    Test worker] ?[36mi.m.c.DefaultBeanContext                ?[m : Found no possible candidate beans of type [com.fasterxml.jackson.databind.JsonDeserializer] for qualifier: null 
2020-06-17 16:12:54.595 ?[32mDEBUG?[m ?[35m4974?[m [    Test worker] ?[36mi.m.c.DefaultBeanContext                ?[m : Resolving beans for type: com.fasterxml.jackson.databind.ser.BeanSerializerModifier
2020-06-17 16:12:54.597 ?[34mTRACE?[m ?[35m4974?[m [    Test worker] ?[36mi.m.c.DefaultBeanContext                ?[m : Looking up existing beans for key: com.fasterxml.jackson.databind.ser.BeanSerializerModifier
2020-06-17 16:12:54.598 ?[34mTRACE?[m ?[35m4974?[m [    Test worker] ?[36mi.m.c.DefaultBeanContext                ?[m : No beans found for key: com.fasterxml.jackson.databind.ser.BeanSerializerModifier
2020-06-17 16:12:54.599 ?[32mDEBUG?[m ?[35m4974?[m [    Test worker] ?[36mi.m.c.DefaultBeanContext                ?[m : Finding candidate beans for type: class com.fasterxml.jackson.databind.ser.BeanSerializerModifier
2020-06-17 16:12:54.600 ?[32mDEBUG?[m ?[35m4974?[m [    Test worker] ?[36mi.m.c.DefaultBeanContext                ?[m : Finding candidate beans for type: class io.micronaut.jackson.modules.BeanIntrospectionModule
2020-06-17 16:12:54.602 ?[32mDEBUG?[m ?[35m4974?[m [    Test worker] ?[36mi.m.c.DefaultBeanContext                ?[m : Resolved bean candidates [Definition: io.micronaut.jackson.modules.BeanIntrospectionModule] for type: class io.micronaut.jackson.modules.BeanIntrospectionModule
2020-06-17 16:12:54.602 ?[32mDEBUG?[m ?[35m4974?[m [    Test worker] ?[36mi.m.c.DefaultApplicationContext         ?[m : Finalized bean definitions candidates: [Definition: io.micronaut.jackson.modules.BeanIntrospectionModule]
2020-06-17 16:12:54.603 ?[32mDEBUG?[m ?[35m4974?[m [    Test worker] ?[36mi.m.c.AbstractBeanContextConditional    ?[m : Bean [Definition: io.micronaut.jackson.serialize.ResourceSerializerModifier] will not be loaded due to failing conditions:
2020-06-17 16:12:54.603 ?[32mDEBUG?[m ?[35m4974?[m [    Test worker] ?[36mi.m.c.AbstractBeanContextConditional    ?[m : * Existing bean [io.micronaut.jackson.modules.BeanIntrospectionModule] of type [class io.micronaut.jackson.modules.BeanIntrospectionModule] registered in context
2020-06-17 16:12:54.605 ?[32mDEBUG?[m ?[35m4974?[m [    Test worker] ?[36mi.m.c.DefaultBeanContext                ?[m : Resolved bean candidates [] for type: class com.fasterxml.jackson.databind.ser.BeanSerializerModifier
2020-06-17 16:12:54.606 ?[32mDEBUG?[m ?[35m4974?[m [    Test worker] ?[36mi.m.c.DefaultBeanContext                ?[m : Found no possible candidate beans of type [com.fasterxml.jackson.databind.ser.BeanSerializerModifier] for qualifier: null 
2020-06-17 16:12:54.607 ?[32mDEBUG?[m ?[35m4974?[m [    Test worker] ?[36mi.m.c.DefaultBeanContext                ?[m : Resolving beans for type: com.fasterxml.jackson.databind.deser.BeanDeserializerModifier
2020-06-17 16:12:54.607 ?[34mTRACE?[m ?[35m4974?[m [    Test worker] ?[36mi.m.c.DefaultBeanContext                ?[m : Looking up existing beans for key: com.fasterxml.jackson.databind.deser.BeanDeserializerModifier
2020-06-17 16:12:54.608 ?[34mTRACE?[m ?[35m4974?[m [    Test worker] ?[36mi.m.c.DefaultBeanContext                ?[m : No beans found for key: com.fasterxml.jackson.databind.deser.BeanDeserializerModifier
2020-06-17 16:12:54.608 ?[32mDEBUG?[m ?[35m4974?[m [    Test worker] ?[36mi.m.c.DefaultBeanContext                ?[m : Finding candidate beans for type: class com.fasterxml.jackson.databind.deser.BeanDeserializerModifier
2020-06-17 16:12:54.609 ?[32mDEBUG?[m ?[35m4974?[m [    Test worker] ?[36mi.m.c.DefaultBeanContext                ?[m : Resolved bean candidates [] for type: class com.fasterxml.jackson.databind.deser.BeanDeserializerModifier
2020-06-17 16:12:54.609 ?[32mDEBUG?[m ?[35m4974?[m [    Test worker] ?[36mi.m.c.DefaultBeanContext                ?[m : Found no possible candidate beans of type [com.fasterxml.jackson.databind.deser.BeanDeserializerModifier] for qualifier: null 
2020-06-17 16:12:54.609 ?[32mDEBUG?[m ?[35m4974?[m [    Test worker] ?[36mi.m.c.DefaultBeanContext                ?[m : Resolving beans for type: com.fasterxml.jackson.databind.KeyDeserializer
2020-06-17 16:12:54.610 ?[34mTRACE?[m ?[35m4974?[m [    Test worker] ?[36mi.m.c.DefaultBeanContext                ?[m : Looking up existing beans for key: com.fasterxml.jackson.databind.KeyDeserializer
2020-06-17 16:12:54.610 ?[34mTRACE?[m ?[35m4974?[m [    Test worker] ?[36mi.m.c.DefaultBeanContext                ?[m : No beans found for key: com.fasterxml.jackson.databind.KeyDeserializer
2020-06-17 16:12:54.611 ?[32mDEBUG?[m ?[35m4974?[m [    Test worker] ?[36mi.m.c.DefaultBeanContext                ?[m : Finding candidate beans for type: class com.fasterxml.jackson.databind.KeyDeserializer
2020-06-17 16:12:54.612 ?[32mDEBUG?[m ?[35m4974?[m [    Test worker] ?[36mi.m.c.DefaultBeanContext                ?[m : Resolved bean candidates [] for type: class com.fasterxml.jackson.databind.KeyDeserializer
2020-06-17 16:12:54.613 ?[32mDEBUG?[m ?[35m4974?[m [    Test worker] ?[36mi.m.c.DefaultBeanContext                ?[m : Found no possible candidate beans of type [com.fasterxml.jackson.databind.KeyDeserializer] for qualifier: null 
2020-06-17 16:12:54.614 ?[32mDEBUG?[m ?[35m4974?[m [    Test worker] ?[36mi.m.c.DefaultBeanContext                ?[m : Created bean [io.micronaut.jackson.ObjectMapperFactory@4689d098] from definition [Definition: io.micronaut.jackson.ObjectMapperFactory] with qualifier [null]
2020-06-17 16:12:54.614 ?[32mDEBUG?[m ?[35m4974?[m [    Test worker] ?[36mi.m.c.DefaultBeanContext                ?[m : Registering singleton bean io.micronaut.jackson.ObjectMapperFactory@4689d098 for type [io.micronaut.jackson.ObjectMapperFactory] using bean key io.micronaut.jackson.ObjectMapperFactory
2020-06-17 16:12:54.615 ?[34mTRACE?[m ?[35m4974?[m [    Test worker] ?[36mi.m.c.DefaultBeanContext                ?[m : Looking up existing bean for key: io.micronaut.jackson.JacksonConfiguration
2020-06-17 16:12:54.615 ?[34mTRACE?[m ?[35m4974?[m [    Test worker] ?[36mi.m.c.DefaultBeanContext                ?[m : No existing bean found for bean key: io.micronaut.jackson.JacksonConfiguration
2020-06-17 16:12:54.615 ?[32mDEBUG?[m ?[35m4974?[m [    Test worker] ?[36mi.m.c.DefaultBeanContext                ?[m : Finding candidate beans for type: class io.micronaut.jackson.JacksonConfiguration
2020-06-17 16:12:54.620 ?[32mDEBUG?[m ?[35m4974?[m [    Test worker] ?[36mi.m.c.DefaultBeanContext                ?[m : Resolved bean candidates [Definition: io.micronaut.jackson.JacksonConfiguration] for type: class io.micronaut.jackson.JacksonConfiguration
2020-06-17 16:12:54.620 ?[32mDEBUG?[m ?[35m4974?[m [    Test worker] ?[36mi.m.c.DefaultApplicationContext         ?[m : Finalized bean definitions candidates: [Definition: io.micronaut.jackson.JacksonConfiguration]
2020-06-17 16:12:54.620 ?[32mDEBUG?[m ?[35m4974?[m [    Test worker] ?[36mi.m.c.DefaultBeanContext                ?[m : Found concrete candidate [Definition: io.micronaut.jackson.JacksonConfiguration] for type: io.micronaut.jackson.JacksonConfiguration 
2020-06-17 16:12:54.623 ?[32mDEBUG?[m ?[35m4974?[m [    Test worker] ?[36mi.m.c.DefaultBeanContext                ?[m : Created bean [io.micronaut.jackson.JacksonConfiguration@53cd443f] from definition [Definition: io.micronaut.jackson.JacksonConfiguration] with qualifier [null]
2020-06-17 16:12:54.623 ?[32mDEBUG?[m ?[35m4974?[m [    Test worker] ?[36mi.m.c.DefaultBeanContext                ?[m : Registering singleton bean io.micronaut.jackson.JacksonConfiguration@53cd443f for type [io.micronaut.jackson.JacksonConfiguration] using bean key io.micronaut.jackson.JacksonConfiguration
2020-06-17 16:12:54.624 ?[34mTRACE?[m ?[35m4974?[m [    Test worker] ?[36mi.m.c.DefaultBeanContext                ?[m : Looking up existing bean for key: com.fasterxml.jackson.core.JsonFactory
2020-06-17 16:12:54.624 ?[34mTRACE?[m ?[35m4974?[m [    Test worker] ?[36mi.m.c.DefaultBeanContext                ?[m : No existing bean found for bean key: com.fasterxml.jackson.core.JsonFactory
2020-06-17 16:12:54.624 ?[32mDEBUG?[m ?[35m4974?[m [    Test worker] ?[36mi.m.c.DefaultBeanContext                ?[m : Finding candidate beans for type: class com.fasterxml.jackson.core.JsonFactory
2020-06-17 16:12:54.625 ?[32mDEBUG?[m ?[35m4974?[m [    Test worker] ?[36mi.m.c.DefaultBeanContext                ?[m : Resolved bean candidates [] for type: class com.fasterxml.jackson.core.JsonFactory
2020-06-17 16:12:54.943 ?[32mDEBUG?[m ?[35m4974?[m [    Test worker] ?[36mi.m.c.DefaultBeanContext                ?[m : Created bean [com.fasterxml.jackson.databind.ObjectMapper@519c8c29] from definition [Definition: io.micronaut.jackson.ObjectMapperFactory] with qualifier [null]
2020-06-17 16:12:54.944 ?[32mDEBUG?[m ?[35m4974?[m [    Test worker] ?[36mi.m.c.DefaultBeanContext                ?[m : Registering singleton bean com.fasterxml.jackson.databind.ObjectMapper@519c8c29 for type [com.fasterxml.jackson.databind.ObjectMapper] using bean key com.fasterxml.jackson.databind.ObjectMapper
2020-06-17 16:12:54.945 ?[32mDEBUG?[m ?[35m4974?[m [    Test worker] ?[36mi.m.c.DefaultBeanContext                ?[m : Resolving beans for type: io.micronaut.test.transaction.TestTransactionInterceptor
2020-06-17 16:12:54.946 ?[34mTRACE?[m ?[35m4974?[m [    Test worker] ?[36mi.m.c.DefaultBeanContext                ?[m : Looking up existing beans for key: io.micronaut.test.transaction.TestTransactionInterceptor
2020-06-17 16:12:54.946 ?[34mTRACE?[m ?[35m4974?[m [    Test worker] ?[36mi.m.c.DefaultBeanContext                ?[m : No beans found for key: io.micronaut.test.transaction.TestTransactionInterceptor
2020-06-17 16:12:54.946 ?[32mDEBUG?[m ?[35m4974?[m [    Test worker] ?[36mi.m.c.DefaultBeanContext                ?[m : Finding candidate beans for type: interface io.micronaut.test.transaction.TestTransactionInterceptor
2020-06-17 16:12:54.946 ?[32mDEBUG?[m ?[35m4974?[m [    Test worker] ?[36mi.m.c.AbstractBeanContextConditional    ?[m : Bean [io.micronaut.test.transaction.spring.$SpringTestTransactionInterceptorDefinition] will not be loaded due to failing conditions:
2020-06-17 16:12:54.946 ?[32mDEBUG?[m ?[35m4974?[m [    Test worker] ?[36mi.m.c.AbstractBeanContextConditional    ?[m : * Class [org.springframework.transaction.PlatformTransactionManager] is not present
2020-06-17 16:12:54.947 ?[32mDEBUG?[m ?[35m4974?[m [    Test worker] ?[36mi.m.c.DefaultBeanContext                ?[m : Resolved bean candidates [] for type: interface io.micronaut.test.transaction.TestTransactionInterceptor
2020-06-17 16:12:54.947 ?[32mDEBUG?[m ?[35m4974?[m [    Test worker] ?[36mi.m.c.DefaultBeanContext                ?[m : Found no possible candidate beans of type [io.micronaut.test.transaction.TestTransactionInterceptor] for qualifier: null 
2020-06-17 16:12:55.097 ?[32mDEBUG?[m ?[35m4974?[m [ntLoopGroup-1-2] ?[36mi.n.b.AbstractByteBuf                   ?[m : -Dio.netty.buffer.checkAccessible: true
2020-06-17 16:12:55.098 ?[32mDEBUG?[m ?[35m4974?[m [ntLoopGroup-1-2] ?[36mi.n.b.AbstractByteBuf                   ?[m : -Dio.netty.buffer.checkBounds: true
2020-06-17 16:12:55.101 ?[32mDEBUG?[m ?[35m4974?[m [ntLoopGroup-1-2] ?[36mctory$DefaultResourceLeakDetectorFactory?[m : Loaded default ResourceLeakDetector: io.netty.util.ResourceLeakDetector@793dd179
2020-06-17 16:12:55.143 ?[32mDEBUG?[m ?[35m4974?[m [ntLoopGroup-1-2] ?[36mi.m.h.c.n.DefaultHttpClient             ?[m : Sending HTTP Request: GET /request-scope2
2020-06-17 16:12:55.144 ?[32mDEBUG?[m ?[35m4974?[m [ntLoopGroup-1-2] ?[36mi.m.h.c.n.DefaultHttpClient             ?[m : Chosen Server: localhost(64173)
2020-06-17 16:12:55.148 ?[34mTRACE?[m ?[35m4974?[m [ntLoopGroup-1-2] ?[36mi.m.h.c.n.DefaultHttpClient             ?[m : host: localhost:64173
2020-06-17 16:12:55.148 ?[34mTRACE?[m ?[35m4974?[m [ntLoopGroup-1-2] ?[36mi.m.h.c.n.DefaultHttpClient             ?[m : connection: close
2020-06-17 16:12:55.168 ?[32mDEBUG?[m ?[35m4974?[m [ntLoopGroup-1-2] ?[36mi.n.u.Recycler                          ?[m : -Dio.netty.recycler.maxCapacityPerThread: 4096
2020-06-17 16:12:55.168 ?[32mDEBUG?[m ?[35m4974?[m [ntLoopGroup-1-2] ?[36mi.n.u.Recycler                          ?[m : -Dio.netty.recycler.maxSharedCapacityFactor: 2
2020-06-17 16:12:55.169 ?[32mDEBUG?[m ?[35m4974?[m [ntLoopGroup-1-2] ?[36mi.n.u.Recycler                          ?[m : -Dio.netty.recycler.linkCapacity: 16
2020-06-17 16:12:55.169 ?[32mDEBUG?[m ?[35m4974?[m [ntLoopGroup-1-2] ?[36mi.n.u.Recycler                          ?[m : -Dio.netty.recycler.ratio: 8
2020-06-17 16:12:55.204 ?[32mDEBUG?[m ?[35m4974?[m [ntLoopGroup-1-3] ?[36mi.m.h.s.n.d.HttpRequestDecoder          ?[m : Server localhost:64173 Received Request: GET /request-scope2
2020-06-17 16:12:55.210 ?[32mDEBUG?[m ?[35m4974?[m [ntLoopGroup-1-3] ?[36mi.m.h.s.n.RoutingInBoundHandler         ?[m : Matching route GET - /request-scope2
2020-06-17 16:12:55.218 ?[32mDEBUG?[m ?[35m4974?[m [ntLoopGroup-1-3] ?[36mi.m.h.s.n.RoutingInBoundHandler         ?[m : Matched route GET - /request-scope2 to controller class guild.kotlin.micronaut.application.Controller
2020-06-17 16:12:55.237 ?[34mTRACE?[m ?[35m4974?[m [ntLoopGroup-1-3] ?[36mi.m.c.DefaultBeanContext                ?[m : Looking up existing bean for key: io.micronaut.management.endpoint.EndpointSensitivityProcessor
2020-06-17 16:12:55.239 ?[34mTRACE?[m ?[35m4974?[m [ntLoopGroup-1-3] ?[36mi.m.c.DefaultBeanContext                ?[m : No existing bean found for bean key: io.micronaut.management.endpoint.EndpointSensitivityProcessor
2020-06-17 16:12:55.240 ?[32mDEBUG?[m ?[35m4974?[m [ntLoopGroup-1-3] ?[36mi.m.c.DefaultBeanContext                ?[m : Finding candidate beans for type: class io.micronaut.management.endpoint.EndpointSensitivityProcessor
2020-06-17 16:12:55.241 ?[32mDEBUG?[m ?[35m4974?[m [ntLoopGroup-1-3] ?[36mi.m.c.DefaultBeanContext                ?[m : Resolved bean candidates [Definition: io.micronaut.management.endpoint.EndpointSensitivityProcessor] for type: class io.micronaut.management.endpoint.EndpointSensitivityProcessor
2020-06-17 16:12:55.242 ?[32mDEBUG?[m ?[35m4974?[m [ntLoopGroup-1-3] ?[36mi.m.c.DefaultApplicationContext         ?[m : Finalized bean definitions candidates: [Definition: io.micronaut.management.endpoint.EndpointSensitivityProcessor]
2020-06-17 16:12:55.242 ?[32mDEBUG?[m ?[35m4974?[m [ntLoopGroup-1-3] ?[36mi.m.c.DefaultBeanContext                ?[m : Found concrete candidate [Definition: io.micronaut.management.endpoint.EndpointSensitivityProcessor] for type: io.micronaut.management.endpoint.EndpointSensitivityProcessor 
2020-06-17 16:12:55.243 ?[32mDEBUG?[m ?[35m4974?[m [ntLoopGroup-1-3] ?[36mi.m.c.DefaultBeanContext                ?[m : Resolving beans for type: io.micronaut.management.endpoint.EndpointConfiguration
2020-06-17 16:12:55.244 ?[34mTRACE?[m ?[35m4974?[m [ntLoopGroup-1-3] ?[36mi.m.c.DefaultBeanContext                ?[m : Looking up existing beans for key: io.micronaut.management.endpoint.EndpointConfiguration
2020-06-17 16:12:55.244 ?[34mTRACE?[m ?[35m4974?[m [ntLoopGroup-1-3] ?[36mi.m.c.DefaultBeanContext                ?[m : No beans found for key: io.micronaut.management.endpoint.EndpointConfiguration
2020-06-17 16:12:55.244 ?[32mDEBUG?[m ?[35m4974?[m [ntLoopGroup-1-3] ?[36mi.m.c.DefaultBeanContext                ?[m : Finding candidate beans for type: class io.micronaut.management.endpoint.EndpointConfiguration
2020-06-17 16:12:55.246 ?[32mDEBUG?[m ?[35m4974?[m [ntLoopGroup-1-3] ?[36mi.m.c.DefaultBeanContext                ?[m : Resolved bean candidates [Definition: io.micronaut.management.endpoint.EndpointConfiguration] for type: class io.micronaut.management.endpoint.EndpointConfiguration
2020-06-17 16:12:55.247 ?[32mDEBUG?[m ?[35m4974?[m [ntLoopGroup-1-3] ?[36mi.m.c.DefaultApplicationContext         ?[m : Finalized bean definitions candidates: [Definition: io.micronaut.management.endpoint.EndpointConfiguration]
2020-06-17 16:12:55.251 ?[34mTRACE?[m ?[35m4974?[m [ntLoopGroup-1-3] ?[36mi.m.c.DefaultBeanContext                ?[m : Looking up existing bean for key: io.micronaut.management.endpoint.EndpointDefaultConfiguration
2020-06-17 16:12:55.252 ?[32mDEBUG?[m ?[35m4974?[m [ntLoopGroup-1-3] ?[36mi.m.c.DefaultBeanContext                ?[m : Resolved existing bean [io.micronaut.management.endpoint.EndpointDefaultConfiguration@47eceb9b] for type [class io.micronaut.management.endpoint.EndpointDefaultConfiguration] and qualifier [null]
2020-06-17 16:12:55.254 ?[32mDEBUG?[m ?[35m4974?[m [ntLoopGroup-1-3] ?[36mi.m.c.DefaultBeanContext                ?[m : Created bean [io.micronaut.management.endpoint.EndpointConfiguration@23daa8c] from definition [Definition: io.micronaut.management.endpoint.EndpointConfiguration] with qualifier [null]
2020-06-17 16:12:55.254 ?[32mDEBUG?[m ?[35m4974?[m [ntLoopGroup-1-3] ?[36mi.m.c.DefaultBeanContext                ?[m : Registering singleton bean io.micronaut.management.endpoint.EndpointConfiguration@23daa8c for type [@Named('all') io.micronaut.management.endpoint.EndpointConfiguration] using bean key @Named('all') io.micronaut.management.endpoint.EndpointConfiguration
2020-06-17 16:12:55.254 ?[32mDEBUG?[m ?[35m4974?[m [ntLoopGroup-1-3] ?[36mi.m.c.DefaultBeanContext                ?[m : Found 1 beans for type [io.micronaut.management.endpoint.EndpointConfiguration]: [io.micronaut.management.endpoint.EndpointConfiguration@23daa8c] 
2020-06-17 16:12:55.255 ?[34mTRACE?[m ?[35m4974?[m [ntLoopGroup-1-3] ?[36mi.m.c.DefaultBeanContext                ?[m : Looking up existing bean for key: io.micronaut.management.endpoint.EndpointDefaultConfiguration
2020-06-17 16:12:55.255 ?[32mDEBUG?[m ?[35m4974?[m [ntLoopGroup-1-3] ?[36mi.m.c.DefaultBeanContext                ?[m : Resolved existing bean [io.micronaut.management.endpoint.EndpointDefaultConfiguration@47eceb9b] for type [class io.micronaut.management.endpoint.EndpointDefaultConfiguration] and qualifier [null]
2020-06-17 16:12:55.255 ?[32mDEBUG?[m ?[35m4974?[m [ntLoopGroup-1-3] ?[36mi.m.c.DefaultBeanContext                ?[m : Finding candidate beans for qualifier: @Endpoint
2020-06-17 16:12:55.257 ?[32mDEBUG?[m ?[35m4974?[m [ntLoopGroup-1-3] ?[36mi.m.c.AbstractBeanContextConditional    ?[m : Bean [Definition: io.micronaut.management.endpoint.stop.ServerStopEndpoint] will not be loaded due to failing conditions:
2020-06-17 16:12:55.257 ?[32mDEBUG?[m ?[35m4974?[m [ntLoopGroup-1-3] ?[36mi.m.c.AbstractBeanContextConditional    ?[m : * Custom condition [class io.micronaut.management.endpoint.EndpointEnabledCondition] failed evaluation
2020-06-17 16:12:55.266 ?[32mDEBUG?[m ?[35m4974?[m [ntLoopGroup-1-3] ?[36mi.m.c.DefaultBeanContext                ?[m : Created bean [io.micronaut.management.endpoint.EndpointSensitivityProcessor@12be9d83] from definition [Definition: io.micronaut.management.endpoint.EndpointSensitivityProcessor] with qualifier [null]
2020-06-17 16:12:55.266 ?[32mDEBUG?[m ?[35m4974?[m [ntLoopGroup-1-3] ?[36mi.m.c.DefaultBeanContext                ?[m : Registering singleton bean io.micronaut.management.endpoint.EndpointSensitivityProcessor@12be9d83 for type [io.micronaut.management.endpoint.EndpointSensitivityProcessor] using bean key io.micronaut.management.endpoint.EndpointSensitivityProcessor
2020-06-17 16:12:55.267 ?[32mDEBUG?[m ?[35m4974?[m [ntLoopGroup-1-3] ?[36mi.m.c.DefaultBeanContext                ?[m : Created bean [io.micronaut.management.endpoint.EndpointsFilter@6f696679] from definition [Definition: io.micronaut.management.endpoint.EndpointsFilter] with qualifier [null]
2020-06-17 16:12:55.267 ?[32mDEBUG?[m ?[35m4974?[m [ntLoopGroup-1-3] ?[36mi.m.c.DefaultBeanContext                ?[m : Registering singleton bean io.micronaut.management.endpoint.EndpointsFilter@6f696679 for type [io.micronaut.management.endpoint.EndpointsFilter] using bean key io.micronaut.management.endpoint.EndpointsFilter
2020-06-17 16:12:55.268 ?[32mDEBUG?[m ?[35m4974?[m [ntLoopGroup-1-3] ?[36mi.m.c.DefaultBeanContext                ?[m : Resolving beans for type: io.micronaut.scheduling.instrument.InvocationInstrumenterFactory
2020-06-17 16:12:55.268 ?[34mTRACE?[m ?[35m4974?[m [ntLoopGroup-1-3] ?[36mi.m.c.DefaultBeanContext                ?[m : Looking up existing beans for key: io.micronaut.scheduling.instrument.InvocationInstrumenterFactory
2020-06-17 16:12:55.268 ?[34mTRACE?[m ?[35m4974?[m [ntLoopGroup-1-3] ?[36mi.m.c.DefaultBeanContext                ?[m : Found 1 existing beans for type [io.micronaut.scheduling.instrument.InvocationInstrumenterFactory]: [io.micronaut.http.server.context.ServerRequestContextInstrumentation@232efcf5] 
2020-06-17 16:12:55.268 ?[32mDEBUG?[m ?[35m4974?[m [ntLoopGroup-1-3] ?[36mi.m.c.DefaultBeanContext                ?[m : Created bean [io.micronaut.http.server.context.ServerRequestContextFilter@6bb92656] from definition [Definition: io.micronaut.http.server.context.ServerRequestContextFilter] with qualifier [null]
2020-06-17 16:12:55.269 ?[32mDEBUG?[m ?[35m4974?[m [ntLoopGroup-1-3] ?[36mi.m.c.DefaultBeanContext                ?[m : Registering singleton bean io.micronaut.http.server.context.ServerRequestContextFilter@6bb92656 for type [io.micronaut.http.server.context.ServerRequestContextFilter] using bean key io.micronaut.http.server.context.ServerRequestContextFilter
2020-06-17 16:12:55.282 ?[32mDEBUG?[m ?[35m4974?[m [ntLoopGroup-1-3] ?[36mi.m.c.DefaultBeanContext                ?[m : Created bean [guild.kotlin.micronaut.application.Controller@4ed19d6b] from definition [Definition: guild.kotlin.micronaut.application.Controller] with qualifier [null]
2020-06-17 16:12:55.283 ?[32mDEBUG?[m ?[35m4974?[m [ntLoopGroup-1-3] ?[36mi.m.c.DefaultBeanContext                ?[m : Registering singleton bean guild.kotlin.micronaut.application.Controller@4ed19d6b for type [guild.kotlin.micronaut.application.Controller] using bean key guild.kotlin.micronaut.application.Controller
2020-06-17 16:12:55.394 ?[34mTRACE?[m ?[35m4974?[m [-1 @coroutine#1] ?[36mi.m.c.DefaultBeanContext                ?[m : Looking up existing bean for key: guild.kotlin.micronaut.beans.RequestScopeBean
2020-06-17 16:12:55.395 ?[34mTRACE?[m ?[35m4974?[m [-1 @coroutine#1] ?[36mi.m.c.DefaultBeanContext                ?[m : No existing bean found for bean key: guild.kotlin.micronaut.beans.RequestScopeBean
2020-06-17 16:12:55.395 ?[32mDEBUG?[m ?[35m4974?[m [-1 @coroutine#1] ?[36mi.m.c.DefaultBeanContext                ?[m : Finding candidate beans for type: class guild.kotlin.micronaut.beans.RequestScopeBean
2020-06-17 16:12:55.399 ?[32mDEBUG?[m ?[35m4974?[m [-1 @coroutine#1] ?[36mi.m.c.DefaultBeanContext                ?[m : Resolved bean candidates [Definition: guild.kotlin.micronaut.beans.$RequestScopeBeanDefinition$Intercepted] for type: class guild.kotlin.micronaut.beans.RequestScopeBean
2020-06-17 16:12:55.399 ?[32mDEBUG?[m ?[35m4974?[m [-1 @coroutine#1] ?[36mi.m.c.DefaultApplicationContext         ?[m : Finalized bean definitions candidates: [Definition: guild.kotlin.micronaut.beans.$RequestScopeBeanDefinition$Intercepted]
2020-06-17 16:12:55.400 ?[32mDEBUG?[m ?[35m4974?[m [-1 @coroutine#1] ?[36mi.m.c.DefaultBeanContext                ?[m : Found concrete candidate [Definition: guild.kotlin.micronaut.beans.$RequestScopeBeanDefinition$Intercepted] for type: guild.kotlin.micronaut.beans.RequestScopeBean 
2020-06-17 16:12:55.404 ?[32mDEBUG?[m ?[35m4974?[m [-1 @coroutine#1] ?[36mi.m.c.DefaultBeanContext                ?[m : Finding candidate beans for type: class guild.kotlin.micronaut.beans.RequestScopeBean
2020-06-17 16:12:55.405 ?[32mDEBUG?[m ?[35m4974?[m [-1 @coroutine#1] ?[36mi.m.c.DefaultBeanContext                ?[m : Resolved bean candidates [Definition: guild.kotlin.micronaut.beans.$RequestScopeBeanDefinition$Intercepted] for type: class guild.kotlin.micronaut.beans.RequestScopeBean
2020-06-17 16:12:55.405 ?[32mDEBUG?[m ?[35m4974?[m [-1 @coroutine#1] ?[36mi.m.c.DefaultApplicationContext         ?[m : Finalized bean definitions candidates: [Definition: guild.kotlin.micronaut.beans.$RequestScopeBeanDefinition$Intercepted]
2020-06-17 16:12:55.420 ?[32mDEBUG?[m ?[35m4974?[m [-1 @coroutine#1] ?[36mi.m.c.DefaultBeanContext                ?[m : Resolving beans for type: <RequestScope|ScopedProxy> io.micronaut.aop.Interceptor 
2020-06-17 16:12:55.422 ?[34mTRACE?[m ?[35m4974?[m [-1 @coroutine#1] ?[36mi.m.c.DefaultBeanContext                ?[m : Looking up existing beans for key: <RequestScope|ScopedProxy> io.micronaut.aop.Interceptor
2020-06-17 16:12:55.425 ?[34mTRACE?[m ?[35m4974?[m [-1 @coroutine#1] ?[36mi.m.c.DefaultBeanContext                ?[m : No beans found for key: <RequestScope|ScopedProxy> io.micronaut.aop.Interceptor
2020-06-17 16:12:55.426 ?[32mDEBUG?[m ?[35m4974?[m [-1 @coroutine#1] ?[36mi.m.c.DefaultBeanContext                ?[m : Finding candidate beans for type: interface io.micronaut.aop.Interceptor
2020-06-17 16:12:55.435 ?[32mDEBUG?[m ?[35m4974?[m [-1 @coroutine#1] ?[36mi.m.c.DefaultBeanContext                ?[m : Resolved bean candidates [Definition: io.micronaut.websocket.interceptor.ClientWebSocketInterceptor, Definition: io.micronaut.scheduling.async.AsyncInterceptor, Definition: io.micronaut.runtime.context.env.ConfigurationIntroductionAdvice, Definition: io.micronaut.retry.intercept.DefaultRetryInterceptor, Definition: io.micronaut.retry.intercept.RecoveryInterceptor, Definition: io.micronaut.runtime.context.scope.refresh.RefreshInterceptor, Definition: io.micronaut.http.client.interceptor.HttpClientIntroductionAdvice] for type: interface io.micronaut.aop.Interceptor
2020-06-17 16:12:55.435 ?[32mDEBUG?[m ?[35m4974?[m [-1 @coroutine#1] ?[36mi.m.c.DefaultApplicationContext         ?[m : Finalized bean definitions candidates: [Definition: io.micronaut.websocket.interceptor.ClientWebSocketInterceptor, Definition: io.micronaut.scheduling.async.AsyncInterceptor, Definition: io.micronaut.runtime.context.env.ConfigurationIntroductionAdvice, Definition: io.micronaut.retry.intercept.DefaultRetryInterceptor, Definition: io.micronaut.retry.intercept.RecoveryInterceptor, Definition: io.micronaut.runtime.context.scope.refresh.RefreshInterceptor, Definition: io.micronaut.http.client.interceptor.HttpClientIntroductionAdvice]
2020-06-17 16:12:55.437 ?[32mDEBUG?[m ?[35m4974?[m [-1 @coroutine#1] ?[36mi.m.c.DefaultBeanContext                ?[m : Qualifying bean [io.micronaut.aop.Interceptor] from candidates [Definition: io.micronaut.websocket.interceptor.ClientWebSocketInterceptor, Definition: io.micronaut.scheduling.async.AsyncInterceptor, Definition: io.micronaut.runtime.context.env.ConfigurationIntroductionAdvice, Definition: io.micronaut.retry.intercept.DefaultRetryInterceptor, Definition: io.micronaut.retry.intercept.RecoveryInterceptor, Definition: io.micronaut.runtime.context.scope.refresh.RefreshInterceptor, Definition: io.micronaut.http.client.interceptor.HttpClientIntroductionAdvice] for qualifier: <RequestScope|ScopedProxy> 
2020-06-17 16:12:55.440 ?[32mDEBUG?[m ?[35m4974?[m [-1 @coroutine#1] ?[36mi.m.c.DefaultBeanContext                ?[m : Found no matching beans of type [io.micronaut.aop.Interceptor] for qualifier: <RequestScope|ScopedProxy> 
2020-06-17 16:12:55.442 ?[32mDEBUG?[m ?[35m4974?[m [-1 @coroutine#1] ?[36mi.m.c.DefaultBeanContext                ?[m : Finding candidate beans for type: class guild.kotlin.micronaut.beans.RequestScopeBean
2020-06-17 16:12:55.443 ?[32mDEBUG?[m ?[35m4974?[m [-1 @coroutine#1] ?[36mi.m.c.DefaultBeanContext                ?[m : Resolved bean candidates [Definition: guild.kotlin.micronaut.beans.$RequestScopeBeanDefinition$Intercepted, Definition: guild.kotlin.micronaut.beans.RequestScopeBean] for type: class guild.kotlin.micronaut.beans.RequestScopeBean
2020-06-17 16:12:55.444 ?[32mDEBUG?[m ?[35m4974?[m [-1 @coroutine#1] ?[36mi.m.c.DefaultApplicationContext         ?[m : Finalized bean definitions candidates: [Definition: guild.kotlin.micronaut.beans.$RequestScopeBeanDefinition$Intercepted, Definition: guild.kotlin.micronaut.beans.RequestScopeBean]
2020-06-17 16:12:55.444 ?[32mDEBUG?[m ?[35m4974?[m [-1 @coroutine#1] ?[36mi.m.c.DefaultBeanContext                ?[m : Qualifying bean [guild.kotlin.micronaut.beans.RequestScopeBean] for qualifier: io.micronaut.context.DefaultBeanContext$1@433fe892 
2020-06-17 16:12:55.445 ?[32mDEBUG?[m ?[35m4974?[m [-1 @coroutine#1] ?[36mi.m.c.DefaultBeanContext                ?[m : Found concrete candidate [Definition: guild.kotlin.micronaut.beans.RequestScopeBean] for type: io.micronaut.context.DefaultBeanContext$1@433fe892 guild.kotlin.micronaut.beans.RequestScopeBean 
2020-06-17 16:12:55.451 ?[32mDEBUG?[m ?[35m4974?[m [ntLoopGroup-1-3] ?[36mi.n.c.DefaultChannelPipeline            ?[m : Discarded inbound message EmptyLastHttpContent that reached at the tail of the pipeline. Please check your pipeline configuration.
2020-06-17 16:12:55.455 ?[32mDEBUG?[m ?[35m4974?[m [-1 @coroutine#1] ?[36mi.m.c.DefaultBeanContext                ?[m : Created bean [guild.kotlin.micronaut.beans.$RequestScopeBeanDefinition$Intercepted@63ecc666] from definition [Definition: guild.kotlin.micronaut.beans.$RequestScopeBeanDefinition$Intercepted] with qualifier [null]
2020-06-17 16:12:55.458 ?[34mTRACE?[m ?[35m4974?[m [-1 @coroutine#1] ?[36mi.m.c.DefaultBeanContext                ?[m : Looking up existing bean for key: <RequestScope> io.micronaut.context.scope.CustomScope
2020-06-17 16:12:55.459 ?[34mTRACE?[m ?[35m4974?[m [-1 @coroutine#1] ?[36mi.m.c.DefaultBeanContext                ?[m : No existing bean found for bean key: <RequestScope> io.micronaut.context.scope.CustomScope
2020-06-17 16:12:55.459 ?[32mDEBUG?[m ?[35m4974?[m [-1 @coroutine#1] ?[36mi.m.c.DefaultBeanContext                ?[m : Finding candidate beans for type: interface io.micronaut.context.scope.CustomScope
2020-06-17 16:12:55.460 ?[32mDEBUG?[m ?[35m4974?[m [-1 @coroutine#1] ?[36mi.m.c.DefaultBeanContext                ?[m : Resolved bean candidates [Definition: io.micronaut.runtime.http.scope.RequestCustomScope, Definition: io.micronaut.runtime.context.scope.ThreadLocalCustomScope, Definition: io.micronaut.runtime.context.scope.refresh.RefreshScope] for type: interface io.micronaut.context.scope.CustomScope
2020-06-17 16:12:55.461 ?[32mDEBUG?[m ?[35m4974?[m [-1 @coroutine#1] ?[36mi.m.c.DefaultApplicationContext         ?[m : Finalized bean definitions candidates: [Definition: io.micronaut.runtime.http.scope.RequestCustomScope, Definition: io.micronaut.runtime.context.scope.ThreadLocalCustomScope, Definition: io.micronaut.runtime.context.scope.refresh.RefreshScope]
2020-06-17 16:12:55.463 ?[32mDEBUG?[m ?[35m4974?[m [-1 @coroutine#1] ?[36mi.m.c.DefaultBeanContext                ?[m : Qualifying bean [io.micronaut.context.scope.CustomScope] for qualifier: <RequestScope> 
2020-06-17 16:12:55.464 ?[34mTRACE?[m ?[35m4974?[m [-1 @coroutine#1] ?[36mi.m.i.q.TypeArgumentQualifier           ?[m : Bean type interface io.micronaut.context.scope.CustomScope is not compatible with candidate generic types [interface io.micronaut.runtime.context.scope.ThreadLocal] of candidate Definition: io.micronaut.runtime.context.scope.ThreadLocalCustomScope
2020-06-17 16:12:55.465 ?[34mTRACE?[m ?[35m4974?[m [-1 @coroutine#1] ?[36mi.m.i.q.TypeArgumentQualifier           ?[m : Bean type interface io.micronaut.context.scope.CustomScope is not compatible with candidate generic types [interface io.micronaut.runtime.context.scope.Refreshable] of candidate Definition: io.micronaut.runtime.context.scope.refresh.RefreshScope
2020-06-17 16:12:55.466 ?[32mDEBUG?[m ?[35m4974?[m [-1 @coroutine#1] ?[36mi.m.c.DefaultBeanContext                ?[m : Found concrete candidate [Definition: io.micronaut.runtime.http.scope.RequestCustomScope] for type: <RequestScope> io.micronaut.context.scope.CustomScope 
2020-06-17 16:12:55.468 ?[32mDEBUG?[m ?[35m4974?[m [-1 @coroutine#1] ?[36mi.m.c.DefaultBeanContext                ?[m : Created bean [io.micronaut.runtime.http.scope.RequestCustomScope@793e0c31] from definition [Definition: io.micronaut.runtime.http.scope.RequestCustomScope] with qualifier [<RequestScope>]
2020-06-17 16:12:55.469 ?[32mDEBUG?[m ?[35m4974?[m [-1 @coroutine#1] ?[36mi.m.c.DefaultBeanContext                ?[m : Registering singleton bean io.micronaut.runtime.http.scope.RequestCustomScope@793e0c31 for type [<RequestScope> io.micronaut.context.scope.CustomScope] using bean key <RequestScope> io.micronaut.runtime.http.scope.RequestCustomScope
2020-06-17 16:12:55.472 ?[32mDEBUG?[m ?[35m4974?[m [ntLoopGroup-1-3] ?[36mi.n.c.DefaultChannelPipeline            ?[m : Discarded message pipeline : [idle-state, http-server-codec, flow-control-handler, http-keep-alive-handler, http-compressor, http-decompressor, http-streams-codec, chunk-writer, micronaut-http-decoder, micronaut-http-encoder, websocket-upgrade-handler, micronaut-inbound-handler, DefaultChannelPipeline$TailContext#0]. Channel : [id: 0xf89a4408, L:/127.0.0.1:64173 - R:/127.0.0.1:57426].
2020-06-17 16:12:55.474 ?[32mDEBUG?[m ?[35m4974?[m [ntLoopGroup-1-3] ?[36mi.m.c.DefaultBeanContext                ?[m : Publishing event: io.micronaut.http.context.event.HttpRequestReceivedEvent[source=GET /request-scope2]
2020-06-17 16:12:55.475 ?[32mDEBUG?[m ?[35m4974?[m [ntLoopGroup-1-3] ?[36mi.m.c.DefaultBeanContext                ?[m : Resolving beans for type: <HttpRequestReceivedEvent> io.micronaut.context.event.ApplicationEventListener 
2020-06-17 16:12:55.476 ?[34mTRACE?[m ?[35m4974?[m [ntLoopGroup-1-3] ?[36mi.m.c.DefaultBeanContext                ?[m : Looking up existing beans for key: <HttpRequestReceivedEvent> io.micronaut.context.event.ApplicationEventListener
2020-06-17 16:12:55.476 ?[34mTRACE?[m ?[35m4974?[m [ntLoopGroup-1-3] ?[36mi.m.c.DefaultBeanContext                ?[m : No beans found for key: <HttpRequestReceivedEvent> io.micronaut.context.event.ApplicationEventListener
2020-06-17 16:12:55.476 ?[32mDEBUG?[m ?[35m4974?[m [ntLoopGroup-1-3] ?[36mi.m.c.DefaultBeanContext                ?[m : Qualifying bean [io.micronaut.context.event.ApplicationEventListener] from candidates [Definition: io.micronaut.runtime.http.scope.RequestCustomScope, Definition: io.micronaut.runtime.context.scope.refresh.RefreshScope] for qualifier: <HttpRequestReceivedEvent> 
2020-06-17 16:12:55.477 ?[34mTRACE?[m ?[35m4974?[m [ntLoopGroup-1-3] ?[36mi.m.i.q.TypeArgumentQualifier           ?[m : Bean type interface io.micronaut.context.event.ApplicationEventListener is not compatible with candidate generic types [class io.micronaut.http.context.event.HttpRequestTerminatedEvent] of candidate Definition: io.micronaut.runtime.http.scope.RequestCustomScope
2020-06-17 16:12:55.477 ?[34mTRACE?[m ?[35m4974?[m [ntLoopGroup-1-3] ?[36mi.m.i.q.TypeArgumentQualifier           ?[m : Bean type interface io.micronaut.context.event.ApplicationEventListener is not compatible with candidate generic types [class io.micronaut.runtime.context.scope.refresh.RefreshEvent] of candidate Definition: io.micronaut.runtime.context.scope.refresh.RefreshScope
2020-06-17 16:12:55.477 ?[32mDEBUG?[m ?[35m4974?[m [ntLoopGroup-1-3] ?[36mi.m.c.DefaultBeanContext                ?[m : Found no matching beans of type [io.micronaut.context.event.ApplicationEventListener] for qualifier: <HttpRequestReceivedEvent> 
2020-06-17 16:12:55.554 ?[34mTRACE?[m ?[35m4974?[m [-1 @coroutine#1] ?[36mi.m.c.DefaultBeanContext                ?[m : Looking up existing bean for key: <NoSuchBeanException,Object> io.micronaut.http.server.exceptions.ExceptionHandler
2020-06-17 16:12:55.555 ?[34mTRACE?[m ?[35m4974?[m [-1 @coroutine#1] ?[36mi.m.c.DefaultBeanContext                ?[m : No existing bean found for bean key: <NoSuchBeanException,Object> io.micronaut.http.server.exceptions.ExceptionHandler
2020-06-17 16:12:55.555 ?[32mDEBUG?[m ?[35m4974?[m [-1 @coroutine#1] ?[36mi.m.c.DefaultBeanContext                ?[m : Finding candidate beans for type: interface io.micronaut.http.server.exceptions.ExceptionHandler
2020-06-17 16:12:55.561 ?[32mDEBUG?[m ?[35m4974?[m [-1 @coroutine#1] ?[36mi.m.c.DefaultBeanContext                ?[m : Resolved bean candidates [Definition: io.micronaut.http.server.netty.converters.UnsatisfiedRouteHandler, Definition: io.micronaut.http.server.exceptions.UnsatisfiedArgumentHandler, Definition: io.micronaut.http.server.exceptions.HttpStatusHandler, Definition: io.micronaut.http.server.exceptions.ConversionErrorHandler, Definition: io.micronaut.http.server.exceptions.URISyntaxHandler, Definition: io.micronaut.http.server.netty.converters.DuplicateRouteHandler, Definition: io.micronaut.http.server.exceptions.ContentLengthExceededHandler, Definition: io.micronaut.http.server.exceptions.JsonExceptionHandler] for type: interface io.micronaut.http.server.exceptions.ExceptionHandler
2020-06-17 16:12:55.561 ?[32mDEBUG?[m ?[35m4974?[m [-1 @coroutine#1] ?[36mi.m.c.DefaultApplicationContext         ?[m : Finalized bean definitions candidates: [Definition: io.micronaut.http.server.netty.converters.UnsatisfiedRouteHandler, Definition: io.micronaut.http.server.exceptions.UnsatisfiedArgumentHandler, Definition: io.micronaut.http.server.exceptions.HttpStatusHandler, Definition: io.micronaut.http.server.exceptions.ConversionErrorHandler, Definition: io.micronaut.http.server.exceptions.URISyntaxHandler, Definition: io.micronaut.http.server.netty.converters.DuplicateRouteHandler, Definition: io.micronaut.http.server.exceptions.ContentLengthExceededHandler, Definition: io.micronaut.http.server.exceptions.JsonExceptionHandler]
2020-06-17 16:12:55.562 ?[32mDEBUG?[m ?[35m4974?[m [-1 @coroutine#1] ?[36mi.m.c.DefaultBeanContext                ?[m : Qualifying bean [io.micronaut.http.server.exceptions.ExceptionHandler] for qualifier: <NoSuchBeanException,Object> 
2020-06-17 16:12:55.568 ?[34mTRACE?[m ?[35m4974?[m [-1 @coroutine#1] ?[36mi.m.i.q.ClosestTypeArgumentQualifier    ?[m : Bean type interface io.micronaut.http.server.exceptions.ExceptionHandler is not compatible with candidate generic types [class io.micronaut.web.router.exceptions.UnsatisfiedRouteException,interface io.micronaut.http.HttpResponse] of candidate Definition: io.micronaut.http.server.netty.converters.UnsatisfiedRouteHandler
2020-06-17 16:12:55.569 ?[34mTRACE?[m ?[35m4974?[m [-1 @coroutine#1] ?[36mi.m.i.q.ClosestTypeArgumentQualifier    ?[m : Bean type interface io.micronaut.http.server.exceptions.ExceptionHandler is not compatible with candidate generic types [class io.micronaut.core.bind.exceptions.UnsatisfiedArgumentException,interface io.micronaut.http.HttpResponse] of candidate Definition: io.micronaut.http.server.exceptions.UnsatisfiedArgumentHandler
2020-06-17 16:12:55.570 ?[34mTRACE?[m ?[35m4974?[m [-1 @coroutine#1] ?[36mi.m.i.q.ClosestTypeArgumentQualifier    ?[m : Bean type interface io.micronaut.http.server.exceptions.ExceptionHandler is not compatible with candidate generic types [class io.micronaut.http.exceptions.HttpStatusException,interface io.micronaut.http.HttpResponse] of candidate Definition: io.micronaut.http.server.exceptions.HttpStatusHandler
2020-06-17 16:12:55.570 ?[34mTRACE?[m ?[35m4974?[m [-1 @coroutine#1] ?[36mi.m.i.q.ClosestTypeArgumentQualifier    ?[m : Bean type interface io.micronaut.http.server.exceptions.ExceptionHandler is not compatible with candidate generic types [class io.micronaut.core.convert.exceptions.ConversionErrorException,interface io.micronaut.http.HttpResponse] of candidate Definition: io.micronaut.http.server.exceptions.ConversionErrorHandler
2020-06-17 16:12:55.571 ?[34mTRACE?[m ?[35m4974?[m [-1 @coroutine#1] ?[36mi.m.i.q.ClosestTypeArgumentQualifier    ?[m : Bean type interface io.micronaut.http.server.exceptions.ExceptionHandler is not compatible with candidate generic types [class java.net.URISyntaxException,interface io.micronaut.http.HttpResponse] of candidate Definition: io.micronaut.http.server.exceptions.URISyntaxHandler
2020-06-17 16:12:55.571 ?[34mTRACE?[m ?[35m4974?[m [-1 @coroutine#1] ?[36mi.m.i.q.ClosestTypeArgumentQualifier    ?[m : Bean type interface io.micronaut.http.server.exceptions.ExceptionHandler is not compatible with candidate generic types [class io.micronaut.web.router.exceptions.DuplicateRouteException,interface io.micronaut.http.HttpResponse] of candidate Definition: io.micronaut.http.server.netty.converters.DuplicateRouteHandler
2020-06-17 16:12:55.572 ?[34mTRACE?[m ?[35m4974?[m [-1 @coroutine#1] ?[36mi.m.i.q.ClosestTypeArgumentQualifier    ?[m : Bean type interface io.micronaut.http.server.exceptions.ExceptionHandler is not compatible with candidate generic types [class io.micronaut.http.exceptions.ContentLengthExceededException,interface io.micronaut.http.HttpResponse] of candidate Definition: io.micronaut.http.server.exceptions.ContentLengthExceededHandler
2020-06-17 16:12:55.572 ?[34mTRACE?[m ?[35m4974?[m [-1 @coroutine#1] ?[36mi.m.i.q.ClosestTypeArgumentQualifier    ?[m : Bean type interface io.micronaut.http.server.exceptions.ExceptionHandler is not compatible with candidate generic types [class com.fasterxml.jackson.core.JsonProcessingException,class java.lang.Object] of candidate Definition: io.micronaut.http.server.exceptions.JsonExceptionHandler
2020-06-17 16:12:55.573 ?[32mDEBUG?[m ?[35m4974?[m [-1 @coroutine#1] ?[36mi.m.c.DefaultBeanContext                ?[m : No qualifying beans of type [io.micronaut.http.server.exceptions.ExceptionHandler] found for qualifier: <NoSuchBeanException,Object> 
2020-06-17 16:12:55.574 ?[31mERROR?[m ?[35m4974?[m [-1 @coroutine#1] ?[36mi.m.h.s.n.RoutingInBoundHandler         ?[m : Unexpected error occurred: No bean of type [guild.kotlin.micronaut.beans.RequestScopeBean] exists for the given qualifier: @RequestScope. Make sure the bean is not disabled by bean requirements (enable trace logging for 'io.micronaut.context.condition' to check) and if the bean is enabled then ensure the class is declared a bean and annotation processing is enabled (for Java and Kotlin the 'micronaut-inject-java' dependency should be configured as an annotation processor).
io.micronaut.context.exceptions.NoSuchBeanException: No bean of type [guild.kotlin.micronaut.beans.RequestScopeBean] exists for the given qualifier: @RequestScope. Make sure the bean is not disabled by bean requirements (enable trace logging for 'io.micronaut.context.condition' to check) and if the bean is enabled then ensure the class is declared a bean and annotation processing is enabled (for Java and Kotlin the 'micronaut-inject-java' dependency should be configured as an annotation processor).
	at io.micronaut.runtime.http.scope.RequestCustomScope.get(RequestCustomScope.java:81)
	at io.micronaut.context.DefaultBeanContext.getScopedBeanForDefinition(DefaultBeanContext.java:2361)
	at io.micronaut.context.DefaultBeanContext.getBeanForDefinition(DefaultBeanContext.java:2301)
	at io.micronaut.context.DefaultBeanContext.getProxyTargetBean(DefaultBeanContext.java:1064)
	at guild.kotlin.micronaut.beans.$RequestScopeBeanDefinition$Intercepted.$resolveTarget(Unknown Source)
	at guild.kotlin.micronaut.beans.$RequestScopeBeanDefinition$Intercepted.interceptedTarget(Unknown Source)
	at guild.kotlin.micronaut.beans.$RequestScopeBeanDefinition$Intercepted.getValue(Unknown Source)
	at guild.kotlin.micronaut.application.Controller$requestScope2$$inlined$map$lambda$1$1.invokeSuspend(Controller.kt:80)
	at kotlin.coroutines.jvm.internal.BaseContinuationImpl.resumeWith(ContinuationImpl.kt:33)
	at kotlinx.coroutines.DispatchedTask.run(DispatchedTask.kt:56)
	at kotlinx.coroutines.scheduling.CoroutineScheduler.runSafely(CoroutineScheduler.kt:571)
	at kotlinx.coroutines.scheduling.CoroutineScheduler$Worker.executeTask(CoroutineScheduler.kt:738)
	at kotlinx.coroutines.scheduling.CoroutineScheduler$Worker.runWorker(CoroutineScheduler.kt:678)
	at kotlinx.coroutines.scheduling.CoroutineScheduler$Worker.run(CoroutineScheduler.kt:665)
2020-06-17 16:12:55.598 ?[32mDEBUG?[m ?[35m4974?[m [ntLoopGroup-1-3] ?[36mi.m.h.s.n.RoutingInBoundHandler         ?[m : Encoding emitted response object [Internal Server Error: No bean of type [guild.kotlin.micronaut.beans.RequestScopeBean] exists for the given qualifier: @RequestScope. Make sure the bean is not disabled by bean requirements (enable trace logging for 'io.micronaut.context.condition' to check) and if the bean is enabled then ensure the class is declared a bean and annotation processing is enabled (for Java and Kotlin the 'micronaut-inject-java' dependency should be configured as an annotation processor).] using codec: io.micronaut.jackson.codec.JsonMediaTypeCodec@28bd22c7
2020-06-17 16:12:55.598 ?[34mTRACE?[m ?[35m4974?[m [ntLoopGroup-1-3] ?[36mi.m.c.DefaultBeanContext                ?[m : Looking up existing bean for key: com.fasterxml.jackson.databind.ObjectMapper
2020-06-17 16:12:55.599 ?[32mDEBUG?[m ?[35m4974?[m [ntLoopGroup-1-3] ?[36mi.m.c.DefaultBeanContext                ?[m : Resolved existing bean [com.fasterxml.jackson.databind.ObjectMapper@519c8c29] for type [class com.fasterxml.jackson.databind.ObjectMapper] and qualifier [null]
2020-06-17 16:12:55.739 ?[32mDEBUG?[m ?[35m4974?[m [ntLoopGroup-1-3] ?[36mi.m.c.b.DefaultBeanIntrospector         ?[m : Found BeanIntrospection for type: class io.micronaut.http.hateoas.JsonError
2020-06-17 16:12:55.755 ?[32mDEBUG?[m ?[35m4974?[m [ntLoopGroup-1-3] ?[36mdule$BeanIntrospectionSerializerModifier?[m : Updating 5 properties with BeanIntrospection data for type: class io.micronaut.http.hateoas.JsonError
2020-06-17 16:12:55.797 ?[32mDEBUG?[m ?[35m4974?[m [ntLoopGroup-1-3] ?[36mi.m.c.DefaultBeanContext                ?[m : Publishing event: io.micronaut.http.context.event.HttpRequestTerminatedEvent[source=GET /request-scope2]
2020-06-17 16:12:55.797 ?[32mDEBUG?[m ?[35m4974?[m [ntLoopGroup-1-3] ?[36mi.m.c.DefaultBeanContext                ?[m : Resolving beans for type: <HttpRequestTerminatedEvent> io.micronaut.context.event.ApplicationEventListener 
2020-06-17 16:12:55.799 ?[34mTRACE?[m ?[35m4974?[m [ntLoopGroup-1-3] ?[36mi.m.c.DefaultBeanContext                ?[m : Looking up existing beans for key: <HttpRequestTerminatedEvent> io.micronaut.context.event.ApplicationEventListener
2020-06-17 16:12:55.799 ?[34mTRACE?[m ?[35m4974?[m [ntLoopGroup-1-3] ?[36mi.m.c.DefaultBeanContext                ?[m : No beans found for key: <HttpRequestTerminatedEvent> io.micronaut.context.event.ApplicationEventListener
2020-06-17 16:12:55.800 ?[32mDEBUG?[m ?[35m4974?[m [ntLoopGroup-1-3] ?[36mi.m.c.DefaultBeanContext                ?[m : Qualifying bean [io.micronaut.context.event.ApplicationEventListener] from candidates [Definition: io.micronaut.runtime.http.scope.RequestCustomScope, Definition: io.micronaut.runtime.context.scope.refresh.RefreshScope] for qualifier: <HttpRequestTerminatedEvent> 
2020-06-17 16:12:55.800 ?[34mTRACE?[m ?[35m4974?[m [ntLoopGroup-1-3] ?[36mi.m.i.q.TypeArgumentQualifier           ?[m : Bean type interface io.micronaut.context.event.ApplicationEventListener is not compatible with candidate generic types [class io.micronaut.runtime.context.scope.refresh.RefreshEvent] of candidate Definition: io.micronaut.runtime.context.scope.refresh.RefreshScope
2020-06-17 16:12:55.801 ?[32mDEBUG?[m ?[35m4974?[m [ntLoopGroup-1-3] ?[36mi.m.c.DefaultBeanContext                ?[m : Registering singleton bean io.micronaut.runtime.http.scope.RequestCustomScope@793e0c31 for type [<HttpRequestTerminatedEvent> io.micronaut.context.event.ApplicationEventListener] using bean key <HttpRequestTerminatedEvent> io.micronaut.runtime.http.scope.RequestCustomScope
2020-06-17 16:12:55.801 ?[32mDEBUG?[m ?[35m4974?[m [ntLoopGroup-1-3] ?[36mi.m.c.DefaultBeanContext                ?[m : Found 1 beans for type [<HttpRequestTerminatedEvent> io.micronaut.context.event.ApplicationEventListener]: [io.micronaut.runtime.http.scope.RequestCustomScope@793e0c31] 
2020-06-17 16:12:55.802 ?[34mTRACE?[m ?[35m4974?[m [ntLoopGroup-1-3] ?[36mi.m.c.DefaultBeanContext                ?[m : Established event listeners [io.micronaut.runtime.http.scope.RequestCustomScope@793e0c31] for event: io.micronaut.http.context.event.HttpRequestTerminatedEvent[source=GET /request-scope2]
2020-06-17 16:12:55.802 ?[34mTRACE?[m ?[35m4974?[m [ntLoopGroup-1-3] ?[36mi.m.c.DefaultBeanContext                ?[m : Invoking event listener [io.micronaut.runtime.http.scope.RequestCustomScope@793e0c31] for event: io.micronaut.http.context.event.HttpRequestTerminatedEvent[source=GET /request-scope2]
2020-06-17 16:12:55.809 ?[34mTRACE?[m ?[35m4974?[m [ntLoopGroup-1-2] ?[36mi.m.h.c.n.DefaultHttpClient$11          ?[m : HTTP Client Response Received for Request: GET http://localhost:64173/request-scope2
2020-06-17 16:12:55.809 ?[34mTRACE?[m ?[35m4974?[m [ntLoopGroup-1-2] ?[36mi.m.h.c.n.DefaultHttpClient$11          ?[m : Status Code: 500 Internal Server Error
2020-06-17 16:12:55.810 ?[34mTRACE?[m ?[35m4974?[m [ntLoopGroup-1-2] ?[36mi.m.h.c.n.DefaultHttpClient             ?[m : Content-Type: application/json
2020-06-17 16:12:55.810 ?[34mTRACE?[m ?[35m4974?[m [ntLoopGroup-1-2] ?[36mi.m.h.c.n.DefaultHttpClient             ?[m : content-length: 487
2020-06-17 16:12:55.810 ?[34mTRACE?[m ?[35m4974?[m [ntLoopGroup-1-2] ?[36mi.m.h.c.n.DefaultHttpClient             ?[m : connection: close
2020-06-17 16:12:55.810 ?[34mTRACE?[m ?[35m4974?[m [ntLoopGroup-1-2] ?[36mi.m.h.c.n.DefaultHttpClient             ?[m : Response Body
2020-06-17 16:12:55.811 ?[34mTRACE?[m ?[35m4974?[m [ntLoopGroup-1-2] ?[36mi.m.h.c.n.DefaultHttpClient             ?[m : ----
2020-06-17 16:12:55.811 ?[34mTRACE?[m ?[35m4974?[m [ntLoopGroup-1-2] ?[36mi.m.h.c.n.DefaultHttpClient             ?[m : {"message":"Internal Server Error: No bean of type [guild.kotlin.micronaut.beans.RequestScopeBean] exists for the given qualifier: @RequestScope. Make sure the bean is not disabled by bean requirements (enable trace logging for 'io.micronaut.context.condition' to check) and if the bean is enabled then ensure the class is declared a bean and annotation processing is enabled (for Java and Kotlin the 'micronaut-inject-java' dependency should be configured as an annotation processor)."}
2020-06-17 16:12:55.811 ?[34mTRACE?[m ?[35m4974?[m [ntLoopGroup-1-2] ?[36mi.m.h.c.n.DefaultHttpClient             ?[m : ----
2020-06-17 16:12:55.867 ?[32mDEBUG?[m ?[35m4974?[m [ntLoopGroup-1-2] ?[36mi.m.c.b.DefaultBeanIntrospector         ?[m : Found BeanIntrospection for type: class io.micronaut.http.hateoas.JsonError
2020-06-17 16:12:55.917 ?[32mDEBUG?[m ?[35m4974?[m [    Test worker] ?[36mi.m.c.DefaultBeanContext                ?[m : Resolving beans for type: io.micronaut.test.transaction.TestTransactionInterceptor
2020-06-17 16:12:55.918 ?[34mTRACE?[m ?[35m4974?[m [    Test worker] ?[36mi.m.c.DefaultBeanContext                ?[m : Looking up existing beans for key: io.micronaut.test.transaction.TestTransactionInterceptor
2020-06-17 16:12:55.919 ?[34mTRACE?[m ?[35m4974?[m [    Test worker] ?[36mi.m.c.DefaultBeanContext                ?[m : Found 0 existing beans for type [io.micronaut.test.transaction.TestTransactionInterceptor]: [] 
2020-06-17 16:12:55.941 ?[32mDEBUG?[m ?[35m4974?[m [    Test worker] ?[36mi.m.c.DefaultBeanContext                ?[m : Publishing event: io.micronaut.runtime.server.event.ServerShutdownEvent[source=io.micronaut.http.server.netty.NettyHttpServer@12445fed]
2020-06-17 16:12:55.947 ?[32mDEBUG?[m ?[35m4974?[m [    Test worker] ?[36mi.m.c.DefaultBeanContext                ?[m : Resolving beans for type: <ServerShutdownEvent> io.micronaut.context.event.ApplicationEventListener 
2020-06-17 16:12:55.948 ?[34mTRACE?[m ?[35m4974?[m [    Test worker] ?[36mi.m.c.DefaultBeanContext                ?[m : Looking up existing beans for key: <ServerShutdownEvent> io.micronaut.context.event.ApplicationEventListener
2020-06-17 16:12:55.949 ?[34mTRACE?[m ?[35m4974?[m [    Test worker] ?[36mi.m.c.DefaultBeanContext                ?[m : No beans found for key: <ServerShutdownEvent> io.micronaut.context.event.ApplicationEventListener
2020-06-17 16:12:55.949 ?[32mDEBUG?[m ?[35m4974?[m [    Test worker] ?[36mi.m.c.DefaultBeanContext                ?[m : Qualifying bean [io.micronaut.context.event.ApplicationEventListener] from candidates [Definition: io.micronaut.runtime.http.scope.RequestCustomScope, Definition: io.micronaut.runtime.context.scope.refresh.RefreshScope] for qualifier: <ServerShutdownEvent> 
2020-06-17 16:12:55.949 ?[34mTRACE?[m ?[35m4974?[m [    Test worker] ?[36mi.m.i.q.TypeArgumentQualifier           ?[m : Bean type interface io.micronaut.context.event.ApplicationEventListener is not compatible with candidate generic types [class io.micronaut.http.context.event.HttpRequestTerminatedEvent] of candidate Definition: io.micronaut.runtime.http.scope.RequestCustomScope
2020-06-17 16:12:55.949 ?[34mTRACE?[m ?[35m4974?[m [    Test worker] ?[36mi.m.i.q.TypeArgumentQualifier           ?[m : Bean type interface io.micronaut.context.event.ApplicationEventListener is not compatible with candidate generic types [class io.micronaut.runtime.context.scope.refresh.RefreshEvent] of candidate Definition: io.micronaut.runtime.context.scope.refresh.RefreshScope
2020-06-17 16:12:55.950 ?[32mDEBUG?[m ?[35m4974?[m [    Test worker] ?[36mi.m.c.DefaultBeanContext                ?[m : Found no matching beans of type [io.micronaut.context.event.ApplicationEventListener] for qualifier: <ServerShutdownEvent> 
2020-06-17 16:12:55.950 ?[32mDEBUG?[m ?[35m4974?[m [    Test worker] ?[36mi.m.c.DefaultBeanContext                ?[m : Stopping BeanContext
2020-06-17 16:12:55.951 ?[32mDEBUG?[m ?[35m4974?[m [    Test worker] ?[36mi.m.c.DefaultBeanContext                ?[m : Publishing event: io.micronaut.context.event.ShutdownEvent[source=io.micronaut.context.DefaultApplicationContext@52fc460f]
2020-06-17 16:12:55.951 ?[32mDEBUG?[m ?[35m4974?[m [    Test worker] ?[36mi.m.c.DefaultBeanContext                ?[m : Resolving beans for type: <ShutdownEvent> io.micronaut.context.event.ApplicationEventListener 
2020-06-17 16:12:55.952 ?[34mTRACE?[m ?[35m4974?[m [    Test worker] ?[36mi.m.c.DefaultBeanContext                ?[m : Looking up existing beans for key: <ShutdownEvent> io.micronaut.context.event.ApplicationEventListener
2020-06-17 16:12:55.952 ?[34mTRACE?[m ?[35m4974?[m [    Test worker] ?[36mi.m.c.DefaultBeanContext                ?[m : No beans found for key: <ShutdownEvent> io.micronaut.context.event.ApplicationEventListener
2020-06-17 16:12:55.953 ?[32mDEBUG?[m ?[35m4974?[m [    Test worker] ?[36mi.m.c.DefaultBeanContext                ?[m : Qualifying bean [io.micronaut.context.event.ApplicationEventListener] from candidates [Definition: io.micronaut.runtime.http.scope.RequestCustomScope, Definition: io.micronaut.runtime.context.scope.refresh.RefreshScope] for qualifier: <ShutdownEvent> 
2020-06-17 16:12:55.953 ?[34mTRACE?[m ?[35m4974?[m [    Test worker] ?[36mi.m.i.q.TypeArgumentQualifier           ?[m : Bean type interface io.micronaut.context.event.ApplicationEventListener is not compatible with candidate generic types [class io.micronaut.http.context.event.HttpRequestTerminatedEvent] of candidate Definition: io.micronaut.runtime.http.scope.RequestCustomScope
2020-06-17 16:12:55.954 ?[34mTRACE?[m ?[35m4974?[m [    Test worker] ?[36mi.m.i.q.TypeArgumentQualifier           ?[m : Bean type interface io.micronaut.context.event.ApplicationEventListener is not compatible with candidate generic types [class io.micronaut.runtime.context.scope.refresh.RefreshEvent] of candidate Definition: io.micronaut.runtime.context.scope.refresh.RefreshScope
2020-06-17 16:12:55.955 ?[32mDEBUG?[m ?[35m4974?[m [    Test worker] ?[36mi.m.c.DefaultBeanContext                ?[m : Found no matching beans of type [io.micronaut.context.event.ApplicationEventListener] for qualifier: <ShutdownEvent> 
2020-06-17 16:12:55.973 ?[32mDEBUG?[m ?[35m4974?[m [    Test worker] ?[36mi.m.c.DefaultBeanContext                ?[m : Destroying bean [io.micronaut.http.netty.channel.DefaultEventLoopGroupFactory@7fbe5be7] with identifier [io.micronaut.http.netty.channel.DefaultEventLoopGroupFactory]
2020-06-17 16:12:55.974 ?[32mDEBUG?[m ?[35m4974?[m [    Test worker] ?[36mi.m.c.DefaultBeanContext                ?[m : Destroying bean [io.micronaut.http.netty.channel.DefaultEventLoopGroupRegistry@5bc3e0cd] with identifier [io.micronaut.http.netty.channel.DefaultEventLoopGroupRegistry]
2020-06-17 16:12:55.974 ?[32mDEBUG?[m ?[35m4974?[m [    Test worker] ?[36mi.m.c.DefaultBeanContext                ?[m : Destroying bean [io.micronaut.http.client.netty.RxNettyHttpClientRegistry@63b92666] with identifier [io.micronaut.http.client.netty.RxNettyHttpClientRegistry]
2020-06-17 16:12:55.976 ?[32mDEBUG?[m ?[35m4974?[m [    Test worker] ?[36mi.m.c.DefaultBeanContext                ?[m : Destroying bean [io.micronaut.http.server.netty.NettyHttpServer@12445fed] with identifier [io.micronaut.http.server.netty.NettyHttpServer]
2020-06-17 16:12:55.976 ?[32mDEBUG?[m ?[35m4974?[m [    Test worker] ?[36mi.m.c.DefaultBeanContext                ?[m : Destroying bean [io.micronaut.http.client.DefaultHttpClientConfiguration@2b65c27c] with identifier [io.micronaut.http.client.DefaultHttpClientConfiguration]
2020-06-17 16:12:55.977 ?[32mDEBUG?[m ?[35m4974?[m [    Test worker] ?[36mi.m.c.DefaultBeanContext                ?[m : Destroying bean [io.micronaut.http.server.netty.DefaultHttpCompressionStrategy@6c8c0704] with identifier [io.micronaut.http.server.netty.DefaultHttpCompressionStrategy]
2020-06-17 16:12:55.977 ?[32mDEBUG?[m ?[35m4974?[m [    Test worker] ?[36mi.m.c.DefaultBeanContext                ?[m : Destroying bean [io.micronaut.web.router.AnnotatedFilterRouteBuilder@745fe5f6] with identifier [io.micronaut.web.router.AnnotatedFilterRouteBuilder]
2020-06-17 16:12:55.977 ?[32mDEBUG?[m ?[35m4974?[m [    Test worker] ?[36mi.m.c.DefaultBeanContext                ?[m : Destroying bean [io.micronaut.management.endpoint.EndpointsFilter@6f696679] with identifier [io.micronaut.management.endpoint.EndpointsFilter]
2020-06-17 16:12:55.978 ?[32mDEBUG?[m ?[35m4974?[m [    Test worker] ?[36mi.m.c.DefaultBeanContext                ?[m : Destroying bean [io.micronaut.reactive.rxjava2.RxJava2Instrumentation@336ab28] with identifier [io.micronaut.reactive.rxjava2.RxJava2Instrumentation]
2020-06-17 16:12:55.978 ?[32mDEBUG?[m ?[35m4974?[m [    Test worker] ?[36mi.m.c.DefaultBeanContext                ?[m : Destroying bean [io.micronaut.management.endpoint.processors.DeleteEndpointRouteBuilder@2b8e2ab5] with identifier [io.micronaut.management.endpoint.processors.DeleteEndpointRouteBuilder]
2020-06-17 16:12:55.978 ?[32mDEBUG?[m ?[35m4974?[m [    Test worker] ?[36mi.m.c.DefaultBeanContext                ?[m : Destroying bean [io.micronaut.http.server.netty.converters.NettyConverters@7a19833d] with identifier [io.micronaut.http.server.netty.converters.NettyConverters]
2020-06-17 16:12:55.979 ?[32mDEBUG?[m ?[35m4974?[m [    Test worker] ?[36mi.m.c.DefaultBeanContext                ?[m : Destroying bean [io.micronaut.runtime.context.scope.refresh.RefreshScope@69103643] with identifier [io.micronaut.runtime.context.scope.refresh.RefreshScope]
2020-06-17 16:12:55.979 ?[32mDEBUG?[m ?[35m4974?[m [    Test worker] ?[36mi.m.c.DefaultBeanContext                ?[m : Destroying bean [io.micronaut.http.resource.ResourceLoaderFactory@27f4f6c] with identifier [io.micronaut.http.resource.ResourceLoaderFactory]
2020-06-17 16:12:55.979 ?[32mDEBUG?[m ?[35m4974?[m [    Test worker] ?[36mi.m.c.DefaultBeanContext                ?[m : Destroying bean [io.micronaut.http.server.codec.TextStreamCodec@3b618e42] with identifier [io.micronaut.http.server.codec.TextStreamCodec]
2020-06-17 16:12:55.980 ?[32mDEBUG?[m ?[35m4974?[m [    Test worker] ?[36mi.m.c.DefaultBeanContext                ?[m : Destroying bean [io.micronaut.http.ssl.ClientSslConfiguration@1411dc97] with identifier [io.micronaut.http.ssl.ClientSslConfiguration]
2020-06-17 16:12:55.980 ?[32mDEBUG?[m ?[35m4974?[m [    Test worker] ?[36mi.m.c.DefaultBeanContext                ?[m : Destroying bean [io.micronaut.http.server.netty.binders.NettyBinderRegistrar@11a54be6] with identifier [io.micronaut.http.server.netty.binders.NettyBinderRegistrar]
2020-06-17 16:12:55.980 ?[32mDEBUG?[m ?[35m4974?[m [    Test worker] ?[36mi.m.c.DefaultBeanContext                ?[m : Destroying bean [io.micronaut.http.server.netty.types.files.FileTypeHandler@2029ddf5] with identifier [io.micronaut.http.server.netty.types.files.FileTypeHandler]
2020-06-17 16:12:55.980 ?[32mDEBUG?[m ?[35m4974?[m [    Test worker] ?[36mi.m.c.DefaultBeanContext                ?[m : Destroying bean [io.micronaut.http.server.netty.NettyRequestArgumentSatisfier@6a13dc7b] with identifier [io.micronaut.http.server.netty.NettyRequestArgumentSatisfier]
2020-06-17 16:12:55.981 ?[32mDEBUG?[m ?[35m4974?[m [    Test worker] ?[36mi.m.c.DefaultBeanContext                ?[m : Destroying bean [io.micronaut.http.server.netty.configuration.NettyHttpServerConfiguration@5b6975d0] with identifier [io.micronaut.http.server.netty.configuration.NettyHttpServerConfiguration]
2020-06-17 16:12:55.981 ?[32mDEBUG?[m ?[35m4974?[m [    Test worker] ?[36mi.m.c.DefaultBeanContext                ?[m : Destroying bean [io.micronaut.http.ssl.DefaultSslConfiguration@44a3768e] with identifier [io.micronaut.http.ssl.DefaultSslConfiguration]
2020-06-17 16:12:55.981 ?[32mDEBUG?[m ?[35m4974?[m [    Test worker] ?[36mi.m.c.DefaultBeanContext                ?[m : Destroying bean [io.micronaut.management.endpoint.EndpointSensitivityProcessor@12be9d83] with identifier [io.micronaut.management.endpoint.EndpointSensitivityProcessor]
2020-06-17 16:12:55.981 ?[32mDEBUG?[m ?[35m4974?[m [    Test worker] ?[36mi.m.c.DefaultBeanContext                ?[m : Destroying bean [io.micronaut.scheduling.instrument.ExecutorServiceInstrumenter$2@7a9cf4da] with identifier [@Named('io') java.util.concurrent.ExecutorService]
2020-06-17 16:12:55.982 ?[32mDEBUG?[m ?[35m4974?[m [    Test worker] ?[36mi.m.c.DefaultBeanContext                ?[m : Destroying bean [io.micronaut.http.client.netty.ssl.NettyClientSslBuilder@65cf65c4] with identifier [io.micronaut.http.client.netty.ssl.NettyClientSslBuilder]
2020-06-17 16:12:55.982 ?[32mDEBUG?[m ?[35m4974?[m [    Test worker] ?[36mi.m.c.DefaultBeanContext                ?[m : Destroying bean [io.micronaut.http.server.websocket.ServerWebSocketProcessor@2be833b9] with identifier [io.micronaut.http.server.websocket.ServerWebSocketProcessor]
2020-06-17 16:12:55.982 ?[32mDEBUG?[m ?[35m4974?[m [    Test worker] ?[36mi.m.c.DefaultBeanContext                ?[m : Destroying bean [io.micronaut.management.endpoint.processors.ReadEndpointRouteBuilder@5bf17558] with identifier [io.micronaut.management.endpoint.processors.ReadEndpointRouteBuilder]
2020-06-17 16:12:55.982 ?[32mDEBUG?[m ?[35m4974?[m [    Test worker] ?[36mi.m.c.DefaultBeanContext                ?[m : Destroying bean [io.micronaut.jackson.serialize.OptionalValuesSerializer@f5858f4] with identifier [io.micronaut.jackson.serialize.OptionalValuesSerializer]
2020-06-17 16:12:55.982 ?[32mDEBUG?[m ?[35m4974?[m [    Test worker] ?[36mi.m.c.DefaultBeanContext                ?[m : Destroying bean [io.micronaut.scheduling.executor.IOExecutorServiceConfig@734ec4] with identifier [io.micronaut.scheduling.executor.IOExecutorServiceConfig]
2020-06-17 16:12:55.983 ?[32mDEBUG?[m ?[35m4974?[m [    Test worker] ?[36mi.m.c.DefaultBeanContext                ?[m : Destroying bean [io.micronaut.management.endpoint.processors.WriteEndpointRouteBuilder@3878f1c1] with identifier [io.micronaut.management.endpoint.processors.WriteEndpointRouteBuilder]
2020-06-17 16:12:55.983 ?[32mDEBUG?[m ?[35m4974?[m [    Test worker] ?[36mi.m.c.DefaultBeanContext                ?[m : Destroying bean [io.micronaut.buffer.netty.NettyByteBufferFactory@1a3b73c] with identifier [io.micronaut.buffer.netty.NettyByteBufferFactory]
2020-06-17 16:12:55.983 ?[32mDEBUG?[m ?[35m4974?[m [    Test worker] ?[36mi.m.c.DefaultBeanContext                ?[m : Destroying bean [io.micronaut.jackson.codec.JsonStreamMediaTypeCodec@38d790] with identifier [@Named('json') io.micronaut.jackson.codec.JsonStreamMediaTypeCodec]
2020-06-17 16:12:55.983 ?[32mDEBUG?[m ?[35m4974?[m [    Test worker] ?[36mi.m.c.DefaultBeanContext                ?[m : Destroying bean [io.micronaut.reactive.rxjava2.RxInstrumenterFactory@5542c13] with identifier [io.micronaut.reactive.rxjava2.RxInstrumenterFactory]
2020-06-17 16:12:55.983 ?[32mDEBUG?[m ?[35m4974?[m [    Test worker] ?[36mi.m.c.DefaultBeanContext                ?[m : Destroying bean [io.netty.channel.nio.NioEventLoopGroup@517030de] with identifier [io.netty.channel.EventLoopGroup]
2020-06-17 16:12:55.986 ?[32mDEBUG?[m ?[35m4974?[m [    Test worker] ?[36mi.m.c.DefaultBeanContext                ?[m : Destroying bean [io.micronaut.scheduling.executor.ExecutorFactory@57fbb313] with identifier [io.micronaut.scheduling.executor.ExecutorFactory]
2020-06-17 16:12:55.986 ?[32mDEBUG?[m ?[35m4974?[m [    Test worker] ?[36mi.m.c.DefaultBeanContext                ?[m : Destroying bean [io.micronaut.jackson.convert.JacksonConverterRegistrar@15755f01] with identifier [io.micronaut.jackson.convert.JacksonConverterRegistrar]
2020-06-17 16:12:55.987 ?[32mDEBUG?[m ?[35m4974?[m [    Test worker] ?[36mi.m.c.DefaultBeanContext                ?[m : Destroying bean [io.micronaut.http.netty.channel.NioEventLoopGroupFactory@14191200] with identifier [io.micronaut.http.netty.channel.NioEventLoopGroupFactory]
2020-06-17 16:12:55.987 ?[32mDEBUG?[m ?[35m4974?[m [    Test worker] ?[36mi.m.c.DefaultBeanContext                ?[m : Destroying bean [io.micronaut.http.server.netty.DefaultHttpContentProcessorResolver@878fb6c] with identifier [io.micronaut.http.server.netty.DefaultHttpContentProcessorResolver]
2020-06-17 16:12:55.987 ?[32mDEBUG?[m ?[35m4974?[m [    Test worker] ?[36mi.m.c.DefaultBeanContext                ?[m : Destroying bean [io.micronaut.http.bind.DefaultRequestBinderRegistry@71fb227] with identifier [io.micronaut.http.bind.DefaultRequestBinderRegistry]
2020-06-17 16:12:55.987 ?[32mDEBUG?[m ?[35m4974?[m [    Test worker] ?[36mi.m.c.DefaultBeanContext                ?[m : Destroying bean [io.micronaut.web.router.AnnotatedMethodRouteBuilder@3ef98492] with identifier [io.micronaut.web.router.AnnotatedMethodRouteBuilder]
2020-06-17 16:12:55.987 ?[32mDEBUG?[m ?[35m4974?[m [    Test worker] ?[36mi.m.c.DefaultBeanContext                ?[m : Destroying bean [io.micronaut.context.DefaultApplicationContext$RuntimeConfiguredEnvironment@32a2a941] with identifier [io.micronaut.context.DefaultApplicationContext$RuntimeConfiguredEnvironment]
2020-06-17 16:12:55.988 ?[32mDEBUG?[m ?[35m4974?[m [    Test worker] ?[36mi.m.c.DefaultBeanContext                ?[m : Destroying bean [io.micronaut.jackson.serialize.ConvertibleMultiValuesSerializer@50d02d2d] with identifier [io.micronaut.jackson.serialize.ConvertibleMultiValuesSerializer]
2020-06-17 16:12:55.988 ?[32mDEBUG?[m ?[35m4974?[m [    Test worker] ?[36mi.m.c.DefaultBeanContext                ?[m : Destroying bean [io.micronaut.jackson.codec.JsonMediaTypeCodec@28bd22c7] with identifier [@Named('json') io.micronaut.jackson.codec.JsonMediaTypeCodec]
2020-06-17 16:12:55.988 ?[32mDEBUG?[m ?[35m4974?[m [    Test worker] ?[36mi.m.c.DefaultBeanContext                ?[m : Destroying bean [io.micronaut.runtime.ApplicationConfiguration@4ac494fc] with identifier [io.micronaut.runtime.ApplicationConfiguration]
2020-06-17 16:12:55.989 ?[32mDEBUG?[m ?[35m4974?[m [    Test worker] ?[36mi.m.c.DefaultBeanContext                ?[m : Destroying bean [io.micronaut.scheduling.executor.UserExecutorConfiguration@50a7e022] with identifier [@Named('io') io.micronaut.scheduling.executor.ExecutorConfiguration]
2020-06-17 16:12:55.989 ?[32mDEBUG?[m ?[35m4974?[m [    Test worker] ?[36mi.m.c.DefaultBeanContext                ?[m : Destroying bean [io.micronaut.management.endpoint.EndpointConfiguration@23daa8c] with identifier [@Named('all') io.micronaut.management.endpoint.EndpointConfiguration]
2020-06-17 16:12:55.989 ?[32mDEBUG?[m ?[35m4974?[m [    Test worker] ?[36mi.m.c.DefaultBeanContext                ?[m : Destroying bean [io.micronaut.core.io.file.DefaultFileSystemResourceLoader@5cead2ed] with identifier [io.micronaut.core.io.file.FileSystemResourceLoader]
2020-06-17 16:12:55.990 ?[32mDEBUG?[m ?[35m4974?[m [    Test worker] ?[36mi.m.c.DefaultBeanContext                ?[m : Destroying bean [io.micronaut.http.ssl.DefaultSslConfiguration$DefaultKeyStoreConfiguration@1dec0936] with identifier [io.micronaut.http.ssl.DefaultSslConfiguration$DefaultKeyStoreConfiguration]
2020-06-17 16:12:55.990 ?[32mDEBUG?[m ?[35m4974?[m [    Test worker] ?[36mi.m.c.DefaultBeanContext                ?[m : Destroying bean [io.micronaut.http.ssl.DefaultSslConfiguration$DefaultTrustStoreConfiguration@11e4cce2] with identifier [io.micronaut.http.ssl.DefaultSslConfiguration$DefaultTrustStoreConfiguration]
2020-06-17 16:12:55.990 ?[32mDEBUG?[m ?[35m4974?[m [    Test worker] ?[36mi.m.c.DefaultBeanContext                ?[m : Destroying bean [io.micronaut.web.router.resource.StaticResourceResolver@32d66722] with identifier [io.micronaut.web.router.resource.StaticResourceResolver]
2020-06-17 16:12:55.990 ?[32mDEBUG?[m ?[35m4974?[m [    Test worker] ?[36mi.m.c.DefaultBeanContext                ?[m : Destroying bean [io.micronaut.web.router.naming.HyphenatedUriNamingStrategy@543d8a6c] with identifier [io.micronaut.web.router.naming.HyphenatedUriNamingStrategy]
2020-06-17 16:12:55.990 ?[32mDEBUG?[m ?[35m4974?[m [    Test worker] ?[36mi.m.c.DefaultBeanContext                ?[m : Destroying bean [io.micronaut.runtime.http.codec.TextPlainCodec@4135b257] with identifier [io.micronaut.runtime.http.codec.TextPlainCodec]
2020-06-17 16:12:55.991 ?[32mDEBUG?[m ?[35m4974?[m [    Test worker] ?[36mi.m.c.DefaultBeanContext                ?[m : Destroying bean [io.micronaut.jackson.ObjectMapperFactory@4689d098] with identifier [io.micronaut.jackson.ObjectMapperFactory]
2020-06-17 16:12:55.991 ?[32mDEBUG?[m ?[35m4974?[m [    Test worker] ?[36mi.m.c.DefaultBeanContext                ?[m : Destroying bean [io.micronaut.http.ssl.DefaultSslConfiguration$DefaultKeyConfiguration@52745eaa] with identifier [io.micronaut.http.ssl.DefaultSslConfiguration$DefaultKeyConfiguration]
2020-06-17 16:12:55.991 ?[32mDEBUG?[m ?[35m4974?[m [    Test worker] ?[36mi.m.c.DefaultBeanContext                ?[m : Destroying bean [io.micronaut.web.router.DefaultRouter@7f2068c1] with identifier [io.micronaut.web.router.DefaultRouter]
2020-06-17 16:12:55.991 ?[32mDEBUG?[m ?[35m4974?[m [    Test worker] ?[36mi.m.c.DefaultBeanContext                ?[m : Destroying bean [io.micronaut.http.server.netty.types.files.FileTypeHandlerConfiguration@25120374] with identifier [io.micronaut.http.server.netty.types.files.FileTypeHandlerConfiguration]
2020-06-17 16:12:55.991 ?[32mDEBUG?[m ?[35m4974?[m [    Test worker] ?[36mi.m.c.DefaultBeanContext                ?[m : Destroying bean [io.micronaut.http.converters.HttpConverterRegistrar@5156b388] with identifier [io.micronaut.http.converters.HttpConverterRegistrar]
2020-06-17 16:12:55.992 ?[32mDEBUG?[m ?[35m4974?[m [    Test worker] ?[36mi.m.c.DefaultBeanContext                ?[m : Destroying bean [io.micronaut.runtime.converters.time.TimeConverterRegistrar@61b76c30] with identifier [io.micronaut.runtime.converters.time.TimeConverterRegistrar]
2020-06-17 16:12:55.992 ?[32mDEBUG?[m ?[35m4974?[m [    Test worker] ?[36mi.m.c.DefaultBeanContext                ?[m : Destroying bean [io.micronaut.scheduling.instrument.ThreadFactoryInstrumenter@4d7dc0c5] with identifier [io.micronaut.scheduling.instrument.ThreadFactoryInstrumenter]
2020-06-17 16:12:55.992 ?[32mDEBUG?[m ?[35m4974?[m [    Test worker] ?[36mi.m.c.DefaultBeanContext                ?[m : Destroying bean [io.micronaut.http.server.context.ServerRequestContextFilter@6bb92656] with identifier [io.micronaut.http.server.context.ServerRequestContextFilter]
2020-06-17 16:12:55.992 ?[32mDEBUG?[m ?[35m4974?[m [    Test worker] ?[36mi.m.c.DefaultBeanContext                ?[m : Destroying bean [io.micronaut.runtime.http.codec.MediaTypeCodecRegistryFactory@1600065b] with identifier [io.micronaut.runtime.http.codec.MediaTypeCodecRegistryFactory]
2020-06-17 16:12:55.993 ?[32mDEBUG?[m ?[35m4974?[m [    Test worker] ?[36mi.m.c.DefaultBeanContext                ?[m : Destroying bean [io.micronaut.http.server.netty.types.DefaultCustomizableResponseTypeHandlerRegistry@b392ae5] with identifier [io.micronaut.http.server.netty.types.DefaultCustomizableResponseTypeHandlerRegistry]
2020-06-17 16:12:55.993 ?[32mDEBUG?[m ?[35m4974?[m [    Test worker] ?[36mi.m.c.DefaultBeanContext                ?[m : Destroying bean [io.micronaut.http.netty.channel.converters.DefaultChannelOptionFactory@40eaea7e] with identifier [io.micronaut.http.netty.channel.converters.DefaultChannelOptionFactory]
2020-06-17 16:12:55.993 ?[32mDEBUG?[m ?[35m4974?[m [    Test worker] ?[36mi.m.c.DefaultBeanContext                ?[m : Destroying bean [io.micronaut.jackson.serialize.ConvertibleValuesSerializer@59544c87] with identifier [io.micronaut.jackson.serialize.ConvertibleValuesSerializer]
2020-06-17 16:12:55.994 ?[32mDEBUG?[m ?[35m4974?[m [    Test worker] ?[36mi.m.c.DefaultBeanContext                ?[m : Destroying bean [io.micronaut.runtime.http.scope.RequestCustomScope@793e0c31] with identifier [<RequestScope> io.micronaut.runtime.http.scope.RequestCustomScope]
2020-06-17 16:12:55.994 ?[32mDEBUG?[m ?[35m4974?[m [    Test worker] ?[36mi.m.c.DefaultBeanContext                ?[m : Destroying bean [io.micronaut.jackson.modules.BeanIntrospectionModule@9921ca] with identifier [io.micronaut.jackson.modules.BeanIntrospectionModule]
2020-06-17 16:12:55.995 ?[32mDEBUG?[m ?[35m4974?[m [    Test worker] ?[36mi.m.c.DefaultBeanContext                ?[m : Destroying bean [guild.kotlin.micronaut.application.Controller@4ed19d6b] with identifier [guild.kotlin.micronaut.application.Controller]
2020-06-17 16:12:55.995 ?[32mDEBUG?[m ?[35m4974?[m [    Test worker] ?[36mi.m.c.DefaultBeanContext                ?[m : Destroying bean [io.micronaut.core.io.scan.DefaultClassPathResourceLoader@608b2d54] with identifier [io.micronaut.core.io.scan.ClassPathResourceLoader]
2020-06-17 16:12:55.995 ?[32mDEBUG?[m ?[35m4974?[m [    Test worker] ?[36mi.m.c.DefaultBeanContext                ?[m : Destroying bean [io.micronaut.http.server.context.ServerRequestContextInstrumentation@232efcf5] with identifier [io.micronaut.http.server.context.ServerRequestContextInstrumentation]
2020-06-17 16:12:55.995 ?[32mDEBUG?[m ?[35m4974?[m [    Test worker] ?[36mi.m.c.DefaultBeanContext                ?[m : Destroying bean [io.micronaut.scheduling.instrument.ThreadFactoryInstrumenter$$Lambda$641/0x0000000800593840@1e1a1096] with identifier [java.util.concurrent.ThreadFactory]
2020-06-17 16:12:55.995 ?[32mDEBUG?[m ?[35m4974?[m [    Test worker] ?[36mi.m.c.DefaultBeanContext                ?[m : Destroying bean [io.micronaut.scheduling.instrument.ExecutorServiceInstrumenter@1d4e41fc] with identifier [io.micronaut.scheduling.instrument.ExecutorServiceInstrumenter]
2020-06-17 16:12:55.996 ?[32mDEBUG?[m ?[35m4974?[m [    Test worker] ?[36mi.m.c.DefaultBeanContext                ?[m : Destroying bean [io.micronaut.scheduling.instrument.ThreadFactoryInstrumenter$$Lambda$641/0x0000000800593840@46993391] with identifier [@Named('netty') java.util.concurrent.ThreadFactory]
2020-06-17 16:12:55.996 ?[32mDEBUG?[m ?[35m4974?[m [    Test worker] ?[36mi.m.c.DefaultBeanContext                ?[m : Destroying bean [io.micronaut.management.endpoint.EndpointDefaultConfiguration@47eceb9b] with identifier [io.micronaut.management.endpoint.EndpointDefaultConfiguration]
2020-06-17 16:12:55.996 ?[32mDEBUG?[m ?[35m4974?[m [    Test worker] ?[36mi.m.c.DefaultBeanContext                ?[m : Destroying bean [io.micronaut.http.client.DefaultHttpClientConfiguration$DefaultConnectionPoolConfiguration@16f990c0] with identifier [io.micronaut.http.client.DefaultHttpClientConfiguration$DefaultConnectionPoolConfiguration]
2020-06-17 16:12:55.997 ?[32mDEBUG?[m ?[35m4974?[m [    Test worker] ?[36mi.m.c.DefaultBeanContext                ?[m : Destroying bean [io.micronaut.jackson.serialize.ResourceModule@22d1eac2] with identifier [io.micronaut.jackson.serialize.ResourceModule]
2020-06-17 16:12:55.997 ?[32mDEBUG?[m ?[35m4974?[m [    Test worker] ?[36mi.m.c.DefaultBeanContext                ?[m : Destroying bean [io.micronaut.core.io.ResourceResolver@68b8474f] with identifier [io.micronaut.core.io.ResourceResolver]
2020-06-17 16:12:55.997 ?[32mDEBUG?[m ?[35m4974?[m [    Test worker] ?[36mi.m.c.DefaultBeanContext                ?[m : Destroying bean [io.micronaut.reactive.rxjava2.converters.RxJavaConverterRegistrar@2cdd221f] with identifier [io.micronaut.reactive.rxjava2.converters.RxJavaConverterRegistrar]
2020-06-17 16:12:55.997 ?[32mDEBUG?[m ?[35m4974?[m [    Test worker] ?[36mi.m.c.DefaultBeanContext                ?[m : Destroying bean [io.micronaut.http.client.filter.DefaultHttpClientFilterResolver@aa87b8a] with identifier [io.micronaut.http.client.filter.DefaultHttpClientFilterResolver]
2020-06-17 16:12:55.997 ?[32mDEBUG?[m ?[35m4974?[m [    Test worker] ?[36mi.m.c.DefaultBeanContext                ?[m : Destroying bean [io.micronaut.scheduling.executor.DefaultThreadFactory@49da9866] with identifier [io.micronaut.scheduling.executor.DefaultThreadFactory]
2020-06-17 16:12:55.998 ?[32mDEBUG?[m ?[35m4974?[m [    Test worker] ?[36mi.m.c.DefaultBeanContext                ?[m : Destroying bean [io.micronaut.http.netty.channel.NettyThreadFactory@f747c5a] with identifier [io.micronaut.http.netty.channel.NettyThreadFactory]
2020-06-17 16:12:55.998 ?[32mDEBUG?[m ?[35m4974?[m [    Test worker] ?[36mi.m.c.DefaultBeanContext                ?[m : Destroying bean [io.micronaut.http.client.DefaultLoadBalancerResolver@787b9dd3] with identifier [io.micronaut.http.client.DefaultLoadBalancerResolver]
2020-06-17 16:12:55.998 ?[32mDEBUG?[m ?[35m4974?[m [    Test worker] ?[36mi.m.c.DefaultBeanContext                ?[m : Destroying bean [io.micronaut.http.client.loadbalance.LoadBalancerConverters@56c1ffc1] with identifier [io.micronaut.http.client.loadbalance.LoadBalancerConverters]
2020-06-17 16:12:55.998 ?[32mDEBUG?[m ?[35m4974?[m [    Test worker] ?[36mi.m.c.DefaultBeanContext                ?[m : Destroying bean [com.fasterxml.jackson.databind.ObjectMapper@519c8c29] with identifier [com.fasterxml.jackson.databind.ObjectMapper]
2020-06-17 16:12:55.998 ?[32mDEBUG?[m ?[35m4974?[m [    Test worker] ?[36mi.m.c.DefaultBeanContext                ?[m : Destroying bean [io.micronaut.http.codec.DefaultMediaTypeCodecRegistry@5c9e66ac] with identifier [io.micronaut.http.codec.MediaTypeCodecRegistry]
2020-06-17 16:12:55.999 ?[32mDEBUG?[m ?[35m4974?[m [    Test worker] ?[36mi.m.c.DefaultBeanContext                ?[m : Destroying bean [io.micronaut.jackson.JacksonConfiguration@53cd443f] with identifier [io.micronaut.jackson.JacksonConfiguration]
2020-06-17 16:12:55.999 ?[32mDEBUG?[m ?[35m4974?[m [    Test worker] ?[36mi.m.c.DefaultBeanContext                ?[m : Destroying bean [io.micronaut.scheduling.executor.DefaultExecutorSelector@45c8320c] with identifier [io.micronaut.scheduling.executor.DefaultExecutorSelector]
]]></system-out>
  <system-err><![CDATA[]]></system-err>
</testsuite>
